{"D:\\FUTURE Program\\PHASE 2\\gotoba-fe\\gotoba-fe-app\\src\\App.vue": {"path":"D:\\FUTURE Program\\PHASE 2\\gotoba-fe\\gotoba-fe-app\\src\\App.vue","statementMap":{"0":{"start":{"line":13,"column":0},"end":{"line":13,"column":null}},"1":{"start":{"line":14,"column":0},"end":{"line":14,"column":null}},"2":{"start":{"line":15,"column":0},"end":{"line":15,"column":null}},"3":{"start":{"line":16,"column":0},"end":{"line":16,"column":null}},"4":{"start":{"line":17,"column":0},"end":{"line":17,"column":null}},"5":{"start":{"line":18,"column":0},"end":{"line":18,"column":null}},"6":{"start":{"line":19,"column":0},"end":{"line":19,"column":null}},"7":{"start":{"line":20,"column":0},"end":{"line":20,"column":null}},"8":{"start":{"line":36,"column":0},"end":{"line":36,"column":null}}},"fnMap":{"0":{"name":"(anonymous_1)","decl":{"start":{"line":35,"column":0},"end":{"line":35,"column":null}},"loc":{"start":{"line":35,"column":0},"end":{"line":37,"column":null}}}},"branchMap":{"0":{"loc":{"start":{"line":36,"column":0},"end":{"line":36,"column":null}},"type":"binary-expr","locations":[{"start":{"line":36,"column":0},"end":{"line":36,"column":null}},{"start":{"line":36,"column":0},"end":{"line":36,"column":null}}]}},"s":{"0":0,"1":0,"2":0,"3":0,"4":0,"5":0,"6":0,"7":0,"8":0},"f":{"0":0},"b":{"0":[0,0]}}
,"D:\\FUTURE Program\\PHASE 2\\gotoba-fe\\gotoba-fe-app\\src\\registerServiceWorker.js": {"path":"D:\\FUTURE Program\\PHASE 2\\gotoba-fe\\gotoba-fe-app\\src\\registerServiceWorker.js","statementMap":{"0":{"start":{"line":5,"column":0},"end":{"line":32,"column":1}},"1":{"start":{"line":6,"column":2},"end":{"line":31,"column":5}},"2":{"start":{"line":8,"column":6},"end":{"line":11,"column":8}},"3":{"start":{"line":14,"column":6},"end":{"line":14,"column":57}},"4":{"start":{"line":17,"column":6},"end":{"line":17,"column":62}},"5":{"start":{"line":20,"column":6},"end":{"line":20,"column":49}},"6":{"start":{"line":23,"column":6},"end":{"line":23,"column":63}},"7":{"start":{"line":26,"column":6},"end":{"line":26,"column":83}},"8":{"start":{"line":29,"column":6},"end":{"line":29,"column":72}}},"fnMap":{"0":{"name":"(anonymous_0)","decl":{"start":{"line":7,"column":4},"end":{"line":7,"column":5}},"loc":{"start":{"line":7,"column":12},"end":{"line":12,"column":5}},"line":7},"1":{"name":"(anonymous_1)","decl":{"start":{"line":13,"column":4},"end":{"line":13,"column":5}},"loc":{"start":{"line":13,"column":17},"end":{"line":15,"column":5}},"line":13},"2":{"name":"(anonymous_2)","decl":{"start":{"line":16,"column":4},"end":{"line":16,"column":5}},"loc":{"start":{"line":16,"column":13},"end":{"line":18,"column":5}},"line":16},"3":{"name":"(anonymous_3)","decl":{"start":{"line":19,"column":4},"end":{"line":19,"column":5}},"loc":{"start":{"line":19,"column":18},"end":{"line":21,"column":5}},"line":19},"4":{"name":"(anonymous_4)","decl":{"start":{"line":22,"column":4},"end":{"line":22,"column":5}},"loc":{"start":{"line":22,"column":14},"end":{"line":24,"column":5}},"line":22},"5":{"name":"(anonymous_5)","decl":{"start":{"line":25,"column":4},"end":{"line":25,"column":5}},"loc":{"start":{"line":25,"column":14},"end":{"line":27,"column":5}},"line":25},"6":{"name":"(anonymous_6)","decl":{"start":{"line":28,"column":4},"end":{"line":28,"column":5}},"loc":{"start":{"line":28,"column":17},"end":{"line":30,"column":5}},"line":28}},"branchMap":{"0":{"loc":{"start":{"line":5,"column":0},"end":{"line":32,"column":1}},"type":"if","locations":[{"start":{"line":5,"column":0},"end":{"line":32,"column":1}},{"start":{"line":5,"column":0},"end":{"line":32,"column":1}}],"line":5}},"s":{"0":0,"1":0,"2":0,"3":0,"4":0,"5":0,"6":0,"7":0,"8":0},"f":{"0":0,"1":0,"2":0,"3":0,"4":0,"5":0,"6":0},"b":{"0":[0,0]},"hash":"b3f2c5c2bcabeee53f10302471b0314c1e9afb72"}
,"D:\\FUTURE Program\\PHASE 2\\gotoba-fe\\gotoba-fe-app\\src\\api\\api.js": {"path":"D:\\FUTURE Program\\PHASE 2\\gotoba-fe\\gotoba-fe-app\\src\\api\\api.js","statementMap":{"0":{"start":{"line":3,"column":0},"end":{"line":3,"column":50}},"1":{"start":{"line":4,"column":0},"end":{"line":4,"column":31}},"2":{"start":{"line":5,"column":0},"end":{"line":5,"column":96}},"3":{"start":{"line":7,"column":0},"end":{"line":10,"column":2}},"4":{"start":{"line":8,"column":14},"end":{"line":8,"column":20}},"5":{"start":{"line":9,"column":11},"end":{"line":9,"column":30}},"6":{"start":{"line":12,"column":0},"end":{"line":15,"column":2}},"7":{"start":{"line":13,"column":11},"end":{"line":13,"column":14}},"8":{"start":{"line":14,"column":11},"end":{"line":14,"column":30}},"9":{"start":{"line":18,"column":2},"end":{"line":30,"column":5}},"10":{"start":{"line":19,"column":4},"end":{"line":29,"column":9}},"11":{"start":{"line":23,"column":8},"end":{"line":23,"column":31}},"12":{"start":{"line":25,"column":8},"end":{"line":25,"column":20}},"13":{"start":{"line":28,"column":8},"end":{"line":28,"column":22}},"14":{"start":{"line":34,"column":2},"end":{"line":44,"column":5}},"15":{"start":{"line":35,"column":4},"end":{"line":43,"column":9}},"16":{"start":{"line":37,"column":8},"end":{"line":37,"column":31}},"17":{"start":{"line":39,"column":8},"end":{"line":39,"column":20}},"18":{"start":{"line":42,"column":8},"end":{"line":42,"column":22}},"19":{"start":{"line":48,"column":2},"end":{"line":58,"column":5}},"20":{"start":{"line":49,"column":4},"end":{"line":57,"column":9}},"21":{"start":{"line":51,"column":8},"end":{"line":51,"column":31}},"22":{"start":{"line":53,"column":8},"end":{"line":53,"column":20}},"23":{"start":{"line":56,"column":8},"end":{"line":56,"column":22}},"24":{"start":{"line":62,"column":2},"end":{"line":72,"column":5}},"25":{"start":{"line":63,"column":4},"end":{"line":71,"column":9}},"26":{"start":{"line":65,"column":8},"end":{"line":65,"column":31}},"27":{"start":{"line":67,"column":8},"end":{"line":67,"column":20}},"28":{"start":{"line":70,"column":8},"end":{"line":70,"column":22}},"29":{"start":{"line":77,"column":4},"end":{"line":77,"column":44}},"30":{"start":{"line":80,"column":4},"end":{"line":80,"column":45}},"31":{"start":{"line":83,"column":4},"end":{"line":83,"column":32}},"32":{"start":{"line":86,"column":4},"end":{"line":86,"column":43}},"33":{"start":{"line":93,"column":4},"end":{"line":93,"column":30}},"34":{"start":{"line":96,"column":4},"end":{"line":96,"column":36}},"35":{"start":{"line":99,"column":4},"end":{"line":99,"column":37}},"36":{"start":{"line":102,"column":4},"end":{"line":102,"column":36}},"37":{"start":{"line":105,"column":4},"end":{"line":105,"column":50}},"38":{"start":{"line":108,"column":4},"end":{"line":108,"column":49}},"39":{"start":{"line":115,"column":4},"end":{"line":115,"column":33}},"40":{"start":{"line":118,"column":4},"end":{"line":118,"column":40}},"41":{"start":{"line":121,"column":4},"end":{"line":121,"column":53}},"42":{"start":{"line":128,"column":4},"end":{"line":128,"column":37}},"43":{"start":{"line":135,"column":4},"end":{"line":135,"column":33}},"44":{"start":{"line":138,"column":4},"end":{"line":138,"column":39}},"45":{"start":{"line":141,"column":4},"end":{"line":141,"column":45}},"46":{"start":{"line":144,"column":4},"end":{"line":144,"column":52}},"47":{"start":{"line":147,"column":4},"end":{"line":147,"column":49}},"48":{"start":{"line":154,"column":4},"end":{"line":154,"column":32}},"49":{"start":{"line":157,"column":4},"end":{"line":157,"column":38}},"50":{"start":{"line":160,"column":4},"end":{"line":160,"column":44}},"51":{"start":{"line":163,"column":4},"end":{"line":163,"column":51}},"52":{"start":{"line":166,"column":4},"end":{"line":166,"column":48}},"53":{"start":{"line":173,"column":4},"end":{"line":173,"column":35}},"54":{"start":{"line":176,"column":4},"end":{"line":176,"column":50}},"55":{"start":{"line":179,"column":4},"end":{"line":179,"column":48}},"56":{"start":{"line":182,"column":4},"end":{"line":182,"column":55}},"57":{"start":{"line":185,"column":4},"end":{"line":185,"column":48}},"58":{"start":{"line":188,"column":4},"end":{"line":188,"column":46}},"59":{"start":{"line":191,"column":4},"end":{"line":191,"column":60}},"60":{"start":{"line":194,"column":4},"end":{"line":194,"column":66}},"61":{"start":{"line":197,"column":4},"end":{"line":197,"column":63}},"62":{"start":{"line":204,"column":4},"end":{"line":204,"column":35}},"63":{"start":{"line":207,"column":4},"end":{"line":207,"column":42}},"64":{"start":{"line":210,"column":4},"end":{"line":210,"column":48}},"65":{"start":{"line":213,"column":4},"end":{"line":213,"column":48}},"66":{"start":{"line":216,"column":4},"end":{"line":216,"column":55}},"67":{"start":{"line":219,"column":4},"end":{"line":219,"column":52}},"68":{"start":{"line":226,"column":4},"end":{"line":226,"column":38}},"69":{"start":{"line":229,"column":4},"end":{"line":229,"column":46}},"70":{"start":{"line":232,"column":4},"end":{"line":232,"column":47}},"71":{"start":{"line":235,"column":4},"end":{"line":235,"column":74}},"72":{"start":{"line":238,"column":4},"end":{"line":238,"column":78}},"73":{"start":{"line":245,"column":4},"end":{"line":245,"column":44}},"74":{"start":{"line":248,"column":4},"end":{"line":248,"column":46}},"75":{"start":{"line":251,"column":4},"end":{"line":251,"column":58}},"76":{"start":{"line":254,"column":4},"end":{"line":254,"column":52}},"77":{"start":{"line":257,"column":4},"end":{"line":257,"column":46}},"78":{"start":{"line":264,"column":4},"end":{"line":264,"column":46}},"79":{"start":{"line":271,"column":4},"end":{"line":271,"column":55}},"80":{"start":{"line":274,"column":4},"end":{"line":274,"column":50}},"81":{"start":{"line":277,"column":4},"end":{"line":277,"column":48}},"82":{"start":{"line":280,"column":4},"end":{"line":280,"column":38}},"83":{"start":{"line":283,"column":4},"end":{"line":283,"column":47}},"84":{"start":{"line":286,"column":4},"end":{"line":286,"column":68}},"85":{"start":{"line":289,"column":4},"end":{"line":289,"column":51}},"86":{"start":{"line":292,"column":4},"end":{"line":292,"column":48}},"87":{"start":{"line":299,"column":4},"end":{"line":299,"column":37}},"88":{"start":{"line":302,"column":4},"end":{"line":302,"column":54}},"89":{"start":{"line":305,"column":4},"end":{"line":305,"column":46}},"90":{"start":{"line":308,"column":4},"end":{"line":308,"column":59}},"91":{"start":{"line":311,"column":4},"end":{"line":311,"column":50}},"92":{"start":{"line":318,"column":4},"end":{"line":318,"column":35}},"93":{"start":{"line":321,"column":4},"end":{"line":321,"column":52}},"94":{"start":{"line":324,"column":4},"end":{"line":324,"column":72}},"95":{"start":{"line":327,"column":4},"end":{"line":327,"column":69}},"96":{"start":{"line":330,"column":4},"end":{"line":330,"column":67}},"97":{"start":{"line":333,"column":4},"end":{"line":333,"column":60}},"98":{"start":{"line":336,"column":4},"end":{"line":336,"column":59}},"99":{"start":{"line":339,"column":4},"end":{"line":339,"column":61}},"100":{"start":{"line":342,"column":4},"end":{"line":342,"column":52}},"101":{"start":{"line":345,"column":4},"end":{"line":345,"column":48}}},"fnMap":{"0":{"name":"(anonymous_0)","decl":{"start":{"line":8,"column":2},"end":{"line":8,"column":3}},"loc":{"start":{"line":8,"column":14},"end":{"line":8,"column":20}},"line":8},"1":{"name":"(anonymous_1)","decl":{"start":{"line":9,"column":2},"end":{"line":9,"column":3}},"loc":{"start":{"line":9,"column":11},"end":{"line":9,"column":30}},"line":9},"2":{"name":"(anonymous_2)","decl":{"start":{"line":13,"column":2},"end":{"line":13,"column":3}},"loc":{"start":{"line":13,"column":11},"end":{"line":13,"column":14}},"line":13},"3":{"name":"(anonymous_3)","decl":{"start":{"line":14,"column":2},"end":{"line":14,"column":3}},"loc":{"start":{"line":14,"column":11},"end":{"line":14,"column":30}},"line":14},"4":{"name":"fetchGet","decl":{"start":{"line":17,"column":16},"end":{"line":17,"column":24}},"loc":{"start":{"line":17,"column":37},"end":{"line":31,"column":1}},"line":17},"5":{"name":"(anonymous_5)","decl":{"start":{"line":18,"column":21},"end":{"line":18,"column":22}},"loc":{"start":{"line":18,"column":42},"end":{"line":30,"column":3}},"line":18},"6":{"name":"(anonymous_6)","decl":{"start":{"line":22,"column":12},"end":{"line":22,"column":13}},"loc":{"start":{"line":22,"column":26},"end":{"line":24,"column":7}},"line":22},"7":{"name":"(anonymous_7)","decl":{"start":{"line":24,"column":9},"end":{"line":24,"column":10}},"loc":{"start":{"line":24,"column":18},"end":{"line":26,"column":7}},"line":24},"8":{"name":"(anonymous_8)","decl":{"start":{"line":27,"column":13},"end":{"line":27,"column":14}},"loc":{"start":{"line":27,"column":24},"end":{"line":29,"column":7}},"line":27},"9":{"name":"fetchPost","decl":{"start":{"line":33,"column":16},"end":{"line":33,"column":25}},"loc":{"start":{"line":33,"column":39},"end":{"line":45,"column":1}},"line":33},"10":{"name":"(anonymous_10)","decl":{"start":{"line":34,"column":21},"end":{"line":34,"column":22}},"loc":{"start":{"line":34,"column":42},"end":{"line":44,"column":3}},"line":34},"11":{"name":"(anonymous_11)","decl":{"start":{"line":36,"column":12},"end":{"line":36,"column":13}},"loc":{"start":{"line":36,"column":26},"end":{"line":38,"column":7}},"line":36},"12":{"name":"(anonymous_12)","decl":{"start":{"line":38,"column":9},"end":{"line":38,"column":10}},"loc":{"start":{"line":38,"column":18},"end":{"line":40,"column":7}},"line":38},"13":{"name":"(anonymous_13)","decl":{"start":{"line":41,"column":13},"end":{"line":41,"column":14}},"loc":{"start":{"line":41,"column":24},"end":{"line":43,"column":7}},"line":41},"14":{"name":"fetchPut","decl":{"start":{"line":47,"column":16},"end":{"line":47,"column":24}},"loc":{"start":{"line":47,"column":38},"end":{"line":59,"column":1}},"line":47},"15":{"name":"(anonymous_15)","decl":{"start":{"line":48,"column":21},"end":{"line":48,"column":22}},"loc":{"start":{"line":48,"column":42},"end":{"line":58,"column":3}},"line":48},"16":{"name":"(anonymous_16)","decl":{"start":{"line":50,"column":12},"end":{"line":50,"column":13}},"loc":{"start":{"line":50,"column":26},"end":{"line":52,"column":7}},"line":50},"17":{"name":"(anonymous_17)","decl":{"start":{"line":52,"column":9},"end":{"line":52,"column":10}},"loc":{"start":{"line":52,"column":18},"end":{"line":54,"column":7}},"line":52},"18":{"name":"(anonymous_18)","decl":{"start":{"line":55,"column":13},"end":{"line":55,"column":14}},"loc":{"start":{"line":55,"column":24},"end":{"line":57,"column":7}},"line":55},"19":{"name":"fetchDelete","decl":{"start":{"line":61,"column":16},"end":{"line":61,"column":27}},"loc":{"start":{"line":61,"column":33},"end":{"line":73,"column":1}},"line":61},"20":{"name":"(anonymous_20)","decl":{"start":{"line":62,"column":21},"end":{"line":62,"column":22}},"loc":{"start":{"line":62,"column":42},"end":{"line":72,"column":3}},"line":62},"21":{"name":"(anonymous_21)","decl":{"start":{"line":64,"column":12},"end":{"line":64,"column":13}},"loc":{"start":{"line":64,"column":26},"end":{"line":66,"column":7}},"line":64},"22":{"name":"(anonymous_22)","decl":{"start":{"line":66,"column":9},"end":{"line":66,"column":10}},"loc":{"start":{"line":66,"column":18},"end":{"line":68,"column":7}},"line":66},"23":{"name":"(anonymous_23)","decl":{"start":{"line":69,"column":13},"end":{"line":69,"column":14}},"loc":{"start":{"line":69,"column":24},"end":{"line":71,"column":7}},"line":69},"24":{"name":"(anonymous_24)","decl":{"start":{"line":76,"column":2},"end":{"line":76,"column":3}},"loc":{"start":{"line":76,"column":16},"end":{"line":78,"column":3}},"line":76},"25":{"name":"(anonymous_25)","decl":{"start":{"line":79,"column":2},"end":{"line":79,"column":3}},"loc":{"start":{"line":79,"column":17},"end":{"line":81,"column":3}},"line":79},"26":{"name":"(anonymous_26)","decl":{"start":{"line":82,"column":2},"end":{"line":82,"column":3}},"loc":{"start":{"line":82,"column":11},"end":{"line":84,"column":3}},"line":82},"27":{"name":"(anonymous_27)","decl":{"start":{"line":85,"column":2},"end":{"line":85,"column":3}},"loc":{"start":{"line":85,"column":22},"end":{"line":87,"column":3}},"line":85},"28":{"name":"(anonymous_28)","decl":{"start":{"line":92,"column":2},"end":{"line":92,"column":3}},"loc":{"start":{"line":92,"column":13},"end":{"line":94,"column":3}},"line":92},"29":{"name":"(anonymous_29)","decl":{"start":{"line":95,"column":2},"end":{"line":95,"column":3}},"loc":{"start":{"line":95,"column":19},"end":{"line":97,"column":3}},"line":95},"30":{"name":"(anonymous_30)","decl":{"start":{"line":98,"column":2},"end":{"line":98,"column":3}},"loc":{"start":{"line":98,"column":20},"end":{"line":100,"column":3}},"line":98},"31":{"name":"(anonymous_31)","decl":{"start":{"line":101,"column":2},"end":{"line":101,"column":3}},"loc":{"start":{"line":101,"column":20},"end":{"line":103,"column":3}},"line":101},"32":{"name":"(anonymous_32)","decl":{"start":{"line":104,"column":2},"end":{"line":104,"column":3}},"loc":{"start":{"line":104,"column":30},"end":{"line":106,"column":3}},"line":104},"33":{"name":"(anonymous_33)","decl":{"start":{"line":107,"column":2},"end":{"line":107,"column":3}},"loc":{"start":{"line":107,"column":24},"end":{"line":109,"column":3}},"line":107},"34":{"name":"(anonymous_34)","decl":{"start":{"line":114,"column":2},"end":{"line":114,"column":3}},"loc":{"start":{"line":114,"column":17},"end":{"line":116,"column":3}},"line":114},"35":{"name":"(anonymous_35)","decl":{"start":{"line":117,"column":2},"end":{"line":117,"column":3}},"loc":{"start":{"line":117,"column":24},"end":{"line":119,"column":3}},"line":117},"36":{"name":"(anonymous_36)","decl":{"start":{"line":120,"column":2},"end":{"line":120,"column":3}},"loc":{"start":{"line":120,"column":28},"end":{"line":122,"column":3}},"line":120},"37":{"name":"(anonymous_37)","decl":{"start":{"line":127,"column":2},"end":{"line":127,"column":3}},"loc":{"start":{"line":127,"column":16},"end":{"line":129,"column":3}},"line":127},"38":{"name":"(anonymous_38)","decl":{"start":{"line":134,"column":2},"end":{"line":134,"column":3}},"loc":{"start":{"line":134,"column":21},"end":{"line":136,"column":3}},"line":134},"39":{"name":"(anonymous_39)","decl":{"start":{"line":137,"column":2},"end":{"line":137,"column":3}},"loc":{"start":{"line":137,"column":29},"end":{"line":139,"column":3}},"line":137},"40":{"name":"(anonymous_40)","decl":{"start":{"line":140,"column":2},"end":{"line":140,"column":3}},"loc":{"start":{"line":140,"column":27},"end":{"line":142,"column":3}},"line":140},"41":{"name":"(anonymous_41)","decl":{"start":{"line":143,"column":2},"end":{"line":143,"column":3}},"loc":{"start":{"line":143,"column":32},"end":{"line":145,"column":3}},"line":143},"42":{"name":"(anonymous_42)","decl":{"start":{"line":146,"column":2},"end":{"line":146,"column":3}},"loc":{"start":{"line":146,"column":26},"end":{"line":148,"column":3}},"line":146},"43":{"name":"(anonymous_43)","decl":{"start":{"line":153,"column":2},"end":{"line":153,"column":3}},"loc":{"start":{"line":153,"column":19},"end":{"line":155,"column":3}},"line":153},"44":{"name":"(anonymous_44)","decl":{"start":{"line":156,"column":2},"end":{"line":156,"column":3}},"loc":{"start":{"line":156,"column":25},"end":{"line":158,"column":3}},"line":156},"45":{"name":"(anonymous_45)","decl":{"start":{"line":159,"column":2},"end":{"line":159,"column":3}},"loc":{"start":{"line":159,"column":24},"end":{"line":161,"column":3}},"line":159},"46":{"name":"(anonymous_46)","decl":{"start":{"line":162,"column":2},"end":{"line":162,"column":3}},"loc":{"start":{"line":162,"column":29},"end":{"line":164,"column":3}},"line":162},"47":{"name":"(anonymous_47)","decl":{"start":{"line":165,"column":2},"end":{"line":165,"column":3}},"loc":{"start":{"line":165,"column":23},"end":{"line":167,"column":3}},"line":165},"48":{"name":"(anonymous_48)","decl":{"start":{"line":172,"column":2},"end":{"line":172,"column":3}},"loc":{"start":{"line":172,"column":19},"end":{"line":174,"column":3}},"line":172},"49":{"name":"(anonymous_49)","decl":{"start":{"line":175,"column":2},"end":{"line":175,"column":3}},"loc":{"start":{"line":175,"column":42},"end":{"line":177,"column":3}},"line":175},"50":{"name":"(anonymous_50)","decl":{"start":{"line":178,"column":2},"end":{"line":178,"column":3}},"loc":{"start":{"line":178,"column":25},"end":{"line":180,"column":3}},"line":178},"51":{"name":"(anonymous_51)","decl":{"start":{"line":181,"column":2},"end":{"line":181,"column":3}},"loc":{"start":{"line":181,"column":30},"end":{"line":183,"column":3}},"line":181},"52":{"name":"(anonymous_52)","decl":{"start":{"line":184,"column":2},"end":{"line":184,"column":3}},"loc":{"start":{"line":184,"column":26},"end":{"line":186,"column":3}},"line":184},"53":{"name":"(anonymous_53)","decl":{"start":{"line":187,"column":2},"end":{"line":187,"column":3}},"loc":{"start":{"line":187,"column":28},"end":{"line":189,"column":3}},"line":187},"54":{"name":"(anonymous_54)","decl":{"start":{"line":190,"column":2},"end":{"line":190,"column":3}},"loc":{"start":{"line":190,"column":33},"end":{"line":192,"column":3}},"line":190},"55":{"name":"(anonymous_55)","decl":{"start":{"line":193,"column":2},"end":{"line":193,"column":3}},"loc":{"start":{"line":193,"column":38},"end":{"line":195,"column":3}},"line":193},"56":{"name":"(anonymous_56)","decl":{"start":{"line":196,"column":2},"end":{"line":196,"column":3}},"loc":{"start":{"line":196,"column":32},"end":{"line":198,"column":3}},"line":196},"57":{"name":"(anonymous_57)","decl":{"start":{"line":203,"column":2},"end":{"line":203,"column":3}},"loc":{"start":{"line":203,"column":18},"end":{"line":205,"column":3}},"line":203},"58":{"name":"(anonymous_58)","decl":{"start":{"line":206,"column":2},"end":{"line":206,"column":3}},"loc":{"start":{"line":206,"column":25},"end":{"line":208,"column":3}},"line":206},"59":{"name":"(anonymous_59)","decl":{"start":{"line":209,"column":2},"end":{"line":209,"column":3}},"loc":{"start":{"line":209,"column":27},"end":{"line":211,"column":3}},"line":209},"60":{"name":"(anonymous_60)","decl":{"start":{"line":212,"column":2},"end":{"line":212,"column":3}},"loc":{"start":{"line":212,"column":24},"end":{"line":214,"column":3}},"line":212},"61":{"name":"(anonymous_61)","decl":{"start":{"line":215,"column":2},"end":{"line":215,"column":3}},"loc":{"start":{"line":215,"column":29},"end":{"line":217,"column":3}},"line":215},"62":{"name":"(anonymous_62)","decl":{"start":{"line":218,"column":2},"end":{"line":218,"column":3}},"loc":{"start":{"line":218,"column":23},"end":{"line":220,"column":3}},"line":218},"63":{"name":"(anonymous_63)","decl":{"start":{"line":225,"column":2},"end":{"line":225,"column":3}},"loc":{"start":{"line":225,"column":22},"end":{"line":227,"column":3}},"line":225},"64":{"name":"(anonymous_64)","decl":{"start":{"line":228,"column":2},"end":{"line":228,"column":3}},"loc":{"start":{"line":228,"column":37},"end":{"line":230,"column":3}},"line":228},"65":{"name":"(anonymous_65)","decl":{"start":{"line":231,"column":2},"end":{"line":231,"column":3}},"loc":{"start":{"line":231,"column":31},"end":{"line":233,"column":3}},"line":231},"66":{"name":"(anonymous_66)","decl":{"start":{"line":234,"column":2},"end":{"line":234,"column":3}},"loc":{"start":{"line":234,"column":44},"end":{"line":236,"column":3}},"line":234},"67":{"name":"(anonymous_67)","decl":{"start":{"line":237,"column":2},"end":{"line":237,"column":3}},"loc":{"start":{"line":237,"column":45},"end":{"line":239,"column":3}},"line":237},"68":{"name":"(anonymous_68)","decl":{"start":{"line":244,"column":2},"end":{"line":244,"column":3}},"loc":{"start":{"line":244,"column":33},"end":{"line":246,"column":3}},"line":244},"69":{"name":"(anonymous_69)","decl":{"start":{"line":247,"column":2},"end":{"line":247,"column":3}},"loc":{"start":{"line":247,"column":32},"end":{"line":249,"column":3}},"line":247},"70":{"name":"(anonymous_70)","decl":{"start":{"line":250,"column":2},"end":{"line":250,"column":3}},"loc":{"start":{"line":250,"column":42},"end":{"line":252,"column":3}},"line":250},"71":{"name":"(anonymous_71)","decl":{"start":{"line":253,"column":2},"end":{"line":253,"column":3}},"loc":{"start":{"line":253,"column":37},"end":{"line":255,"column":3}},"line":253},"72":{"name":"(anonymous_72)","decl":{"start":{"line":256,"column":2},"end":{"line":256,"column":3}},"loc":{"start":{"line":256,"column":31},"end":{"line":258,"column":3}},"line":256},"73":{"name":"(anonymous_73)","decl":{"start":{"line":263,"column":2},"end":{"line":263,"column":3}},"loc":{"start":{"line":263,"column":31},"end":{"line":265,"column":3}},"line":263},"74":{"name":"(anonymous_74)","decl":{"start":{"line":270,"column":2},"end":{"line":270,"column":3}},"loc":{"start":{"line":270,"column":35},"end":{"line":272,"column":3}},"line":270},"75":{"name":"(anonymous_75)","decl":{"start":{"line":273,"column":2},"end":{"line":273,"column":3}},"loc":{"start":{"line":273,"column":24},"end":{"line":275,"column":3}},"line":273},"76":{"name":"(anonymous_76)","decl":{"start":{"line":276,"column":2},"end":{"line":276,"column":3}},"loc":{"start":{"line":276,"column":21},"end":{"line":278,"column":3}},"line":276},"77":{"name":"(anonymous_77)","decl":{"start":{"line":279,"column":2},"end":{"line":279,"column":3}},"loc":{"start":{"line":279,"column":22},"end":{"line":281,"column":3}},"line":279},"78":{"name":"(anonymous_78)","decl":{"start":{"line":282,"column":2},"end":{"line":282,"column":3}},"loc":{"start":{"line":282,"column":27},"end":{"line":284,"column":3}},"line":282},"79":{"name":"(anonymous_79)","decl":{"start":{"line":285,"column":2},"end":{"line":285,"column":3}},"loc":{"start":{"line":285,"column":34},"end":{"line":287,"column":3}},"line":285},"80":{"name":"(anonymous_80)","decl":{"start":{"line":288,"column":2},"end":{"line":288,"column":3}},"loc":{"start":{"line":288,"column":26},"end":{"line":290,"column":3}},"line":288},"81":{"name":"(anonymous_81)","decl":{"start":{"line":291,"column":2},"end":{"line":291,"column":3}},"loc":{"start":{"line":291,"column":20},"end":{"line":293,"column":3}},"line":291},"82":{"name":"(anonymous_82)","decl":{"start":{"line":298,"column":2},"end":{"line":298,"column":3}},"loc":{"start":{"line":298,"column":22},"end":{"line":300,"column":3}},"line":298},"83":{"name":"(anonymous_83)","decl":{"start":{"line":301,"column":2},"end":{"line":301,"column":3}},"loc":{"start":{"line":301,"column":40},"end":{"line":303,"column":3}},"line":301},"84":{"name":"(anonymous_84)","decl":{"start":{"line":304,"column":2},"end":{"line":304,"column":3}},"loc":{"start":{"line":304,"column":32},"end":{"line":306,"column":3}},"line":304},"85":{"name":"(anonymous_85)","decl":{"start":{"line":307,"column":2},"end":{"line":307,"column":3}},"loc":{"start":{"line":307,"column":35},"end":{"line":309,"column":3}},"line":307},"86":{"name":"(anonymous_86)","decl":{"start":{"line":310,"column":2},"end":{"line":310,"column":3}},"loc":{"start":{"line":310,"column":31},"end":{"line":312,"column":3}},"line":310},"87":{"name":"(anonymous_87)","decl":{"start":{"line":317,"column":2},"end":{"line":317,"column":3}},"loc":{"start":{"line":317,"column":18},"end":{"line":319,"column":3}},"line":317},"88":{"name":"(anonymous_88)","decl":{"start":{"line":320,"column":2},"end":{"line":320,"column":3}},"loc":{"start":{"line":320,"column":36},"end":{"line":322,"column":3}},"line":320},"89":{"name":"(anonymous_89)","decl":{"start":{"line":323,"column":2},"end":{"line":323,"column":3}},"loc":{"start":{"line":323,"column":46},"end":{"line":325,"column":3}},"line":323},"90":{"name":"(anonymous_90)","decl":{"start":{"line":326,"column":2},"end":{"line":326,"column":3}},"loc":{"start":{"line":326,"column":43},"end":{"line":328,"column":3}},"line":326},"91":{"name":"(anonymous_91)","decl":{"start":{"line":329,"column":2},"end":{"line":329,"column":3}},"loc":{"start":{"line":329,"column":41},"end":{"line":331,"column":3}},"line":329},"92":{"name":"(anonymous_92)","decl":{"start":{"line":332,"column":2},"end":{"line":332,"column":3}},"loc":{"start":{"line":332,"column":36},"end":{"line":334,"column":3}},"line":332},"93":{"name":"(anonymous_93)","decl":{"start":{"line":335,"column":2},"end":{"line":335,"column":3}},"loc":{"start":{"line":335,"column":35},"end":{"line":337,"column":3}},"line":335},"94":{"name":"(anonymous_94)","decl":{"start":{"line":338,"column":2},"end":{"line":338,"column":3}},"loc":{"start":{"line":338,"column":37},"end":{"line":340,"column":3}},"line":338},"95":{"name":"(anonymous_95)","decl":{"start":{"line":341,"column":2},"end":{"line":341,"column":3}},"loc":{"start":{"line":341,"column":31},"end":{"line":343,"column":3}},"line":341},"96":{"name":"(anonymous_96)","decl":{"start":{"line":344,"column":2},"end":{"line":344,"column":3}},"loc":{"start":{"line":344,"column":27},"end":{"line":346,"column":3}},"line":344}},"branchMap":{},"s":{"0":0,"1":0,"2":0,"3":0,"4":0,"5":0,"6":0,"7":0,"8":0,"9":0,"10":0,"11":0,"12":0,"13":0,"14":0,"15":0,"16":0,"17":0,"18":0,"19":0,"20":0,"21":0,"22":0,"23":0,"24":0,"25":0,"26":0,"27":0,"28":0,"29":0,"30":0,"31":0,"32":0,"33":0,"34":0,"35":0,"36":0,"37":0,"38":0,"39":0,"40":0,"41":0,"42":0,"43":0,"44":0,"45":0,"46":0,"47":0,"48":0,"49":0,"50":0,"51":0,"52":0,"53":0,"54":0,"55":0,"56":0,"57":0,"58":0,"59":0,"60":0,"61":0,"62":0,"63":0,"64":0,"65":0,"66":0,"67":0,"68":0,"69":0,"70":0,"71":0,"72":0,"73":0,"74":0,"75":0,"76":0,"77":0,"78":0,"79":0,"80":0,"81":0,"82":0,"83":0,"84":0,"85":0,"86":0,"87":0,"88":0,"89":0,"90":0,"91":0,"92":0,"93":0,"94":0,"95":0,"96":0,"97":0,"98":0,"99":0,"100":0,"101":0},"f":{"0":0,"1":0,"2":0,"3":0,"4":0,"5":0,"6":0,"7":0,"8":0,"9":0,"10":0,"11":0,"12":0,"13":0,"14":0,"15":0,"16":0,"17":0,"18":0,"19":0,"20":0,"21":0,"22":0,"23":0,"24":0,"25":0,"26":0,"27":0,"28":0,"29":0,"30":0,"31":0,"32":0,"33":0,"34":0,"35":0,"36":0,"37":0,"38":0,"39":0,"40":0,"41":0,"42":0,"43":0,"44":0,"45":0,"46":0,"47":0,"48":0,"49":0,"50":0,"51":0,"52":0,"53":0,"54":0,"55":0,"56":0,"57":0,"58":0,"59":0,"60":0,"61":0,"62":0,"63":0,"64":0,"65":0,"66":0,"67":0,"68":0,"69":0,"70":0,"71":0,"72":0,"73":0,"74":0,"75":0,"76":0,"77":0,"78":0,"79":0,"80":0,"81":0,"82":0,"83":0,"84":0,"85":0,"86":0,"87":0,"88":0,"89":0,"90":0,"91":0,"92":0,"93":0,"94":0,"95":0,"96":0},"b":{},"hash":"d380c941bc1dcc8d86bb1cfa8ba3adbfa8b02ebf"}
,"D:\\FUTURE Program\\PHASE 2\\gotoba-fe\\gotoba-fe-app\\src\\components\\Admin\\Breadcrumb\\Breadcrumb.vue": {"path":"D:\\FUTURE Program\\PHASE 2\\gotoba-fe\\gotoba-fe-app\\src\\components\\Admin\\Breadcrumb\\Breadcrumb.vue","statementMap":{"0":{"start":{"line":6,"column":0},"end":{"line":6,"column":null}},"1":{"start":{"line":12,"column":0},"end":{"line":12,"column":null}},"2":{"start":{"line":13,"column":0},"end":{"line":13,"column":null}},"3":{"start":{"line":15,"column":0},"end":{"line":15,"column":null}},"4":{"start":{"line":16,"column":0},"end":{"line":16,"column":null}},"5":{"start":{"line":18,"column":0},"end":{"line":27,"column":null}},"6":{"start":{"line":19,"column":0},"end":{"line":19,"column":null}},"7":{"start":{"line":26,"column":0},"end":{"line":26,"column":null}},"8":{"start":{"line":29,"column":0},"end":{"line":29,"column":null}},"9":{"start":{"line":34,"column":0},"end":{"line":34,"column":null}}},"fnMap":{"0":{"name":"(anonymous_1)","decl":{"start":{"line":11,"column":0},"end":{"line":11,"column":null}},"loc":{"start":{"line":11,"column":0},"end":{"line":35,"column":null}}},"1":{"name":"(anonymous_2)","decl":{"start":{"line":18,"column":0},"end":{"line":18,"column":null}},"loc":{"start":{"line":18,"column":0},"end":{"line":27,"column":null}}}},"branchMap":{"0":{"loc":{"start":{"line":21,"column":0},"end":{"line":21,"column":null}},"type":"cond-expr","locations":[{"start":{"line":21,"column":0},"end":{"line":21,"column":null}},{"start":{"line":21,"column":0},"end":{"line":21,"column":null}}]}},"s":{"0":0,"1":0,"2":0,"3":0,"4":0,"5":0,"6":0,"7":0,"8":0,"9":0},"f":{"0":0,"1":0},"b":{"0":[0,0]}}
,"D:\\FUTURE Program\\PHASE 2\\gotoba-fe\\gotoba-fe-app\\src\\components\\Admin\\Card\\DataCard.vue": {"path":"D:\\FUTURE Program\\PHASE 2\\gotoba-fe\\gotoba-fe-app\\src\\components\\Admin\\Card\\DataCard.vue","statementMap":{"0":{"start":{"line":44,"column":0},"end":{"line":44,"column":null}}},"fnMap":{},"branchMap":{},"s":{"0":0},"f":{},"b":{}}
,"D:\\FUTURE Program\\PHASE 2\\gotoba-fe\\gotoba-fe-app\\src\\components\\Admin\\Card\\InfoCard.vue": {"path":"D:\\FUTURE Program\\PHASE 2\\gotoba-fe\\gotoba-fe-app\\src\\components\\Admin\\Card\\InfoCard.vue","statementMap":{"0":{"start":{"line":24,"column":0},"end":{"line":24,"column":null}}},"fnMap":{"0":{"name":"(anonymous_1)","decl":{"start":{"line":23,"column":0},"end":{"line":23,"column":null}},"loc":{"start":{"line":23,"column":0},"end":{"line":27,"column":null}}}},"branchMap":{},"s":{"0":0},"f":{"0":0},"b":{}}
,"D:\\FUTURE Program\\PHASE 2\\gotoba-fe\\gotoba-fe-app\\src\\components\\Admin\\Card\\ItineraryCard.vue": {"path":"D:\\FUTURE Program\\PHASE 2\\gotoba-fe\\gotoba-fe-app\\src\\components\\Admin\\Card\\ItineraryCard.vue","statementMap":{"0":{"start":{"line":15,"column":0},"end":{"line":15,"column":null}}},"fnMap":{},"branchMap":{},"s":{"0":0},"f":{},"b":{}}
,"D:\\FUTURE Program\\PHASE 2\\gotoba-fe\\gotoba-fe-app\\src\\components\\Admin\\Card\\RestaurantCard.vue": {"path":"D:\\FUTURE Program\\PHASE 2\\gotoba-fe\\gotoba-fe-app\\src\\components\\Admin\\Card\\RestaurantCard.vue","statementMap":{"0":{"start":{"line":10,"column":0},"end":{"line":10,"column":null}}},"fnMap":{},"branchMap":{},"s":{"0":0},"f":{},"b":{}}
,"D:\\FUTURE Program\\PHASE 2\\gotoba-fe\\gotoba-fe-app\\src\\components\\Admin\\Card\\TourGuideCard.vue": {"path":"D:\\FUTURE Program\\PHASE 2\\gotoba-fe\\gotoba-fe-app\\src\\components\\Admin\\Card\\TourGuideCard.vue","statementMap":{"0":{"start":{"line":11,"column":0},"end":{"line":11,"column":null}}},"fnMap":{},"branchMap":{},"s":{"0":0},"f":{},"b":{}}
,"D:\\FUTURE Program\\PHASE 2\\gotoba-fe\\gotoba-fe-app\\src\\components\\Admin\\Chart\\DoughnutChart.vue": {"path":"D:\\FUTURE Program\\PHASE 2\\gotoba-fe\\gotoba-fe-app\\src\\components\\Admin\\Chart\\DoughnutChart.vue","statementMap":{"0":{"start":{"line":2,"column":0},"end":{"line":2,"column":null}},"1":{"start":{"line":8,"column":0},"end":{"line":8,"column":null}},"2":{"start":{"line":30,"column":0},"end":{"line":30,"column":null}},"3":{"start":{"line":35,"column":0},"end":{"line":35,"column":null}},"4":{"start":{"line":39,"column":0},"end":{"line":39,"column":null}}},"fnMap":{"0":{"name":"(anonymous_1)","decl":{"start":{"line":7,"column":0},"end":{"line":7,"column":null}},"loc":{"start":{"line":7,"column":0},"end":{"line":20,"column":null}}},"1":{"name":"(anonymous_2)","decl":{"start":{"line":29,"column":0},"end":{"line":29,"column":null}},"loc":{"start":{"line":29,"column":0},"end":{"line":31,"column":null}}},"2":{"name":"(anonymous_3)","decl":{"start":{"line":34,"column":0},"end":{"line":34,"column":null}},"loc":{"start":{"line":34,"column":0},"end":{"line":36,"column":null}}},"3":{"name":"(anonymous_4)","decl":{"start":{"line":38,"column":0},"end":{"line":38,"column":null}},"loc":{"start":{"line":38,"column":0},"end":{"line":40,"column":null}}}},"branchMap":{},"s":{"0":0,"1":0,"2":0,"3":0,"4":0},"f":{"0":0,"1":0,"2":0,"3":0},"b":{}}
,"D:\\FUTURE Program\\PHASE 2\\gotoba-fe\\gotoba-fe-app\\src\\components\\Admin\\Chart\\LineChart.vue": {"path":"D:\\FUTURE Program\\PHASE 2\\gotoba-fe\\gotoba-fe-app\\src\\components\\Admin\\Chart\\LineChart.vue","statementMap":{"0":{"start":{"line":2,"column":0},"end":{"line":2,"column":null}},"1":{"start":{"line":8,"column":0},"end":{"line":8,"column":null}},"2":{"start":{"line":38,"column":0},"end":{"line":38,"column":null}},"3":{"start":{"line":43,"column":0},"end":{"line":43,"column":null}},"4":{"start":{"line":47,"column":0},"end":{"line":47,"column":null}}},"fnMap":{"0":{"name":"(anonymous_1)","decl":{"start":{"line":7,"column":0},"end":{"line":7,"column":null}},"loc":{"start":{"line":7,"column":0},"end":{"line":28,"column":null}}},"1":{"name":"(anonymous_2)","decl":{"start":{"line":37,"column":0},"end":{"line":37,"column":null}},"loc":{"start":{"line":37,"column":0},"end":{"line":39,"column":null}}},"2":{"name":"(anonymous_3)","decl":{"start":{"line":42,"column":0},"end":{"line":42,"column":null}},"loc":{"start":{"line":42,"column":0},"end":{"line":44,"column":null}}},"3":{"name":"(anonymous_4)","decl":{"start":{"line":46,"column":0},"end":{"line":46,"column":null}},"loc":{"start":{"line":46,"column":0},"end":{"line":48,"column":null}}}},"branchMap":{},"s":{"0":0,"1":0,"2":0,"3":0,"4":0},"f":{"0":0,"1":0,"2":0,"3":0},"b":{}}
,"D:\\FUTURE Program\\PHASE 2\\gotoba-fe\\gotoba-fe-app\\src\\components\\Admin\\Data\\GalleryCardGroup.vue": {"path":"D:\\FUTURE Program\\PHASE 2\\gotoba-fe\\gotoba-fe-app\\src\\components\\Admin\\Data\\GalleryCardGroup.vue","statementMap":{"0":{"start":{"line":16,"column":0},"end":{"line":16,"column":null}}},"fnMap":{},"branchMap":{},"s":{"0":0},"f":{},"b":{}}
,"D:\\FUTURE Program\\PHASE 2\\gotoba-fe\\gotoba-fe-app\\src\\components\\Admin\\Data\\ItineraryCardGroup.vue": {"path":"D:\\FUTURE Program\\PHASE 2\\gotoba-fe\\gotoba-fe-app\\src\\components\\Admin\\Data\\ItineraryCardGroup.vue","statementMap":{"0":{"start":{"line":14,"column":0},"end":{"line":14,"column":null}}},"fnMap":{},"branchMap":{},"s":{"0":0},"f":{},"b":{}}
,"D:\\FUTURE Program\\PHASE 2\\gotoba-fe\\gotoba-fe-app\\src\\components\\Admin\\Data\\RestaurantCardGroup.vue": {"path":"D:\\FUTURE Program\\PHASE 2\\gotoba-fe\\gotoba-fe-app\\src\\components\\Admin\\Data\\RestaurantCardGroup.vue","statementMap":{"0":{"start":{"line":14,"column":0},"end":{"line":14,"column":null}}},"fnMap":{},"branchMap":{},"s":{"0":0},"f":{},"b":{}}
,"D:\\FUTURE Program\\PHASE 2\\gotoba-fe\\gotoba-fe-app\\src\\components\\Admin\\Data\\ShowDataCount.vue": {"path":"D:\\FUTURE Program\\PHASE 2\\gotoba-fe\\gotoba-fe-app\\src\\components\\Admin\\Data\\ShowDataCount.vue","statementMap":{"0":{"start":{"line":24,"column":0},"end":{"line":24,"column":null}}},"fnMap":{"0":{"name":"(anonymous_1)","decl":{"start":{"line":23,"column":0},"end":{"line":23,"column":null}},"loc":{"start":{"line":23,"column":0},"end":{"line":28,"column":null}}}},"branchMap":{},"s":{"0":0},"f":{"0":0},"b":{}}
,"D:\\FUTURE Program\\PHASE 2\\gotoba-fe\\gotoba-fe-app\\src\\components\\Admin\\Data\\TourGuideCardGroup.vue": {"path":"D:\\FUTURE Program\\PHASE 2\\gotoba-fe\\gotoba-fe-app\\src\\components\\Admin\\Data\\TourGuideCardGroup.vue","statementMap":{"0":{"start":{"line":14,"column":0},"end":{"line":14,"column":null}}},"fnMap":{},"branchMap":{},"s":{"0":0},"f":{},"b":{}}
,"D:\\FUTURE Program\\PHASE 2\\gotoba-fe\\gotoba-fe-app\\src\\components\\Admin\\Data\\UserTableData.vue": {"path":"D:\\FUTURE Program\\PHASE 2\\gotoba-fe\\gotoba-fe-app\\src\\components\\Admin\\Data\\UserTableData.vue","statementMap":{"0":{"start":{"line":35,"column":0},"end":{"line":35,"column":null}}},"fnMap":{},"branchMap":{},"s":{"0":0},"f":{},"b":{}}
,"D:\\FUTURE Program\\PHASE 2\\gotoba-fe\\gotoba-fe-app\\src\\components\\Admin\\MenuInfo\\MenuInfo.vue": {"path":"D:\\FUTURE Program\\PHASE 2\\gotoba-fe\\gotoba-fe-app\\src\\components\\Admin\\MenuInfo\\MenuInfo.vue","statementMap":{"0":{"start":{"line":17,"column":0},"end":{"line":17,"column":null}}},"fnMap":{"0":{"name":"(anonymous_1)","decl":{"start":{"line":16,"column":0},"end":{"line":16,"column":null}},"loc":{"start":{"line":16,"column":0},"end":{"line":18,"column":null}}}},"branchMap":{},"s":{"0":0},"f":{"0":0},"b":{}}
,"D:\\FUTURE Program\\PHASE 2\\gotoba-fe\\gotoba-fe-app\\src\\components\\Admin\\Modal\\ItineraryModal.vue": {"path":"D:\\FUTURE Program\\PHASE 2\\gotoba-fe\\gotoba-fe-app\\src\\components\\Admin\\Modal\\ItineraryModal.vue","statementMap":{"0":{"start":{"line":101,"column":0},"end":{"line":101,"column":null}},"1":{"start":{"line":102,"column":0},"end":{"line":102,"column":null}},"2":{"start":{"line":103,"column":0},"end":{"line":103,"column":null}},"3":{"start":{"line":104,"column":0},"end":{"line":104,"column":null}},"4":{"start":{"line":112,"column":0},"end":{"line":112,"column":null}},"5":{"start":{"line":131,"column":0},"end":{"line":131,"column":null}},"6":{"start":{"line":137,"column":0},"end":{"line":139,"column":null}},"7":{"start":{"line":138,"column":0},"end":{"line":138,"column":null}},"8":{"start":{"line":141,"column":0},"end":{"line":151,"column":null}},"9":{"start":{"line":142,"column":0},"end":{"line":148,"column":null}},"10":{"start":{"line":144,"column":0},"end":{"line":144,"column":null}},"11":{"start":{"line":147,"column":0},"end":{"line":147,"column":null}},"12":{"start":{"line":150,"column":0},"end":{"line":150,"column":null}},"13":{"start":{"line":153,"column":0},"end":{"line":159,"column":null}},"14":{"start":{"line":155,"column":0},"end":{"line":155,"column":null}},"15":{"start":{"line":158,"column":0},"end":{"line":158,"column":null}},"16":{"start":{"line":162,"column":0},"end":{"line":162,"column":null}},"17":{"start":{"line":164,"column":0},"end":{"line":172,"column":null}},"18":{"start":{"line":165,"column":0},"end":{"line":171,"column":null}},"19":{"start":{"line":167,"column":0},"end":{"line":167,"column":null}},"20":{"start":{"line":170,"column":0},"end":{"line":170,"column":null}},"21":{"start":{"line":175,"column":0},"end":{"line":175,"column":null}}},"fnMap":{"0":{"name":"(anonymous_1)","decl":{"start":{"line":111,"column":0},"end":{"line":111,"column":null}},"loc":{"start":{"line":111,"column":0},"end":{"line":121,"column":null}}},"1":{"name":"(anonymous_2)","decl":{"start":{"line":130,"column":0},"end":{"line":130,"column":null}},"loc":{"start":{"line":130,"column":0},"end":{"line":160,"column":null}}},"2":{"name":"(anonymous_3)","decl":{"start":{"line":142,"column":0},"end":{"line":142,"column":null}},"loc":{"start":{"line":142,"column":0},"end":{"line":145,"column":null}}},"3":{"name":"(anonymous_4)","decl":{"start":{"line":145,"column":0},"end":{"line":145,"column":null}},"loc":{"start":{"line":145,"column":0},"end":{"line":148,"column":null}}},"4":{"name":"(anonymous_5)","decl":{"start":{"line":153,"column":0},"end":{"line":153,"column":null}},"loc":{"start":{"line":153,"column":0},"end":{"line":156,"column":null}}},"5":{"name":"(anonymous_6)","decl":{"start":{"line":156,"column":0},"end":{"line":156,"column":null}},"loc":{"start":{"line":156,"column":0},"end":{"line":159,"column":null}}},"6":{"name":"(anonymous_7)","decl":{"start":{"line":161,"column":0},"end":{"line":161,"column":null}},"loc":{"start":{"line":161,"column":0},"end":{"line":173,"column":null}}},"7":{"name":"(anonymous_8)","decl":{"start":{"line":165,"column":0},"end":{"line":165,"column":null}},"loc":{"start":{"line":165,"column":0},"end":{"line":168,"column":null}}},"8":{"name":"(anonymous_9)","decl":{"start":{"line":168,"column":0},"end":{"line":168,"column":null}},"loc":{"start":{"line":168,"column":0},"end":{"line":171,"column":null}}},"9":{"name":"(anonymous_10)","decl":{"start":{"line":174,"column":0},"end":{"line":174,"column":null}},"loc":{"start":{"line":174,"column":0},"end":{"line":176,"column":null}}}},"branchMap":{"0":{"loc":{"start":{"line":137,"column":0},"end":{"line":139,"column":null}},"type":"if","locations":[{"start":{"line":137,"column":0},"end":{"line":139,"column":null}},{"start":{"line":137,"column":0},"end":{"line":139,"column":null}}]},"1":{"loc":{"start":{"line":137,"column":0},"end":{"line":137,"column":null}},"type":"binary-expr","locations":[{"start":{"line":137,"column":0},"end":{"line":137,"column":null}},{"start":{"line":137,"column":0},"end":{"line":137,"column":null}},{"start":{"line":137,"column":0},"end":{"line":137,"column":null}}]},"2":{"loc":{"start":{"line":141,"column":0},"end":{"line":151,"column":null}},"type":"if","locations":[{"start":{"line":141,"column":0},"end":{"line":151,"column":null}},{"start":{"line":141,"column":0},"end":{"line":151,"column":null}}]},"3":{"loc":{"start":{"line":164,"column":0},"end":{"line":172,"column":null}},"type":"if","locations":[{"start":{"line":164,"column":0},"end":{"line":172,"column":null}},{"start":{"line":164,"column":0},"end":{"line":172,"column":null}}]},"4":{"loc":{"start":{"line":164,"column":0},"end":{"line":164,"column":null}},"type":"binary-expr","locations":[{"start":{"line":164,"column":0},"end":{"line":164,"column":null}},{"start":{"line":164,"column":0},"end":{"line":164,"column":null}}]}},"s":{"0":0,"1":0,"2":0,"3":0,"4":0,"5":0,"6":0,"7":0,"8":0,"9":0,"10":0,"11":0,"12":0,"13":0,"14":0,"15":0,"16":0,"17":0,"18":0,"19":0,"20":0,"21":0},"f":{"0":0,"1":0,"2":0,"3":0,"4":0,"5":0,"6":0,"7":0,"8":0,"9":0},"b":{"0":[0,0],"1":[0,0,0],"2":[0,0],"3":[0,0],"4":[0,0]}}
,"D:\\FUTURE Program\\PHASE 2\\gotoba-fe\\gotoba-fe-app\\src\\components\\Admin\\Modal\\PhotoModal.vue": {"path":"D:\\FUTURE Program\\PHASE 2\\gotoba-fe\\gotoba-fe-app\\src\\components\\Admin\\Modal\\PhotoModal.vue","statementMap":{"0":{"start":{"line":76,"column":0},"end":{"line":76,"column":null}},"1":{"start":{"line":77,"column":0},"end":{"line":77,"column":null}},"2":{"start":{"line":78,"column":0},"end":{"line":78,"column":null}},"3":{"start":{"line":83,"column":0},"end":{"line":83,"column":null}},"4":{"start":{"line":98,"column":0},"end":{"line":99,"column":null}},"5":{"start":{"line":109,"column":0},"end":{"line":109,"column":null}},"6":{"start":{"line":117,"column":0},"end":{"line":119,"column":null}},"7":{"start":{"line":118,"column":0},"end":{"line":118,"column":null}},"8":{"start":{"line":121,"column":0},"end":{"line":132,"column":null}},"9":{"start":{"line":122,"column":0},"end":{"line":129,"column":null}},"10":{"start":{"line":124,"column":0},"end":{"line":124,"column":null}},"11":{"start":{"line":125,"column":0},"end":{"line":125,"column":null}},"12":{"start":{"line":128,"column":0},"end":{"line":128,"column":null}},"13":{"start":{"line":131,"column":0},"end":{"line":131,"column":null}},"14":{"start":{"line":133,"column":0},"end":{"line":139,"column":null}},"15":{"start":{"line":135,"column":0},"end":{"line":135,"column":null}},"16":{"start":{"line":138,"column":0},"end":{"line":138,"column":null}},"17":{"start":{"line":143,"column":0},"end":{"line":143,"column":null}},"18":{"start":{"line":145,"column":0},"end":{"line":153,"column":null}},"19":{"start":{"line":146,"column":0},"end":{"line":152,"column":null}},"20":{"start":{"line":148,"column":0},"end":{"line":148,"column":null}},"21":{"start":{"line":151,"column":0},"end":{"line":151,"column":null}},"22":{"start":{"line":156,"column":0},"end":{"line":156,"column":null}}},"fnMap":{"0":{"name":"(anonymous_1)","decl":{"start":{"line":82,"column":0},"end":{"line":82,"column":null}},"loc":{"start":{"line":82,"column":0},"end":{"line":87,"column":null}}},"1":{"name":"(anonymous_2)","decl":{"start":{"line":98,"column":0},"end":{"line":98,"column":null}},"loc":{"start":{"line":98,"column":0},"end":{"line":99,"column":null}}},"2":{"name":"(anonymous_3)","decl":{"start":{"line":108,"column":0},"end":{"line":108,"column":null}},"loc":{"start":{"line":108,"column":0},"end":{"line":140,"column":null}}},"3":{"name":"(anonymous_4)","decl":{"start":{"line":122,"column":0},"end":{"line":122,"column":null}},"loc":{"start":{"line":122,"column":0},"end":{"line":126,"column":null}}},"4":{"name":"(anonymous_5)","decl":{"start":{"line":126,"column":0},"end":{"line":126,"column":null}},"loc":{"start":{"line":126,"column":0},"end":{"line":129,"column":null}}},"5":{"name":"(anonymous_6)","decl":{"start":{"line":133,"column":0},"end":{"line":133,"column":null}},"loc":{"start":{"line":133,"column":0},"end":{"line":136,"column":null}}},"6":{"name":"(anonymous_7)","decl":{"start":{"line":136,"column":0},"end":{"line":136,"column":null}},"loc":{"start":{"line":136,"column":0},"end":{"line":139,"column":null}}},"7":{"name":"(anonymous_8)","decl":{"start":{"line":142,"column":0},"end":{"line":142,"column":null}},"loc":{"start":{"line":142,"column":0},"end":{"line":154,"column":null}}},"8":{"name":"(anonymous_9)","decl":{"start":{"line":146,"column":0},"end":{"line":146,"column":null}},"loc":{"start":{"line":146,"column":0},"end":{"line":149,"column":null}}},"9":{"name":"(anonymous_10)","decl":{"start":{"line":149,"column":0},"end":{"line":149,"column":null}},"loc":{"start":{"line":149,"column":0},"end":{"line":152,"column":null}}},"10":{"name":"(anonymous_11)","decl":{"start":{"line":155,"column":0},"end":{"line":155,"column":null}},"loc":{"start":{"line":155,"column":0},"end":{"line":157,"column":null}}}},"branchMap":{"0":{"loc":{"start":{"line":117,"column":0},"end":{"line":119,"column":null}},"type":"if","locations":[{"start":{"line":117,"column":0},"end":{"line":119,"column":null}},{"start":{"line":117,"column":0},"end":{"line":119,"column":null}}]},"1":{"loc":{"start":{"line":117,"column":0},"end":{"line":117,"column":null}},"type":"binary-expr","locations":[{"start":{"line":117,"column":0},"end":{"line":117,"column":null}},{"start":{"line":117,"column":0},"end":{"line":117,"column":null}},{"start":{"line":117,"column":0},"end":{"line":117,"column":null}}]},"2":{"loc":{"start":{"line":121,"column":0},"end":{"line":132,"column":null}},"type":"if","locations":[{"start":{"line":121,"column":0},"end":{"line":132,"column":null}},{"start":{"line":121,"column":0},"end":{"line":132,"column":null}}]},"3":{"loc":{"start":{"line":145,"column":0},"end":{"line":153,"column":null}},"type":"if","locations":[{"start":{"line":145,"column":0},"end":{"line":153,"column":null}},{"start":{"line":145,"column":0},"end":{"line":153,"column":null}}]},"4":{"loc":{"start":{"line":145,"column":0},"end":{"line":145,"column":null}},"type":"binary-expr","locations":[{"start":{"line":145,"column":0},"end":{"line":145,"column":null}},{"start":{"line":145,"column":0},"end":{"line":145,"column":null}}]}},"s":{"0":0,"1":0,"2":0,"3":0,"4":0,"5":0,"6":0,"7":0,"8":0,"9":0,"10":0,"11":0,"12":0,"13":0,"14":0,"15":0,"16":0,"17":0,"18":0,"19":0,"20":0,"21":0,"22":0},"f":{"0":0,"1":0,"2":0,"3":0,"4":0,"5":0,"6":0,"7":0,"8":0,"9":0,"10":0},"b":{"0":[0,0],"1":[0,0,0],"2":[0,0],"3":[0,0],"4":[0,0]}}
,"D:\\FUTURE Program\\PHASE 2\\gotoba-fe\\gotoba-fe-app\\src\\components\\Admin\\Modal\\TourGuideModal.vue": {"path":"D:\\FUTURE Program\\PHASE 2\\gotoba-fe\\gotoba-fe-app\\src\\components\\Admin\\Modal\\TourGuideModal.vue","statementMap":{"0":{"start":{"line":219,"column":0},"end":{"line":219,"column":null}},"1":{"start":{"line":220,"column":0},"end":{"line":220,"column":null}},"2":{"start":{"line":221,"column":0},"end":{"line":221,"column":null}},"3":{"start":{"line":229,"column":0},"end":{"line":229,"column":null}},"4":{"start":{"line":255,"column":0},"end":{"line":255,"column":null}},"5":{"start":{"line":257,"column":0},"end":{"line":268,"column":null}},"6":{"start":{"line":258,"column":0},"end":{"line":265,"column":null}},"7":{"start":{"line":260,"column":0},"end":{"line":260,"column":null}},"8":{"start":{"line":261,"column":0},"end":{"line":261,"column":null}},"9":{"start":{"line":264,"column":0},"end":{"line":264,"column":null}},"10":{"start":{"line":267,"column":0},"end":{"line":267,"column":null}},"11":{"start":{"line":270,"column":0},"end":{"line":276,"column":null}},"12":{"start":{"line":272,"column":0},"end":{"line":272,"column":null}},"13":{"start":{"line":275,"column":0},"end":{"line":275,"column":null}},"14":{"start":{"line":279,"column":0},"end":{"line":279,"column":null}},"15":{"start":{"line":281,"column":0},"end":{"line":289,"column":null}},"16":{"start":{"line":282,"column":0},"end":{"line":288,"column":null}},"17":{"start":{"line":284,"column":0},"end":{"line":284,"column":null}},"18":{"start":{"line":287,"column":0},"end":{"line":287,"column":null}},"19":{"start":{"line":292,"column":0},"end":{"line":292,"column":null}}},"fnMap":{"0":{"name":"(anonymous_1)","decl":{"start":{"line":228,"column":0},"end":{"line":228,"column":null}},"loc":{"start":{"line":228,"column":0},"end":{"line":246,"column":null}}},"1":{"name":"(anonymous_2)","decl":{"start":{"line":254,"column":0},"end":{"line":254,"column":null}},"loc":{"start":{"line":254,"column":0},"end":{"line":277,"column":null}}},"2":{"name":"(anonymous_3)","decl":{"start":{"line":258,"column":0},"end":{"line":258,"column":null}},"loc":{"start":{"line":258,"column":0},"end":{"line":262,"column":null}}},"3":{"name":"(anonymous_4)","decl":{"start":{"line":262,"column":0},"end":{"line":262,"column":null}},"loc":{"start":{"line":262,"column":0},"end":{"line":265,"column":null}}},"4":{"name":"(anonymous_5)","decl":{"start":{"line":270,"column":0},"end":{"line":270,"column":null}},"loc":{"start":{"line":270,"column":0},"end":{"line":273,"column":null}}},"5":{"name":"(anonymous_6)","decl":{"start":{"line":273,"column":0},"end":{"line":273,"column":null}},"loc":{"start":{"line":273,"column":0},"end":{"line":276,"column":null}}},"6":{"name":"(anonymous_7)","decl":{"start":{"line":278,"column":0},"end":{"line":278,"column":null}},"loc":{"start":{"line":278,"column":0},"end":{"line":290,"column":null}}},"7":{"name":"(anonymous_8)","decl":{"start":{"line":282,"column":0},"end":{"line":282,"column":null}},"loc":{"start":{"line":282,"column":0},"end":{"line":285,"column":null}}},"8":{"name":"(anonymous_9)","decl":{"start":{"line":285,"column":0},"end":{"line":285,"column":null}},"loc":{"start":{"line":285,"column":0},"end":{"line":288,"column":null}}},"9":{"name":"(anonymous_10)","decl":{"start":{"line":291,"column":0},"end":{"line":291,"column":null}},"loc":{"start":{"line":291,"column":0},"end":{"line":293,"column":null}}}},"branchMap":{"0":{"loc":{"start":{"line":257,"column":0},"end":{"line":268,"column":null}},"type":"if","locations":[{"start":{"line":257,"column":0},"end":{"line":268,"column":null}},{"start":{"line":257,"column":0},"end":{"line":268,"column":null}}]},"1":{"loc":{"start":{"line":281,"column":0},"end":{"line":289,"column":null}},"type":"if","locations":[{"start":{"line":281,"column":0},"end":{"line":289,"column":null}},{"start":{"line":281,"column":0},"end":{"line":289,"column":null}}]},"2":{"loc":{"start":{"line":281,"column":0},"end":{"line":281,"column":null}},"type":"binary-expr","locations":[{"start":{"line":281,"column":0},"end":{"line":281,"column":null}},{"start":{"line":281,"column":0},"end":{"line":281,"column":null}}]}},"s":{"0":0,"1":0,"2":0,"3":0,"4":0,"5":0,"6":0,"7":0,"8":0,"9":0,"10":0,"11":0,"12":0,"13":0,"14":0,"15":0,"16":0,"17":0,"18":0,"19":0},"f":{"0":0,"1":0,"2":0,"3":0,"4":0,"5":0,"6":0,"7":0,"8":0,"9":0},"b":{"0":[0,0],"1":[0,0],"2":[0,0]}}
,"D:\\FUTURE Program\\PHASE 2\\gotoba-fe\\gotoba-fe-app\\src\\components\\Admin\\Search\\Search.vue": {"path":"D:\\FUTURE Program\\PHASE 2\\gotoba-fe\\gotoba-fe-app\\src\\components\\Admin\\Search\\Search.vue","statementMap":{"0":{"start":{"line":21,"column":0},"end":{"line":21,"column":null}}},"fnMap":{"0":{"name":"(anonymous_1)","decl":{"start":{"line":20,"column":0},"end":{"line":20,"column":null}},"loc":{"start":{"line":20,"column":0},"end":{"line":24,"column":null}}}},"branchMap":{},"s":{"0":0},"f":{"0":0},"b":{}}
,"D:\\FUTURE Program\\PHASE 2\\gotoba-fe\\gotoba-fe-app\\src\\components\\Admin\\Sidebar\\Sidebar.vue": {"path":"D:\\FUTURE Program\\PHASE 2\\gotoba-fe\\gotoba-fe-app\\src\\components\\Admin\\Sidebar\\Sidebar.vue","statementMap":{"0":{"start":{"line":39,"column":0},"end":{"line":39,"column":null}},"1":{"start":{"line":47,"column":0},"end":{"line":47,"column":null}},"2":{"start":{"line":91,"column":0},"end":{"line":91,"column":null}},"3":{"start":{"line":92,"column":0},"end":{"line":92,"column":null}}},"fnMap":{"0":{"name":"(anonymous_1)","decl":{"start":{"line":46,"column":0},"end":{"line":46,"column":null}},"loc":{"start":{"line":46,"column":0},"end":{"line":88,"column":null}}},"1":{"name":"(anonymous_2)","decl":{"start":{"line":90,"column":0},"end":{"line":90,"column":null}},"loc":{"start":{"line":90,"column":0},"end":{"line":93,"column":null}}}},"branchMap":{},"s":{"0":0,"1":0,"2":0,"3":0},"f":{"0":0,"1":0},"b":{}}
,"D:\\FUTURE Program\\PHASE 2\\gotoba-fe\\gotoba-fe-app\\src\\components\\Admin\\Sidebar\\SidebarItem.vue": {"path":"D:\\FUTURE Program\\PHASE 2\\gotoba-fe\\gotoba-fe-app\\src\\components\\Admin\\Sidebar\\SidebarItem.vue","statementMap":{"0":{"start":{"line":33,"column":0},"end":{"line":33,"column":null}},"1":{"start":{"line":39,"column":0},"end":{"line":39,"column":null}}},"fnMap":{"0":{"name":"(anonymous_1)","decl":{"start":{"line":32,"column":0},"end":{"line":32,"column":null}},"loc":{"start":{"line":32,"column":0},"end":{"line":36,"column":null}}},"1":{"name":"(anonymous_2)","decl":{"start":{"line":38,"column":0},"end":{"line":38,"column":null}},"loc":{"start":{"line":38,"column":0},"end":{"line":42,"column":null}}}},"branchMap":{"0":{"loc":{"start":{"line":39,"column":0},"end":{"line":39,"column":null}},"type":"binary-expr","locations":[{"start":{"line":39,"column":0},"end":{"line":39,"column":null}},{"start":{"line":39,"column":0},"end":{"line":39,"column":null}}]}},"s":{"0":0,"1":0},"f":{"0":0,"1":0},"b":{"0":[0,0]}}
,"D:\\FUTURE Program\\PHASE 2\\gotoba-fe\\gotoba-fe-app\\src\\components\\Merchant\\Card\\CardPromotion.vue": {"path":"D:\\FUTURE Program\\PHASE 2\\gotoba-fe\\gotoba-fe-app\\src\\components\\Merchant\\Card\\CardPromotion.vue","statementMap":{"0":{"start":{"line":23,"column":0},"end":{"line":23,"column":null}},"1":{"start":{"line":24,"column":0},"end":{"line":24,"column":null}}},"fnMap":{},"branchMap":{},"s":{"0":0,"1":0},"f":{},"b":{}}
,"D:\\FUTURE Program\\PHASE 2\\gotoba-fe\\gotoba-fe-app\\src\\components\\Merchant\\Card\\CardScanResult.vue": {"path":"D:\\FUTURE Program\\PHASE 2\\gotoba-fe\\gotoba-fe-app\\src\\components\\Merchant\\Card\\CardScanResult.vue","statementMap":{"0":{"start":{"line":17,"column":0},"end":{"line":17,"column":null}},"1":{"start":{"line":18,"column":0},"end":{"line":18,"column":null}},"2":{"start":{"line":30,"column":0},"end":{"line":30,"column":null}},"3":{"start":{"line":33,"column":0},"end":{"line":33,"column":null}}},"fnMap":{"0":{"name":"(anonymous_1)","decl":{"start":{"line":29,"column":0},"end":{"line":29,"column":null}},"loc":{"start":{"line":29,"column":0},"end":{"line":31,"column":null}}},"1":{"name":"(anonymous_2)","decl":{"start":{"line":32,"column":0},"end":{"line":32,"column":null}},"loc":{"start":{"line":32,"column":0},"end":{"line":44,"column":null}}}},"branchMap":{},"s":{"0":0,"1":0,"2":0,"3":0},"f":{"0":0,"1":0},"b":{}}
,"D:\\FUTURE Program\\PHASE 2\\gotoba-fe\\gotoba-fe-app\\src\\components\\Merchant\\Card\\CardSpot.vue": {"path":"D:\\FUTURE Program\\PHASE 2\\gotoba-fe\\gotoba-fe-app\\src\\components\\Merchant\\Card\\CardSpot.vue","statementMap":{"0":{"start":{"line":27,"column":0},"end":{"line":27,"column":null}}},"fnMap":{},"branchMap":{},"s":{"0":0},"f":{},"b":{}}
,"D:\\FUTURE Program\\PHASE 2\\gotoba-fe\\gotoba-fe-app\\src\\components\\Merchant\\Data\\RestaurantMenuCardGroup.vue": {"path":"D:\\FUTURE Program\\PHASE 2\\gotoba-fe\\gotoba-fe-app\\src\\components\\Merchant\\Data\\RestaurantMenuCardGroup.vue","statementMap":{"0":{"start":{"line":12,"column":0},"end":{"line":12,"column":null}}},"fnMap":{},"branchMap":{},"s":{"0":0},"f":{},"b":{}}
,"D:\\FUTURE Program\\PHASE 2\\gotoba-fe\\gotoba-fe-app\\src\\components\\Merchant\\Data\\SpotCardGroup.vue": {"path":"D:\\FUTURE Program\\PHASE 2\\gotoba-fe\\gotoba-fe-app\\src\\components\\Merchant\\Data\\SpotCardGroup.vue","statementMap":{"0":{"start":{"line":15,"column":0},"end":{"line":15,"column":null}},"1":{"start":{"line":27,"column":0},"end":{"line":27,"column":null}}},"fnMap":{"0":{"name":"(anonymous_1)","decl":{"start":{"line":26,"column":0},"end":{"line":26,"column":null}},"loc":{"start":{"line":26,"column":0},"end":{"line":28,"column":null}}}},"branchMap":{},"s":{"0":0,"1":0},"f":{"0":0},"b":{}}
,"D:\\FUTURE Program\\PHASE 2\\gotoba-fe\\gotoba-fe-app\\src\\components\\Merchant\\Modal\\MenuModal.vue": {"path":"D:\\FUTURE Program\\PHASE 2\\gotoba-fe\\gotoba-fe-app\\src\\components\\Merchant\\Modal\\MenuModal.vue","statementMap":{"0":{"start":{"line":82,"column":0},"end":{"line":82,"column":null}},"1":{"start":{"line":83,"column":0},"end":{"line":83,"column":null}},"2":{"start":{"line":84,"column":0},"end":{"line":84,"column":null}},"3":{"start":{"line":98,"column":0},"end":{"line":98,"column":null}},"4":{"start":{"line":110,"column":0},"end":{"line":110,"column":null}},"5":{"start":{"line":117,"column":0},"end":{"line":124,"column":null}},"6":{"start":{"line":123,"column":0},"end":{"line":123,"column":null}},"7":{"start":{"line":126,"column":0},"end":{"line":137,"column":null}},"8":{"start":{"line":127,"column":0},"end":{"line":134,"column":null}},"9":{"start":{"line":129,"column":0},"end":{"line":129,"column":null}},"10":{"start":{"line":130,"column":0},"end":{"line":130,"column":null}},"11":{"start":{"line":133,"column":0},"end":{"line":133,"column":null}},"12":{"start":{"line":136,"column":0},"end":{"line":136,"column":null}},"13":{"start":{"line":139,"column":0},"end":{"line":146,"column":null}},"14":{"start":{"line":141,"column":0},"end":{"line":141,"column":null}},"15":{"start":{"line":142,"column":0},"end":{"line":142,"column":null}},"16":{"start":{"line":145,"column":0},"end":{"line":145,"column":null}},"17":{"start":{"line":150,"column":0},"end":{"line":150,"column":null}},"18":{"start":{"line":152,"column":0},"end":{"line":160,"column":null}},"19":{"start":{"line":153,"column":0},"end":{"line":159,"column":null}},"20":{"start":{"line":155,"column":0},"end":{"line":155,"column":null}},"21":{"start":{"line":158,"column":0},"end":{"line":158,"column":null}},"22":{"start":{"line":164,"column":0},"end":{"line":164,"column":null}}},"fnMap":{"0":{"name":"(anonymous_1)","decl":{"start":{"line":97,"column":0},"end":{"line":97,"column":null}},"loc":{"start":{"line":97,"column":0},"end":{"line":107,"column":null}}},"1":{"name":"(anonymous_2)","decl":{"start":{"line":109,"column":0},"end":{"line":109,"column":null}},"loc":{"start":{"line":109,"column":0},"end":{"line":147,"column":null}}},"2":{"name":"(anonymous_3)","decl":{"start":{"line":127,"column":0},"end":{"line":127,"column":null}},"loc":{"start":{"line":127,"column":0},"end":{"line":131,"column":null}}},"3":{"name":"(anonymous_4)","decl":{"start":{"line":131,"column":0},"end":{"line":131,"column":null}},"loc":{"start":{"line":131,"column":0},"end":{"line":134,"column":null}}},"4":{"name":"(anonymous_5)","decl":{"start":{"line":139,"column":0},"end":{"line":139,"column":null}},"loc":{"start":{"line":139,"column":0},"end":{"line":143,"column":null}}},"5":{"name":"(anonymous_6)","decl":{"start":{"line":143,"column":0},"end":{"line":143,"column":null}},"loc":{"start":{"line":143,"column":0},"end":{"line":146,"column":null}}},"6":{"name":"(anonymous_7)","decl":{"start":{"line":149,"column":0},"end":{"line":149,"column":null}},"loc":{"start":{"line":149,"column":0},"end":{"line":161,"column":null}}},"7":{"name":"(anonymous_8)","decl":{"start":{"line":153,"column":0},"end":{"line":153,"column":null}},"loc":{"start":{"line":153,"column":0},"end":{"line":156,"column":null}}},"8":{"name":"(anonymous_9)","decl":{"start":{"line":156,"column":0},"end":{"line":156,"column":null}},"loc":{"start":{"line":156,"column":0},"end":{"line":159,"column":null}}},"9":{"name":"(anonymous_10)","decl":{"start":{"line":163,"column":0},"end":{"line":163,"column":null}},"loc":{"start":{"line":163,"column":0},"end":{"line":165,"column":null}}}},"branchMap":{"0":{"loc":{"start":{"line":117,"column":0},"end":{"line":124,"column":null}},"type":"if","locations":[{"start":{"line":117,"column":0},"end":{"line":124,"column":null}},{"start":{"line":117,"column":0},"end":{"line":124,"column":null}}]},"1":{"loc":{"start":{"line":117,"column":0},"end":{"line":117,"column":null}},"type":"binary-expr","locations":[{"start":{"line":117,"column":0},"end":{"line":117,"column":null}},{"start":{"line":117,"column":0},"end":{"line":117,"column":null}},{"start":{"line":117,"column":0},"end":{"line":117,"column":null}},{"start":{"line":117,"column":0},"end":{"line":117,"column":null}}]},"2":{"loc":{"start":{"line":126,"column":0},"end":{"line":137,"column":null}},"type":"if","locations":[{"start":{"line":126,"column":0},"end":{"line":137,"column":null}},{"start":{"line":126,"column":0},"end":{"line":137,"column":null}}]},"3":{"loc":{"start":{"line":152,"column":0},"end":{"line":160,"column":null}},"type":"if","locations":[{"start":{"line":152,"column":0},"end":{"line":160,"column":null}},{"start":{"line":152,"column":0},"end":{"line":160,"column":null}}]},"4":{"loc":{"start":{"line":152,"column":0},"end":{"line":152,"column":null}},"type":"binary-expr","locations":[{"start":{"line":152,"column":0},"end":{"line":152,"column":null}},{"start":{"line":152,"column":0},"end":{"line":152,"column":null}}]}},"s":{"0":0,"1":0,"2":0,"3":0,"4":0,"5":0,"6":0,"7":0,"8":0,"9":0,"10":0,"11":0,"12":0,"13":0,"14":0,"15":0,"16":0,"17":0,"18":0,"19":0,"20":0,"21":0,"22":0},"f":{"0":0,"1":0,"2":0,"3":0,"4":0,"5":0,"6":0,"7":0,"8":0,"9":0},"b":{"0":[0,0],"1":[0,0,0,0],"2":[0,0],"3":[0,0],"4":[0,0]}}
,"D:\\FUTURE Program\\PHASE 2\\gotoba-fe\\gotoba-fe-app\\src\\components\\Merchant\\Modal\\PromotionModal.vue": {"path":"D:\\FUTURE Program\\PHASE 2\\gotoba-fe\\gotoba-fe-app\\src\\components\\Merchant\\Modal\\PromotionModal.vue","statementMap":{"0":{"start":{"line":72,"column":0},"end":{"line":72,"column":null}},"1":{"start":{"line":77,"column":0},"end":{"line":77,"column":null}},"2":{"start":{"line":93,"column":0},"end":{"line":93,"column":null}},"3":{"start":{"line":95,"column":0},"end":{"line":95,"column":null}},"4":{"start":{"line":99,"column":0},"end":{"line":99,"column":null}},"5":{"start":{"line":101,"column":0},"end":{"line":109,"column":null}},"6":{"start":{"line":102,"column":0},"end":{"line":108,"column":null}},"7":{"start":{"line":104,"column":0},"end":{"line":104,"column":null}},"8":{"start":{"line":107,"column":0},"end":{"line":107,"column":null}},"9":{"start":{"line":112,"column":0},"end":{"line":112,"column":null}}},"fnMap":{"0":{"name":"(anonymous_1)","decl":{"start":{"line":76,"column":0},"end":{"line":76,"column":null}},"loc":{"start":{"line":76,"column":0},"end":{"line":84,"column":null}}},"1":{"name":"(anonymous_2)","decl":{"start":{"line":92,"column":0},"end":{"line":92,"column":null}},"loc":{"start":{"line":92,"column":0},"end":{"line":96,"column":null}}},"2":{"name":"(anonymous_3)","decl":{"start":{"line":98,"column":0},"end":{"line":98,"column":null}},"loc":{"start":{"line":98,"column":0},"end":{"line":110,"column":null}}},"3":{"name":"(anonymous_4)","decl":{"start":{"line":102,"column":0},"end":{"line":102,"column":null}},"loc":{"start":{"line":102,"column":0},"end":{"line":105,"column":null}}},"4":{"name":"(anonymous_5)","decl":{"start":{"line":105,"column":0},"end":{"line":105,"column":null}},"loc":{"start":{"line":105,"column":0},"end":{"line":108,"column":null}}},"5":{"name":"(anonymous_6)","decl":{"start":{"line":111,"column":0},"end":{"line":111,"column":null}},"loc":{"start":{"line":111,"column":0},"end":{"line":113,"column":null}}}},"branchMap":{"0":{"loc":{"start":{"line":101,"column":0},"end":{"line":109,"column":null}},"type":"if","locations":[{"start":{"line":101,"column":0},"end":{"line":109,"column":null}},{"start":{"line":101,"column":0},"end":{"line":109,"column":null}}]},"1":{"loc":{"start":{"line":101,"column":0},"end":{"line":101,"column":null}},"type":"binary-expr","locations":[{"start":{"line":101,"column":0},"end":{"line":101,"column":null}},{"start":{"line":101,"column":0},"end":{"line":101,"column":null}}]}},"s":{"0":0,"1":0,"2":0,"3":0,"4":0,"5":0,"6":0,"7":0,"8":0,"9":0},"f":{"0":0,"1":0,"2":0,"3":0,"4":0,"5":0},"b":{"0":[0,0],"1":[0,0]}}
,"D:\\FUTURE Program\\PHASE 2\\gotoba-fe\\gotoba-fe-app\\src\\components\\Partial\\Alert.vue": {"path":"D:\\FUTURE Program\\PHASE 2\\gotoba-fe\\gotoba-fe-app\\src\\components\\Partial\\Alert.vue","statementMap":{"0":{"start":{"line":20,"column":0},"end":{"line":20,"column":null}},"1":{"start":{"line":23,"column":0},"end":{"line":23,"column":null}},"2":{"start":{"line":26,"column":0},"end":{"line":26,"column":null}}},"fnMap":{"0":{"name":"(anonymous_1)","decl":{"start":{"line":19,"column":0},"end":{"line":19,"column":null}},"loc":{"start":{"line":19,"column":0},"end":{"line":21,"column":null}}},"1":{"name":"(anonymous_2)","decl":{"start":{"line":22,"column":0},"end":{"line":22,"column":null}},"loc":{"start":{"line":22,"column":0},"end":{"line":24,"column":null}}},"2":{"name":"(anonymous_3)","decl":{"start":{"line":25,"column":0},"end":{"line":25,"column":null}},"loc":{"start":{"line":25,"column":0},"end":{"line":27,"column":null}}}},"branchMap":{},"s":{"0":0,"1":0,"2":0},"f":{"0":0,"1":0,"2":0},"b":{}}
,"D:\\FUTURE Program\\PHASE 2\\gotoba-fe\\gotoba-fe-app\\src\\components\\Partial\\IconsCustom.vue": {"path":"D:\\FUTURE Program\\PHASE 2\\gotoba-fe\\gotoba-fe-app\\src\\components\\Partial\\IconsCustom.vue","statementMap":{"0":{"start":{"line":2,"column":0},"end":{"line":2,"column":null}},"1":{"start":{"line":4,"column":0},"end":{"line":4,"column":null}},"2":{"start":{"line":20,"column":0},"end":{"line":20,"column":null}},"3":{"start":{"line":33,"column":0},"end":{"line":33,"column":null}},"4":{"start":{"line":46,"column":0},"end":{"line":46,"column":null}},"5":{"start":{"line":63,"column":0},"end":{"line":63,"column":null}}},"fnMap":{},"branchMap":{},"s":{"0":0,"1":0,"2":0,"3":0,"4":0,"5":0},"f":{},"b":{}}
,"D:\\FUTURE Program\\PHASE 2\\gotoba-fe\\gotoba-fe-app\\src\\components\\Partial\\NavigationBack.vue": {"path":"D:\\FUTURE Program\\PHASE 2\\gotoba-fe\\gotoba-fe-app\\src\\components\\Partial\\NavigationBack.vue","statementMap":{"0":{"start":{"line":26,"column":0},"end":{"line":26,"column":null}}},"fnMap":{"0":{"name":"(anonymous_1)","decl":{"start":{"line":25,"column":0},"end":{"line":25,"column":null}},"loc":{"start":{"line":25,"column":0},"end":{"line":27,"column":null}}}},"branchMap":{},"s":{"0":0},"f":{"0":0},"b":{}}
,"D:\\FUTURE Program\\PHASE 2\\gotoba-fe\\gotoba-fe-app\\src\\components\\Partial\\Timeline.vue": {"path":"D:\\FUTURE Program\\PHASE 2\\gotoba-fe\\gotoba-fe-app\\src\\components\\Partial\\Timeline.vue","statementMap":{"0":{"start":{"line":59,"column":0},"end":{"line":59,"column":null}},"1":{"start":{"line":69,"column":0},"end":{"line":69,"column":null}},"2":{"start":{"line":71,"column":0},"end":{"line":73,"column":null}},"3":{"start":{"line":72,"column":0},"end":{"line":72,"column":null}},"4":{"start":{"line":75,"column":0},"end":{"line":75,"column":null}},"5":{"start":{"line":76,"column":0},"end":{"line":76,"column":null}}},"fnMap":{"0":{"name":"(anonymous_1)","decl":{"start":{"line":58,"column":0},"end":{"line":58,"column":null}},"loc":{"start":{"line":58,"column":0},"end":{"line":66,"column":null}}},"1":{"name":"(anonymous_2)","decl":{"start":{"line":68,"column":0},"end":{"line":68,"column":null}},"loc":{"start":{"line":68,"column":0},"end":{"line":80,"column":null}}}},"branchMap":{"0":{"loc":{"start":{"line":71,"column":0},"end":{"line":73,"column":null}},"type":"if","locations":[{"start":{"line":71,"column":0},"end":{"line":73,"column":null}},{"start":{"line":71,"column":0},"end":{"line":73,"column":null}}]},"1":{"loc":{"start":{"line":71,"column":0},"end":{"line":71,"column":null}},"type":"binary-expr","locations":[{"start":{"line":71,"column":0},"end":{"line":71,"column":null}},{"start":{"line":71,"column":0},"end":{"line":71,"column":null}}]}},"s":{"0":0,"1":0,"2":0,"3":0,"4":0,"5":0},"f":{"0":0,"1":0},"b":{"0":[0,0],"1":[0,0]}}
,"D:\\FUTURE Program\\PHASE 2\\gotoba-fe\\gotoba-fe-app\\src\\components\\Partial\\Toast.vue": {"path":"D:\\FUTURE Program\\PHASE 2\\gotoba-fe\\gotoba-fe-app\\src\\components\\Partial\\Toast.vue","statementMap":{"0":{"start":{"line":19,"column":0},"end":{"line":19,"column":null}},"1":{"start":{"line":22,"column":0},"end":{"line":22,"column":null}}},"fnMap":{"0":{"name":"(anonymous_1)","decl":{"start":{"line":18,"column":0},"end":{"line":18,"column":null}},"loc":{"start":{"line":18,"column":0},"end":{"line":20,"column":null}}},"1":{"name":"(anonymous_2)","decl":{"start":{"line":21,"column":0},"end":{"line":21,"column":null}},"loc":{"start":{"line":21,"column":0},"end":{"line":23,"column":null}}}},"branchMap":{},"s":{"0":0,"1":0},"f":{"0":0,"1":0},"b":{}}
,"D:\\FUTURE Program\\PHASE 2\\gotoba-fe\\gotoba-fe-app\\src\\components\\User\\OrderItems.vue": {"path":"D:\\FUTURE Program\\PHASE 2\\gotoba-fe\\gotoba-fe-app\\src\\components\\User\\OrderItems.vue","statementMap":{"0":{"start":{"line":30,"column":0},"end":{"line":30,"column":null}},"1":{"start":{"line":44,"column":0},"end":{"line":44,"column":null}}},"fnMap":{"0":{"name":"(anonymous_1)","decl":{"start":{"line":43,"column":0},"end":{"line":43,"column":null}},"loc":{"start":{"line":43,"column":0},"end":{"line":47,"column":null}}}},"branchMap":{},"s":{"0":0,"1":0},"f":{"0":0},"b":{}}
,"D:\\FUTURE Program\\PHASE 2\\gotoba-fe\\gotoba-fe-app\\src\\components\\User\\History\\CardHistory.vue": {"path":"D:\\FUTURE Program\\PHASE 2\\gotoba-fe\\gotoba-fe-app\\src\\components\\User\\History\\CardHistory.vue","statementMap":{"0":{"start":{"line":31,"column":0},"end":{"line":31,"column":null}}},"fnMap":{"0":{"name":"(anonymous_1)","decl":{"start":{"line":30,"column":0},"end":{"line":30,"column":null}},"loc":{"start":{"line":30,"column":0},"end":{"line":32,"column":null}}}},"branchMap":{},"s":{"0":0},"f":{"0":0},"b":{}}
,"D:\\FUTURE Program\\PHASE 2\\gotoba-fe\\gotoba-fe-app\\src\\components\\User\\History\\CardHistoryGroup.vue": {"path":"D:\\FUTURE Program\\PHASE 2\\gotoba-fe\\gotoba-fe-app\\src\\components\\User\\History\\CardHistoryGroup.vue","statementMap":{"0":{"start":{"line":14,"column":0},"end":{"line":14,"column":null}}},"fnMap":{},"branchMap":{},"s":{"0":0},"f":{},"b":{}}
,"D:\\FUTURE Program\\PHASE 2\\gotoba-fe\\gotoba-fe-app\\src\\components\\User\\Home\\CardHome.vue": {"path":"D:\\FUTURE Program\\PHASE 2\\gotoba-fe\\gotoba-fe-app\\src\\components\\User\\Home\\CardHome.vue","statementMap":{"0":{"start":{"line":24,"column":0},"end":{"line":24,"column":null}}},"fnMap":{},"branchMap":{},"s":{"0":0},"f":{},"b":{}}
,"D:\\FUTURE Program\\PHASE 2\\gotoba-fe\\gotoba-fe-app\\src\\components\\User\\Home\\GalleryGroup.vue": {"path":"D:\\FUTURE Program\\PHASE 2\\gotoba-fe\\gotoba-fe-app\\src\\components\\User\\Home\\GalleryGroup.vue","statementMap":{"0":{"start":{"line":28,"column":0},"end":{"line":28,"column":null}},"1":{"start":{"line":37,"column":0},"end":{"line":37,"column":null}},"2":{"start":{"line":38,"column":0},"end":{"line":38,"column":null}},"3":{"start":{"line":40,"column":0},"end":{"line":42,"column":null}},"4":{"start":{"line":41,"column":0},"end":{"line":41,"column":null}},"5":{"start":{"line":43,"column":0},"end":{"line":45,"column":null}},"6":{"start":{"line":44,"column":0},"end":{"line":44,"column":null}},"7":{"start":{"line":46,"column":0},"end":{"line":46,"column":null}},"8":{"start":{"line":49,"column":0},"end":{"line":49,"column":null}},"9":{"start":{"line":53,"column":0},"end":{"line":53,"column":null}}},"fnMap":{"0":{"name":"(anonymous_1)","decl":{"start":{"line":36,"column":0},"end":{"line":36,"column":null}},"loc":{"start":{"line":36,"column":0},"end":{"line":47,"column":null}}},"1":{"name":"(anonymous_2)","decl":{"start":{"line":48,"column":0},"end":{"line":48,"column":null}},"loc":{"start":{"line":48,"column":0},"end":{"line":50,"column":null}}},"2":{"name":"(anonymous_3)","decl":{"start":{"line":49,"column":0},"end":{"line":49,"column":null}},"loc":{"start":{"line":49,"column":0},"end":{"line":49,"column":null}}},"3":{"name":"(anonymous_4)","decl":{"start":{"line":52,"column":0},"end":{"line":52,"column":null}},"loc":{"start":{"line":52,"column":0},"end":{"line":62,"column":null}}}},"branchMap":{"0":{"loc":{"start":{"line":40,"column":0},"end":{"line":42,"column":null}},"type":"if","locations":[{"start":{"line":40,"column":0},"end":{"line":42,"column":null}},{"start":{"line":40,"column":0},"end":{"line":42,"column":null}}]},"1":{"loc":{"start":{"line":43,"column":0},"end":{"line":45,"column":null}},"type":"if","locations":[{"start":{"line":43,"column":0},"end":{"line":45,"column":null}},{"start":{"line":43,"column":0},"end":{"line":45,"column":null}}]}},"s":{"0":0,"1":0,"2":0,"3":0,"4":0,"5":0,"6":0,"7":0,"8":0,"9":0},"f":{"0":0,"1":0,"2":0,"3":0},"b":{"0":[0,0],"1":[0,0]}}
,"D:\\FUTURE Program\\PHASE 2\\gotoba-fe\\gotoba-fe-app\\src\\components\\User\\Home\\GalleryHome.vue": {"path":"D:\\FUTURE Program\\PHASE 2\\gotoba-fe\\gotoba-fe-app\\src\\components\\User\\Home\\GalleryHome.vue","statementMap":{"0":{"start":{"line":38,"column":0},"end":{"line":38,"column":null}},"1":{"start":{"line":39,"column":0},"end":{"line":39,"column":null}},"2":{"start":{"line":49,"column":0},"end":{"line":49,"column":null}},"3":{"start":{"line":53,"column":0},"end":{"line":53,"column":null}},"4":{"start":{"line":56,"column":0},"end":{"line":56,"column":null}},"5":{"start":{"line":102,"column":0},"end":{"line":102,"column":null}},"6":{"start":{"line":103,"column":0},"end":{"line":103,"column":null}}},"fnMap":{"0":{"name":"(anonymous_1)","decl":{"start":{"line":48,"column":0},"end":{"line":48,"column":null}},"loc":{"start":{"line":48,"column":0},"end":{"line":50,"column":null}}},"1":{"name":"(anonymous_2)","decl":{"start":{"line":49,"column":0},"end":{"line":49,"column":null}},"loc":{"start":{"line":49,"column":0},"end":{"line":49,"column":null}}},"2":{"name":"(anonymous_3)","decl":{"start":{"line":52,"column":0},"end":{"line":52,"column":null}},"loc":{"start":{"line":52,"column":0},"end":{"line":54,"column":null}}},"3":{"name":"(anonymous_4)","decl":{"start":{"line":55,"column":0},"end":{"line":55,"column":null}},"loc":{"start":{"line":55,"column":0},"end":{"line":97,"column":null}}},"4":{"name":"(anonymous_5)","decl":{"start":{"line":101,"column":0},"end":{"line":101,"column":null}},"loc":{"start":{"line":101,"column":0},"end":{"line":104,"column":null}}}},"branchMap":{},"s":{"0":0,"1":0,"2":0,"3":0,"4":0,"5":0,"6":0},"f":{"0":0,"1":0,"2":0,"3":0,"4":0},"b":{}}
,"D:\\FUTURE Program\\PHASE 2\\gotoba-fe\\gotoba-fe-app\\src\\components\\User\\Itinerary\\ChooseDateCalendar.vue": {"path":"D:\\FUTURE Program\\PHASE 2\\gotoba-fe\\gotoba-fe-app\\src\\components\\User\\Itinerary\\ChooseDateCalendar.vue","statementMap":{"0":{"start":{"line":43,"column":0},"end":{"line":43,"column":null}},"1":{"start":{"line":44,"column":0},"end":{"line":44,"column":null}},"2":{"start":{"line":49,"column":0},"end":{"line":49,"column":null}},"3":{"start":{"line":61,"column":0},"end":{"line":61,"column":null}}},"fnMap":{"0":{"name":"(anonymous_1)","decl":{"start":{"line":48,"column":0},"end":{"line":48,"column":null}},"loc":{"start":{"line":48,"column":0},"end":{"line":53,"column":null}}},"1":{"name":"(anonymous_2)","decl":{"start":{"line":60,"column":0},"end":{"line":60,"column":null}},"loc":{"start":{"line":60,"column":0},"end":{"line":62,"column":null}}}},"branchMap":{},"s":{"0":0,"1":0,"2":0,"3":0},"f":{"0":0,"1":0},"b":{}}
,"D:\\FUTURE Program\\PHASE 2\\gotoba-fe\\gotoba-fe-app\\src\\components\\User\\Itinerary\\ItineraryPlan.vue": {"path":"D:\\FUTURE Program\\PHASE 2\\gotoba-fe\\gotoba-fe-app\\src\\components\\User\\Itinerary\\ItineraryPlan.vue","statementMap":{"0":{"start":{"line":8,"column":0},"end":{"line":8,"column":null}},"1":{"start":{"line":16,"column":0},"end":{"line":16,"column":null}}},"fnMap":{"0":{"name":"(anonymous_1)","decl":{"start":{"line":15,"column":0},"end":{"line":15,"column":null}},"loc":{"start":{"line":15,"column":0},"end":{"line":22,"column":null}}}},"branchMap":{},"s":{"0":0,"1":0},"f":{"0":0},"b":{}}
[...]
,"D:\\FUTURE Program\\PHASE 2\\gotoba-fe\\gotoba-fe-app\\src\\views\\User\\Payment\\Cart.vue": {"path":"D:\\FUTURE Program\\PHASE 2\\gotoba-fe\\gotoba-fe-app\\src\\views\\User\\Payment\\Cart.vue","statementMap":{"0":{"start":{"line":48,"column":0},"end":{"line":48,"column":null}},"1":{"start":{"line":49,"column":0},"end":{"line":49,"column":null}},"2":{"start":{"line":50,"column":0},"end":{"line":50,"column":null}},"3":{"start":{"line":62,"column":0},"end":{"line":62,"column":null}},"4":{"start":{"line":69,"column":0},"end":{"line":69,"column":null}},"5":{"start":{"line":70,"column":0},"end":{"line":70,"column":null}}},"fnMap":{"0":{"name":"(anonymous_1)","decl":{"start":{"line":61,"column":0},"end":{"line":61,"column":null}},"loc":{"start":{"line":61,"column":0},"end":{"line":65,"column":null}}},"1":{"name":"(anonymous_2)","decl":{"start":{"line":68,"column":0},"end":{"line":68,"column":null}},"loc":{"start":{"line":68,"column":0},"end":{"line":71,"column":null}}}},"branchMap":{},"s":{"0":0,"1":0,"2":0,"3":0,"4":0,"5":0},"f":{"0":0,"1":0},"b":{}}
,"D:\\FUTURE Program\\PHASE 2\\gotoba-fe\\gotoba-fe-app\\src\\views\\User\\Payment\\Payment.vue": {"path":"D:\\FUTURE Program\\PHASE 2\\gotoba-fe\\gotoba-fe-app\\src\\views\\User\\Payment\\Payment.vue","statementMap":{"0":{"start":{"line":47,"column":0},"end":{"line":47,"column":null}},"1":{"start":{"line":48,"column":0},"end":{"line":48,"column":null}},"2":{"start":{"line":49,"column":0},"end":{"line":49,"column":null}},"3":{"start":{"line":50,"column":0},"end":{"line":50,"column":null}},"4":{"start":{"line":51,"column":0},"end":{"line":51,"column":null}},"5":{"start":{"line":65,"column":0},"end":{"line":65,"column":null}}},"fnMap":{"0":{"name":"(anonymous_1)","decl":{"start":{"line":64,"column":0},"end":{"line":64,"column":null}},"loc":{"start":{"line":64,"column":0},"end":{"line":68,"column":null}}}},"branchMap":{},"s":{"0":0,"1":0,"2":0,"3":0,"4":0,"5":0},"f":{"0":0},"b":{}}
,"D:\\FUTURE Program\\PHASE 2\\gotoba-fe\\gotoba-fe-app\\src\\views\\User\\Payment\\PaymentOrder.vue": {"path":"D:\\FUTURE Program\\PHASE 2\\gotoba-fe\\gotoba-fe-app\\src\\views\\User\\Payment\\PaymentOrder.vue","statementMap":{"0":{"start":{"line":61,"column":0},"end":{"line":61,"column":null}},"1":{"start":{"line":62,"column":0},"end":{"line":62,"column":null}},"2":{"start":{"line":79,"column":0},"end":{"line":79,"column":null}}},"fnMap":{"0":{"name":"(anonymous_1)","decl":{"start":{"line":78,"column":0},"end":{"line":78,"column":null}},"loc":{"start":{"line":78,"column":0},"end":{"line":80,"column":null}}}},"branchMap":{},"s":{"0":0,"1":0,"2":0},"f":{"0":0},"b":{}}
,"D:\\FUTURE Program\\PHASE 2\\gotoba-fe\\gotoba-fe-app\\src\\views\\User\\Profile\\EditProfile.vue": {"path":"D:\\FUTURE Program\\PHASE 2\\gotoba-fe\\gotoba-fe-app\\src\\views\\User\\Profile\\EditProfile.vue","statementMap":{"0":{"start":{"line":100,"column":0},"end":{"line":100,"column":null}},"1":{"start":{"line":101,"column":0},"end":{"line":101,"column":null}},"2":{"start":{"line":110,"column":0},"end":{"line":112,"column":null}},"3":{"start":{"line":111,"column":0},"end":{"line":111,"column":null}},"4":{"start":{"line":115,"column":0},"end":{"line":115,"column":null}},"5":{"start":{"line":129,"column":0},"end":{"line":133,"column":null}},"6":{"start":{"line":132,"column":0},"end":{"line":132,"column":null}},"7":{"start":{"line":135,"column":0},"end":{"line":135,"column":null}},"8":{"start":{"line":144,"column":0},"end":{"line":152,"column":null}},"9":{"start":{"line":146,"column":0},"end":{"line":148,"column":null}},"10":{"start":{"line":147,"column":0},"end":{"line":147,"column":null}},"11":{"start":{"line":151,"column":0},"end":{"line":151,"column":null}},"12":{"start":{"line":156,"column":0},"end":{"line":156,"column":null}}},"fnMap":{"0":{"name":"(anonymous_1)","decl":{"start":{"line":109,"column":0},"end":{"line":109,"column":null}},"loc":{"start":{"line":109,"column":0},"end":{"line":113,"column":null}}},"1":{"name":"(anonymous_2)","decl":{"start":{"line":114,"column":0},"end":{"line":114,"column":null}},"loc":{"start":{"line":114,"column":0},"end":{"line":125,"column":null}}},"2":{"name":"(anonymous_3)","decl":{"start":{"line":128,"column":0},"end":{"line":128,"column":null}},"loc":{"start":{"line":128,"column":0},"end":{"line":153,"column":null}}},"3":{"name":"(anonymous_4)","decl":{"start":{"line":144,"column":0},"end":{"line":144,"column":null}},"loc":{"start":{"line":144,"column":0},"end":{"line":149,"column":null}}},"4":{"name":"(anonymous_5)","decl":{"start":{"line":149,"column":0},"end":{"line":149,"column":null}},"loc":{"start":{"line":149,"column":0},"end":{"line":152,"column":null}}},"5":{"name":"(anonymous_6)","decl":{"start":{"line":155,"column":0},"end":{"line":155,"column":null}},"loc":{"start":{"line":155,"column":0},"end":{"line":157,"column":null}}}},"branchMap":{"0":{"loc":{"start":{"line":110,"column":0},"end":{"line":112,"column":null}},"type":"if","locations":[{"start":{"line":110,"column":0},"end":{"line":112,"column":null}},{"start":{"line":110,"column":0},"end":{"line":112,"column":null}}]},"1":{"loc":{"start":{"line":129,"column":0},"end":{"line":133,"column":null}},"type":"if","locations":[{"start":{"line":129,"column":0},"end":{"line":133,"column":null}},{"start":{"line":129,"column":0},"end":{"line":133,"column":null}}]},"2":{"loc":{"start":{"line":129,"column":0},"end":{"line":129,"column":null}},"type":"binary-expr","locations":[{"start":{"line":129,"column":0},"end":{"line":129,"column":null}},{"start":{"line":129,"column":0},"end":{"line":129,"column":null}},{"start":{"line":129,"column":0},"end":{"line":129,"column":null}}]},"3":{"loc":{"start":{"line":146,"column":0},"end":{"line":148,"column":null}},"type":"if","locations":[{"start":{"line":146,"column":0},"end":{"line":148,"column":null}},{"start":{"line":146,"column":0},"end":{"line":148,"column":null}}]}},"s":{"0":0,"1":0,"2":0,"3":0,"4":0,"5":0,"6":0,"7":0,"8":0,"9":0,"10":0,"11":0,"12":0},"f":{"0":0,"1":0,"2":0,"3":0,"4":0,"5":0},"b":{"0":[0,0],"1":[0,0],"2":[0,0,0],"3":[0,0]}}
,"D:\\FUTURE Program\\PHASE 2\\gotoba-fe\\gotoba-fe-app\\src\\views\\User\\Profile\\Profile.vue": {"path":"D:\\FUTURE Program\\PHASE 2\\gotoba-fe\\gotoba-fe-app\\src\\views\\User\\Profile\\Profile.vue","statementMap":{"0":{"start":{"line":19,"column":0},"end":{"line":19,"column":null}},"1":{"start":{"line":20,"column":0},"end":{"line":20,"column":null}},"2":{"start":{"line":21,"column":0},"end":{"line":21,"column":null}},"3":{"start":{"line":22,"column":0},"end":{"line":22,"column":null}},"4":{"start":{"line":34,"column":0},"end":{"line":37,"column":null}},"5":{"start":{"line":35,"column":0},"end":{"line":35,"column":null}},"6":{"start":{"line":36,"column":0},"end":{"line":36,"column":null}},"7":{"start":{"line":40,"column":0},"end":{"line":40,"column":null}}},"fnMap":{"0":{"name":"(anonymous_1)","decl":{"start":{"line":33,"column":0},"end":{"line":33,"column":null}},"loc":{"start":{"line":33,"column":0},"end":{"line":38,"column":null}}},"1":{"name":"(anonymous_2)","decl":{"start":{"line":39,"column":0},"end":{"line":39,"column":null}},"loc":{"start":{"line":39,"column":0},"end":{"line":67,"column":null}}}},"branchMap":{"0":{"loc":{"start":{"line":34,"column":0},"end":{"line":37,"column":null}},"type":"if","locations":[{"start":{"line":34,"column":0},"end":{"line":37,"column":null}},{"start":{"line":34,"column":0},"end":{"line":37,"column":null}}]}},"s":{"0":0,"1":0,"2":0,"3":0,"4":0,"5":0,"6":0,"7":0},"f":{"0":0,"1":0},"b":{"0":[0,0]}}
,"D:\\FUTURE Program\\PHASE 2\\gotoba-fe\\gotoba-fe-app\\src\\views\\User\\Restaurant\\Restaurant.vue": {"path":"D:\\FUTURE Program\\PHASE 2\\gotoba-fe\\gotoba-fe-app\\src\\views\\User\\Restaurant\\Restaurant.vue","statementMap":{"0":{"start":{"line":30,"column":0},"end":{"line":30,"column":null}},"1":{"start":{"line":31,"column":0},"end":{"line":31,"column":null}},"2":{"start":{"line":32,"column":0},"end":{"line":32,"column":null}},"3":{"start":{"line":45,"column":0},"end":{"line":45,"column":null}},"4":{"start":{"line":48,"column":0},"end":{"line":48,"column":null}}},"fnMap":{"0":{"name":"(anonymous_1)","decl":{"start":{"line":44,"column":0},"end":{"line":44,"column":null}},"loc":{"start":{"line":44,"column":0},"end":{"line":46,"column":null}}},"1":{"name":"(anonymous_2)","decl":{"start":{"line":47,"column":0},"end":{"line":47,"column":null}},"loc":{"start":{"line":47,"column":0},"end":{"line":49,"column":null}}}},"branchMap":{},"s":{"0":0,"1":0,"2":0,"3":0,"4":0},"f":{"0":0,"1":0},"b":{}}
,"D:\\FUTURE Program\\PHASE 2\\gotoba-fe\\gotoba-fe-app\\src\\views\\User\\Restaurant\\RestaurantProfile.vue": {"path":"D:\\FUTURE Program\\PHASE 2\\gotoba-fe\\gotoba-fe-app\\src\\views\\User\\Restaurant\\RestaurantProfile.vue","statementMap":{"0":{"start":{"line":8,"column":0},"end":{"line":8,"column":null}},"1":{"start":{"line":9,"column":0},"end":{"line":9,"column":null}},"2":{"start":{"line":20,"column":0},"end":{"line":20,"column":null}}},"fnMap":{"0":{"name":"(anonymous_1)","decl":{"start":{"line":19,"column":0},"end":{"line":19,"column":null}},"loc":{"start":{"line":19,"column":0},"end":{"line":21,"column":null}}}},"branchMap":{},"s":{"0":0,"1":0,"2":0},"f":{"0":0},"b":{}}
,"D:\\FUTURE Program\\PHASE 2\\gotoba-fe\\gotoba-fe-app\\src\\views\\User\\Restaurant\\RestaurantReview.vue": {"path":"D:\\FUTURE Program\\PHASE 2\\gotoba-fe\\gotoba-fe-app\\src\\views\\User\\Restaurant\\RestaurantReview.vue","statementMap":{"0":{"start":{"line":8,"column":0},"end":{"line":8,"column":null}},"1":{"start":{"line":9,"column":0},"end":{"line":9,"column":null}},"2":{"start":{"line":20,"column":0},"end":{"line":20,"column":null}},"3":{"start":{"line":21,"column":0},"end":{"line":21,"column":null}},"4":{"start":{"line":26,"column":0},"end":{"line":26,"column":null}},"5":{"start":{"line":27,"column":0},"end":{"line":27,"column":null}},"6":{"start":{"line":29,"column":0},"end":{"line":29,"column":null}}},"fnMap":{"0":{"name":"(anonymous_1)","decl":{"start":{"line":19,"column":0},"end":{"line":19,"column":null}},"loc":{"start":{"line":19,"column":0},"end":{"line":22,"column":null}}},"1":{"name":"(anonymous_2)","decl":{"start":{"line":25,"column":0},"end":{"line":25,"column":null}},"loc":{"start":{"line":25,"column":0},"end":{"line":30,"column":null}}}},"branchMap":{},"s":{"0":0,"1":0,"2":0,"3":0,"4":0,"5":0,"6":0},"f":{"0":0,"1":0},"b":{}}
,"D:\\FUTURE Program\\PHASE 2\\gotoba-fe\\gotoba-fe-app\\src\\views\\User\\Review\\Review.vue": {"path":"D:\\FUTURE Program\\PHASE 2\\gotoba-fe\\gotoba-fe-app\\src\\views\\User\\Review\\Review.vue","statementMap":{"0":{"start":{"line":43,"column":0},"end":{"line":43,"column":null}},"1":{"start":{"line":44,"column":0},"end":{"line":44,"column":null}},"2":{"start":{"line":45,"column":0},"end":{"line":45,"column":null}},"3":{"start":{"line":57,"column":0},"end":{"line":57,"column":null}},"4":{"start":{"line":62,"column":0},"end":{"line":62,"column":null}},"5":{"start":{"line":67,"column":0},"end":{"line":74,"column":null}},"6":{"start":{"line":69,"column":0},"end":{"line":69,"column":null}},"7":{"start":{"line":70,"column":0},"end":{"line":70,"column":null}},"8":{"start":{"line":73,"column":0},"end":{"line":73,"column":null}}},"fnMap":{"0":{"name":"(anonymous_1)","decl":{"start":{"line":56,"column":0},"end":{"line":56,"column":null}},"loc":{"start":{"line":56,"column":0},"end":{"line":58,"column":null}}},"1":{"name":"(anonymous_2)","decl":{"start":{"line":61,"column":0},"end":{"line":61,"column":null}},"loc":{"start":{"line":61,"column":0},"end":{"line":75,"column":null}}},"2":{"name":"(anonymous_3)","decl":{"start":{"line":67,"column":0},"end":{"line":67,"column":null}},"loc":{"start":{"line":67,"column":0},"end":{"line":71,"column":null}}},"3":{"name":"(anonymous_4)","decl":{"start":{"line":71,"column":0},"end":{"line":71,"column":null}},"loc":{"start":{"line":71,"column":0},"end":{"line":74,"column":null}}}},"branchMap":{},"s":{"0":0,"1":0,"2":0,"3":0,"4":0,"5":0,"6":0,"7":0,"8":0},"f":{"0":0,"1":0,"2":0,"3":0},"b":{}}
,"D:\\FUTURE Program\\PHASE 2\\gotoba-fe\\gotoba-fe-app\\src\\views\\User\\Search\\Search.vue": {"path":"D:\\FUTURE Program\\PHASE 2\\gotoba-fe\\gotoba-fe-app\\src\\views\\User\\Search\\Search.vue","statementMap":{"0":{"start":{"line":26,"column":0},"end":{"line":26,"column":null}},"1":{"start":{"line":27,"column":0},"end":{"line":27,"column":null}},"2":{"start":{"line":28,"column":0},"end":{"line":28,"column":null}},"3":{"start":{"line":38,"column":0},"end":{"line":38,"column":null}},"4":{"start":{"line":53,"column":0},"end":{"line":53,"column":null}},"5":{"start":{"line":57,"column":0},"end":{"line":57,"column":null}},"6":{"start":{"line":60,"column":0},"end":{"line":60,"column":null}}},"fnMap":{"0":{"name":"(anonymous_1)","decl":{"start":{"line":37,"column":0},"end":{"line":37,"column":null}},"loc":{"start":{"line":37,"column":0},"end":{"line":50,"column":null}}},"1":{"name":"(anonymous_2)","decl":{"start":{"line":52,"column":0},"end":{"line":52,"column":null}},"loc":{"start":{"line":52,"column":0},"end":{"line":54,"column":null}}},"2":{"name":"(anonymous_3)","decl":{"start":{"line":56,"column":0},"end":{"line":56,"column":null}},"loc":{"start":{"line":56,"column":0},"end":{"line":58,"column":null}}},"3":{"name":"(anonymous_4)","decl":{"start":{"line":59,"column":0},"end":{"line":59,"column":null}},"loc":{"start":{"line":59,"column":0},"end":{"line":61,"column":null}}}},"branchMap":{},"s":{"0":0,"1":0,"2":0,"3":0,"4":0,"5":0,"6":0},"f":{"0":0,"1":0,"2":0,"3":0},"b":{}}
,"D:\\FUTURE Program\\PHASE 2\\gotoba-fe\\gotoba-fe-app\\src\\views\\User\\Ticket\\ExpiredTicket.vue": {"path":"D:\\FUTURE Program\\PHASE 2\\gotoba-fe\\gotoba-fe-app\\src\\views\\User\\Ticket\\ExpiredTicket.vue","statementMap":{"0":{"start":{"line":12,"column":0},"end":{"line":12,"column":null}},"1":{"start":{"line":13,"column":0},"end":{"line":13,"column":null}},"2":{"start":{"line":14,"column":0},"end":{"line":14,"column":null}},"3":{"start":{"line":24,"column":0},"end":{"line":24,"column":null}},"4":{"start":{"line":28,"column":0},"end":{"line":28,"column":null}}},"fnMap":{"0":{"name":"(anonymous_1)","decl":{"start":{"line":23,"column":0},"end":{"line":23,"column":null}},"loc":{"start":{"line":23,"column":0},"end":{"line":25,"column":null}}},"1":{"name":"(anonymous_2)","decl":{"start":{"line":24,"column":0},"end":{"line":24,"column":null}},"loc":{"start":{"line":24,"column":0},"end":{"line":24,"column":null}}},"2":{"name":"(anonymous_3)","decl":{"start":{"line":27,"column":0},"end":{"line":27,"column":null}},"loc":{"start":{"line":27,"column":0},"end":{"line":29,"column":null}}}},"branchMap":{},"s":{"0":0,"1":0,"2":0,"3":0,"4":0},"f":{"0":0,"1":0,"2":0},"b":{}}
,"D:\\FUTURE Program\\PHASE 2\\gotoba-fe\\gotoba-fe-app\\src\\views\\User\\Ticket\\ShowQRCode.vue": {"path":"D:\\FUTURE Program\\PHASE 2\\gotoba-fe\\gotoba-fe-app\\src\\views\\User\\Ticket\\ShowQRCode.vue","statementMap":{"0":{"start":{"line":27,"column":0},"end":{"line":27,"column":null}},"1":{"start":{"line":28,"column":0},"end":{"line":28,"column":null}},"2":{"start":{"line":46,"column":0},"end":{"line":46,"column":null}}},"fnMap":{"0":{"name":"(anonymous_1)","decl":{"start":{"line":45,"column":0},"end":{"line":45,"column":null}},"loc":{"start":{"line":45,"column":0},"end":{"line":47,"column":null}}}},"branchMap":{},"s":{"0":0,"1":0,"2":0},"f":{"0":0},"b":{}}
,"D:\\FUTURE Program\\PHASE 2\\gotoba-fe\\gotoba-fe-app\\src\\views\\User\\Ticket\\ValidTicket.vue": {"path":"D:\\FUTURE Program\\PHASE 2\\gotoba-fe\\gotoba-fe-app\\src\\views\\User\\Ticket\\ValidTicket.vue","statementMap":{"0":{"start":{"line":12,"column":0},"end":{"line":12,"column":null}},"1":{"start":{"line":13,"column":0},"end":{"line":13,"column":null}},"2":{"start":{"line":14,"column":0},"end":{"line":14,"column":null}},"3":{"start":{"line":24,"column":0},"end":{"line":24,"column":null}},"4":{"start":{"line":28,"column":0},"end":{"line":28,"column":null}}},"fnMap":{"0":{"name":"(anonymous_1)","decl":{"start":{"line":23,"column":0},"end":{"line":23,"column":null}},"loc":{"start":{"line":23,"column":0},"end":{"line":25,"column":null}}},"1":{"name":"(anonymous_2)","decl":{"start":{"line":24,"column":0},"end":{"line":24,"column":null}},"loc":{"start":{"line":24,"column":0},"end":{"line":24,"column":null}}},"2":{"name":"(anonymous_3)","decl":{"start":{"line":27,"column":0},"end":{"line":27,"column":null}},"loc":{"start":{"line":27,"column":0},"end":{"line":29,"column":null}}}},"branchMap":{},"s":{"0":0,"1":0,"2":0,"3":0,"4":0},"f":{"0":0,"1":0,"2":0},"b":{}}
,"D:\\FUTURE Program\\PHASE 2\\gotoba-fe\\gotoba-fe-app\\src\\views\\User\\TourGuide\\TourGuide.vue": {"path":"D:\\FUTURE Program\\PHASE 2\\gotoba-fe\\gotoba-fe-app\\src\\views\\User\\TourGuide\\TourGuide.vue","statementMap":{"0":{"start":{"line":18,"column":0},"end":{"line":18,"column":null}},"1":{"start":{"line":19,"column":0},"end":{"line":19,"column":null}},"2":{"start":{"line":31,"column":0},"end":{"line":31,"column":null}}},"fnMap":{"0":{"name":"(anonymous_1)","decl":{"start":{"line":30,"column":0},"end":{"line":30,"column":null}},"loc":{"start":{"line":30,"column":0},"end":{"line":32,"column":null}}}},"branchMap":{},"s":{"0":0,"1":0,"2":0},"f":{"0":0},"b":{}}
,"D:\\FUTURE Program\\PHASE 2\\gotoba-fe\\gotoba-fe-app\\src\\views\\User\\TourGuide\\TourGuideProfile.vue": {"path":"D:\\FUTURE Program\\PHASE 2\\gotoba-fe\\gotoba-fe-app\\src\\views\\User\\TourGuide\\TourGuideProfile.vue","statementMap":{"0":{"start":{"line":36,"column":0},"end":{"line":36,"column":null}},"1":{"start":{"line":37,"column":0},"end":{"line":37,"column":null}},"2":{"start":{"line":38,"column":0},"end":{"line":38,"column":null}},"3":{"start":{"line":39,"column":0},"end":{"line":39,"column":null}},"4":{"start":{"line":40,"column":0},"end":{"line":40,"column":null}},"5":{"start":{"line":54,"column":0},"end":{"line":54,"column":null}},"6":{"start":{"line":55,"column":0},"end":{"line":55,"column":null}}},"fnMap":{"0":{"name":"(anonymous_1)","decl":{"start":{"line":53,"column":0},"end":{"line":53,"column":null}},"loc":{"start":{"line":53,"column":0},"end":{"line":56,"column":null}}}},"branchMap":{},"s":{"0":0,"1":0,"2":0,"3":0,"4":0,"5":0,"6":0},"f":{"0":0},"b":{}}
,"D:\\FUTURE Program\\PHASE 2\\gotoba-fe\\gotoba-fe-app\\src\\views\\User\\TourGuide\\TourGuideReview.vue": {"path":"D:\\FUTURE Program\\PHASE 2\\gotoba-fe\\gotoba-fe-app\\src\\views\\User\\TourGuide\\TourGuideReview.vue","statementMap":{"0":{"start":{"line":8,"column":0},"end":{"line":8,"column":null}},"1":{"start":{"line":9,"column":0},"end":{"line":9,"column":null}},"2":{"start":{"line":20,"column":0},"end":{"line":20,"column":null}},"3":{"start":{"line":21,"column":0},"end":{"line":21,"column":null}},"4":{"start":{"line":26,"column":0},"end":{"line":26,"column":null}},"5":{"start":{"line":27,"column":0},"end":{"line":27,"column":null}},"6":{"start":{"line":29,"column":0},"end":{"line":29,"column":null}}},"fnMap":{"0":{"name":"(anonymous_1)","decl":{"start":{"line":19,"column":0},"end":{"line":19,"column":null}},"loc":{"start":{"line":19,"column":0},"end":{"line":22,"column":null}}},"1":{"name":"(anonymous_2)","decl":{"start":{"line":25,"column":0},"end":{"line":25,"column":null}},"loc":{"start":{"line":25,"column":0},"end":{"line":30,"column":null}}}},"branchMap":{},"s":{"0":0,"1":0,"2":0,"3":0,"4":0,"5":0,"6":0},"f":{"0":0,"1":0},"b":{}}
}
