TN:
SF:D:\FUTURE Program\PHASE 2\gotoba-fe\gotoba-fe-app\src\App.vue
FN:35,(anonymous_1)
FNF:1
FNH:0
FNDA:0,(anonymous_1)
DA:13,0
DA:14,0
DA:15,0
DA:16,0
DA:17,0
DA:18,0
DA:19,0
DA:20,0
DA:36,0
LF:9
LH:0
BRDA:36,0,0,0
BRDA:36,0,1,0
BRF:2
BRH:0
end_of_record
TN:
SF:D:\FUTURE Program\PHASE 2\gotoba-fe\gotoba-fe-app\src\registerServiceWorker.js
FN:7,(anonymous_0)
FN:13,(anonymous_1)
FN:16,(anonymous_2)
FN:19,(anonymous_3)
FN:22,(anonymous_4)
FN:25,(anonymous_5)
FN:28,(anonymous_6)
FNF:7
FNH:0
FNDA:0,(anonymous_0)
FNDA:0,(anonymous_1)
FNDA:0,(anonymous_2)
FNDA:0,(anonymous_3)
FNDA:0,(anonymous_4)
FNDA:0,(anonymous_5)
FNDA:0,(anonymous_6)
DA:5,0
DA:6,0
DA:8,0
DA:14,0
DA:17,0
DA:20,0
DA:23,0
DA:26,0
DA:29,0
LF:9
LH:0
BRDA:5,0,0,0
BRDA:5,0,1,0
BRF:2
BRH:0
end_of_record
TN:
SF:D:\FUTURE Program\PHASE 2\gotoba-fe\gotoba-fe-app\src\api\api.js
FN:8,(anonymous_0)
FN:9,(anonymous_1)
FN:13,(anonymous_2)
FN:14,(anonymous_3)
FN:17,fetchGet
FN:18,(anonymous_5)
FN:22,(anonymous_6)
FN:24,(anonymous_7)
FN:27,(anonymous_8)
FN:33,fetchPost
FN:34,(anonymous_10)
FN:36,(anonymous_11)
FN:38,(anonymous_12)
FN:41,(anonymous_13)
FN:47,fetchPut
FN:48,(anonymous_15)
FN:50,(anonymous_16)
FN:52,(anonymous_17)
FN:55,(anonymous_18)
FN:61,fetchDelete
FN:62,(anonymous_20)
FN:64,(anonymous_21)
FN:66,(anonymous_22)
FN:69,(anonymous_23)
FN:76,(anonymous_24)
FN:79,(anonymous_25)
FN:82,(anonymous_26)
FN:85,(anonymous_27)
FN:92,(anonymous_28)
FN:95,(anonymous_29)
FN:98,(anonymous_30)
FN:101,(anonymous_31)
FN:104,(anonymous_32)
FN:107,(anonymous_33)
FN:114,(anonymous_34)
FN:117,(anonymous_35)
FN:120,(anonymous_36)
FN:127,(anonymous_37)
FN:134,(anonymous_38)
FN:137,(anonymous_39)
FN:140,(anonymous_40)
FN:143,(anonymous_41)
FN:146,(anonymous_42)
FN:153,(anonymous_43)
FN:156,(anonymous_44)
FN:159,(anonymous_45)
FN:162,(anonymous_46)
FN:165,(anonymous_47)
FN:172,(anonymous_48)
FN:175,(anonymous_49)
FN:178,(anonymous_50)
FN:181,(anonymous_51)
FN:184,(anonymous_52)
FN:187,(anonymous_53)
FN:190,(anonymous_54)
FN:193,(anonymous_55)
FN:196,(anonymous_56)
FN:203,(anonymous_57)
FN:206,(anonymous_58)
FN:209,(anonymous_59)
FN:212,(anonymous_60)
FN:215,(anonymous_61)
FN:218,(anonymous_62)
FN:225,(anonymous_63)
FN:228,(anonymous_64)
FN:231,(anonymous_65)
FN:234,(anonymous_66)
FN:237,(anonymous_67)
FN:244,(anonymous_68)
FN:247,(anonymous_69)
FN:250,(anonymous_70)
FN:253,(anonymous_71)
FN:256,(anonymous_72)
FN:263,(anonymous_73)
FN:270,(anonymous_74)
FN:273,(anonymous_75)
FN:276,(anonymous_76)
FN:279,(anonymous_77)
FN:282,(anonymous_78)
FN:285,(anonymous_79)
FN:288,(anonymous_80)
FN:291,(anonymous_81)
FN:298,(anonymous_82)
FN:301,(anonymous_83)
FN:304,(anonymous_84)
FN:307,(anonymous_85)
FN:310,(anonymous_86)
FN:317,(anonymous_87)
FN:320,(anonymous_88)
FN:323,(anonymous_89)
FN:326,(anonymous_90)
FN:329,(anonymous_91)
FN:332,(anonymous_92)
FN:335,(anonymous_93)
FN:338,(anonymous_94)
FN:341,(anonymous_95)
FN:344,(anonymous_96)
FNF:97
FNH:0
FNDA:0,(anonymous_0)
FNDA:0,(anonymous_1)
FNDA:0,(anonymous_2)
FNDA:0,(anonymous_3)
FNDA:0,fetchGet
FNDA:0,(anonymous_5)
FNDA:0,(anonymous_6)
FNDA:0,(anonymous_7)
FNDA:0,(anonymous_8)
FNDA:0,fetchPost
FNDA:0,(anonymous_10)
FNDA:0,(anonymous_11)
FNDA:0,(anonymous_12)
FNDA:0,(anonymous_13)
FNDA:0,fetchPut
FNDA:0,(anonymous_15)
FNDA:0,(anonymous_16)
FNDA:0,(anonymous_17)
FNDA:0,(anonymous_18)
FNDA:0,fetchDelete
FNDA:0,(anonymous_20)
FNDA:0,(anonymous_21)
FNDA:0,(anonymous_22)
FNDA:0,(anonymous_23)
FNDA:0,(anonymous_24)
FNDA:0,(anonymous_25)
FNDA:0,(anonymous_26)
FNDA:0,(anonymous_27)
FNDA:0,(anonymous_28)
FNDA:0,(anonymous_29)
FNDA:0,(anonymous_30)
FNDA:0,(anonymous_31)
FNDA:0,(anonymous_32)
FNDA:0,(anonymous_33)
FNDA:0,(anonymous_34)
FNDA:0,(anonymous_35)
FNDA:0,(anonymous_36)
FNDA:0,(anonymous_37)
FNDA:0,(anonymous_38)
FNDA:0,(anonymous_39)
FNDA:0,(anonymous_40)
FNDA:0,(anonymous_41)
FNDA:0,(anonymous_42)
FNDA:0,(anonymous_43)
FNDA:0,(anonymous_44)
FNDA:0,(anonymous_45)
FNDA:0,(anonymous_46)
FNDA:0,(anonymous_47)
FNDA:0,(anonymous_48)
FNDA:0,(anonymous_49)
FNDA:0,(anonymous_50)
FNDA:0,(anonymous_51)
FNDA:0,(anonymous_52)
FNDA:0,(anonymous_53)
FNDA:0,(anonymous_54)
FNDA:0,(anonymous_55)
FNDA:0,(anonymous_56)
FNDA:0,(anonymous_57)
FNDA:0,(anonymous_58)
FNDA:0,(anonymous_59)
FNDA:0,(anonymous_60)
FNDA:0,(anonymous_61)
FNDA:0,(anonymous_62)
FNDA:0,(anonymous_63)
FNDA:0,(anonymous_64)
FNDA:0,(anonymous_65)
FNDA:0,(anonymous_66)
FNDA:0,(anonymous_67)
FNDA:0,(anonymous_68)
FNDA:0,(anonymous_69)
FNDA:0,(anonymous_70)
FNDA:0,(anonymous_71)
FNDA:0,(anonymous_72)
FNDA:0,(anonymous_73)
FNDA:0,(anonymous_74)
FNDA:0,(anonymous_75)
FNDA:0,(anonymous_76)
FNDA:0,(anonymous_77)
FNDA:0,(anonymous_78)
FNDA:0,(anonymous_79)
FNDA:0,(anonymous_80)
FNDA:0,(anonymous_81)
FNDA:0,(anonymous_82)
FNDA:0,(anonymous_83)
FNDA:0,(anonymous_84)
FNDA:0,(anonymous_85)
FNDA:0,(anonymous_86)
FNDA:0,(anonymous_87)
FNDA:0,(anonymous_88)
FNDA:0,(anonymous_89)
FNDA:0,(anonymous_90)
FNDA:0,(anonymous_91)
FNDA:0,(anonymous_92)
FNDA:0,(anonymous_93)
FNDA:0,(anonymous_94)
FNDA:0,(anonymous_95)
FNDA:0,(anonymous_96)
DA:3,0
DA:4,0
DA:5,0
DA:7,0
DA:8,0
DA:9,0
DA:12,0
DA:13,0
DA:14,0
DA:18,0
DA:19,0
DA:23,0
DA:25,0
DA:28,0
DA:34,0
DA:35,0
DA:37,0
DA:39,0
DA:42,0
DA:48,0
DA:49,0
DA:51,0
DA:53,0
DA:56,0
DA:62,0
DA:63,0
DA:65,0
DA:67,0
DA:70,0
DA:77,0
DA:80,0
DA:83,0
DA:86,0
DA:93,0
DA:96,0
DA:99,0
DA:102,0
DA:105,0
DA:108,0
DA:115,0
DA:118,0
DA:121,0
DA:128,0
DA:135,0
DA:138,0
DA:141,0
DA:144,0
DA:147,0
DA:154,0
DA:157,0
DA:160,0
DA:163,0
DA:166,0
DA:173,0
DA:176,0
DA:179,0
DA:182,0
DA:185,0
DA:188,0
DA:191,0
DA:194,0
DA:197,0
DA:204,0
DA:207,0
DA:210,0
DA:213,0
DA:216,0
DA:219,0
DA:226,0
DA:229,0
DA:232,0
DA:235,0
DA:238,0
DA:245,0
DA:248,0
DA:251,0
DA:254,0
DA:257,0
DA:264,0
DA:271,0
DA:274,0
DA:277,0
DA:280,0
DA:283,0
DA:286,0
DA:289,0
DA:292,0
DA:299,0
DA:302,0
DA:305,0
DA:308,0
DA:311,0
DA:318,0
DA:321,0
DA:324,0
DA:327,0
DA:330,0
DA:333,0
DA:336,0
DA:339,0
DA:342,0
DA:345,0
LF:102
LH:0
BRF:0
BRH:0
end_of_record
TN:
SF:D:\FUTURE Program\PHASE 2\gotoba-fe\gotoba-fe-app\src\components\Admin\Breadcrumb\Breadcrumb.vue
FN:11,(anonymous_1)
FN:18,(anonymous_2)
FNF:2
FNH:0
FNDA:0,(anonymous_1)
FNDA:0,(anonymous_2)
DA:6,0
DA:12,0
DA:13,0
DA:15,0
DA:16,0
DA:18,0
DA:19,0
DA:26,0
DA:29,0
DA:34,0
LF:10
LH:0
BRDA:21,0,0,0
BRDA:21,0,1,0
BRF:2
BRH:0
end_of_record
TN:
SF:D:\FUTURE Program\PHASE 2\gotoba-fe\gotoba-fe-app\src\components\Admin\Card\DataCard.vue
FNF:0
FNH:0
DA:44,0
LF:1
LH:0
BRF:0
BRH:0
end_of_record
TN:
SF:D:\FUTURE Program\PHASE 2\gotoba-fe\gotoba-fe-app\src\components\Admin\Card\InfoCard.vue
FN:23,(anonymous_1)
FNF:1
FNH:0
FNDA:0,(anonymous_1)
DA:24,0
LF:1
LH:0
BRF:0
BRH:0
end_of_record
TN:
SF:D:\FUTURE Program\PHASE 2\gotoba-fe\gotoba-fe-app\src\components\Admin\Card\ItineraryCard.vue
FNF:0
FNH:0
DA:15,0
LF:1
LH:0
BRF:0
BRH:0
end_of_record
TN:
SF:D:\FUTURE Program\PHASE 2\gotoba-fe\gotoba-fe-app\src\components\Admin\Card\RestaurantCard.vue
FNF:0
FNH:0
DA:10,0
LF:1
LH:0
BRF:0
BRH:0
end_of_record
TN:
SF:D:\FUTURE Program\PHASE 2\gotoba-fe\gotoba-fe-app\src\components\Admin\Card\TourGuideCard.vue
FNF:0
FNH:0
DA:11,0
LF:1
LH:0
BRF:0
BRH:0
end_of_record
TN:
SF:D:\FUTURE Program\PHASE 2\gotoba-fe\gotoba-fe-app\src\components\Admin\Chart\DoughnutChart.vue
FN:7,(anonymous_1)
FN:29,(anonymous_2)
FN:34,(anonymous_3)
FN:38,(anonymous_4)
FNF:4
FNH:0
FNDA:0,(anonymous_1)
FNDA:0,(anonymous_2)
FNDA:0,(anonymous_3)
FNDA:0,(anonymous_4)
DA:2,0
DA:8,0
DA:30,0
DA:35,0
DA:39,0
LF:5
LH:0
BRF:0
BRH:0
end_of_record
TN:
SF:D:\FUTURE Program\PHASE 2\gotoba-fe\gotoba-fe-app\src\components\Admin\Chart\LineChart.vue
FN:7,(anonymous_1)
FN:37,(anonymous_2)
FN:42,(anonymous_3)
FN:46,(anonymous_4)
FNF:4
FNH:0
FNDA:0,(anonymous_1)
FNDA:0,(anonymous_2)
FNDA:0,(anonymous_3)
FNDA:0,(anonymous_4)
DA:2,0
DA:8,0
DA:38,0
DA:43,0
DA:47,0
LF:5
LH:0
BRF:0
BRH:0
end_of_record
TN:
SF:D:\FUTURE Program\PHASE 2\gotoba-fe\gotoba-fe-app\src\components\Admin\Data\GalleryCardGroup.vue
FNF:0
FNH:0
DA:16,0
LF:1
LH:0
BRF:0
BRH:0
end_of_record
TN:
SF:D:\FUTURE Program\PHASE 2\gotoba-fe\gotoba-fe-app\src\components\Admin\Data\ItineraryCardGroup.vue
FNF:0
FNH:0
DA:14,0
LF:1
LH:0
BRF:0
BRH:0
end_of_record
TN:
SF:D:\FUTURE Program\PHASE 2\gotoba-fe\gotoba-fe-app\src\components\Admin\Data\RestaurantCardGroup.vue
FNF:0
FNH:0
DA:14,0
LF:1
LH:0
BRF:0
BRH:0
end_of_record
TN:
SF:D:\FUTURE Program\PHASE 2\gotoba-fe\gotoba-fe-app\src\components\Admin\Data\ShowDataCount.vue
FN:23,(anonymous_1)
FNF:1
FNH:0
FNDA:0,(anonymous_1)
DA:24,0
LF:1
LH:0
BRF:0
BRH:0
end_of_record
TN:
SF:D:\FUTURE Program\PHASE 2\gotoba-fe\gotoba-fe-app\src\components\Admin\Data\TourGuideCardGroup.vue
FNF:0
FNH:0
DA:14,0
LF:1
LH:0
BRF:0
BRH:0
end_of_record
TN:
SF:D:\FUTURE Program\PHASE 2\gotoba-fe\gotoba-fe-app\src\components\Admin\Data\UserTableData.vue
FNF:0
FNH:0
DA:35,0
LF:1
LH:0
BRF:0
BRH:0
end_of_record
TN:
SF:D:\FUTURE Program\PHASE 2\gotoba-fe\gotoba-fe-app\src\components\Admin\MenuInfo\MenuInfo.vue
FN:16,(anonymous_1)
FNF:1
FNH:0
FNDA:0,(anonymous_1)
DA:17,0
LF:1
LH:0
BRF:0
BRH:0
end_of_record
TN:
SF:D:\FUTURE Program\PHASE 2\gotoba-fe\gotoba-fe-app\src\components\Admin\Modal\ItineraryModal.vue
FN:111,(anonymous_1)
FN:130,(anonymous_2)
FN:142,(anonymous_3)
FN:145,(anonymous_4)
FN:153,(anonymous_5)
FN:156,(anonymous_6)
FN:161,(anonymous_7)
FN:165,(anonymous_8)
FN:168,(anonymous_9)
FN:174,(anonymous_10)
FNF:10
FNH:0
FNDA:0,(anonymous_1)
FNDA:0,(anonymous_2)
FNDA:0,(anonymous_3)
FNDA:0,(anonymous_4)
FNDA:0,(anonymous_5)
FNDA:0,(anonymous_6)
FNDA:0,(anonymous_7)
FNDA:0,(anonymous_8)
FNDA:0,(anonymous_9)
FNDA:0,(anonymous_10)
DA:101,0
DA:102,0
DA:103,0
DA:104,0
DA:112,0
DA:131,0
DA:137,0
DA:138,0
DA:141,0
DA:142,0
DA:144,0
DA:147,0
DA:150,0
DA:153,0
DA:155,0
DA:158,0
DA:162,0
DA:164,0
DA:165,0
DA:167,0
DA:170,0
DA:175,0
LF:22
LH:0
BRDA:137,0,0,0
BRDA:137,0,1,0
BRDA:137,1,0,0
BRDA:137,1,1,0
BRDA:137,1,2,0
BRDA:141,2,0,0
BRDA:141,2,1,0
BRDA:164,3,0,0
BRDA:164,3,1,0
BRDA:164,4,0,0
BRDA:164,4,1,0
BRF:11
BRH:0
end_of_record
TN:
SF:D:\FUTURE Program\PHASE 2\gotoba-fe\gotoba-fe-app\src\components\Admin\Modal\PhotoModal.vue
FN:82,(anonymous_1)
FN:98,(anonymous_2)
FN:108,(anonymous_3)
FN:122,(anonymous_4)
FN:126,(anonymous_5)
FN:133,(anonymous_6)
FN:136,(anonymous_7)
FN:142,(anonymous_8)
FN:146,(anonymous_9)
FN:149,(anonymous_10)
FN:155,(anonymous_11)
FNF:11
FNH:0
FNDA:0,(anonymous_1)
FNDA:0,(anonymous_2)
FNDA:0,(anonymous_3)
FNDA:0,(anonymous_4)
FNDA:0,(anonymous_5)
FNDA:0,(anonymous_6)
FNDA:0,(anonymous_7)
FNDA:0,(anonymous_8)
FNDA:0,(anonymous_9)
FNDA:0,(anonymous_10)
FNDA:0,(anonymous_11)
DA:76,0
DA:77,0
DA:78,0
DA:83,0
DA:98,0
DA:109,0
DA:117,0
DA:118,0
DA:121,0
DA:122,0
DA:124,0
DA:125,0
DA:128,0
DA:131,0
DA:133,0
DA:135,0
DA:138,0
DA:143,0
DA:145,0
DA:146,0
DA:148,0
DA:151,0
DA:156,0
LF:23
LH:0
BRDA:117,0,0,0
BRDA:117,0,1,0
BRDA:117,1,0,0
BRDA:117,1,1,0
BRDA:117,1,2,0
BRDA:121,2,0,0
BRDA:121,2,1,0
BRDA:145,3,0,0
BRDA:145,3,1,0
BRDA:145,4,0,0
BRDA:145,4,1,0
BRF:11
BRH:0
end_of_record
TN:
SF:D:\FUTURE Program\PHASE 2\gotoba-fe\gotoba-fe-app\src\components\Admin\Modal\TourGuideModal.vue
FN:228,(anonymous_1)
FN:254,(anonymous_2)
FN:258,(anonymous_3)
FN:262,(anonymous_4)
FN:270,(anonymous_5)
FN:273,(anonymous_6)
FN:278,(anonymous_7)
FN:282,(anonymous_8)
FN:285,(anonymous_9)
FN:291,(anonymous_10)
FNF:10
FNH:0
FNDA:0,(anonymous_1)
FNDA:0,(anonymous_2)
FNDA:0,(anonymous_3)
FNDA:0,(anonymous_4)
FNDA:0,(anonymous_5)
FNDA:0,(anonymous_6)
FNDA:0,(anonymous_7)
FNDA:0,(anonymous_8)
FNDA:0,(anonymous_9)
FNDA:0,(anonymous_10)
DA:219,0
DA:220,0
DA:221,0
DA:229,0
DA:255,0
DA:257,0
DA:258,0
DA:260,0
DA:261,0
DA:264,0
DA:267,0
DA:270,0
DA:272,0
DA:275,0
DA:279,0
DA:281,0
DA:282,0
DA:284,0
DA:287,0
DA:292,0
LF:20
LH:0
BRDA:257,0,0,0
BRDA:257,0,1,0
BRDA:281,1,0,0
BRDA:281,1,1,0
BRDA:281,2,0,0
BRDA:281,2,1,0
BRF:6
BRH:0
end_of_record
TN:
SF:D:\FUTURE Program\PHASE 2\gotoba-fe\gotoba-fe-app\src\components\Admin\Search\Search.vue
FN:20,(anonymous_1)
FNF:1
FNH:0
FNDA:0,(anonymous_1)
DA:21,0
LF:1
LH:0
BRF:0
BRH:0
end_of_record
TN:
SF:D:\FUTURE Program\PHASE 2\gotoba-fe\gotoba-fe-app\src\components\Admin\Sidebar\Sidebar.vue
FN:46,(anonymous_1)
FN:90,(anonymous_2)
FNF:2
FNH:0
FNDA:0,(anonymous_1)
FNDA:0,(anonymous_2)
DA:39,0
DA:47,0
DA:91,0
DA:92,0
LF:4
LH:0
BRF:0
BRH:0
end_of_record
TN:
SF:D:\FUTURE Program\PHASE 2\gotoba-fe\gotoba-fe-app\src\components\Admin\Sidebar\SidebarItem.vue
FN:32,(anonymous_1)
FN:38,(anonymous_2)
FNF:2
FNH:0
FNDA:0,(anonymous_1)
FNDA:0,(anonymous_2)
DA:33,0
DA:39,0
LF:2
LH:0
BRDA:39,0,0,0
BRDA:39,0,1,0
BRF:2
BRH:0
end_of_record
TN:
SF:D:\FUTURE Program\PHASE 2\gotoba-fe\gotoba-fe-app\src\components\Merchant\Card\CardPromotion.vue
FNF:0
FNH:0
DA:23,0
DA:24,0
LF:2
LH:0
BRF:0
BRH:0
end_of_record
TN:
SF:D:\FUTURE Program\PHASE 2\gotoba-fe\gotoba-fe-app\src\components\Merchant\Card\CardScanResult.vue
FN:29,(anonymous_1)
FN:32,(anonymous_2)
FNF:2
FNH:0
FNDA:0,(anonymous_1)
FNDA:0,(anonymous_2)
DA:17,0
DA:18,0
DA:30,0
DA:33,0
LF:4
LH:0
BRF:0
BRH:0
end_of_record
TN:
SF:D:\FUTURE Program\PHASE 2\gotoba-fe\gotoba-fe-app\src\components\Merchant\Card\CardSpot.vue
FNF:0
FNH:0
DA:27,0
LF:1
LH:0
BRF:0
BRH:0
end_of_record
TN:
SF:D:\FUTURE Program\PHASE 2\gotoba-fe\gotoba-fe-app\src\components\Merchant\Data\RestaurantMenuCardGroup.vue
FNF:0
FNH:0
DA:12,0
LF:1
LH:0
BRF:0
BRH:0
end_of_record
TN:
SF:D:\FUTURE Program\PHASE 2\gotoba-fe\gotoba-fe-app\src\components\Merchant\Data\SpotCardGroup.vue
FN:26,(anonymous_1)
FNF:1
FNH:0
FNDA:0,(anonymous_1)
DA:15,0
DA:27,0
LF:2
LH:0
BRF:0
BRH:0
end_of_record
TN:
SF:D:\FUTURE Program\PHASE 2\gotoba-fe\gotoba-fe-app\src\components\Merchant\Modal\MenuModal.vue
FN:97,(anonymous_1)
FN:109,(anonymous_2)
FN:127,(anonymous_3)
FN:131,(anonymous_4)
FN:139,(anonymous_5)
FN:143,(anonymous_6)
FN:149,(anonymous_7)
FN:153,(anonymous_8)
FN:156,(anonymous_9)
FN:163,(anonymous_10)
FNF:10
FNH:0
FNDA:0,(anonymous_1)
FNDA:0,(anonymous_2)
FNDA:0,(anonymous_3)
FNDA:0,(anonymous_4)
FNDA:0,(anonymous_5)
FNDA:0,(anonymous_6)
FNDA:0,(anonymous_7)
FNDA:0,(anonymous_8)
FNDA:0,(anonymous_9)
FNDA:0,(anonymous_10)
DA:82,0
DA:83,0
DA:84,0
DA:98,0
DA:110,0
DA:117,0
DA:123,0
DA:126,0
DA:127,0
DA:129,0
DA:130,0
DA:133,0
DA:136,0
DA:139,0
DA:141,0
DA:142,0
DA:145,0
DA:150,0
DA:152,0
DA:153,0
DA:155,0
DA:158,0
DA:164,0
LF:23
LH:0
BRDA:117,0,0,0
BRDA:117,0,1,0
BRDA:117,1,0,0
BRDA:117,1,1,0
BRDA:117,1,2,0
BRDA:117,1,3,0
BRDA:126,2,0,0
BRDA:126,2,1,0
BRDA:152,3,0,0
BRDA:152,3,1,0
BRDA:152,4,0,0
BRDA:152,4,1,0
BRF:12
BRH:0
end_of_record
TN:
SF:D:\FUTURE Program\PHASE 2\gotoba-fe\gotoba-fe-app\src\components\Merchant\Modal\PromotionModal.vue
FN:76,(anonymous_1)
FN:92,(anonymous_2)
FN:98,(anonymous_3)
FN:102,(anonymous_4)
FN:105,(anonymous_5)
FN:111,(anonymous_6)
FNF:6
FNH:0
FNDA:0,(anonymous_1)
FNDA:0,(anonymous_2)
FNDA:0,(anonymous_3)
FNDA:0,(anonymous_4)
FNDA:0,(anonymous_5)
FNDA:0,(anonymous_6)
DA:72,0
DA:77,0
DA:93,0
DA:95,0
DA:99,0
DA:101,0
DA:102,0
DA:104,0
DA:107,0
DA:112,0
LF:10
LH:0
BRDA:101,0,0,0
BRDA:101,0,1,0
BRDA:101,1,0,0
BRDA:101,1,1,0
BRF:4
BRH:0
end_of_record
TN:
SF:D:\FUTURE Program\PHASE 2\gotoba-fe\gotoba-fe-app\src\components\Partial\Alert.vue
FN:19,(anonymous_1)
FN:22,(anonymous_2)
FN:25,(anonymous_3)
FNF:3
FNH:0
FNDA:0,(anonymous_1)
FNDA:0,(anonymous_2)
FNDA:0,(anonymous_3)
DA:20,0
DA:23,0
DA:26,0
LF:3
LH:0
BRF:0
BRH:0
end_of_record
TN:
SF:D:\FUTURE Program\PHASE 2\gotoba-fe\gotoba-fe-app\src\components\Partial\IconsCustom.vue
FNF:0
FNH:0
DA:2,0
DA:4,0
DA:20,0
DA:33,0
DA:46,0
DA:63,0
LF:6
LH:0
BRF:0
BRH:0
end_of_record
TN:
SF:D:\FUTURE Program\PHASE 2\gotoba-fe\gotoba-fe-app\src\components\Partial\NavigationBack.vue
FN:25,(anonymous_1)
FNF:1
FNH:0
FNDA:0,(anonymous_1)
DA:26,0
LF:1
LH:0
BRF:0
BRH:0
end_of_record
TN:
SF:D:\FUTURE Program\PHASE 2\gotoba-fe\gotoba-fe-app\src\components\Partial\Timeline.vue
FN:58,(anonymous_1)
FN:68,(anonymous_2)
FNF:2
FNH:0
FNDA:0,(anonymous_1)
FNDA:0,(anonymous_2)
DA:59,0
DA:69,0
DA:71,0
DA:72,0
DA:75,0
DA:76,0
LF:6
LH:0
BRDA:71,0,0,0
BRDA:71,0,1,0
BRDA:71,1,0,0
BRDA:71,1,1,0
BRF:4
BRH:0
end_of_record
TN:
SF:D:\FUTURE Program\PHASE 2\gotoba-fe\gotoba-fe-app\src\components\Partial\Toast.vue
FN:18,(anonymous_1)
FN:21,(anonymous_2)
FNF:2
FNH:0
FNDA:0,(anonymous_1)
FNDA:0,(anonymous_2)
DA:19,0
DA:22,0
LF:2
LH:0
BRF:0
BRH:0
end_of_record
TN:
SF:D:\FUTURE Program\PHASE 2\gotoba-fe\gotoba-fe-app\src\components\User\OrderItems.vue
FN:43,(anonymous_1)
FNF:1
FNH:0
FNDA:0,(anonymous_1)
DA:30,0
DA:44,0
LF:2
LH:0
BRF:0
BRH:0
end_of_record
TN:
SF:D:\FUTURE Program\PHASE 2\gotoba-fe\gotoba-fe-app\src\components\User\History\CardHistory.vue
FN:30,(anonymous_1)
FNF:1
FNH:0
FNDA:0,(anonymous_1)
DA:31,0
LF:1
LH:0
BRF:0
BRH:0
end_of_record
TN:
SF:D:\FUTURE Program\PHASE 2\gotoba-fe\gotoba-fe-app\src\components\User\History\CardHistoryGroup.vue
FNF:0
FNH:0
DA:14,0
LF:1
LH:0
BRF:0
BRH:0
end_of_record
TN:
SF:D:\FUTURE Program\PHASE 2\gotoba-fe\gotoba-fe-app\src\components\User\Home\CardHome.vue
FNF:0
FNH:0
DA:24,0
LF:1
LH:0
BRF:0
BRH:0
end_of_record
TN:
SF:D:\FUTURE Program\PHASE 2\gotoba-fe\gotoba-fe-app\src\components\User\Home\GalleryGroup.vue
FN:36,(anonymous_1)
FN:48,(anonymous_2)
FN:49,(anonymous_3)
FN:52,(anonymous_4)
FNF:4
FNH:0
FNDA:0,(anonymous_1)
FNDA:0,(anonymous_2)
FNDA:0,(anonymous_3)
FNDA:0,(anonymous_4)
DA:28,0
DA:37,0
DA:38,0
DA:40,0
DA:41,0
DA:43,0
DA:44,0
DA:46,0
DA:49,0
DA:53,0
LF:10
LH:0
BRDA:40,0,0,0
BRDA:40,0,1,0
BRDA:43,1,0,0
BRDA:43,1,1,0
BRF:4
BRH:0
end_of_record
TN:
SF:D:\FUTURE Program\PHASE 2\gotoba-fe\gotoba-fe-app\src\components\User\Home\GalleryHome.vue
FN:48,(anonymous_1)
FN:49,(anonymous_2)
FN:52,(anonymous_3)
FN:55,(anonymous_4)
FN:101,(anonymous_5)
FNF:5
FNH:0
FNDA:0,(anonymous_1)
FNDA:0,(anonymous_2)
FNDA:0,(anonymous_3)
FNDA:0,(anonymous_4)
FNDA:0,(anonymous_5)
DA:38,0
DA:39,0
DA:49,0
DA:53,0
DA:56,0
DA:102,0
DA:103,0
LF:7
LH:0
BRF:0
BRH:0
end_of_record
TN:
SF:D:\FUTURE Program\PHASE 2\gotoba-fe\gotoba-fe-app\src\components\User\Itinerary\ChooseDateCalendar.vue
FN:48,(anonymous_1)
FN:60,(anonymous_2)
FNF:2
FNH:0
FNDA:0,(anonymous_1)
FNDA:0,(anonymous_2)
DA:43,0
DA:44,0
DA:49,0
DA:61,0
LF:4
LH:0
BRF:0
BRH:0
end_of_record
TN:
SF:D:\FUTURE Program\PHASE 2\gotoba-fe\gotoba-fe-app\src\components\User\Itinerary\ItineraryPlan.vue
FN:15,(anonymous_1)
FNF:1
FNH:0
FNDA:0,(anonymous_1)
DA:8,0
DA:16,0
LF:2
LH:0
BRF:0
BRH:0
end_of_record
TN:
SF:D:\FUTURE Program\PHASE 2\gotoba-fe\gotoba-fe-app\src\components\User\Itinerary\PdfModal.vue
FN:52,(anonymous_1)
FN:67,(anonymous_2)
FNF:2
FNH:0
FNDA:0,(anonymous_1)
FNDA:0,(anonymous_2)
DA:47,0
DA:48,0
DA:53,0
DA:69,0
DA:70,0
DA:71,0
DA:72,0
DA:77,0
DA:78,0
DA:79,0
DA:81,0
DA:82,0
DA:83,0
DA:85,0
DA:107,0
DA:111,0
DA:112,0
DA:113,0
DA:114,0
DA:115,0
DA:123,0
LF:21
LH:0
BRF:0
BRH:0
end_of_record
TN:
SF:D:\FUTURE Program\PHASE 2\gotoba-fe\gotoba-fe-app\src\components\User\Itinerary\SelectDestinationAutocomplete.vue
FN:43,(anonymous_1)
FN:49,(anonymous_2)
FNF:2
FNH:0
FNDA:0,(anonymous_1)
FNDA:0,(anonymous_2)
DA:30,0
DA:44,0
DA:50,0
LF:3
LH:0
BRF:0
BRH:0
end_of_record
TN:
SF:D:\FUTURE Program\PHASE 2\gotoba-fe\gotoba-fe-app\src\components\User\Itinerary\ThisWeekCalendar.vue
FN:35,(anonymous_1)
FNF:1
FNH:0
FNDA:0,(anonymous_1)
DA:36,0
LF:1
LH:0
BRF:0
BRH:0
end_of_record
TN:
SF:D:\FUTURE Program\PHASE 2\gotoba-fe\gotoba-fe-app\src\components\User\Payment\BottomNavPayment.vue
FNF:0
FNH:0
DA:22,0
LF:1
LH:0
BRF:0
BRH:0
end_of_record
TN:
SF:D:\FUTURE Program\PHASE 2\gotoba-fe\gotoba-fe-app\src\components\User\Payment\CartItem.vue
FN:50,(anonymous_1)
FN:58,(anonymous_2)
FNF:2
FNH:0
FNDA:0,(anonymous_1)
FNDA:0,(anonymous_2)
DA:33,0
DA:51,0
DA:59,0
LF:3
LH:0
BRF:0
BRH:0
end_of_record
TN:
SF:D:\FUTURE Program\PHASE 2\gotoba-fe\gotoba-fe-app\src\components\User\Payment\PaymentDetail.vue
FNF:0
FNH:0
DA:25,0
LF:1
LH:0
BRF:0
BRH:0
end_of_record
TN:
SF:D:\FUTURE Program\PHASE 2\gotoba-fe\gotoba-fe-app\src\components\User\Payment\PaymentMethod.vue
FN:44,(anonymous_1)
FNF:1
FNH:0
FNDA:0,(anonymous_1)
DA:45,0
LF:1
LH:0
BRF:0
BRH:0
end_of_record
TN:
SF:D:\FUTURE Program\PHASE 2\gotoba-fe\gotoba-fe-app\src\components\User\Payment\PaymentPendingInfo.vue
FNF:0
FNH:0
DA:34,0
LF:1
LH:0
BRF:0
BRH:0
end_of_record
TN:
SF:D:\FUTURE Program\PHASE 2\gotoba-fe\gotoba-fe-app\src\components\User\Profile\AboutProfileDetail.vue
FN:20,(anonymous_1)
FNF:1
FNH:0
FNDA:0,(anonymous_1)
DA:21,0
LF:1
LH:0
BRF:0
BRH:0
end_of_record
TN:
SF:D:\FUTURE Program\PHASE 2\gotoba-fe\gotoba-fe-app\src\components\User\Profile\CardProfileDetail.vue
FNF:0
FNH:0
DA:18,0
LF:1
LH:0
BRF:0
BRH:0
end_of_record
TN:
SF:D:\FUTURE Program\PHASE 2\gotoba-fe\gotoba-fe-app\src\components\User\Profile\ProfileDetail.vue
FN:78,(anonymous_1)
FN:80,(anonymous_2)
FN:83,(anonymous_3)
FNF:3
FNH:0
FNDA:0,(anonymous_1)
FNDA:0,(anonymous_2)
FNDA:0,(anonymous_3)
DA:59,0
DA:60,0
DA:61,0
DA:62,0
DA:63,0
DA:79,0
DA:80,0
DA:81,0
DA:84,0
LF:9
LH:0
BRF:0
BRH:0
end_of_record
TN:
SF:D:\FUTURE Program\PHASE 2\gotoba-fe\gotoba-fe-app\src\components\User\Profile\ProfileMenuGroup.vue
FNF:0
FNH:0
DA:18,0
LF:1
LH:0
BRF:0
BRH:0
end_of_record
TN:
SF:D:\FUTURE Program\PHASE 2\gotoba-fe\gotoba-fe-app\src\components\User\Profile\RatingProfileDetail.vue
FN:32,(anonymous_1)
FN:39,(anonymous_2)
FN:41,(anonymous_3)
FNF:3
FNH:0
FNDA:0,(anonymous_1)
FNDA:0,(anonymous_2)
FNDA:0,(anonymous_3)
DA:24,0
DA:25,0
DA:33,0
DA:40,0
DA:41,0
DA:42,0
DA:44,0
LF:7
LH:0
BRF:0
BRH:0
end_of_record
TN:
SF:D:\FUTURE Program\PHASE 2\gotoba-fe\gotoba-fe-app\src\components\User\Review\ReviewDetailGroup.vue
FNF:0
FNH:0
DA:38,0
DA:39,0
DA:40,0
LF:3
LH:0
BRF:0
BRH:0
end_of_record
TN:
SF:D:\FUTURE Program\PHASE 2\gotoba-fe\gotoba-fe-app\src\components\User\Review\UserReviewDetail.vue
FNF:0
FNH:0
DA:23,0
LF:1
LH:0
BRF:0
BRH:0
end_of_record
TN:
SF:D:\FUTURE Program\PHASE 2\gotoba-fe\gotoba-fe-app\src\components\User\Search\CardSearchResult.vue
FNF:0
FNH:0
DA:30,0
LF:1
LH:0
BRF:0
BRH:0
end_of_record
TN:
SF:D:\FUTURE Program\PHASE 2\gotoba-fe\gotoba-fe-app\src\components\User\Search\SearchAutocomplete.vue
FN:31,(anonymous_1)
FN:34,(anonymous_2)
FN:37,(anonymous_3)
FN:39,(anonymous_4)
FN:45,(anonymous_5)
FNF:5
FNH:0
FNDA:0,(anonymous_1)
FNDA:0,(anonymous_2)
FNDA:0,(anonymous_3)
FNDA:0,(anonymous_4)
FNDA:0,(anonymous_5)
DA:32,0
DA:35,0
DA:38,0
DA:39,0
DA:46,0
DA:47,0
LF:6
LH:0
BRF:0
BRH:0
end_of_record
TN:
SF:D:\FUTURE Program\PHASE 2\gotoba-fe\gotoba-fe-app\src\components\User\Search\SearchNavigation.vue
FN:32,(anonymous_1)
FN:35,(anonymous_2)
FN:41,(anonymous_3)
FNF:3
FNH:0
FNDA:0,(anonymous_1)
FNDA:0,(anonymous_2)
FNDA:0,(anonymous_3)
DA:33,0
DA:36,0
DA:42,0
LF:3
LH:0
BRF:0
BRH:0
end_of_record
TN:
SF:D:\FUTURE Program\PHASE 2\gotoba-fe\gotoba-fe-app\src\components\User\Search\SearchResult.vue
FN:40,(anonymous_1)
FN:43,(anonymous_2)
FN:46,(anonymous_3)
FN:50,(anonymous_4)
FNF:4
FNH:0
FNDA:0,(anonymous_1)
FNDA:0,(anonymous_2)
FNDA:0,(anonymous_3)
FNDA:0,(anonymous_4)
DA:32,0
DA:41,0
DA:44,0
DA:47,0
DA:51,0
LF:5
LH:0
BRF:0
BRH:0
end_of_record
TN:
SF:D:\FUTURE Program\PHASE 2\gotoba-fe\gotoba-fe-app\src\components\User\Search\SearchResultCategory.vue
FN:35,(anonymous_1)
FNF:1
FNH:0
FNDA:0,(anonymous_1)
DA:22,0
DA:36,0
LF:2
LH:0
BRF:0
BRH:0
end_of_record
TN:
SF:D:\FUTURE Program\PHASE 2\gotoba-fe\gotoba-fe-app\src\components\User\Ticket\QRCode.vue
FNF:0
FNH:0
DA:8,0
LF:1
LH:0
BRF:0
BRH:0
end_of_record
TN:
SF:D:\FUTURE Program\PHASE 2\gotoba-fe\gotoba-fe-app\src\components\User\Ticket\QRCodeInfo.vue
FNF:0
FNH:0
DA:24,0
DA:25,0
LF:2
LH:0
BRF:0
BRH:0
end_of_record
TN:
SF:D:\FUTURE Program\PHASE 2\gotoba-fe\gotoba-fe-app\src\components\User\TourGuide\AboutTourGuideDetail.vue
FN:20,(anonymous_1)
FNF:1
FNH:0
FNDA:0,(anonymous_1)
DA:21,0
LF:1
LH:0
BRDA:27,0,0,0
BRDA:27,0,1,0
BRF:2
BRH:0
end_of_record
TN:
SF:D:\FUTURE Program\PHASE 2\gotoba-fe\gotoba-fe-app\src\layouts\Auth.vue
FNF:0
FNH:0
DA:21,0
DA:22,0
LF:2
LH:0
BRF:0
BRH:0
end_of_record
TN:
SF:D:\FUTURE Program\PHASE 2\gotoba-fe\gotoba-fe-app\src\layouts\BackgroundBlue.vue
FNF:0
FNH:0
DA:10,0
LF:1
LH:0
BRF:0
BRH:0
end_of_record
TN:
SF:D:\FUTURE Program\PHASE 2\gotoba-fe\gotoba-fe-app\src\layouts\DefaultBack.vue
FN:18,(anonymous_1)
FNF:1
FNH:0
FNDA:0,(anonymous_1)
DA:10,0
DA:19,0
LF:2
LH:0
BRF:0
BRH:0
end_of_record
TN:
SF:D:\FUTURE Program\PHASE 2\gotoba-fe\gotoba-fe-app\src\plugins\bootstrap-vue.js
FNF:0
FNH:0
DA:7,0
DA:8,0
DA:9,0
LF:3
LH:0
BRF:0
BRH:0
end_of_record
TN:
SF:D:\FUTURE Program\PHASE 2\gotoba-fe\gotoba-fe-app\src\plugins\icons.js
FNF:0
FNH:0
DA:9,0
DA:11,0
LF:2
LH:0
BRF:0
BRH:0
end_of_record
TN:
SF:D:\FUTURE Program\PHASE 2\gotoba-fe\gotoba-fe-app\src\plugins\validate.js
FN:6,(anonymous_0)
FNF:1
FNH:0
FNDA:0,(anonymous_0)
DA:6,0
DA:7,0
DA:11,0
DA:12,0
LF:4
LH:0
BRF:0
BRH:0
end_of_record
TN:
SF:D:\FUTURE Program\PHASE 2\gotoba-fe\gotoba-fe-app\src\router\index.js
FN:12,checkAdminRole
FN:26,checkMerchantRole
FN:40,checkUserRole
FNF:3
FNH:0
FNDA:0,checkAdminRole
FNDA:0,checkMerchantRole
FNDA:0,checkUserRole
DA:10,0
DA:13,0
DA:15,0
DA:16,0
DA:17,0
DA:18,0
DA:19,0
DA:20,0
DA:22,0
DA:27,0
DA:29,0
DA:30,0
DA:31,0
DA:32,0
DA:33,0
DA:34,0
DA:36,0
DA:41,0
DA:43,0
DA:44,0
DA:45,0
DA:46,0
DA:47,0
DA:48,0
DA:50,0
DA:54,0
DA:574,0
LF:27
LH:0
BRDA:15,0,0,0
BRDA:15,0,1,0
BRDA:17,1,0,0
BRDA:17,1,1,0
BRDA:19,2,0,0
BRDA:19,2,1,0
BRDA:29,3,0,0
BRDA:29,3,1,0
BRDA:31,4,0,0
BRDA:31,4,1,0
BRDA:33,5,0,0
BRDA:33,5,1,0
BRDA:43,6,0,0
BRDA:43,6,1,0
BRDA:45,7,0,0
BRDA:45,7,1,0
BRDA:47,8,0,0
BRDA:47,8,1,0
BRF:18
BRH:0
end_of_record
TN:
SF:D:\FUTURE Program\PHASE 2\gotoba-fe\gotoba-fe-app\src\router\pages.js
FN:1,(anonymous_0)
FN:2,(anonymous_1)
FN:4,(anonymous_2)
FN:5,(anonymous_3)
FN:6,(anonymous_4)
FN:7,(anonymous_5)
FN:9,(anonymous_6)
FN:10,(anonymous_7)
FN:11,(anonymous_8)
FN:12,(anonymous_9)
FN:13,(anonymous_10)
FN:14,(anonymous_11)
FN:15,(anonymous_12)
FN:16,(anonymous_13)
FN:17,(anonymous_14)
FN:18,(anonymous_15)
FN:19,(anonymous_16)
FN:20,(anonymous_17)
FN:21,(anonymous_18)
FN:22,(anonymous_19)
FN:23,(anonymous_20)
FN:24,(anonymous_21)
FN:25,(anonymous_22)
FN:26,(anonymous_23)
FN:27,(anonymous_24)
FN:28,(anonymous_25)
FN:29,(anonymous_26)
FN:30,(anonymous_27)
FN:31,(anonymous_28)
FN:32,(anonymous_29)
FN:33,(anonymous_30)
FN:34,(anonymous_31)
FN:35,(anonymous_32)
FN:36,(anonymous_33)
FN:37,(anonymous_34)
FN:38,(anonymous_35)
FN:39,(anonymous_36)
FN:40,(anonymous_37)
FN:41,(anonymous_38)
FN:43,(anonymous_39)
FN:44,(anonymous_40)
FN:45,(anonymous_41)
FN:46,(anonymous_42)
FN:47,(anonymous_43)
FN:48,(anonymous_44)
FN:49,(anonymous_45)
FN:50,(anonymous_46)
FN:51,(anonymous_47)
FN:52,(anonymous_48)
FN:53,(anonymous_49)
FN:54,(anonymous_50)
FN:56,(anonymous_51)
FN:57,(anonymous_52)
FN:58,(anonymous_53)
FN:59,(anonymous_54)
FN:60,(anonymous_55)
FN:61,(anonymous_56)
FN:62,(anonymous_57)
FN:63,(anonymous_58)
FN:64,(anonymous_59)
FN:65,(anonymous_60)
FN:66,(anonymous_61)
FN:67,(anonymous_62)
FN:68,(anonymous_63)
FN:70,(anonymous_64)
FNF:65
FNH:0
FNDA:0,(anonymous_0)
FNDA:0,(anonymous_1)
FNDA:0,(anonymous_2)
FNDA:0,(anonymous_3)
FNDA:0,(anonymous_4)
FNDA:0,(anonymous_5)
FNDA:0,(anonymous_6)
FNDA:0,(anonymous_7)
FNDA:0,(anonymous_8)
FNDA:0,(anonymous_9)
FNDA:0,(anonymous_10)
FNDA:0,(anonymous_11)
FNDA:0,(anonymous_12)
FNDA:0,(anonymous_13)
FNDA:0,(anonymous_14)
FNDA:0,(anonymous_15)
FNDA:0,(anonymous_16)
FNDA:0,(anonymous_17)
FNDA:0,(anonymous_18)
FNDA:0,(anonymous_19)
FNDA:0,(anonymous_20)
FNDA:0,(anonymous_21)
FNDA:0,(anonymous_22)
FNDA:0,(anonymous_23)
FNDA:0,(anonymous_24)
FNDA:0,(anonymous_25)
FNDA:0,(anonymous_26)
FNDA:0,(anonymous_27)
FNDA:0,(anonymous_28)
FNDA:0,(anonymous_29)
FNDA:0,(anonymous_30)
FNDA:0,(anonymous_31)
FNDA:0,(anonymous_32)
FNDA:0,(anonymous_33)
FNDA:0,(anonymous_34)
FNDA:0,(anonymous_35)
FNDA:0,(anonymous_36)
FNDA:0,(anonymous_37)
FNDA:0,(anonymous_38)
FNDA:0,(anonymous_39)
FNDA:0,(anonymous_40)
FNDA:0,(anonymous_41)
FNDA:0,(anonymous_42)
FNDA:0,(anonymous_43)
FNDA:0,(anonymous_44)
FNDA:0,(anonymous_45)
FNDA:0,(anonymous_46)
FNDA:0,(anonymous_47)
FNDA:0,(anonymous_48)
FNDA:0,(anonymous_49)
FNDA:0,(anonymous_50)
FNDA:0,(anonymous_51)
FNDA:0,(anonymous_52)
FNDA:0,(anonymous_53)
FNDA:0,(anonymous_54)
FNDA:0,(anonymous_55)
FNDA:0,(anonymous_56)
FNDA:0,(anonymous_57)
FNDA:0,(anonymous_58)
FNDA:0,(anonymous_59)
FNDA:0,(anonymous_60)
FNDA:0,(anonymous_61)
FNDA:0,(anonymous_62)
FNDA:0,(anonymous_63)
FNDA:0,(anonymous_64)
DA:1,0
DA:2,0
DA:4,0
DA:5,0
DA:6,0
DA:7,0
DA:9,0
DA:10,0
DA:11,0
DA:12,0
DA:13,0
DA:14,0
DA:15,0
DA:16,0
DA:17,0
DA:18,0
DA:19,0
DA:20,0
DA:21,0
DA:22,0
DA:23,0
DA:24,0
DA:25,0
DA:26,0
DA:27,0
DA:28,0
DA:29,0
DA:30,0
DA:31,0
DA:32,0
DA:33,0
DA:34,0
DA:35,0
DA:36,0
DA:37,0
DA:38,0
DA:39,0
DA:40,0
DA:41,0
DA:43,0
DA:44,0
DA:45,0
DA:46,0
DA:47,0
DA:48,0
DA:49,0
DA:50,0
DA:51,0
DA:52,0
DA:53,0
DA:54,0
DA:56,0
DA:57,0
DA:58,0
DA:59,0
DA:60,0
DA:61,0
DA:62,0
DA:63,0
DA:64,0
DA:65,0
DA:66,0
DA:67,0
DA:68,0
DA:70,0
DA:72,0
DA:114,0
DA:129,0
LF:68
LH:0
BRF:0
BRH:0
end_of_record
TN:
SF:D:\FUTURE Program\PHASE 2\gotoba-fe\gotoba-fe-app\src\store\index.js
FNF:0
FNH:0
DA:18,0
LF:1
LH:0
BRF:0
BRH:0
end_of_record
TN:
SF:D:\FUTURE Program\PHASE 2\gotoba-fe\gotoba-fe-app\src\store\types.js
FNF:0
FNH:0
DA:4,0
DA:5,0
DA:6,0
DA:7,0
DA:8,0
DA:9,0
DA:14,0
DA:15,0
DA:16,0
DA:17,0
DA:22,0
DA:23,0
DA:24,0
DA:29,0
DA:30,0
DA:31,0
DA:36,0
DA:37,0
DA:42,0
DA:47,0
DA:48,0
DA:53,0
DA:54,0
DA:55,0
DA:56,0
DA:57,0
DA:58,0
DA:63,0
DA:64,0
DA:65,0
DA:66,0
DA:71,0
DA:72,0
DA:73,0
DA:74,0
DA:75,0
DA:76,0
DA:77,0
DA:82,0
DA:83,0
DA:84,0
DA:89,0
DA:90,0
DA:91,0
DA:92,0
DA:97,0
DA:98,0
DA:99,0
DA:100,0
DA:101,0
DA:102,0
DA:103,0
DA:104,0
DA:105,0
LF:54
LH:0
BRF:0
BRH:0
end_of_record
TN:
SF:D:\FUTURE Program\PHASE 2\gotoba-fe\gotoba-fe-app\src\store\modules\admin.js
FN:10,(anonymous_0)
FN:14,(anonymous_1)
FN:18,(anonymous_2)
FN:25,(anonymous_3)
FN:30,(anonymous_4)
FNF:5
FNH:0
FNDA:0,(anonymous_0)
FNDA:0,(anonymous_1)
FNDA:0,(anonymous_2)
FNDA:0,(anonymous_3)
FNDA:0,(anonymous_4)
DA:5,0
DA:9,0
DA:11,0
DA:13,0
DA:15,0
DA:16,0
DA:19,0
DA:24,0
DA:25,0
DA:28,0
DA:31,0
LF:11
LH:0
BRF:0
BRH:0
end_of_record
TN:
SF:D:\FUTURE Program\PHASE 2\gotoba-fe\gotoba-fe-app\src\store\modules\app.js
FN:13,(anonymous_0)
FN:16,(anonymous_1)
FN:19,(anonymous_2)
FN:22,(anonymous_3)
FN:25,(anonymous_4)
FN:31,(anonymous_5)
FN:32,(anonymous_6)
FN:36,(anonymous_7)
FN:39,(anonymous_8)
FN:42,(anonymous_9)
FN:45,(anonymous_10)
FN:48,(anonymous_11)
FNF:12
FNH:0
FNDA:0,(anonymous_0)
FNDA:0,(anonymous_1)
FNDA:0,(anonymous_2)
FNDA:0,(anonymous_3)
FNDA:0,(anonymous_4)
FNDA:0,(anonymous_5)
FNDA:0,(anonymous_6)
FNDA:0,(anonymous_7)
FNDA:0,(anonymous_8)
FNDA:0,(anonymous_9)
FNDA:0,(anonymous_10)
FNDA:0,(anonymous_11)
DA:4,0
DA:12,0
DA:14,0
DA:17,0
DA:20,0
DA:23,0
DA:26,0
DA:30,0
DA:31,0
DA:32,0
DA:35,0
DA:37,0
DA:40,0
DA:43,0
DA:46,0
DA:49,0
LF:16
LH:0
BRF:0
BRH:0
end_of_record
TN:
SF:D:\FUTURE Program\PHASE 2\gotoba-fe\gotoba-fe-app\src\store\modules\auth.js
FN:12,(anonymous_0)
FN:22,(anonymous_1)
FN:24,(anonymous_2)
FN:34,(anonymous_3)
FN:41,(anonymous_4)
FN:42,(anonymous_5)
FN:43,(anonymous_6)
FN:48,(anonymous_7)
FN:52,(anonymous_8)
FN:56,(anonymous_9)
FNF:10
FNH:0
FNDA:0,(anonymous_0)
FNDA:0,(anonymous_1)
FNDA:0,(anonymous_2)
FNDA:0,(anonymous_3)
FNDA:0,(anonymous_4)
FNDA:0,(anonymous_5)
FNDA:0,(anonymous_6)
FNDA:0,(anonymous_7)
FNDA:0,(anonymous_8)
FNDA:0,(anonymous_9)
DA:5,0
DA:11,0
DA:13,0
DA:14,0
DA:15,0
DA:17,0
DA:18,0
DA:19,0
DA:23,0
DA:25,0
DA:26,0
DA:27,0
DA:29,0
DA:30,0
DA:31,0
DA:32,0
DA:35,0
DA:40,0
DA:41,0
DA:42,0
DA:43,0
DA:46,0
DA:49,0
DA:53,0
DA:57,0
LF:25
LH:0
BRDA:6,0,0,0
BRDA:6,0,1,0
BRDA:7,1,0,0
BRDA:7,1,1,0
BRDA:8,2,0,0
BRDA:8,2,1,0
BRF:6
BRH:0
end_of_record
TN:
SF:D:\FUTURE Program\PHASE 2\gotoba-fe\gotoba-fe-app\src\store\modules\gallery.js
FN:11,(anonymous_0)
FN:15,(anonymous_1)
FN:18,(anonymous_2)
FN:23,(anonymous_3)
FN:27,(anonymous_4)
FN:31,(anonymous_5)
FN:36,(anonymous_6)
FN:40,(anonymous_7)
FN:44,(anonymous_8)
FN:51,(anonymous_9)
FN:52,(anonymous_10)
FN:57,(anonymous_11)
FN:61,(anonymous_12)
FNF:13
FNH:0
FNDA:0,(anonymous_0)
FNDA:0,(anonymous_1)
FNDA:0,(anonymous_2)
FNDA:0,(anonymous_3)
FNDA:0,(anonymous_4)
FNDA:0,(anonymous_5)
FNDA:0,(anonymous_6)
FNDA:0,(anonymous_7)
FNDA:0,(anonymous_8)
FNDA:0,(anonymous_9)
FNDA:0,(anonymous_10)
FNDA:0,(anonymous_11)
FNDA:0,(anonymous_12)
DA:5,0
DA:10,0
DA:12,0
DA:14,0
DA:16,0
DA:19,0
DA:24,0
DA:26,0
DA:28,0
DA:29,0
DA:32,0
DA:37,0
DA:39,0
DA:41,0
DA:42,0
DA:45,0
DA:50,0
DA:51,0
DA:52,0
DA:55,0
DA:58,0
DA:62,0
LF:22
LH:0
BRF:0
BRH:0
end_of_record
TN:
SF:D:\FUTURE Program\PHASE 2\gotoba-fe\gotoba-fe-app\src\store\modules\journey.js
FN:12,(anonymous_0)
FN:16,(anonymous_1)
FN:20,(anonymous_2)
FN:25,(anonymous_3)
FN:29,(anonymous_4)
FN:33,(anonymous_5)
FN:38,(anonymous_6)
FN:42,(anonymous_7)
FN:46,(anonymous_8)
FN:51,(anonymous_9)
FN:55,(anonymous_10)
FN:59,(anonymous_11)
FN:66,(anonymous_12)
FN:67,(anonymous_13)
FN:68,(anonymous_14)
FN:73,(anonymous_15)
FN:76,(anonymous_16)
FN:79,(anonymous_17)
FNF:18
FNH:0
FNDA:0,(anonymous_0)
FNDA:0,(anonymous_1)
FNDA:0,(anonymous_2)
FNDA:0,(anonymous_3)
FNDA:0,(anonymous_4)
FNDA:0,(anonymous_5)
FNDA:0,(anonymous_6)
FNDA:0,(anonymous_7)
FNDA:0,(anonymous_8)
FNDA:0,(anonymous_9)
FNDA:0,(anonymous_10)
FNDA:0,(anonymous_11)
FNDA:0,(anonymous_12)
FNDA:0,(anonymous_13)
FNDA:0,(anonymous_14)
FNDA:0,(anonymous_15)
FNDA:0,(anonymous_16)
FNDA:0,(anonymous_17)
DA:5,0
DA:11,0
DA:13,0
DA:15,0
DA:17,0
DA:18,0
DA:21,0
DA:26,0
DA:28,0
DA:30,0
DA:31,0
DA:34,0
DA:39,0
DA:41,0
DA:43,0
DA:44,0
DA:47,0
DA:52,0
DA:54,0
DA:56,0
DA:57,0
DA:60,0
DA:65,0
DA:66,0
DA:67,0
DA:68,0
DA:71,0
DA:74,0
DA:77,0
DA:80,0
LF:30
LH:0
BRF:0
BRH:0
end_of_record
TN:
SF:D:\FUTURE Program\PHASE 2\gotoba-fe\gotoba-fe-app\src\store\modules\merchant.js
FN:11,(anonymous_0)
FN:15,(anonymous_1)
FN:19,(anonymous_2)
FN:24,(anonymous_3)
FN:28,(anonymous_4)
FN:32,(anonymous_5)
FN:39,(anonymous_6)
FN:40,(anonymous_7)
FN:45,(anonymous_8)
FN:49,(anonymous_9)
FNF:10
FNH:0
FNDA:0,(anonymous_0)
FNDA:0,(anonymous_1)
FNDA:0,(anonymous_2)
FNDA:0,(anonymous_3)
FNDA:0,(anonymous_4)
FNDA:0,(anonymous_5)
FNDA:0,(anonymous_6)
FNDA:0,(anonymous_7)
FNDA:0,(anonymous_8)
FNDA:0,(anonymous_9)
DA:5,0
DA:10,0
DA:12,0
DA:14,0
DA:16,0
DA:17,0
DA:20,0
DA:25,0
DA:27,0
DA:29,0
DA:30,0
DA:33,0
DA:38,0
DA:39,0
DA:40,0
DA:43,0
DA:46,0
DA:50,0
LF:18
LH:0
BRF:0
BRH:0
end_of_record
TN:
SF:D:\FUTURE Program\PHASE 2\gotoba-fe\gotoba-fe-app\src\store\modules\order.js
FN:17,(anonymous_0)
FN:22,(anonymous_1)
FN:27,(anonymous_2)
FN:31,(anonymous_3)
FN:35,(anonymous_4)
FN:40,(anonymous_5)
FN:44,(anonymous_6)
FN:48,(anonymous_7)
FN:53,(anonymous_8)
FN:57,(anonymous_9)
FN:61,(anonymous_10)
FN:66,(anonymous_11)
FN:70,(anonymous_12)
FN:74,(anonymous_13)
FN:79,(anonymous_14)
FN:83,(anonymous_15)
FN:87,(anonymous_16)
FN:92,(anonymous_17)
FN:96,(anonymous_18)
FN:100,(anonymous_19)
FN:107,(anonymous_20)
FN:108,(anonymous_21)
FN:109,(anonymous_22)
FN:110,(anonymous_23)
FN:111,(anonymous_24)
FN:112,(anonymous_25)
FN:113,(anonymous_26)
FN:114,(anonymous_27)
FN:119,(anonymous_28)
FN:123,(anonymous_29)
FN:124,(anonymous_30)
FN:134,(anonymous_31)
FN:139,(anonymous_32)
FN:150,(anonymous_33)
FN:154,(anonymous_34)
FN:158,(anonymous_35)
FN:162,(anonymous_36)
FN:166,(anonymous_37)
FN:170,(anonymous_38)
FNF:39
FNH:0
FNDA:0,(anonymous_0)
FNDA:0,(anonymous_1)
FNDA:0,(anonymous_2)
FNDA:0,(anonymous_3)
FNDA:0,(anonymous_4)
FNDA:0,(anonymous_5)
FNDA:0,(anonymous_6)
FNDA:0,(anonymous_7)
FNDA:0,(anonymous_8)
FNDA:0,(anonymous_9)
FNDA:0,(anonymous_10)
FNDA:0,(anonymous_11)
FNDA:0,(anonymous_12)
FNDA:0,(anonymous_13)
FNDA:0,(anonymous_14)
FNDA:0,(anonymous_15)
FNDA:0,(anonymous_16)
FNDA:0,(anonymous_17)
FNDA:0,(anonymous_18)
FNDA:0,(anonymous_19)
FNDA:0,(anonymous_20)
FNDA:0,(anonymous_21)
FNDA:0,(anonymous_22)
FNDA:0,(anonymous_23)
FNDA:0,(anonymous_24)
FNDA:0,(anonymous_25)
FNDA:0,(anonymous_26)
FNDA:0,(anonymous_27)
FNDA:0,(anonymous_28)
FNDA:0,(anonymous_29)
FNDA:0,(anonymous_30)
FNDA:0,(anonymous_31)
FNDA:0,(anonymous_32)
FNDA:0,(anonymous_33)
FNDA:0,(anonymous_34)
FNDA:0,(anonymous_35)
FNDA:0,(anonymous_36)
FNDA:0,(anonymous_37)
FNDA:0,(anonymous_38)
DA:5,0
DA:16,0
DA:18,0
DA:19,0
DA:23,0
DA:24,0
DA:28,0
DA:30,0
DA:32,0
DA:33,0
DA:36,0
DA:41,0
DA:43,0
DA:45,0
DA:46,0
DA:49,0
DA:54,0
DA:56,0
DA:58,0
DA:59,0
DA:62,0
DA:67,0
DA:69,0
DA:71,0
DA:72,0
DA:75,0
DA:80,0
DA:82,0
DA:84,0
DA:85,0
DA:88,0
DA:93,0
DA:95,0
DA:97,0
DA:98,0
DA:101,0
DA:106,0
DA:107,0
DA:108,0
DA:109,0
DA:110,0
DA:111,0
DA:112,0
DA:113,0
DA:114,0
DA:117,0
DA:120,0
DA:124,0
DA:125,0
DA:126,0
DA:128,0
DA:131,0
DA:135,0
DA:136,0
DA:137,0
DA:139,0
DA:140,0
DA:141,0
DA:142,0
DA:145,0
DA:146,0
DA:147,0
DA:151,0
DA:155,0
DA:159,0
DA:163,0
DA:167,0
DA:171,0
LF:68
LH:0
BRF:0
BRH:0
end_of_record
TN:
SF:D:\FUTURE Program\PHASE 2\gotoba-fe\gotoba-fe-app\src\store\modules\restaurant.js
FN:14,(anonymous_0)
FN:18,(anonymous_1)
FN:22,(anonymous_2)
FN:27,(anonymous_3)
FN:31,(anonymous_4)
FN:35,(anonymous_5)
FN:40,(anonymous_6)
FN:44,(anonymous_7)
FN:48,(anonymous_8)
FN:53,(anonymous_9)
FN:57,(anonymous_10)
FN:61,(anonymous_11)
FN:66,(anonymous_12)
FN:70,(anonymous_13)
FN:74,(anonymous_14)
FN:79,(anonymous_15)
FN:83,(anonymous_16)
FN:87,(anonymous_17)
FN:94,(anonymous_18)
FN:95,(anonymous_19)
FN:96,(anonymous_20)
FN:97,(anonymous_21)
FN:98,(anonymous_22)
FN:103,(anonymous_23)
FN:106,(anonymous_24)
FN:109,(anonymous_25)
FN:112,(anonymous_26)
FN:115,(anonymous_27)
FNF:28
FNH:0
FNDA:0,(anonymous_0)
FNDA:0,(anonymous_1)
FNDA:0,(anonymous_2)
FNDA:0,(anonymous_3)
FNDA:0,(anonymous_4)
FNDA:0,(anonymous_5)
FNDA:0,(anonymous_6)
FNDA:0,(anonymous_7)
FNDA:0,(anonymous_8)
FNDA:0,(anonymous_9)
FNDA:0,(anonymous_10)
FNDA:0,(anonymous_11)
FNDA:0,(anonymous_12)
FNDA:0,(anonymous_13)
FNDA:0,(anonymous_14)
FNDA:0,(anonymous_15)
FNDA:0,(anonymous_16)
FNDA:0,(anonymous_17)
FNDA:0,(anonymous_18)
FNDA:0,(anonymous_19)
FNDA:0,(anonymous_20)
FNDA:0,(anonymous_21)
FNDA:0,(anonymous_22)
FNDA:0,(anonymous_23)
FNDA:0,(anonymous_24)
FNDA:0,(anonymous_25)
FNDA:0,(anonymous_26)
FNDA:0,(anonymous_27)
DA:5,0
DA:13,0
DA:15,0
DA:17,0
DA:19,0
DA:20,0
DA:23,0
DA:28,0
DA:30,0
DA:32,0
DA:33,0
DA:36,0
DA:41,0
DA:43,0
DA:45,0
DA:46,0
DA:49,0
DA:54,0
DA:56,0
DA:58,0
DA:59,0
DA:62,0
DA:67,0
DA:69,0
DA:71,0
DA:72,0
DA:75,0
DA:80,0
DA:82,0
DA:84,0
DA:85,0
DA:88,0
DA:93,0
DA:94,0
DA:95,0
DA:96,0
DA:97,0
DA:98,0
DA:101,0
DA:104,0
DA:107,0
DA:110,0
DA:113,0
DA:116,0
LF:44
LH:0
BRF:0
BRH:0
end_of_record
TN:
SF:D:\FUTURE Program\PHASE 2\gotoba-fe\gotoba-fe-app\src\store\modules\review.js
FN:9,(anonymous_0)
FN:15,(anonymous_1)
FN:20,(anonymous_2)
FNF:3
FNH:0
FNDA:0,(anonymous_0)
FNDA:0,(anonymous_1)
FNDA:0,(anonymous_2)
DA:4,0
DA:8,0
DA:10,0
DA:14,0
DA:15,0
DA:18,0
DA:21,0
LF:7
LH:0
BRF:0
BRH:0
end_of_record
TN:
SF:D:\FUTURE Program\PHASE 2\gotoba-fe\gotoba-fe-app\src\store\modules\search.js
FN:12,(anonymous_0)
FN:16,(anonymous_1)
FN:20,(anonymous_2)
FN:24,(anonymous_3)
FN:30,(anonymous_4)
FN:31,(anonymous_5)
FN:32,(anonymous_6)
FN:33,(anonymous_7)
FN:38,(anonymous_8)
FN:42,(anonymous_9)
FN:46,(anonymous_10)
FN:50,(anonymous_11)
FNF:12
FNH:0
FNDA:0,(anonymous_0)
FNDA:0,(anonymous_1)
FNDA:0,(anonymous_2)
FNDA:0,(anonymous_3)
FNDA:0,(anonymous_4)
FNDA:0,(anonymous_5)
FNDA:0,(anonymous_6)
FNDA:0,(anonymous_7)
FNDA:0,(anonymous_8)
FNDA:0,(anonymous_9)
FNDA:0,(anonymous_10)
FNDA:0,(anonymous_11)
DA:4,0
DA:11,0
DA:13,0
DA:17,0
DA:21,0
DA:25,0
DA:29,0
DA:30,0
DA:31,0
DA:32,0
DA:33,0
DA:36,0
DA:39,0
DA:43,0
DA:47,0
DA:51,0
LF:16
LH:0
BRF:0
BRH:0
end_of_record
TN:
SF:D:\FUTURE Program\PHASE 2\gotoba-fe\gotoba-fe-app\src\store\modules\ticket.js
FN:15,(anonymous_0)
FN:19,(anonymous_1)
FN:23,(anonymous_2)
FN:28,(anonymous_3)
FN:32,(anonymous_4)
FN:36,(anonymous_5)
FN:40,(anonymous_6)
FN:45,(anonymous_7)
FN:49,(anonymous_8)
FN:53,(anonymous_9)
FN:58,(anonymous_10)
FN:62,(anonymous_11)
FN:66,(anonymous_12)
FN:71,(anonymous_13)
FN:75,(anonymous_14)
FN:79,(anonymous_15)
FN:84,(anonymous_16)
FN:88,(anonymous_17)
FN:92,(anonymous_18)
FN:97,(anonymous_19)
FN:101,(anonymous_20)
FN:105,(anonymous_21)
FN:112,(anonymous_22)
FN:113,(anonymous_23)
FN:114,(anonymous_24)
FN:115,(anonymous_25)
FN:116,(anonymous_26)
FN:117,(anonymous_27)
FN:122,(anonymous_28)
FN:125,(anonymous_29)
FN:128,(anonymous_30)
FN:131,(anonymous_31)
FN:134,(anonymous_32)
FN:137,(anonymous_33)
FNF:34
FNH:0
FNDA:0,(anonymous_0)
FNDA:0,(anonymous_1)
FNDA:0,(anonymous_2)
FNDA:0,(anonymous_3)
FNDA:0,(anonymous_4)
FNDA:0,(anonymous_5)
FNDA:0,(anonymous_6)
FNDA:0,(anonymous_7)
FNDA:0,(anonymous_8)
FNDA:0,(anonymous_9)
FNDA:0,(anonymous_10)
FNDA:0,(anonymous_11)
FNDA:0,(anonymous_12)
FNDA:0,(anonymous_13)
FNDA:0,(anonymous_14)
FNDA:0,(anonymous_15)
FNDA:0,(anonymous_16)
FNDA:0,(anonymous_17)
FNDA:0,(anonymous_18)
FNDA:0,(anonymous_19)
FNDA:0,(anonymous_20)
FNDA:0,(anonymous_21)
FNDA:0,(anonymous_22)
FNDA:0,(anonymous_23)
FNDA:0,(anonymous_24)
FNDA:0,(anonymous_25)
FNDA:0,(anonymous_26)
FNDA:0,(anonymous_27)
FNDA:0,(anonymous_28)
FNDA:0,(anonymous_29)
FNDA:0,(anonymous_30)
FNDA:0,(anonymous_31)
FNDA:0,(anonymous_32)
FNDA:0,(anonymous_33)
DA:5,0
DA:14,0
DA:16,0
DA:18,0
DA:20,0
DA:21,0
DA:24,0
DA:29,0
DA:33,0
DA:35,0
DA:37,0
DA:38,0
DA:41,0
DA:46,0
DA:48,0
DA:50,0
DA:51,0
DA:54,0
DA:59,0
DA:61,0
DA:63,0
DA:64,0
DA:67,0
DA:72,0
DA:74,0
DA:76,0
DA:77,0
DA:80,0
DA:85,0
DA:87,0
DA:89,0
DA:90,0
DA:93,0
DA:98,0
DA:100,0
DA:102,0
DA:103,0
DA:106,0
DA:111,0
DA:112,0
DA:113,0
DA:114,0
DA:115,0
DA:116,0
DA:117,0
DA:120,0
DA:123,0
DA:126,0
DA:129,0
DA:132,0
DA:135,0
DA:138,0
LF:52
LH:0
BRF:0
BRH:0
end_of_record
TN:
SF:D:\FUTURE Program\PHASE 2\gotoba-fe\gotoba-fe-app\src\store\modules\tourGuide.js
FN:12,(anonymous_0)
FN:16,(anonymous_1)
FN:20,(anonymous_2)
FN:25,(anonymous_3)
FN:29,(anonymous_4)
FN:33,(anonymous_5)
FN:38,(anonymous_6)
FN:42,(anonymous_7)
FN:46,(anonymous_8)
FN:51,(anonymous_9)
FN:55,(anonymous_10)
FN:59,(anonymous_11)
FN:66,(anonymous_12)
FN:67,(anonymous_13)
FN:68,(anonymous_14)
FN:73,(anonymous_15)
FN:76,(anonymous_16)
FN:79,(anonymous_17)
FNF:18
FNH:0
FNDA:0,(anonymous_0)
FNDA:0,(anonymous_1)
FNDA:0,(anonymous_2)
FNDA:0,(anonymous_3)
FNDA:0,(anonymous_4)
FNDA:0,(anonymous_5)
FNDA:0,(anonymous_6)
FNDA:0,(anonymous_7)
FNDA:0,(anonymous_8)
FNDA:0,(anonymous_9)
FNDA:0,(anonymous_10)
FNDA:0,(anonymous_11)
FNDA:0,(anonymous_12)
FNDA:0,(anonymous_13)
FNDA:0,(anonymous_14)
FNDA:0,(anonymous_15)
FNDA:0,(anonymous_16)
FNDA:0,(anonymous_17)
DA:5,0
DA:11,0
DA:13,0
DA:15,0
DA:17,0
DA:18,0
DA:21,0
DA:26,0
DA:28,0
DA:30,0
DA:31,0
DA:34,0
DA:39,0
DA:41,0
DA:43,0
DA:44,0
DA:47,0
DA:52,0
DA:54,0
DA:56,0
DA:57,0
DA:60,0
DA:65,0
DA:66,0
DA:67,0
DA:68,0
DA:71,0
DA:74,0
DA:77,0
DA:80,0
LF:30
LH:0
BRF:0
BRH:0
end_of_record
TN:
SF:D:\FUTURE Program\PHASE 2\gotoba-fe\gotoba-fe-app\src\store\modules\user.js
FN:12,(anonymous_0)
FN:16,(anonymous_1)
FN:20,(anonymous_2)
FN:25,(anonymous_3)
FN:29,(anonymous_4)
FN:33,(anonymous_5)
FN:38,(anonymous_6)
FN:42,(anonymous_7)
FN:46,(anonymous_8)
FN:53,(anonymous_9)
FN:54,(anonymous_10)
FN:55,(anonymous_11)
FN:60,(anonymous_12)
FN:64,(anonymous_13)
FN:68,(anonymous_14)
FNF:15
FNH:0
FNDA:0,(anonymous_0)
FNDA:0,(anonymous_1)
FNDA:0,(anonymous_2)
FNDA:0,(anonymous_3)
FNDA:0,(anonymous_4)
FNDA:0,(anonymous_5)
FNDA:0,(anonymous_6)
FNDA:0,(anonymous_7)
FNDA:0,(anonymous_8)
FNDA:0,(anonymous_9)
FNDA:0,(anonymous_10)
FNDA:0,(anonymous_11)
FNDA:0,(anonymous_12)
FNDA:0,(anonymous_13)
FNDA:0,(anonymous_14)
DA:5,0
DA:11,0
DA:13,0
DA:15,0
DA:17,0
DA:18,0
DA:21,0
DA:26,0
DA:28,0
DA:30,0
DA:31,0
DA:34,0
DA:39,0
DA:41,0
DA:43,0
DA:44,0
DA:47,0
DA:52,0
DA:53,0
DA:54,0
DA:55,0
DA:58,0
DA:61,0
DA:65,0
DA:69,0
LF:25
LH:0
BRF:0
BRH:0
end_of_record
TN:
SF:D:\FUTURE Program\PHASE 2\gotoba-fe\gotoba-fe-app\src\utils\date.js
FNF:0
FNH:0
DA:4,0
DA:22,0
LF:2
LH:0
BRF:0
BRH:0
end_of_record
TN:
SF:D:\FUTURE Program\PHASE 2\gotoba-fe\gotoba-fe-app\src\utils\fileHelper.js
FN:7,previewImage
FN:8,(anonymous_1)
FN:11,(anonymous_2)
FN:15,(anonymous_3)
FNF:4
FNH:0
FNDA:0,previewImage
FNDA:0,(anonymous_1)
FNDA:0,(anonymous_2)
FNDA:0,(anonymous_3)
DA:8,0
DA:9,0
DA:11,0
DA:12,0
DA:15,0
DA:16,0
DA:19,0
LF:7
LH:0
BRF:0
BRH:0
end_of_record
TN:
SF:D:\FUTURE Program\PHASE 2\gotoba-fe\gotoba-fe-app\src\utils\filter.js
FN:11,(anonymous_0)
FN:24,(anonymous_1)
FN:39,(anonymous_2)
FN:53,(anonymous_3)
FN:66,(anonymous_4)
FN:74,(anonymous_5)
FN:82,(anonymous_6)
FN:86,(anonymous_7)
FNF:8
FNH:0
FNDA:0,(anonymous_0)
FNDA:0,(anonymous_1)
FNDA:0,(anonymous_2)
FNDA:0,(anonymous_3)
FNDA:0,(anonymous_4)
FNDA:0,(anonymous_5)
FNDA:0,(anonymous_6)
FNDA:0,(anonymous_7)
DA:11,0
DA:12,0
DA:15,0
DA:24,0
DA:25,0
DA:26,0
DA:27,0
DA:28,0
DA:30,0
DA:39,0
DA:40,0
DA:42,0
DA:53,0
DA:54,0
DA:55,0
DA:57,0
DA:66,0
DA:74,0
DA:82,0
DA:83,0
DA:86,0
DA:88,0
LF:22
LH:0
BRDA:11,0,0,0
BRDA:11,1,0,0
BRDA:12,2,0,0
BRDA:12,2,1,0
BRDA:14,3,0,0
BRDA:14,3,1,0
BRDA:42,4,0,0
BRDA:42,4,1,0
BRDA:42,4,2,0
BRF:9
BRH:0
end_of_record
TN:
SF:D:\FUTURE Program\PHASE 2\gotoba-fe\gotoba-fe-app\src\utils\rating.js
FN:7,(anonymous_0)
FN:11,(anonymous_1)
FNF:2
FNH:0
FNDA:0,(anonymous_0)
FNDA:0,(anonymous_1)
DA:7,0
DA:8,0
DA:9,0
DA:11,0
DA:12,0
DA:13,0
DA:16,0
LF:7
LH:0
BRF:0
BRH:0
end_of_record
TN:
SF:D:\FUTURE Program\PHASE 2\gotoba-fe\gotoba-fe-app\src\utils\tool.js
FN:9,(anonymous_0)
FN:21,(anonymous_1)
FN:23,(anonymous_2)
FN:33,alert
FN:44,toast
FN:52,requestFullScreen
FN:69,exitFullScreen
FNF:7
FNH:0
FNDA:0,(anonymous_0)
FNDA:0,(anonymous_1)
FNDA:0,(anonymous_2)
FNDA:0,alert
FNDA:0,toast
FNDA:0,requestFullScreen
FNDA:0,exitFullScreen
DA:9,0
DA:10,0
DA:21,0
DA:23,0
DA:34,0
DA:35,0
DA:36,0
DA:45,0
DA:46,0
DA:53,0
DA:55,0
DA:56,0
DA:57,0
DA:58,0
DA:59,0
DA:60,0
DA:61,0
DA:62,0
DA:70,0
DA:71,0
DA:72,0
DA:73,0
DA:74,0
DA:75,0
DA:76,0
DA:77,0
LF:26
LH:0
BRDA:55,0,0,0
BRDA:55,0,1,0
BRDA:57,1,0,0
BRDA:57,1,1,0
BRDA:59,2,0,0
BRDA:59,2,1,0
BRDA:61,3,0,0
BRDA:61,3,1,0
BRDA:70,4,0,0
BRDA:70,4,1,0
BRDA:72,5,0,0
BRDA:72,5,1,0
BRDA:74,6,0,0
BRDA:74,6,1,0
BRDA:76,7,0,0
BRDA:76,7,1,0
BRF:16
BRH:0
end_of_record
TN:
SF:D:\FUTURE Program\PHASE 2\gotoba-fe\gotoba-fe-app\src\views\Admin\Admin.vue
FNF:0
FNH:0
DA:18,0
DA:19,0
DA:20,0
DA:21,0
LF:4
LH:0
BRF:0
BRH:0
end_of_record
TN:
SF:D:\FUTURE Program\PHASE 2\gotoba-fe\gotoba-fe-app\src\views\Admin\Dashboard.vue
FN:46,(anonymous_1)
FN:53,(anonymous_2)
FNF:2
FNH:0
FNDA:0,(anonymous_1)
FNDA:0,(anonymous_2)
DA:34,0
DA:35,0
DA:36,0
DA:47,0
DA:48,0
DA:50,0
DA:54,0
LF:7
LH:0
BRDA:50,0,0,0
BRDA:50,0,1,0
BRF:2
BRH:0
end_of_record
TN:
SF:D:\FUTURE Program\PHASE 2\gotoba-fe\gotoba-fe-app\src\views\Admin\GalleryData.vue
FN:53,(anonymous_1)
FN:56,(anonymous_2)
FNF:2
FNH:0
FNDA:0,(anonymous_1)
FNDA:0,(anonymous_2)
DA:36,0
DA:37,0
DA:38,0
DA:39,0
DA:40,0
DA:54,0
DA:57,0
LF:7
LH:0
BRF:0
BRH:0
end_of_record
TN:
SF:D:\FUTURE Program\PHASE 2\gotoba-fe\gotoba-fe-app\src\views\Admin\GalleryDetail.vue
FN:39,(anonymous_1)
FN:44,(anonymous_2)
FNF:2
FNH:0
FNDA:0,(anonymous_1)
FNDA:0,(anonymous_2)
DA:27,0
DA:28,0
DA:29,0
DA:40,0
DA:45,0
DA:47,0
DA:48,0
LF:7
LH:0
BRDA:47,0,0,0
BRDA:47,0,1,0
BRF:2
BRH:0
end_of_record
TN:
SF:D:\FUTURE Program\PHASE 2\gotoba-fe\gotoba-fe-app\src\views\Admin\ItineraryData.vue
FN:53,(anonymous_1)
FN:56,(anonymous_2)
FNF:2
FNH:0
FNDA:0,(anonymous_1)
FNDA:0,(anonymous_2)
DA:36,0
DA:37,0
DA:38,0
DA:39,0
DA:40,0
DA:54,0
DA:57,0
LF:7
LH:0
BRF:0
BRH:0
end_of_record
TN:
SF:D:\FUTURE Program\PHASE 2\gotoba-fe\gotoba-fe-app\src\views\Admin\ItineraryDetail.vue
FN:39,(anonymous_1)
FN:42,(anonymous_2)
FN:49,(anonymous_3)
FNF:3
FNH:0
FNDA:0,(anonymous_1)
FNDA:0,(anonymous_2)
FNDA:0,(anonymous_3)
DA:27,0
DA:28,0
DA:29,0
DA:40,0
DA:43,0
DA:50,0
DA:52,0
DA:53,0
LF:8
LH:0
BRDA:52,0,0,0
BRDA:52,0,1,0
BRF:2
BRH:0
end_of_record
TN:
SF:D:\FUTURE Program\PHASE 2\gotoba-fe\gotoba-fe-app\src\views\Admin\MerchantData.vue
FN:46,(anonymous_1)
FN:49,(anonymous_2)
FNF:2
FNH:0
FNDA:0,(anonymous_1)
FNDA:0,(anonymous_2)
DA:31,0
DA:32,0
DA:33,0
DA:34,0
DA:47,0
DA:50,0
LF:6
LH:0
BRF:0
BRH:0
end_of_record
TN:
SF:D:\FUTURE Program\PHASE 2\gotoba-fe\gotoba-fe-app\src\views\Admin\RestaurantData.vue
FN:42,(anonymous_1)
FN:45,(anonymous_2)
FNF:2
FNH:0
FNDA:0,(anonymous_1)
FNDA:0,(anonymous_2)
DA:27,0
DA:28,0
DA:29,0
DA:30,0
DA:43,0
DA:46,0
LF:6
LH:0
BRF:0
BRH:0
end_of_record
TN:
SF:D:\FUTURE Program\PHASE 2\gotoba-fe\gotoba-fe-app\src\views\Admin\RestaurantDetail.vue
FN:48,(anonymous_1)
FNF:1
FNH:0
FNDA:0,(anonymous_1)
DA:37,0
DA:38,0
DA:49,0
DA:50,0
LF:4
LH:0
BRF:0
BRH:0
end_of_record
TN:
SF:D:\FUTURE Program\PHASE 2\gotoba-fe\gotoba-fe-app\src\views\Admin\TourGuideData.vue
FN:51,(anonymous_1)
FN:55,(anonymous_2)
FNF:2
FNH:0
FNDA:0,(anonymous_1)
FNDA:0,(anonymous_2)
DA:36,0
DA:37,0
DA:38,0
DA:39,0
DA:40,0
DA:52,0
DA:56,0
LF:7
LH:0
BRF:0
BRH:0
end_of_record
TN:
SF:D:\FUTURE Program\PHASE 2\gotoba-fe\gotoba-fe-app\src\views\Admin\TourGuideDetail.vue
FN:100,(anonymous_1)
FN:105,(anonymous_2)
FNF:2
FNH:0
FNDA:0,(anonymous_1)
FNDA:0,(anonymous_2)
DA:86,0
DA:87,0
DA:88,0
DA:89,0
DA:101,0
DA:106,0
DA:108,0
DA:109,0
DA:110,0
LF:9
LH:0
BRDA:108,0,0,0
BRDA:108,0,1,0
BRF:2
BRH:0
end_of_record
TN:
SF:D:\FUTURE Program\PHASE 2\gotoba-fe\gotoba-fe-app\src\views\Admin\UserData.vue
FN:48,(anonymous_1)
FN:51,(anonymous_2)
FNF:2
FNH:0
FNDA:0,(anonymous_1)
FNDA:0,(anonymous_2)
DA:33,0
DA:34,0
DA:35,0
DA:36,0
DA:49,0
DA:52,0
LF:6
LH:0
BRF:0
BRH:0
end_of_record
TN:
SF:D:\FUTURE Program\PHASE 2\gotoba-fe\gotoba-fe-app\src\views\Auth\Login.vue
FN:94,(anonymous_1)
FN:103,(anonymous_2)
FN:107,(anonymous_3)
FN:117,(anonymous_4)
FN:131,(anonymous_5)
FNF:5
FNH:0
FNDA:0,(anonymous_1)
FNDA:0,(anonymous_2)
FNDA:0,(anonymous_3)
FNDA:0,(anonymous_4)
FNDA:0,(anonymous_5)
DA:86,0
DA:87,0
DA:95,0
DA:104,0
DA:108,0
DA:109,0
DA:112,0
DA:117,0
DA:119,0
DA:120,0
DA:122,0
DA:123,0
DA:125,0
DA:126,0
DA:128,0
DA:129,0
DA:133,0
LF:17
LH:0
BRDA:103,0,0,0
BRDA:104,1,0,0
BRDA:104,1,1,0
BRDA:108,2,0,0
BRDA:108,2,1,0
BRDA:108,3,0,0
BRDA:108,3,1,0
BRDA:108,3,2,0
BRDA:119,4,0,0
BRDA:119,4,1,0
BRDA:122,5,0,0
BRDA:122,5,1,0
BRDA:125,6,0,0
BRDA:125,6,1,0
BRF:14
BRH:0
end_of_record
TN:
SF:D:\FUTURE Program\PHASE 2\gotoba-fe\gotoba-fe-app\src\views\Auth\SignUp.vue
FN:231,(anonymous_1)
FN:245,(anonymous_2)
FN:249,(anonymous_3)
FN:274,(anonymous_4)
FN:278,(anonymous_5)
FN:286,(anonymous_6)
FN:290,(anonymous_7)
FNF:7
FNH:0
FNDA:0,(anonymous_1)
FNDA:0,(anonymous_2)
FNDA:0,(anonymous_3)
FNDA:0,(anonymous_4)
FNDA:0,(anonymous_5)
FNDA:0,(anonymous_6)
FNDA:0,(anonymous_7)
DA:223,0
DA:224,0
DA:232,0
DA:246,0
DA:250,0
DA:257,0
DA:260,0
DA:269,0
DA:274,0
DA:276,0
DA:278,0
DA:280,0
DA:282,0
DA:283,0
DA:285,0
DA:288,0
DA:292,0
LF:17
LH:0
BRDA:245,0,0,0
BRDA:246,1,0,0
BRDA:246,1,1,0
BRDA:250,2,0,0
BRDA:250,2,1,0
BRDA:250,3,0,0
BRDA:250,3,1,0
BRDA:250,3,2,0
BRDA:250,3,3,0
BRDA:250,3,4,0
BRDA:250,3,5,0
BRDA:282,4,0,0
BRDA:282,4,1,0
BRF:13
BRH:0
end_of_record
TN:
SF:D:\FUTURE Program\PHASE 2\gotoba-fe\gotoba-fe-app\src\views\Error\NotFound.vue
FN:22,(anonymous_1)
FNF:1
FNH:0
FNDA:0,(anonymous_1)
DA:23,0
LF:1
LH:0
BRF:0
BRH:0
end_of_record
TN:
SF:D:\FUTURE Program\PHASE 2\gotoba-fe\gotoba-fe-app\src\views\Merchant\Merchant.vue
FN:22,(anonymous_1)
FN:25,(anonymous_2)
FNF:2
FNH:0
FNDA:0,(anonymous_1)
FNDA:0,(anonymous_2)
DA:12,0
DA:13,0
DA:23,0
DA:26,0
LF:4
LH:0
BRF:0
BRH:0
end_of_record
TN:
SF:D:\FUTURE Program\PHASE 2\gotoba-fe\gotoba-fe-app\src\views\Merchant\Bistro\Bistro.vue
FN:23,(anonymous_1)
FNF:1
FNH:0
FNDA:0,(anonymous_1)
DA:10,0
DA:11,0
DA:12,0
DA:24,0
DA:25,0
LF:5
LH:0
BRF:0
BRH:0
end_of_record
TN:
SF:D:\FUTURE Program\PHASE 2\gotoba-fe\gotoba-fe-app\src\views\Merchant\Bistro\BistroPromotion.vue
FN:15,(anonymous_1)
FNF:1
FNH:0
FNDA:0,(anonymous_1)
DA:8,0
DA:16,0
LF:2
LH:0
BRF:0
BRH:0
end_of_record
TN:
SF:D:\FUTURE Program\PHASE 2\gotoba-fe\gotoba-fe-app\src\views\Merchant\Bistro\BistroReview.vue
FN:18,(anonymous_1)
FN:22,(anonymous_2)
FNF:2
FNH:0
FNDA:0,(anonymous_1)
FNDA:0,(anonymous_2)
DA:8,0
DA:9,0
DA:19,0
DA:23,0
DA:24,0
LF:5
LH:0
BRF:0
BRH:0
end_of_record
TN:
SF:D:\FUTURE Program\PHASE 2\gotoba-fe\gotoba-fe-app\src\views\Merchant\Bistro\EditBistro.vue
FN:128,(anonymous_1)
FN:131,(anonymous_2)
FN:154,(anonymous_3)
FN:158,(anonymous_4)
FN:161,(anonymous_5)
FN:169,(anonymous_6)
FN:173,(anonymous_7)
FNF:7
FNH:0
FNDA:0,(anonymous_1)
FNDA:0,(anonymous_2)
FNDA:0,(anonymous_3)
FNDA:0,(anonymous_4)
FNDA:0,(anonymous_5)
FNDA:0,(anonymous_6)
FNDA:0,(anonymous_7)
DA:119,0
DA:120,0
DA:129,0
DA:132,0
DA:155,0
DA:157,0
DA:158,0
DA:160,0
DA:163,0
DA:166,0
DA:169,0
DA:171,0
DA:172,0
DA:175,0
LF:14
LH:0
BRDA:157,0,0,0
BRDA:157,0,1,0
BRF:2
BRH:0
end_of_record
TN:
SF:D:\FUTURE Program\PHASE 2\gotoba-fe\gotoba-fe-app\src\views\Merchant\Order\ItineraryOrder.vue
FN:19,(anonymous_1)
FNF:1
FNH:0
FNDA:0,(anonymous_1)
DA:8,0
DA:9,0
DA:20,0
LF:3
LH:0
BRF:0
BRH:0
end_of_record
TN:
SF:D:\FUTURE Program\PHASE 2\gotoba-fe\gotoba-fe-app\src\views\Merchant\Order\OrderList.vue
FN:43,(anonymous_1)
FNF:1
FNH:0
FNDA:0,(anonymous_1)
DA:35,0
DA:44,0
LF:2
LH:0
BRF:0
BRH:0
end_of_record
TN:
SF:D:\FUTURE Program\PHASE 2\gotoba-fe\gotoba-fe-app\src\views\Merchant\Order\RestaurantOrder.vue
FN:19,(anonymous_1)
FNF:1
FNH:0
FNDA:0,(anonymous_1)
DA:8,0
DA:9,0
DA:20,0
LF:3
LH:0
BRF:0
BRH:0
end_of_record
TN:
SF:D:\FUTURE Program\PHASE 2\gotoba-fe\gotoba-fe-app\src\views\Merchant\Profile\EditProfile.vue
FN:113,(anonymous_1)
FN:118,(anonymous_2)
FN:132,(anonymous_3)
FN:148,(anonymous_4)
FN:153,(anonymous_5)
FN:159,(anonymous_6)
FNF:6
FNH:0
FNDA:0,(anonymous_1)
FNDA:0,(anonymous_2)
FNDA:0,(anonymous_3)
FNDA:0,(anonymous_4)
FNDA:0,(anonymous_5)
FNDA:0,(anonymous_6)
DA:104,0
DA:105,0
DA:114,0
DA:115,0
DA:119,0
DA:133,0
DA:136,0
DA:139,0
DA:148,0
DA:150,0
DA:151,0
DA:155,0
DA:160,0
LF:13
LH:0
BRDA:114,0,0,0
BRDA:114,0,1,0
BRDA:133,1,0,0
BRDA:133,1,1,0
BRDA:133,2,0,0
BRDA:133,2,1,0
BRDA:133,2,2,0
BRDA:150,3,0,0
BRDA:150,3,1,0
BRF:9
BRH:0
end_of_record
TN:
SF:D:\FUTURE Program\PHASE 2\gotoba-fe\gotoba-fe-app\src\views\Merchant\Profile\Profile.vue
FN:42,(anonymous_1)
FNF:1
FNH:0
FNDA:0,(anonymous_1)
DA:31,0
DA:32,0
DA:43,0
LF:3
LH:0
BRF:0
BRH:0
end_of_record
TN:
SF:D:\FUTURE Program\PHASE 2\gotoba-fe\gotoba-fe-app\src\views\Merchant\Scanner\QrScanner.vue
FN:21,(anonymous_1)
FN:32,(anonymous_2)
FN:39,(anonymous_3)
FN:42,(anonymous_4)
FN:54,(anonymous_5)
FNF:5
FNH:0
FNDA:0,(anonymous_1)
FNDA:0,(anonymous_2)
FNDA:0,(anonymous_3)
FNDA:0,(anonymous_4)
FNDA:0,(anonymous_5)
DA:12,0
DA:13,0
DA:14,0
DA:22,0
DA:33,0
DA:34,0
DA:36,0
DA:43,0
DA:45,0
DA:48,0
DA:49,0
DA:55,0
LF:12
LH:0
BRDA:33,0,0,0
BRDA:33,0,1,0
BRF:2
BRH:0
end_of_record
TN:
SF:D:\FUTURE Program\PHASE 2\gotoba-fe\gotoba-fe-app\src\views\Merchant\Scanner\ScanResult.vue
FNF:0
FNH:0
DA:16,0
DA:17,0
LF:2
LH:0
BRF:0
BRH:0
end_of_record
TN:
SF:D:\FUTURE Program\PHASE 2\gotoba-fe\gotoba-fe-app\src\views\Merchant\Spot\EditSpot.vue
FN:128,(anonymous_1)
FN:131,(anonymous_2)
FN:154,(anonymous_3)
FN:158,(anonymous_4)
FN:161,(anonymous_5)
FN:169,(anonymous_6)
FN:173,(anonymous_7)
FNF:7
FNH:0
FNDA:0,(anonymous_1)
FNDA:0,(anonymous_2)
FNDA:0,(anonymous_3)
FNDA:0,(anonymous_4)
FNDA:0,(anonymous_5)
FNDA:0,(anonymous_6)
FNDA:0,(anonymous_7)
DA:119,0
DA:120,0
DA:129,0
DA:132,0
DA:155,0
DA:157,0
DA:158,0
DA:160,0
DA:163,0
DA:166,0
DA:169,0
DA:171,0
DA:172,0
DA:175,0
LF:14
LH:0
BRDA:157,0,0,0
BRDA:157,0,1,0
BRF:2
BRH:0
end_of_record
TN:
SF:D:\FUTURE Program\PHASE 2\gotoba-fe\gotoba-fe-app\src\views\Merchant\Spot\Spot.vue
FN:34,(anonymous_1)
FN:42,(anonymous_2)
FNF:2
FNH:0
FNDA:0,(anonymous_1)
FNDA:0,(anonymous_2)
DA:22,0
DA:23,0
DA:24,0
DA:35,0
DA:43,0
LF:5
LH:0
BRF:0
BRH:0
end_of_record
TN:
SF:D:\FUTURE Program\PHASE 2\gotoba-fe\gotoba-fe-app\src\views\Merchant\Spot\SpotDetail.vue
FN:19,(anonymous_1)
FNF:1
FNH:0
FNDA:0,(anonymous_1)
DA:8,0
DA:9,0
DA:20,0
LF:3
LH:0
BRF:0
BRH:0
end_of_record
TN:
SF:D:\FUTURE Program\PHASE 2\gotoba-fe\gotoba-fe-app\src\views\Merchant\Spot\SpotPromotion.vue
FN:15,(anonymous_1)
FNF:1
FNH:0
FNDA:0,(anonymous_1)
DA:8,0
DA:16,0
LF:2
LH:0
BRF:0
BRH:0
end_of_record
TN:
SF:D:\FUTURE Program\PHASE 2\gotoba-fe\gotoba-fe-app\src\views\User\Main.vue
FN:22,(anonymous_1)
FN:25,(anonymous_2)
FNF:2
FNH:0
FNDA:0,(anonymous_1)
FNDA:0,(anonymous_2)
DA:12,0
DA:13,0
DA:23,0
DA:26,0
LF:4
LH:0
BRF:0
BRH:0
end_of_record
TN:
SF:D:\FUTURE Program\PHASE 2\gotoba-fe\gotoba-fe-app\src\views\User\Gallery\Gallery.vue
FN:31,(anonymous_1)
FNF:1
FNH:0
FNDA:0,(anonymous_1)
DA:20,0
DA:21,0
DA:32,0
LF:3
LH:0
BRF:0
BRH:0
end_of_record
TN:
SF:D:\FUTURE Program\PHASE 2\gotoba-fe\gotoba-fe-app\src\views\User\History\HistoryCancelled.vue
FN:19,(anonymous_1)
FNF:1
FNH:0
FNDA:0,(anonymous_1)
DA:8,0
DA:9,0
DA:20,0
LF:3
LH:0
BRF:0
BRH:0
end_of_record
TN:
SF:D:\FUTURE Program\PHASE 2\gotoba-fe\gotoba-fe-app\src\views\User\History\HistoryDetails.vue
FN:54,(anonymous_1)
FNF:1
FNH:0
FNDA:0,(anonymous_1)
DA:49,0
DA:50,0
DA:55,0
LF:3
LH:0
BRF:0
BRH:0
end_of_record
TN:
SF:D:\FUTURE Program\PHASE 2\gotoba-fe\gotoba-fe-app\src\views\User\History\HistoryPending.vue
FN:19,(anonymous_1)
FNF:1
FNH:0
FNDA:0,(anonymous_1)
DA:8,0
DA:9,0
DA:20,0
LF:3
LH:0
BRF:0
BRH:0
end_of_record
TN:
SF:D:\FUTURE Program\PHASE 2\gotoba-fe\gotoba-fe-app\src\views\User\History\HistorySuccess.vue
FN:19,(anonymous_1)
FNF:1
FNH:0
FNDA:0,(anonymous_1)
DA:8,0
DA:9,0
DA:20,0
LF:3
LH:0
BRF:0
BRH:0
end_of_record
TN:
SF:D:\FUTURE Program\PHASE 2\gotoba-fe\gotoba-fe-app\src\views\User\Home\Home.vue
FN:133,(anonymous_1)
FN:136,(anonymous_2)
FN:141,(anonymous_4)
FN:146,(anonymous_5)
FN:172,(anonymous_6)
FNF:5
FNH:0
FNDA:0,(anonymous_1)
FNDA:0,(anonymous_2)
FNDA:0,(anonymous_4)
FNDA:0,(anonymous_5)
FNDA:0,(anonymous_6)
DA:112,0
DA:113,0
DA:114,0
DA:115,0
DA:116,0
DA:117,0
DA:134,0
DA:136,0
DA:142,0
DA:143,0
DA:144,0
DA:147,0
DA:173,0
LF:13
LH:0
BRF:0
BRH:0
end_of_record
TN:
SF:D:\FUTURE Program\PHASE 2\gotoba-fe\gotoba-fe-app\src\views\User\Home\Promotion.vue
FN:29,(anonymous_1)
FN:32,(anonymous_2)
FN:38,(anonymous_4)
FNF:3
FNH:0
FNDA:0,(anonymous_1)
FNDA:0,(anonymous_2)
FNDA:0,(anonymous_4)
DA:18,0
DA:19,0
DA:20,0
DA:30,0
DA:32,0
DA:39,0
LF:6
LH:0
BRF:0
BRH:0
end_of_record
TN:
SF:D:\FUTURE Program\PHASE 2\gotoba-fe\gotoba-fe-app\src\views\User\Home\PromotionDetail.vue
FN:17,(anonymous_1)
FNF:1
FNH:0
FNDA:0,(anonymous_1)
DA:10,0
DA:18,0
LF:2
LH:0
BRF:0
BRH:0
end_of_record
TN:
SF:D:\FUTURE Program\PHASE 2\gotoba-fe\gotoba-fe-app\src\views\User\Itinerary\AddDestination.vue
FN:53,(anonymous_1)
FNF:1
FNH:0
FNDA:0,(anonymous_1)
DA:38,0
DA:41,0
DA:42,0
DA:54,0
LF:4
LH:0
BRF:0
BRH:0
end_of_record
TN:
SF:D:\FUTURE Program\PHASE 2\gotoba-fe\gotoba-fe-app\src\views\User\Itinerary\AddItinerary.vue
FN:43,(anonymous_1)
FN:50,(anonymous_2)
FN:53,(anonymous_3)
FN:57,(anonymous_4)
FN:62,(anonymous_5)
FNF:5
FNH:0
FNDA:0,(anonymous_1)
FNDA:0,(anonymous_2)
FNDA:0,(anonymous_3)
FNDA:0,(anonymous_4)
FNDA:0,(anonymous_5)
DA:31,0
DA:32,0
DA:33,0
DA:34,0
DA:44,0
DA:51,0
DA:53,0
DA:55,0
DA:56,0
DA:59,0
DA:63,0
LF:11
LH:0
BRF:0
BRH:0
end_of_record
TN:
SF:D:\FUTURE Program\PHASE 2\gotoba-fe\gotoba-fe-app\src\views\User\Itinerary\Itinerary.vue
FN:41,(anonymous_1)
FNF:1
FNH:0
FNDA:0,(anonymous_1)
DA:29,0
DA:30,0
DA:31,0
DA:42,0
LF:4
LH:0
BRF:0
BRH:0
end_of_record
TN:
SF:D:\FUTURE Program\PHASE 2\gotoba-fe\gotoba-fe-app\src\views\User\Journey\Journey.vue
FN:44,(anonymous_1)
FN:47,(anonymous_2)
FNF:2
FNH:0
FNDA:0,(anonymous_1)
FNDA:0,(anonymous_2)
DA:30,0
DA:31,0
DA:32,0
DA:45,0
DA:48,0
LF:5
LH:0
BRF:0
BRH:0
end_of_record
TN:
SF:D:\FUTURE Program\PHASE 2\gotoba-fe\gotoba-fe-app\src\views\User\Journey\JourneyProfile.vue
FN:19,(anonymous_1)
FNF:1
FNH:0
FNDA:0,(anonymous_1)
DA:8,0
DA:9,0
DA:20,0
LF:3
LH:0
BRF:0
BRH:0
end_of_record
TN:
SF:D:\FUTURE Program\PHASE 2\gotoba-fe\gotoba-fe-app\src\views\User\Journey\JourneyReview.vue
FN:19,(anonymous_1)
FN:25,(anonymous_2)
FNF:2
FNH:0
FNDA:0,(anonymous_1)
FNDA:0,(anonymous_2)
DA:8,0
DA:9,0
DA:20,0
DA:21,0
DA:26,0
DA:27,0
DA:29,0
LF:7
LH:0
BRF:0
BRH:0
end_of_record
TN:
SF:D:\FUTURE Program\PHASE 2\gotoba-fe\gotoba-fe-app\src\views\User\Notification\Notification.vue
FN:23,(anonymous_1)
FNF:1
FNH:0
FNDA:0,(anonymous_1)
DA:16,0
DA:24,0
LF:2
LH:0
BRF:0
BRH:0
end_of_record
TN:
SF:D:\FUTURE Program\PHASE 2\gotoba-fe\gotoba-fe-app\src\views\User\Notification\NotificationDetail.vue
FN:17,(anonymous_1)
FNF:1
FNH:0
FNDA:0,(anonymous_1)
DA:10,0
DA:18,0
LF:2
LH:0
BRF:0
BRH:0
end_of_record
TN:
SF:D:\FUTURE Program\PHASE 2\gotoba-fe\gotoba-fe-app\src\views\User\Payment\Cart.vue
FN:61,(anonymous_1)
FN:68,(anonymous_2)
FNF:2
FNH:0
FNDA:0,(anonymous_1)
FNDA:0,(anonymous_2)
DA:48,0
DA:49,0
DA:50,0
DA:62,0
DA:69,0
DA:70,0
LF:6
LH:0
BRF:0
BRH:0
end_of_record
TN:
SF:D:\FUTURE Program\PHASE 2\gotoba-fe\gotoba-fe-app\src\views\User\Payment\Payment.vue
FN:64,(anonymous_1)
FNF:1
FNH:0
FNDA:0,(anonymous_1)
DA:47,0
DA:48,0
DA:49,0
DA:50,0
DA:51,0
DA:65,0
LF:6
LH:0
BRF:0
BRH:0
end_of_record
TN:
SF:D:\FUTURE Program\PHASE 2\gotoba-fe\gotoba-fe-app\src\views\User\Payment\PaymentOrder.vue
FN:78,(anonymous_1)
FNF:1
FNH:0
FNDA:0,(anonymous_1)
DA:61,0
DA:62,0
DA:79,0
LF:3
LH:0
BRF:0
BRH:0
end_of_record
TN:
SF:D:\FUTURE Program\PHASE 2\gotoba-fe\gotoba-fe-app\src\views\User\Profile\EditProfile.vue
FN:109,(anonymous_1)
FN:114,(anonymous_2)
FN:128,(anonymous_3)
FN:144,(anonymous_4)
FN:149,(anonymous_5)
FN:155,(anonymous_6)
FNF:6
FNH:0
FNDA:0,(anonymous_1)
FNDA:0,(anonymous_2)
FNDA:0,(anonymous_3)
FNDA:0,(anonymous_4)
FNDA:0,(anonymous_5)
FNDA:0,(anonymous_6)
DA:100,0
DA:101,0
DA:110,0
DA:111,0
DA:115,0
DA:129,0
DA:132,0
DA:135,0
DA:144,0
DA:146,0
DA:147,0
DA:151,0
DA:156,0
LF:13
LH:0
BRDA:110,0,0,0
BRDA:110,0,1,0
BRDA:129,1,0,0
BRDA:129,1,1,0
BRDA:129,2,0,0
BRDA:129,2,1,0
BRDA:129,2,2,0
BRDA:146,3,0,0
BRDA:146,3,1,0
BRF:9
BRH:0
end_of_record
TN:
SF:D:\FUTURE Program\PHASE 2\gotoba-fe\gotoba-fe-app\src\views\User\Profile\Profile.vue
FN:33,(anonymous_1)
FN:39,(anonymous_2)
FNF:2
FNH:0
FNDA:0,(anonymous_1)
FNDA:0,(anonymous_2)
DA:19,0
DA:20,0
DA:21,0
DA:22,0
DA:34,0
DA:35,0
DA:36,0
DA:40,0
LF:8
LH:0
BRDA:34,0,0,0
BRDA:34,0,1,0
BRF:2
BRH:0
end_of_record
TN:
SF:D:\FUTURE Program\PHASE 2\gotoba-fe\gotoba-fe-app\src\views\User\Restaurant\Restaurant.vue
FN:44,(anonymous_1)
FN:47,(anonymous_2)
FNF:2
FNH:0
FNDA:0,(anonymous_1)
FNDA:0,(anonymous_2)
DA:30,0
DA:31,0
DA:32,0
DA:45,0
DA:48,0
LF:5
LH:0
BRF:0
BRH:0
end_of_record
TN:
SF:D:\FUTURE Program\PHASE 2\gotoba-fe\gotoba-fe-app\src\views\User\Restaurant\RestaurantProfile.vue
FN:19,(anonymous_1)
FNF:1
FNH:0
FNDA:0,(anonymous_1)
DA:8,0
DA:9,0
DA:20,0
LF:3
LH:0
BRF:0
BRH:0
end_of_record
TN:
SF:D:\FUTURE Program\PHASE 2\gotoba-fe\gotoba-fe-app\src\views\User\Restaurant\RestaurantReview.vue
FN:19,(anonymous_1)
FN:25,(anonymous_2)
FNF:2
FNH:0
FNDA:0,(anonymous_1)
FNDA:0,(anonymous_2)
DA:8,0
DA:9,0
DA:20,0
DA:21,0
DA:26,0
DA:27,0
DA:29,0
LF:7
LH:0
BRF:0
BRH:0
end_of_record
TN:
SF:D:\FUTURE Program\PHASE 2\gotoba-fe\gotoba-fe-app\src\views\User\Review\Review.vue
FN:56,(anonymous_1)
FN:61,(anonymous_2)
FN:67,(anonymous_3)
FN:71,(anonymous_4)
FNF:4
FNH:0
FNDA:0,(anonymous_1)
FNDA:0,(anonymous_2)
FNDA:0,(anonymous_3)
FNDA:0,(anonymous_4)
DA:43,0
DA:44,0
DA:45,0
DA:57,0
DA:62,0
DA:67,0
DA:69,0
DA:70,0
DA:73,0
LF:9
LH:0
BRF:0
BRH:0
end_of_record
TN:
SF:D:\FUTURE Program\PHASE 2\gotoba-fe\gotoba-fe-app\src\views\User\Search\Search.vue
FN:37,(anonymous_1)
FN:52,(anonymous_2)
FN:56,(anonymous_3)
FN:59,(anonymous_4)
FNF:4
FNH:0
FNDA:0,(anonymous_1)
FNDA:0,(anonymous_2)
FNDA:0,(anonymous_3)
FNDA:0,(anonymous_4)
DA:26,0
DA:27,0
DA:28,0
DA:38,0
DA:53,0
DA:57,0
DA:60,0
LF:7
LH:0
BRF:0
BRH:0
end_of_record
TN:
SF:D:\FUTURE Program\PHASE 2\gotoba-fe\gotoba-fe-app\src\views\User\Ticket\ExpiredTicket.vue
FN:23,(anonymous_1)
FN:24,(anonymous_2)
FN:27,(anonymous_3)
FNF:3
FNH:0
FNDA:0,(anonymous_1)
FNDA:0,(anonymous_2)
FNDA:0,(anonymous_3)
DA:12,0
DA:13,0
DA:14,0
DA:24,0
DA:28,0
LF:5
LH:0
BRF:0
BRH:0
end_of_record
TN:
SF:D:\FUTURE Program\PHASE 2\gotoba-fe\gotoba-fe-app\src\views\User\Ticket\ShowQRCode.vue
FN:45,(anonymous_1)
FNF:1
FNH:0
FNDA:0,(anonymous_1)
DA:27,0
DA:28,0
DA:46,0
LF:3
LH:0
BRF:0
BRH:0
end_of_record
TN:
SF:D:\FUTURE Program\PHASE 2\gotoba-fe\gotoba-fe-app\src\views\User\Ticket\ValidTicket.vue
FN:23,(anonymous_1)
FN:24,(anonymous_2)
FN:27,(anonymous_3)
FNF:3
FNH:0
FNDA:0,(anonymous_1)
FNDA:0,(anonymous_2)
FNDA:0,(anonymous_3)
DA:12,0
DA:13,0
DA:14,0
DA:24,0
DA:28,0
LF:5
LH:0
BRF:0
BRH:0
end_of_record
TN:
SF:D:\FUTURE Program\PHASE 2\gotoba-fe\gotoba-fe-app\src\views\User\TourGuide\TourGuide.vue
FN:30,(anonymous_1)
FNF:1
FNH:0
FNDA:0,(anonymous_1)
DA:18,0
DA:19,0
DA:31,0
LF:3
LH:0
BRF:0
BRH:0
end_of_record
TN:
SF:D:\FUTURE Program\PHASE 2\gotoba-fe\gotoba-fe-app\src\views\User\TourGuide\TourGuideProfile.vue
FN:53,(anonymous_1)
FNF:1
FNH:0
FNDA:0,(anonymous_1)
DA:36,0
DA:37,0
DA:38,0
DA:39,0
DA:40,0
DA:54,0
DA:55,0
LF:7
LH:0
BRF:0
BRH:0
end_of_record
TN:
SF:D:\FUTURE Program\PHASE 2\gotoba-fe\gotoba-fe-app\src\views\User\TourGuide\TourGuideReview.vue
FN:19,(anonymous_1)
FN:25,(anonymous_2)
FNF:2
FNH:0
FNDA:0,(anonymous_1)
FNDA:0,(anonymous_2)
DA:8,0
DA:9,0
DA:20,0
DA:21,0
DA:26,0
DA:27,0
DA:29,0
LF:7
LH:0
BRF:0
BRH:0
end_of_record
