TN:
SF:D:\FUTURE Program\PHASE 2\gotoba-fe\gotoba-fe-app\src\App.vue
FN:35,(anonymous_1)
FNF:1
FNH:1
FNDA:1,(anonymous_1)
DA:13,1
DA:14,1
DA:15,1
DA:16,1
DA:17,1
DA:18,1
DA:19,1
DA:20,1
DA:36,1
LF:9
LH:9
BRDA:36,0,0,1
BRDA:36,0,1,0
BRF:2
BRH:1
end_of_record
TN:
SF:D:\FUTURE Program\PHASE 2\gotoba-fe\gotoba-fe-app\src\registerServiceWorker.js
FN:7,(anonymous_0)
FN:13,(anonymous_1)
FN:16,(anonymous_2)
FN:19,(anonymous_3)
FN:22,(anonymous_4)
FN:25,(anonymous_5)
FN:28,(anonymous_6)
FNF:7
FNH:0
FNDA:0,(anonymous_0)
FNDA:0,(anonymous_1)
FNDA:0,(anonymous_2)
FNDA:0,(anonymous_3)
FNDA:0,(anonymous_4)
FNDA:0,(anonymous_5)
FNDA:0,(anonymous_6)
DA:5,0
DA:6,0
DA:8,0
DA:14,0
DA:17,0
DA:20,0
DA:23,0
DA:26,0
DA:29,0
LF:9
LH:0
BRDA:5,0,0,0
BRDA:5,0,1,0
BRF:2
BRH:0
end_of_record
TN:
SF:D:\FUTURE Program\PHASE 2\gotoba-fe\gotoba-fe-app\src\api\api.js
FN:8,(anonymous_0)
FN:9,(anonymous_1)
FN:13,(anonymous_2)
FN:14,(anonymous_3)
FN:17,fetchGet
FN:32,fetchPost
FN:45,fetchPut
FN:58,fetchDelete
FN:72,(anonymous_8)
FN:75,(anonymous_9)
FN:78,(anonymous_10)
FN:81,(anonymous_11)
FN:84,(anonymous_12)
FN:91,(anonymous_13)
FN:94,(anonymous_14)
FN:97,(anonymous_15)
FN:100,(anonymous_16)
FN:103,(anonymous_17)
FN:106,(anonymous_18)
FN:113,(anonymous_19)
FN:116,(anonymous_20)
FN:119,(anonymous_21)
FN:126,(anonymous_22)
FN:133,(anonymous_23)
FN:136,(anonymous_24)
FN:139,(anonymous_25)
FN:142,(anonymous_26)
FN:145,(anonymous_27)
FN:152,(anonymous_28)
FN:155,(anonymous_29)
FN:158,(anonymous_30)
FN:161,(anonymous_31)
FN:164,(anonymous_32)
FN:167,(anonymous_33)
FN:174,(anonymous_34)
FN:177,(anonymous_35)
FN:180,(anonymous_36)
FN:183,(anonymous_37)
FN:186,(anonymous_38)
FN:189,(anonymous_39)
FN:192,(anonymous_40)
FN:195,(anonymous_41)
FN:198,(anonymous_42)
FN:201,(anonymous_43)
FN:204,(anonymous_44)
FN:211,(anonymous_45)
FN:214,(anonymous_46)
FN:217,(anonymous_47)
FN:220,(anonymous_48)
FN:223,(anonymous_49)
FN:226,(anonymous_50)
FN:233,(anonymous_51)
FN:236,(anonymous_52)
FN:239,(anonymous_53)
FN:242,(anonymous_54)
FN:245,(anonymous_55)
FN:252,(anonymous_56)
FN:255,(anonymous_57)
FN:258,(anonymous_58)
FN:261,(anonymous_59)
FN:264,(anonymous_60)
FN:271,(anonymous_61)
FN:274,(anonymous_62)
FN:279,(anonymous_63)
FN:290,(anonymous_64)
FN:293,(anonymous_65)
FN:296,(anonymous_66)
FN:299,(anonymous_67)
FN:302,(anonymous_68)
FN:305,(anonymous_69)
FN:308,(anonymous_70)
FN:311,(anonymous_71)
FN:314,(anonymous_72)
FN:321,(anonymous_73)
FN:324,(anonymous_74)
FN:327,(anonymous_75)
FN:330,(anonymous_76)
FN:333,(anonymous_77)
FN:336,(anonymous_78)
FN:339,(anonymous_79)
FN:342,(anonymous_80)
FN:345,(anonymous_81)
FN:348,(anonymous_82)
FN:355,(anonymous_83)
FN:358,(anonymous_84)
FN:361,(anonymous_85)
FN:364,(anonymous_86)
FN:367,(anonymous_87)
FN:370,(anonymous_88)
FN:373,(anonymous_89)
FN:376,(anonymous_90)
FN:379,(anonymous_91)
FNF:92
FNH:1
FNDA:0,(anonymous_0)
FNDA:0,(anonymous_1)
FNDA:0,(anonymous_2)
FNDA:0,(anonymous_3)
FNDA:0,fetchGet
FNDA:0,fetchPost
FNDA:0,fetchPut
FNDA:0,fetchDelete
FNDA:0,(anonymous_8)
FNDA:0,(anonymous_9)
FNDA:0,(anonymous_10)
FNDA:0,(anonymous_11)
FNDA:22,(anonymous_12)
FNDA:0,(anonymous_13)
FNDA:0,(anonymous_14)
FNDA:0,(anonymous_15)
FNDA:0,(anonymous_16)
FNDA:0,(anonymous_17)
FNDA:0,(anonymous_18)
FNDA:0,(anonymous_19)
FNDA:0,(anonymous_20)
FNDA:0,(anonymous_21)
FNDA:0,(anonymous_22)
FNDA:0,(anonymous_23)
FNDA:0,(anonymous_24)
FNDA:0,(anonymous_25)
FNDA:0,(anonymous_26)
FNDA:0,(anonymous_27)
FNDA:0,(anonymous_28)
FNDA:0,(anonymous_29)
FNDA:0,(anonymous_30)
FNDA:0,(anonymous_31)
FNDA:0,(anonymous_32)
FNDA:0,(anonymous_33)
FNDA:0,(anonymous_34)
FNDA:0,(anonymous_35)
FNDA:0,(anonymous_36)
FNDA:0,(anonymous_37)
FNDA:0,(anonymous_38)
FNDA:0,(anonymous_39)
FNDA:0,(anonymous_40)
FNDA:0,(anonymous_41)
FNDA:0,(anonymous_42)
FNDA:0,(anonymous_43)
FNDA:0,(anonymous_44)
FNDA:0,(anonymous_45)
FNDA:0,(anonymous_46)
FNDA:0,(anonymous_47)
FNDA:0,(anonymous_48)
FNDA:0,(anonymous_49)
FNDA:0,(anonymous_50)
FNDA:0,(anonymous_51)
FNDA:0,(anonymous_52)
FNDA:0,(anonymous_53)
FNDA:0,(anonymous_54)
FNDA:0,(anonymous_55)
FNDA:0,(anonymous_56)
FNDA:0,(anonymous_57)
FNDA:0,(anonymous_58)
FNDA:0,(anonymous_59)
FNDA:0,(anonymous_60)
FNDA:0,(anonymous_61)
FNDA:0,(anonymous_62)
FNDA:0,(anonymous_63)
FNDA:0,(anonymous_64)
FNDA:0,(anonymous_65)
FNDA:0,(anonymous_66)
FNDA:0,(anonymous_67)
FNDA:0,(anonymous_68)
FNDA:0,(anonymous_69)
FNDA:0,(anonymous_70)
FNDA:0,(anonymous_71)
FNDA:0,(anonymous_72)
FNDA:0,(anonymous_73)
FNDA:0,(anonymous_74)
FNDA:0,(anonymous_75)
FNDA:0,(anonymous_76)
FNDA:0,(anonymous_77)
FNDA:0,(anonymous_78)
FNDA:0,(anonymous_79)
FNDA:0,(anonymous_80)
FNDA:0,(anonymous_81)
FNDA:0,(anonymous_82)
FNDA:0,(anonymous_83)
FNDA:0,(anonymous_84)
FNDA:0,(anonymous_85)
FNDA:0,(anonymous_86)
FNDA:0,(anonymous_87)
FNDA:0,(anonymous_88)
FNDA:0,(anonymous_89)
FNDA:0,(anonymous_90)
FNDA:0,(anonymous_91)
DA:3,34
DA:4,34
DA:5,34
DA:7,34
DA:8,0
DA:9,0
DA:12,34
DA:13,0
DA:14,0
DA:20,0
DA:21,0
DA:24,0
DA:26,0
DA:29,0
DA:35,0
DA:36,0
DA:37,0
DA:39,0
DA:42,0
DA:48,0
DA:49,0
DA:50,0
DA:52,0
DA:55,0
DA:61,0
DA:62,0
DA:63,0
DA:65,0
DA:68,0
DA:73,0
DA:76,0
DA:79,0
DA:82,0
DA:85,22
DA:92,0
DA:95,0
DA:98,0
DA:101,0
DA:104,0
DA:107,0
DA:114,0
DA:117,0
DA:120,0
DA:127,0
DA:134,0
DA:137,0
DA:140,0
DA:143,0
DA:146,0
DA:153,0
DA:156,0
DA:159,0
DA:162,0
DA:165,0
DA:168,0
DA:175,0
DA:178,0
DA:181,0
DA:184,0
DA:187,0
DA:190,0
DA:193,0
DA:196,0
DA:199,0
DA:202,0
DA:205,0
DA:212,0
DA:215,0
DA:218,0
DA:221,0
DA:224,0
DA:227,0
DA:234,0
DA:237,0
DA:240,0
DA:243,0
DA:246,0
DA:253,0
DA:256,0
DA:259,0
DA:262,0
DA:265,0
DA:272,0
DA:275,0
DA:277,0
DA:280,0
DA:283,0
DA:284,0
DA:291,0
DA:294,0
DA:297,0
DA:300,0
DA:303,0
DA:306,0
DA:309,0
DA:312,0
DA:315,0
DA:322,0
DA:325,0
DA:328,0
DA:331,0
DA:334,0
DA:337,0
DA:340,0
DA:343,0
DA:346,0
DA:349,0
DA:356,0
DA:359,0
DA:362,0
DA:365,0
DA:368,0
DA:371,0
DA:374,0
DA:377,0
DA:380,0
LF:116
LH:6
BRF:0
BRH:0
end_of_record
TN:
SF:D:\FUTURE Program\PHASE 2\gotoba-fe\gotoba-fe-app\src\components\Admin\Breadcrumb\Breadcrumb.vue
FN:11,(anonymous_1)
FN:18,(anonymous_2)
FNF:2
FNH:2
FNDA:1,(anonymous_1)
FNDA:1,(anonymous_2)
DA:6,1
DA:12,1
DA:13,1
DA:15,1
DA:16,1
DA:18,1
DA:19,1
DA:24,1
DA:27,1
DA:32,1
LF:10
LH:10
BRDA:21,0,0,1
BRDA:21,0,1,0
BRF:2
BRH:1
end_of_record
TN:
SF:D:\FUTURE Program\PHASE 2\gotoba-fe\gotoba-fe-app\src\components\Admin\Card\DataCard.vue
FN:72,(anonymous_1)
FN:75,(anonymous_2)
FN:76,(anonymous_3)
FNF:3
FNH:3
FNDA:2,(anonymous_1)
FNDA:1,(anonymous_2)
FNDA:2,(anonymous_3)
DA:59,10
DA:60,10
DA:73,2
DA:76,3
LF:4
LH:4
BRF:0
BRH:0
end_of_record
TN:
SF:D:\FUTURE Program\PHASE 2\gotoba-fe\gotoba-fe-app\src\components\Admin\Card\GalleryCard.vue
FN:29,(anonymous_1)
FN:32,(anonymous_2)
FNF:2
FNH:2
FNDA:2,(anonymous_1)
FNDA:2,(anonymous_2)
DA:19,3
DA:30,2
DA:33,2
LF:3
LH:3
BRF:0
BRH:0
end_of_record
TN:
SF:D:\FUTURE Program\PHASE 2\gotoba-fe\gotoba-fe-app\src\components\Admin\Card\InfoCard.vue
FN:23,(anonymous_1)
FNF:1
FNH:0
FNDA:0,(anonymous_1)
DA:24,0
LF:1
LH:0
BRF:0
BRH:0
end_of_record
TN:
SF:D:\FUTURE Program\PHASE 2\gotoba-fe\gotoba-fe-app\src\components\Admin\Card\ItineraryCard.vue
FN:33,(anonymous_1)
FN:42,(anonymous_2)
FNF:2
FNH:2
FNDA:2,(anonymous_1)
FNDA:2,(anonymous_2)
DA:21,3
DA:22,3
DA:34,2
DA:43,2
LF:4
LH:4
BRDA:39,0,0,2
BRDA:39,0,1,2
BRF:2
BRH:2
end_of_record
TN:
SF:D:\FUTURE Program\PHASE 2\gotoba-fe\gotoba-fe-app\src\components\Admin\Card\RestaurantCard.vue
FN:21,(anonymous_1)
FN:29,(anonymous_2)
FNF:2
FNH:2
FNDA:2,(anonymous_1)
FNDA:2,(anonymous_2)
DA:10,3
DA:22,2
DA:30,2
LF:3
LH:3
BRDA:26,0,0,2
BRDA:26,0,1,2
BRF:2
BRH:2
end_of_record
TN:
SF:D:\FUTURE Program\PHASE 2\gotoba-fe\gotoba-fe-app\src\components\Admin\Card\TourGuideCard.vue
FN:21,(anonymous_1)
FN:29,(anonymous_2)
FNF:2
FNH:2
FNDA:1,(anonymous_1)
FNDA:1,(anonymous_2)
DA:10,3
DA:22,1
DA:30,1
LF:3
LH:3
BRF:0
BRH:0
end_of_record
TN:
SF:D:\FUTURE Program\PHASE 2\gotoba-fe\gotoba-fe-app\src\components\Admin\Chart\DoughnutChart.vue
FN:7,(anonymous_1)
FN:29,(anonymous_2)
FN:34,(anonymous_3)
FN:38,(anonymous_4)
FNF:4
FNH:0
FNDA:0,(anonymous_1)
FNDA:0,(anonymous_2)
FNDA:0,(anonymous_3)
FNDA:0,(anonymous_4)
DA:2,0
DA:8,0
DA:30,0
DA:35,0
DA:39,0
LF:5
LH:0
BRF:0
BRH:0
end_of_record
TN:
SF:D:\FUTURE Program\PHASE 2\gotoba-fe\gotoba-fe-app\src\components\Admin\Chart\LineChart.vue
FN:7,(anonymous_1)
FN:37,(anonymous_2)
FN:42,(anonymous_3)
FN:46,(anonymous_4)
FNF:4
FNH:0
FNDA:0,(anonymous_1)
FNDA:0,(anonymous_2)
FNDA:0,(anonymous_3)
FNDA:0,(anonymous_4)
DA:2,0
DA:8,0
DA:38,0
DA:43,0
DA:47,0
LF:5
LH:0
BRF:0
BRH:0
end_of_record
TN:
SF:D:\FUTURE Program\PHASE 2\gotoba-fe\gotoba-fe-app\src\components\Admin\Data\GalleryCardGroup.vue
FN:29,(anonymous_1)
FNF:1
FNH:1
FNDA:2,(anonymous_1)
DA:16,2
DA:30,2
LF:2
LH:2
BRF:0
BRH:0
end_of_record
TN:
SF:D:\FUTURE Program\PHASE 2\gotoba-fe\gotoba-fe-app\src\components\Admin\Data\ItineraryCardGroup.vue
FN:27,(anonymous_1)
FNF:1
FNH:1
FNDA:1,(anonymous_1)
DA:14,2
DA:28,1
LF:2
LH:2
BRF:0
BRH:0
end_of_record
TN:
SF:D:\FUTURE Program\PHASE 2\gotoba-fe\gotoba-fe-app\src\components\Admin\Data\RestaurantCardGroup.vue
FN:27,(anonymous_1)
FNF:1
FNH:1
FNDA:1,(anonymous_1)
DA:14,2
DA:28,1
LF:2
LH:2
BRF:0
BRH:0
end_of_record
TN:
SF:D:\FUTURE Program\PHASE 2\gotoba-fe\gotoba-fe-app\src\components\Admin\Data\ShowDataCount.vue
FN:24,(anonymous_1)
FN:31,(anonymous_2)
FNF:2
FNH:2
FNDA:1,(anonymous_1)
FNDA:1,(anonymous_2)
DA:25,1
DA:32,1
LF:2
LH:2
BRF:0
BRH:0
end_of_record
TN:
SF:D:\FUTURE Program\PHASE 2\gotoba-fe\gotoba-fe-app\src\components\Admin\Data\TourGuideCardGroup.vue
FN:27,(anonymous_1)
FNF:1
FNH:1
FNDA:1,(anonymous_1)
DA:14,2
DA:28,1
DA:29,1
LF:3
LH:3
BRF:0
BRH:0
end_of_record
TN:
SF:D:\FUTURE Program\PHASE 2\gotoba-fe\gotoba-fe-app\src\components\Admin\Data\UserTableData.vue
FNF:0
FNH:0
DA:36,2
LF:1
LH:1
BRF:0
BRH:0
end_of_record
TN:
SF:D:\FUTURE Program\PHASE 2\gotoba-fe\gotoba-fe-app\src\components\Admin\MenuInfo\MenuInfo.vue
FN:16,(anonymous_1)
FNF:1
FNH:1
FNDA:1,(anonymous_1)
DA:17,1
LF:1
LH:1
BRF:0
BRH:0
end_of_record
TN:
SF:D:\FUTURE Program\PHASE 2\gotoba-fe\gotoba-fe-app\src\components\Admin\Modal\ItineraryModal.vue
FN:261,(anonymous_1)
FN:268,(anonymous_2)
FN:285,(anonymous_3)
FN:294,(anonymous_4)
FN:301,(anonymous_5)
FN:310,(anonymous_6)
FN:317,(anonymous_7)
FN:324,(anonymous_8)
FN:328,(anonymous_9)
FN:331,(anonymous_10)
FN:337,(anonymous_11)
FN:341,(anonymous_12)
FN:343,(anonymous_13)
FN:345,(anonymous_14)
FN:347,(anonymous_15)
FN:355,(anonymous_16)
FN:356,(anonymous_17)
FN:360,(anonymous_18)
FN:364,(anonymous_19)
FN:368,(anonymous_20)
FN:373,(anonymous_21)
FNF:21
FNH:0
FNDA:0,(anonymous_1)
FNDA:0,(anonymous_2)
FNDA:0,(anonymous_3)
FNDA:0,(anonymous_4)
FNDA:0,(anonymous_5)
FNDA:0,(anonymous_6)
FNDA:0,(anonymous_7)
FNDA:0,(anonymous_8)
FNDA:0,(anonymous_9)
FNDA:0,(anonymous_10)
FNDA:0,(anonymous_11)
FNDA:0,(anonymous_12)
FNDA:0,(anonymous_13)
FNDA:0,(anonymous_14)
FNDA:0,(anonymous_15)
FNDA:0,(anonymous_16)
FNDA:0,(anonymous_17)
FNDA:0,(anonymous_18)
FNDA:0,(anonymous_19)
FNDA:0,(anonymous_20)
FNDA:0,(anonymous_21)
DA:249,1
DA:250,1
DA:251,1
DA:252,1
DA:253,1
DA:254,1
DA:262,0
DA:263,0
DA:265,0
DA:269,0
DA:286,0
DA:287,0
DA:289,0
DA:290,0
DA:293,0
DA:294,0
DA:296,0
DA:297,0
DA:298,0
DA:300,0
DA:303,0
DA:304,0
DA:307,0
DA:310,0
DA:312,0
DA:313,0
DA:314,0
DA:316,0
DA:319,0
DA:320,0
DA:325,0
DA:327,0
DA:328,0
DA:330,0
DA:333,0
DA:338,0
DA:342,0
DA:343,0
DA:345,0
DA:346,0
DA:349,0
DA:350,0
DA:356,0
DA:357,0
DA:358,0
DA:360,0
DA:362,0
DA:363,0
DA:366,0
DA:369,0
DA:374,0
LF:51
LH:6
BRDA:262,0,0,0
BRDA:262,0,1,0
BRDA:289,1,0,0
BRDA:289,1,1,0
BRDA:289,2,0,0
BRDA:289,2,1,0
BRDA:289,2,2,0
BRDA:293,3,0,0
BRDA:293,3,1,0
BRDA:296,4,0,0
BRDA:296,4,1,0
BRDA:312,5,0,0
BRDA:312,5,1,0
BRDA:327,6,0,0
BRDA:327,6,1,0
BRDA:327,7,0,0
BRDA:327,7,1,0
BRDA:342,8,0,0
BRDA:342,8,1,0
BRF:19
BRH:0
end_of_record
TN:
SF:D:\FUTURE Program\PHASE 2\gotoba-fe\gotoba-fe-app\src\components\Admin\Modal\PhotoModal.vue
FN:111,(anonymous_1)
FN:124,(anonymous_2)
FN:138,(anonymous_3)
FN:152,(anonymous_4)
FN:159,(anonymous_5)
FN:168,(anonymous_6)
FN:175,(anonymous_7)
FN:182,(anonymous_8)
FN:186,(anonymous_9)
FN:189,(anonymous_10)
FN:197,(anonymous_11)
FN:202,(anonymous_12)
FNF:12
FNH:6
FNDA:14,(anonymous_1)
FNDA:14,(anonymous_2)
FNDA:7,(anonymous_3)
FNDA:0,(anonymous_4)
FNDA:0,(anonymous_5)
FNDA:0,(anonymous_6)
FNDA:0,(anonymous_7)
FNDA:3,(anonymous_8)
FNDA:1,(anonymous_9)
FNDA:1,(anonymous_10)
FNDA:0,(anonymous_11)
FNDA:0,(anonymous_12)
DA:100,2
DA:101,2
DA:102,2
DA:103,2
DA:104,2
DA:112,14
DA:113,2
DA:115,12
DA:125,14
DA:139,7
DA:147,7
DA:148,7
DA:151,0
DA:152,0
DA:154,0
DA:155,0
DA:156,0
DA:158,0
DA:161,0
DA:162,0
DA:165,0
DA:168,0
DA:170,0
DA:171,0
DA:172,0
DA:174,0
DA:177,0
DA:178,0
DA:183,3
DA:185,3
DA:186,2
DA:188,1
DA:191,1
DA:192,1
DA:198,0
DA:203,0
LF:36
LH:18
BRDA:112,0,0,2
BRDA:112,0,1,12
BRDA:147,1,0,7
BRDA:147,1,1,0
BRDA:147,2,0,7
BRDA:147,2,1,0
BRDA:151,3,0,0
BRDA:151,3,1,0
BRDA:154,4,0,0
BRDA:154,4,1,0
BRDA:170,5,0,0
BRDA:170,5,1,0
BRDA:185,6,0,2
BRDA:185,6,1,1
BRDA:185,7,0,3
BRDA:185,7,1,2
BRF:16
BRH:8
end_of_record
TN:
SF:D:\FUTURE Program\PHASE 2\gotoba-fe\gotoba-fe-app\src\components\Admin\Modal\TourGuideModal.vue
FN:380,(anonymous_1)
FN:387,(anonymous_2)
FN:421,(anonymous_3)
FN:426,(anonymous_4)
FN:430,(anonymous_5)
FN:439,(anonymous_6)
FN:443,(anonymous_7)
FN:450,(anonymous_8)
FN:454,(anonymous_9)
FN:457,(anonymous_10)
FN:464,(anonymous_11)
FN:468,(anonymous_12)
FN:470,(anonymous_13)
FN:472,(anonymous_14)
FN:474,(anonymous_15)
FN:483,(anonymous_16)
FNF:16
FNH:0
FNDA:0,(anonymous_1)
FNDA:0,(anonymous_2)
FNDA:0,(anonymous_3)
FNDA:0,(anonymous_4)
FNDA:0,(anonymous_5)
FNDA:0,(anonymous_6)
FNDA:0,(anonymous_7)
FNDA:0,(anonymous_8)
FNDA:0,(anonymous_9)
FNDA:0,(anonymous_10)
FNDA:0,(anonymous_11)
FNDA:0,(anonymous_12)
FNDA:0,(anonymous_13)
FNDA:0,(anonymous_14)
FNDA:0,(anonymous_15)
FNDA:0,(anonymous_16)
DA:369,1
DA:370,1
DA:371,1
DA:372,1
DA:373,1
DA:381,0
DA:382,0
DA:384,0
DA:388,0
DA:422,0
DA:424,0
DA:425,0
DA:426,0
DA:428,0
DA:429,0
DA:432,0
DA:433,0
DA:436,0
DA:439,0
DA:441,0
DA:442,0
DA:445,0
DA:446,0
DA:451,0
DA:453,0
DA:454,0
DA:456,0
DA:459,0
DA:465,0
DA:469,0
DA:470,0
DA:472,0
DA:473,0
DA:476,0
DA:477,0
DA:484,0
LF:36
LH:5
BRDA:381,0,0,0
BRDA:381,0,1,0
BRDA:425,1,0,0
BRDA:425,1,1,0
BRDA:453,2,0,0
BRDA:453,2,1,0
BRDA:453,3,0,0
BRDA:453,3,1,0
BRDA:469,4,0,0
BRDA:469,4,1,0
BRF:10
BRH:0
end_of_record
TN:
SF:D:\FUTURE Program\PHASE 2\gotoba-fe\gotoba-fe-app\src\components\Admin\Search\Search.vue
FN:22,(anonymous_1)
FNF:1
FNH:0
FNDA:0,(anonymous_1)
DA:23,0
LF:1
LH:0
BRF:0
BRH:0
end_of_record
TN:
SF:D:\FUTURE Program\PHASE 2\gotoba-fe\gotoba-fe-app\src\components\Admin\Sidebar\Sidebar.vue
FN:60,(anonymous_1)
FN:105,(anonymous_2)
FN:109,(anonymous_3)
FNF:3
FNH:3
FNDA:3,(anonymous_1)
FNDA:1,(anonymous_2)
FNDA:3,(anonymous_3)
DA:52,1
DA:53,1
DA:61,3
DA:106,1
DA:107,1
DA:110,3
DA:111,3
LF:7
LH:7
BRF:0
BRH:0
end_of_record
TN:
SF:D:\FUTURE Program\PHASE 2\gotoba-fe\gotoba-fe-app\src\components\Merchant\Card\CardMedia.vue
FN:29,(anonymous_1)
FNF:1
FNH:1
FNDA:1,(anonymous_1)
DA:21,1
DA:30,1
LF:2
LH:2
BRF:0
BRH:0
end_of_record
TN:
SF:D:\FUTURE Program\PHASE 2\gotoba-fe\gotoba-fe-app\src\components\Merchant\Card\CardPromotion.vue
FNF:0
FNH:0
DA:23,0
DA:24,0
LF:2
LH:0
BRF:0
BRH:0
end_of_record
TN:
SF:D:\FUTURE Program\PHASE 2\gotoba-fe\gotoba-fe-app\src\components\Merchant\Card\CardRestaurantMenu.vue
FN:41,(anonymous_1)
FNF:1
FNH:1
FNDA:1,(anonymous_1)
DA:33,3
DA:42,1
LF:2
LH:2
BRF:0
BRH:0
end_of_record
TN:
SF:D:\FUTURE Program\PHASE 2\gotoba-fe\gotoba-fe-app\src\components\Merchant\Card\CardScanResult.vue
FN:29,(anonymous_1)
FN:32,(anonymous_2)
FNF:2
FNH:0
FNDA:0,(anonymous_1)
FNDA:0,(anonymous_2)
DA:17,0
DA:18,0
DA:30,0
DA:33,0
LF:4
LH:0
BRF:0
BRH:0
end_of_record
TN:
SF:D:\FUTURE Program\PHASE 2\gotoba-fe\gotoba-fe-app\src\components\Merchant\Card\CardSpot.vue
FN:36,(anonymous_1)
FNF:1
FNH:1
FNDA:1,(anonymous_1)
DA:27,2
DA:28,2
DA:37,1
LF:3
LH:3
BRF:0
BRH:0
end_of_record
TN:
SF:D:\FUTURE Program\PHASE 2\gotoba-fe\gotoba-fe-app\src\components\Merchant\Data\RestaurantMenuCardGroup.vue
FNF:0
FNH:0
DA:12,2
LF:1
LH:1
BRF:0
BRH:0
end_of_record
TN:
SF:D:\FUTURE Program\PHASE 2\gotoba-fe\gotoba-fe-app\src\components\Merchant\Data\SpotCardGroup.vue
FN:27,(anonymous_1)
FNF:1
FNH:1
FNDA:2,(anonymous_1)
DA:16,1
DA:28,2
LF:2
LH:2
BRF:0
BRH:0
end_of_record
TN:
SF:D:\FUTURE Program\PHASE 2\gotoba-fe\gotoba-fe-app\src\components\Merchant\Modal\MenuModal.vue
FN:146,(anonymous_1)
FN:153,(anonymous_2)
FN:168,(anonymous_3)
FN:181,(anonymous_4)
FN:185,(anonymous_5)
FN:193,(anonymous_6)
FN:197,(anonymous_7)
FN:203,(anonymous_8)
FN:207,(anonymous_9)
FN:210,(anonymous_10)
FN:217,(anonymous_11)
FNF:11
FNH:0
FNDA:0,(anonymous_1)
FNDA:0,(anonymous_2)
FNDA:0,(anonymous_3)
FNDA:0,(anonymous_4)
FNDA:0,(anonymous_5)
FNDA:0,(anonymous_6)
FNDA:0,(anonymous_7)
FNDA:0,(anonymous_8)
FNDA:0,(anonymous_9)
FNDA:0,(anonymous_10)
FNDA:0,(anonymous_11)
DA:130,0
DA:131,0
DA:132,0
DA:133,0
DA:147,0
DA:148,0
DA:150,0
DA:154,0
DA:169,0
DA:171,0
DA:177,0
DA:180,0
DA:181,0
DA:183,0
DA:184,0
DA:187,0
DA:190,0
DA:193,0
DA:195,0
DA:196,0
DA:199,0
DA:204,0
DA:206,0
DA:207,0
DA:209,0
DA:212,0
DA:218,0
LF:27
LH:0
BRDA:147,0,0,0
BRDA:147,0,1,0
BRDA:171,1,0,0
BRDA:171,1,1,0
BRDA:171,2,0,0
BRDA:171,2,1,0
BRDA:171,2,2,0
BRDA:171,2,3,0
BRDA:180,3,0,0
BRDA:180,3,1,0
BRDA:206,4,0,0
BRDA:206,4,1,0
BRDA:206,5,0,0
BRDA:206,5,1,0
BRF:14
BRH:0
end_of_record
TN:
SF:D:\FUTURE Program\PHASE 2\gotoba-fe\gotoba-fe-app\src\components\Merchant\Modal\PromotionModal.vue
FN:217,(anonymous_1)
FN:224,(anonymous_2)
FN:248,(anonymous_3)
FN:262,(anonymous_4)
FN:265,(anonymous_5)
FN:273,(anonymous_6)
FN:276,(anonymous_7)
FN:282,(anonymous_8)
FN:286,(anonymous_9)
FN:289,(anonymous_10)
FN:295,(anonymous_11)
FN:299,(anonymous_12)
FNF:12
FNH:0
FNDA:0,(anonymous_1)
FNDA:0,(anonymous_2)
FNDA:0,(anonymous_3)
FNDA:0,(anonymous_4)
FNDA:0,(anonymous_5)
FNDA:0,(anonymous_6)
FNDA:0,(anonymous_7)
FNDA:0,(anonymous_8)
FNDA:0,(anonymous_9)
FNDA:0,(anonymous_10)
FNDA:0,(anonymous_11)
FNDA:0,(anonymous_12)
DA:207,0
DA:208,0
DA:209,0
DA:210,0
DA:218,0
DA:219,0
DA:221,0
DA:225,0
DA:249,0
DA:251,0
DA:258,0
DA:261,0
DA:262,0
DA:264,0
DA:267,0
DA:270,0
DA:273,0
DA:275,0
DA:278,0
DA:283,0
DA:285,0
DA:286,0
DA:288,0
DA:291,0
DA:296,0
DA:300,0
LF:26
LH:0
BRDA:218,0,0,0
BRDA:218,0,1,0
BRDA:251,1,0,0
BRDA:251,1,1,0
BRDA:251,2,0,0
BRDA:251,2,1,0
BRDA:251,2,2,0
BRDA:251,2,3,0
BRDA:251,2,4,0
BRDA:251,2,5,0
BRDA:251,2,6,0
BRDA:261,3,0,0
BRDA:261,3,1,0
BRDA:285,4,0,0
BRDA:285,4,1,0
BRDA:285,5,0,0
BRDA:285,5,1,0
BRF:17
BRH:0
end_of_record
TN:
SF:D:\FUTURE Program\PHASE 2\gotoba-fe\gotoba-fe-app\src\components\Partial\Alert.vue
FN:25,(anonymous_1)
FN:28,(anonymous_2)
FNF:2
FNH:2
FNDA:4,(anonymous_1)
FNDA:1,(anonymous_2)
DA:18,2
DA:26,4
DA:29,1
LF:3
LH:3
BRF:0
BRH:0
end_of_record
TN:
SF:D:\FUTURE Program\PHASE 2\gotoba-fe\gotoba-fe-app\src\components\Partial\IconsCustom.vue
FNF:0
FNH:0
DA:2,0
DA:4,0
DA:20,0
DA:33,0
DA:46,0
DA:63,0
LF:6
LH:0
BRF:0
BRH:0
end_of_record
TN:
SF:D:\FUTURE Program\PHASE 2\gotoba-fe\gotoba-fe-app\src\components\Partial\NavigationBack.vue
FN:22,(anonymous_1)
FN:27,(anonymous_2)
FNF:2
FNH:2
FNDA:2,(anonymous_1)
FNDA:1,(anonymous_2)
DA:23,2
DA:28,1
LF:2
LH:2
BRF:0
BRH:0
end_of_record
TN:
SF:D:\FUTURE Program\PHASE 2\gotoba-fe\gotoba-fe-app\src\components\Partial\Pagination.vue
FN:31,(anonymous_1)
FN:37,(anonymous_2)
FNF:2
FNH:2
FNDA:1,(anonymous_1)
FNDA:1,(anonymous_2)
DA:32,1
DA:38,1
LF:2
LH:2
BRF:0
BRH:0
end_of_record
TN:
SF:D:\FUTURE Program\PHASE 2\gotoba-fe\gotoba-fe-app\src\components\Partial\Timeline.vue
FN:75,(anonymous_1)
FN:78,(anonymous_2)
FN:82,(anonymous_3)
FN:83,(anonymous_4)
FN:86,(anonymous_5)
FN:95,(anonymous_6)
FN:119,(anonymous_7)
FNF:7
FNH:0
FNDA:0,(anonymous_1)
FNDA:0,(anonymous_2)
FNDA:0,(anonymous_3)
FNDA:0,(anonymous_4)
FNDA:0,(anonymous_5)
FNDA:0,(anonymous_6)
FNDA:0,(anonymous_7)
DA:57,0
DA:58,0
DA:76,0
DA:79,0
DA:83,0
DA:87,0
DA:96,0
DA:110,0
DA:111,0
DA:114,0
DA:115,0
DA:116,0
DA:117,0
DA:120,0
LF:14
LH:0
BRDA:110,0,0,0
BRDA:110,0,1,0
BRDA:110,1,0,0
BRDA:110,1,1,0
BRF:4
BRH:0
end_of_record
TN:
SF:D:\FUTURE Program\PHASE 2\gotoba-fe\gotoba-fe-app\src\components\Partial\Toast.vue
FN:24,(anonymous_1)
FN:27,(anonymous_2)
FNF:2
FNH:2
FNDA:3,(anonymous_1)
FNDA:1,(anonymous_2)
DA:17,2
DA:25,3
DA:28,1
LF:3
LH:3
BRF:0
BRH:0
end_of_record
TN:
SF:D:\FUTURE Program\PHASE 2\gotoba-fe\gotoba-fe-app\src\components\User\CardInfoDetail.vue
FN:70,(anonymous_1)
FN:73,(anonymous_2)
FN:76,(anonymous_3)
FN:79,(anonymous_4)
FN:82,(anonymous_5)
FNF:5
FNH:0
FNDA:0,(anonymous_1)
FNDA:0,(anonymous_2)
FNDA:0,(anonymous_3)
FNDA:0,(anonymous_4)
FNDA:0,(anonymous_5)
DA:61,0
DA:62,0
DA:71,0
DA:74,0
DA:77,0
DA:80,0
DA:83,0
LF:7
LH:0
BRF:0
BRH:0
end_of_record
TN:
SF:D:\FUTURE Program\PHASE 2\gotoba-fe\gotoba-fe-app\src\components\User\CardPromotion.vue
FN:34,(anonymous_1)
FN:37,(anonymous_2)
FNF:2
FNH:0
FNDA:0,(anonymous_1)
FNDA:0,(anonymous_2)
DA:22,3
DA:35,0
DA:38,0
LF:3
LH:1
BRF:0
BRH:0
end_of_record
TN:
SF:D:\FUTURE Program\PHASE 2\gotoba-fe\gotoba-fe-app\src\components\User\OrderItems.vue
FN:57,(anonymous_1)
FN:60,(anonymous_2)
FN:63,(anonymous_3)
FN:66,(anonymous_4)
FNF:4
FNH:0
FNDA:0,(anonymous_1)
FNDA:0,(anonymous_2)
FNDA:0,(anonymous_3)
FNDA:0,(anonymous_4)
DA:41,0
DA:42,0
DA:58,0
DA:61,0
DA:64,0
DA:67,0
DA:69,0
DA:70,0
DA:73,0
LF:9
LH:0
BRDA:69,0,0,0
BRDA:69,0,1,0
BRF:2
BRH:0
end_of_record
TN:
SF:D:\FUTURE Program\PHASE 2\gotoba-fe\gotoba-fe-app\src\components\User\History\CardHistory.vue
FN:32,(anonymous_1)
FN:35,(anonymous_2)
FN:40,(anonymous_3)
FNF:3
FNH:3
FNDA:3,(anonymous_1)
FNDA:3,(anonymous_2)
FNDA:1,(anonymous_3)
DA:24,1
DA:33,3
DA:36,3
DA:41,1
LF:4
LH:4
BRF:0
BRH:0
end_of_record
TN:
SF:D:\FUTURE Program\PHASE 2\gotoba-fe\gotoba-fe-app\src\components\User\History\CardHistoryGroup.vue
FN:25,(anonymous_1)
FN:27,(anonymous_2)
FNF:2
FNH:0
FNDA:0,(anonymous_1)
FNDA:0,(anonymous_2)
DA:14,0
DA:26,0
DA:27,0
DA:28,0
DA:29,0
DA:30,0
DA:32,0
DA:35,0
LF:8
LH:0
BRDA:29,0,0,0
BRDA:29,0,1,0
BRF:2
BRH:0
end_of_record
TN:
SF:D:\FUTURE Program\PHASE 2\gotoba-fe\gotoba-fe-app\src\components\User\Home\CardHome.vue
FN:41,(anonymous_1)
FNF:1
FNH:1
FNDA:1,(anonymous_1)
DA:26,3
DA:27,3
DA:42,1
LF:3
LH:3
BRF:0
BRH:0
end_of_record
TN:
SF:D:\FUTURE Program\PHASE 2\gotoba-fe\gotoba-fe-app\src\components\User\Home\CardHomeLong.vue
FN:33,(anonymous_1)
FN:36,(anonymous_2)
FN:42,(anonymous_3)
FNF:3
FNH:3
FNDA:3,(anonymous_1)
FNDA:3,(anonymous_2)
FNDA:3,(anonymous_3)
DA:24,4
DA:25,4
DA:34,3
DA:37,3
DA:38,3
DA:39,3
DA:40,3
DA:43,3
LF:8
LH:8
BRF:0
BRH:0
end_of_record
TN:
SF:D:\FUTURE Program\PHASE 2\gotoba-fe\gotoba-fe-app\src\components\User\Home\CardTicketPromotion.vue
FN:37,(anonymous_1)
FN:40,(anonymous_2)
FN:44,(anonymous_3)
FN:47,(anonymous_4)
FNF:4
FNH:4
FNDA:4,(anonymous_1)
FNDA:4,(anonymous_2)
FNDA:4,(anonymous_3)
FNDA:4,(anonymous_4)
DA:23,1
DA:24,1
DA:38,4
DA:41,4
DA:42,4
DA:45,4
DA:48,4
LF:7
LH:7
BRF:0
BRH:0
end_of_record
TN:
SF:D:\FUTURE Program\PHASE 2\gotoba-fe\gotoba-fe-app\src\components\User\Home\GalleryGroup.vue
FN:37,(anonymous_1)
FN:49,(anonymous_2)
FN:50,(anonymous_3)
FN:53,(anonymous_4)
FNF:4
FNH:0
FNDA:0,(anonymous_1)
FNDA:0,(anonymous_2)
FNDA:0,(anonymous_3)
FNDA:0,(anonymous_4)
DA:28,0
DA:29,0
DA:38,0
DA:39,0
DA:41,0
DA:42,0
DA:44,0
DA:45,0
DA:47,0
DA:50,0
DA:54,0
LF:11
LH:0
BRDA:41,0,0,0
BRDA:41,0,1,0
BRDA:44,1,0,0
BRDA:44,1,1,0
BRF:4
BRH:0
end_of_record
TN:
SF:D:\FUTURE Program\PHASE 2\gotoba-fe\gotoba-fe-app\src\components\User\Home\GalleryHome.vue
FN:50,(anonymous_1)
FN:51,(anonymous_2)
FN:54,(anonymous_3)
FN:87,(anonymous_4)
FNF:4
FNH:0
FNDA:0,(anonymous_1)
FNDA:0,(anonymous_2)
FNDA:0,(anonymous_3)
FNDA:0,(anonymous_4)
DA:38,0
DA:39,0
DA:51,0
DA:55,0
DA:88,0
DA:89,0
LF:6
LH:0
BRF:0
BRH:0
end_of_record
TN:
SF:D:\FUTURE Program\PHASE 2\gotoba-fe\gotoba-fe-app\src\components\User\Itinerary\ChooseDateCalendar.vue
FN:50,(anonymous_1)
FN:60,(anonymous_2)
FN:66,(anonymous_3)
FN:70,(anonymous_4)
FN:73,(anonymous_5)
FN:81,(anonymous_6)
FN:84,(anonymous_7)
FN:87,(anonymous_8)
FNF:8
FNH:0
FNDA:0,(anonymous_1)
FNDA:0,(anonymous_2)
FNDA:0,(anonymous_3)
FNDA:0,(anonymous_4)
FNDA:0,(anonymous_5)
FNDA:0,(anonymous_6)
FNDA:0,(anonymous_7)
FNDA:0,(anonymous_8)
DA:44,0
DA:45,0
DA:46,0
DA:51,0
DA:61,0
DA:62,0
DA:64,0
DA:67,0
DA:71,0
DA:74,0
DA:82,0
DA:85,0
DA:88,0
LF:13
LH:0
BRF:0
BRH:0
end_of_record
TN:
SF:D:\FUTURE Program\PHASE 2\gotoba-fe\gotoba-fe-app\src\components\User\Itinerary\ItineraryPlan.vue
FNF:0
FNH:0
DA:36,0
LF:1
LH:0
BRF:0
BRH:0
end_of_record
TN:
SF:D:\FUTURE Program\PHASE 2\gotoba-fe\gotoba-fe-app\src\components\User\Itinerary\PdfModal.vue
FN:52,(anonymous_1)
FN:67,(anonymous_2)
FNF:2
FNH:0
FNDA:0,(anonymous_1)
FNDA:0,(anonymous_2)
DA:47,0
DA:48,0
DA:53,0
DA:69,0
DA:70,0
DA:71,0
DA:72,0
DA:77,0
DA:78,0
DA:79,0
DA:81,0
DA:82,0
DA:83,0
DA:85,0
DA:107,0
DA:111,0
DA:112,0
DA:113,0
DA:114,0
DA:115,0
DA:123,0
LF:21
LH:0
BRF:0
BRH:0
end_of_record
TN:
SF:D:\FUTURE Program\PHASE 2\gotoba-fe\gotoba-fe-app\src\components\User\Itinerary\SelectDestinationAutocomplete.vue
FN:44,(anonymous_1)
FN:51,(anonymous_2)
FN:52,(anonymous_3)
FN:68,(anonymous_4)
FN:71,(anonymous_5)
FNF:5
FNH:0
FNDA:0,(anonymous_1)
FNDA:0,(anonymous_2)
FNDA:0,(anonymous_3)
FNDA:0,(anonymous_4)
FNDA:0,(anonymous_5)
DA:36,0
DA:37,0
DA:45,0
DA:52,0
DA:69,0
DA:72,0
DA:73,0
LF:7
LH:0
BRDA:52,0,0,0
BRDA:52,0,1,0
BRF:2
BRH:0
end_of_record
TN:
SF:D:\FUTURE Program\PHASE 2\gotoba-fe\gotoba-fe-app\src\components\User\Itinerary\ThisWeekCalendar.vue
FN:39,(anonymous_1)
FN:44,(anonymous_2)
FN:49,(anonymous_3)
FN:66,(anonymous_4)
FN:67,(anonymous_5)
FNF:5
FNH:0
FNDA:0,(anonymous_1)
FNDA:0,(anonymous_2)
FNDA:0,(anonymous_3)
FNDA:0,(anonymous_4)
FNDA:0,(anonymous_5)
DA:34,0
DA:35,0
DA:40,0
DA:45,0
DA:50,0
DA:51,0
DA:53,0
DA:54,0
DA:61,0
DA:64,0
DA:67,0
DA:75,0
DA:76,0
LF:13
LH:0
BRF:0
BRH:0
end_of_record
TN:
SF:D:\FUTURE Program\PHASE 2\gotoba-fe\gotoba-fe-app\src\components\User\Payment\BottomNavPayment.vue
FN:40,(anonymous_1)
FNF:1
FNH:0
FNDA:0,(anonymous_1)
DA:28,0
DA:41,0
LF:2
LH:0
BRF:0
BRH:0
end_of_record
TN:
SF:D:\FUTURE Program\PHASE 2\gotoba-fe\gotoba-fe-app\src\components\User\Payment\CartItem.vue
FN:57,(anonymous_1)
FN:61,(anonymous_2)
FN:69,(anonymous_3)
FNF:3
FNH:3
FNDA:3,(anonymous_1)
FNDA:3,(anonymous_2)
FNDA:2,(anonymous_3)
DA:46,1
DA:47,1
DA:48,1
DA:49,1
DA:58,3
DA:62,3
DA:70,2
DA:72,2
DA:73,2
DA:75,2
DA:76,2
DA:77,1
DA:79,1
DA:80,1
LF:14
LH:14
BRF:0
BRH:0
end_of_record
TN:
SF:D:\FUTURE Program\PHASE 2\gotoba-fe\gotoba-fe-app\src\components\User\Payment\PaymentDetail.vue
FN:35,(anonymous_1)
FN:38,(anonymous_2)
FN:41,(anonymous_3)
FNF:3
FNH:0
FNDA:0,(anonymous_1)
FNDA:0,(anonymous_2)
FNDA:0,(anonymous_3)
DA:25,0
DA:36,0
DA:39,0
DA:42,0
LF:4
LH:0
BRF:0
BRH:0
end_of_record
TN:
SF:D:\FUTURE Program\PHASE 2\gotoba-fe\gotoba-fe-app\src\components\User\Payment\PaymentMethod.vue
FN:44,(anonymous_1)
FNF:1
FNH:0
FNDA:0,(anonymous_1)
DA:45,0
LF:1
LH:0
BRF:0
BRH:0
end_of_record
TN:
SF:D:\FUTURE Program\PHASE 2\gotoba-fe\gotoba-fe-app\src\components\User\Payment\PaymentPendingInfo.vue
FNF:0
FNH:0
DA:34,0
LF:1
LH:0
BRF:0
BRH:0
end_of_record
TN:
SF:D:\FUTURE Program\PHASE 2\gotoba-fe\gotoba-fe-app\src\components\User\Profile\AboutProfileDetail.vue
FN:20,(anonymous_1)
FN:30,(anonymous_2)
FN:34,(anonymous_3)
FNF:3
FNH:3
FNDA:2,(anonymous_1)
FNDA:2,(anonymous_2)
FNDA:4,(anonymous_3)
DA:21,2
DA:31,2
DA:33,2
DA:34,2
DA:36,4
DA:38,4
DA:39,2
DA:43,2
LF:8
LH:8
BRDA:38,0,0,2
BRDA:38,0,1,2
BRF:2
BRH:2
end_of_record
TN:
SF:D:\FUTURE Program\PHASE 2\gotoba-fe\gotoba-fe-app\src\components\User\Profile\CardProfileDetail.vue
FN:54,(anonymous_1)
FNF:1
FNH:0
FNDA:0,(anonymous_1)
DA:39,3
DA:40,3
DA:55,0
LF:3
LH:2
BRF:0
BRH:0
end_of_record
TN:
SF:D:\FUTURE Program\PHASE 2\gotoba-fe\gotoba-fe-app\src\components\User\Profile\CardProfileUser.vue
FN:30,(anonymous_1)
FNF:1
FNH:0
FNDA:0,(anonymous_1)
DA:21,0
DA:31,0
LF:2
LH:0
BRF:0
BRH:0
end_of_record
TN:
SF:D:\FUTURE Program\PHASE 2\gotoba-fe\gotoba-fe-app\src\components\User\Profile\ProfileDetail.vue
FN:81,(anonymous_1)
FN:86,(anonymous_2)
FN:89,(anonymous_3)
FN:96,(anonymous_4)
FNF:4
FNH:0
FNDA:0,(anonymous_1)
FNDA:0,(anonymous_2)
FNDA:0,(anonymous_3)
FNDA:0,(anonymous_4)
DA:57,3
DA:58,3
DA:59,3
DA:61,3
DA:82,0
DA:87,0
DA:89,0
DA:91,0
DA:94,0
DA:97,0
DA:98,0
DA:100,0
LF:12
LH:4
BRF:0
BRH:0
end_of_record
TN:
SF:D:\FUTURE Program\PHASE 2\gotoba-fe\gotoba-fe-app\src\components\User\Profile\ProfileMenuGroup.vue
FN:44,(anonymous_1)
FNF:1
FNH:0
FNDA:0,(anonymous_1)
DA:26,0
DA:27,0
DA:45,0
DA:46,0
LF:4
LH:0
BRF:0
BRH:0
end_of_record
TN:
SF:D:\FUTURE Program\PHASE 2\gotoba-fe\gotoba-fe-app\src\components\User\Profile\RatingProfileDetail.vue
FN:36,(anonymous_1)
FN:38,(anonymous_2)
FNF:2
FNH:2
FNDA:1,(anonymous_1)
FNDA:5,(anonymous_2)
DA:24,5
DA:25,5
DA:37,1
DA:38,1
DA:39,5
DA:41,1
LF:6
LH:6
BRF:0
BRH:0
end_of_record
TN:
SF:D:\FUTURE Program\PHASE 2\gotoba-fe\gotoba-fe-app\src\components\User\Review\ReviewDetailGroup.vue
FNF:0
FNH:0
DA:38,0
DA:39,0
DA:40,0
LF:3
LH:0
BRF:0
BRH:0
end_of_record
TN:
SF:D:\FUTURE Program\PHASE 2\gotoba-fe\gotoba-fe-app\src\components\User\Review\UserReviewDetail.vue
FNF:0
FNH:0
DA:23,1
LF:1
LH:1
BRF:0
BRH:0
end_of_record
TN:
SF:D:\FUTURE Program\PHASE 2\gotoba-fe\gotoba-fe-app\src\components\User\Search\CardSearchResult.vue
FN:60,(anonymous_1)
FN:63,(anonymous_2)
FNF:2
FNH:2
FNDA:2,(anonymous_1)
FNDA:2,(anonymous_2)
DA:37,3
DA:38,3
DA:61,2
DA:64,2
LF:4
LH:4
BRF:0
BRH:0
end_of_record
TN:
SF:D:\FUTURE Program\PHASE 2\gotoba-fe\gotoba-fe-app\src\components\User\Search\SearchAutocomplete.vue
FN:34,(anonymous_1)
FN:35,(anonymous_2)
FN:46,(anonymous_3)
FNF:3
FNH:0
FNDA:0,(anonymous_1)
FNDA:0,(anonymous_2)
FNDA:0,(anonymous_3)
DA:28,0
DA:35,0
DA:47,0
DA:48,0
LF:4
LH:0
BRF:0
BRH:0
end_of_record
TN:
SF:D:\FUTURE Program\PHASE 2\gotoba-fe\gotoba-fe-app\src\components\User\Search\SearchContent.vue
FN:34,(anonymous_1)
FNF:1
FNH:1
FNDA:1,(anonymous_1)
DA:24,2
DA:35,1
LF:2
LH:2
BRF:0
BRH:0
end_of_record
TN:
SF:D:\FUTURE Program\PHASE 2\gotoba-fe\gotoba-fe-app\src\components\User\Search\SearchNavigation.vue
FN:37,(anonymous_1)
FN:40,(anonymous_2)
FN:47,(anonymous_3)
FNF:3
FNH:3
FNDA:3,(anonymous_1)
FNDA:1,(anonymous_2)
FNDA:1,(anonymous_3)
DA:30,2
DA:38,3
DA:41,1
DA:48,1
DA:49,1
LF:5
LH:5
BRF:0
BRH:0
end_of_record
TN:
SF:D:\FUTURE Program\PHASE 2\gotoba-fe\gotoba-fe-app\src\components\User\Search\SearchResult.vue
FN:45,(anonymous_1)
FN:48,(anonymous_2)
FN:68,(anonymous_3)
FN:70,(anonymous_4)
FNF:4
FNH:0
FNDA:0,(anonymous_1)
FNDA:0,(anonymous_2)
FNDA:0,(anonymous_3)
FNDA:0,(anonymous_4)
DA:35,1
DA:36,1
DA:46,0
DA:49,0
DA:69,0
DA:70,0
LF:6
LH:2
BRDA:70,0,0,0
BRDA:70,0,1,0
BRDA:70,0,2,0
BRF:3
BRH:0
end_of_record
TN:
SF:D:\FUTURE Program\PHASE 2\gotoba-fe\gotoba-fe-app\src\components\User\Search\SearchResultCategory.vue
FN:49,(anonymous_1)
FNF:1
FNH:1
FNDA:4,(anonymous_1)
DA:33,2
DA:50,4
DA:51,1
DA:57,3
LF:4
LH:4
BRDA:50,0,0,1
BRDA:50,0,1,3
BRF:2
BRH:2
end_of_record
TN:
SF:D:\FUTURE Program\PHASE 2\gotoba-fe\gotoba-fe-app\src\components\User\Ticket\CardTicket.vue
FN:39,(anonymous_1)
FN:42,(anonymous_2)
FNF:2
FNH:2
FNDA:4,(anonymous_1)
FNDA:4,(anonymous_2)
DA:30,1
DA:31,1
DA:40,4
DA:43,4
LF:4
LH:4
BRF:0
BRH:0
end_of_record
TN:
SF:D:\FUTURE Program\PHASE 2\gotoba-fe\gotoba-fe-app\src\components\User\Ticket\QRCodeInfo.vue
FN:39,(anonymous_1)
FN:42,(anonymous_2)
FNF:2
FNH:1
FNDA:2,(anonymous_1)
FNDA:0,(anonymous_2)
DA:26,1
DA:27,1
DA:40,2
DA:43,0
LF:4
LH:3
BRF:0
BRH:0
end_of_record
TN:
SF:D:\FUTURE Program\PHASE 2\gotoba-fe\gotoba-fe-app\src\components\User\TourGuide\AboutTourGuideDetail.vue
FN:20,(anonymous_1)
FNF:1
FNH:1
FNDA:1,(anonymous_1)
DA:21,1
LF:1
LH:1
BRDA:28,0,0,1
BRDA:28,0,1,1
BRDA:29,1,0,1
BRDA:29,1,1,1
BRF:4
BRH:4
end_of_record
TN:
SF:D:\FUTURE Program\PHASE 2\gotoba-fe\gotoba-fe-app\src\components\User\TourGuide\CardProfileTourGuide.vue
FN:24,(anonymous_1)
FNF:1
FNH:1
FNDA:1,(anonymous_1)
DA:16,2
DA:25,1
LF:2
LH:2
BRF:0
BRH:0
end_of_record
TN:
SF:D:\FUTURE Program\PHASE 2\gotoba-fe\gotoba-fe-app\src\components\User\TourGuide\CardTourGuide.vue
FN:58,(anonymous_1)
FN:61,(anonymous_2)
FNF:2
FNH:0
FNDA:0,(anonymous_1)
FNDA:0,(anonymous_2)
DA:46,1
DA:47,1
DA:59,0
DA:62,0
LF:4
LH:2
BRF:0
BRH:0
end_of_record
TN:
SF:D:\FUTURE Program\PHASE 2\gotoba-fe\gotoba-fe-app\src\layouts\Auth.vue
FNF:0
FNH:0
DA:21,1
DA:22,1
LF:2
LH:2
BRF:0
BRH:0
end_of_record
TN:
SF:D:\FUTURE Program\PHASE 2\gotoba-fe\gotoba-fe-app\src\layouts\BackgroundBlue.vue
FNF:0
FNH:0
DA:10,1
LF:1
LH:1
BRF:0
BRH:0
end_of_record
TN:
SF:D:\FUTURE Program\PHASE 2\gotoba-fe\gotoba-fe-app\src\layouts\DefaultBack.vue
FNF:0
FNH:0
DA:10,1
LF:1
LH:1
BRF:0
BRH:0
end_of_record
TN:
SF:D:\FUTURE Program\PHASE 2\gotoba-fe\gotoba-fe-app\src\plugins\bootstrap-vue.js
FNF:0
FNH:0
DA:7,0
DA:8,0
DA:9,0
LF:3
LH:0
BRF:0
BRH:0
end_of_record
TN:
SF:D:\FUTURE Program\PHASE 2\gotoba-fe\gotoba-fe-app\src\plugins\icons.js
FNF:0
FNH:0
DA:9,0
DA:11,0
LF:2
LH:0
BRF:0
BRH:0
end_of_record
TN:
SF:D:\FUTURE Program\PHASE 2\gotoba-fe\gotoba-fe-app\src\plugins\validate.js
FN:12,(anonymous_0)
FNF:1
FNH:0
FNDA:0,(anonymous_0)
DA:12,0
DA:13,0
DA:16,0
DA:19,0
DA:20,0
LF:5
LH:0
BRF:0
BRH:0
end_of_record
TN:
SF:D:\FUTURE Program\PHASE 2\gotoba-fe\gotoba-fe-app\src\router\index.js
FN:12,checkAdminRole
FN:26,checkMerchantRole
FN:40,checkUserRole
FNF:3
FNH:0
FNDA:0,checkAdminRole
FNDA:0,checkMerchantRole
FNDA:0,checkUserRole
DA:10,0
DA:13,0
DA:15,0
DA:16,0
DA:17,0
DA:18,0
DA:19,0
DA:20,0
DA:22,0
DA:27,0
DA:29,0
DA:30,0
DA:31,0
DA:32,0
DA:33,0
DA:34,0
DA:36,0
DA:41,0
DA:43,0
DA:44,0
DA:45,0
DA:46,0
DA:47,0
DA:48,0
DA:50,0
DA:66,0
DA:623,0
LF:27
LH:0
BRDA:15,0,0,0
BRDA:15,0,1,0
BRDA:17,1,0,0
BRDA:17,1,1,0
BRDA:19,2,0,0
BRDA:19,2,1,0
BRDA:29,3,0,0
BRDA:29,3,1,0
BRDA:31,4,0,0
BRDA:31,4,1,0
BRDA:33,5,0,0
BRDA:33,5,1,0
BRDA:43,6,0,0
BRDA:43,6,1,0
BRDA:45,7,0,0
BRDA:45,7,1,0
BRDA:47,8,0,0
BRDA:47,8,1,0
BRF:18
BRH:0
end_of_record
TN:
SF:D:\FUTURE Program\PHASE 2\gotoba-fe\gotoba-fe-app\src\router\pages.js
FN:1,(anonymous_0)
FN:2,(anonymous_1)
FN:4,(anonymous_2)
FN:5,(anonymous_3)
FN:6,(anonymous_4)
FN:7,(anonymous_5)
FN:9,(anonymous_6)
FN:10,(anonymous_7)
FN:11,(anonymous_8)
FN:12,(anonymous_9)
FN:13,(anonymous_10)
FN:14,(anonymous_11)
FN:15,(anonymous_12)
FN:16,(anonymous_13)
FN:17,(anonymous_14)
FN:18,(anonymous_15)
FN:19,(anonymous_16)
FN:20,(anonymous_17)
FN:21,(anonymous_18)
FN:22,(anonymous_19)
FN:23,(anonymous_20)
FN:24,(anonymous_21)
FN:25,(anonymous_22)
FN:26,(anonymous_23)
FN:27,(anonymous_24)
FN:28,(anonymous_25)
FN:29,(anonymous_26)
FN:30,(anonymous_27)
FN:31,(anonymous_28)
FN:32,(anonymous_29)
FN:33,(anonymous_30)
FN:34,(anonymous_31)
FN:35,(anonymous_32)
FN:36,(anonymous_33)
FN:37,(anonymous_34)
FN:38,(anonymous_35)
FN:39,(anonymous_36)
FN:40,(anonymous_37)
FN:41,(anonymous_38)
FN:43,(anonymous_39)
FN:44,(anonymous_40)
FN:45,(anonymous_41)
FN:46,(anonymous_42)
FN:47,(anonymous_43)
FN:48,(anonymous_44)
FN:49,(anonymous_45)
FN:50,(anonymous_46)
FN:51,(anonymous_47)
FN:52,(anonymous_48)
FN:53,(anonymous_49)
FN:54,(anonymous_50)
FN:56,(anonymous_51)
FN:57,(anonymous_52)
FN:58,(anonymous_53)
FN:59,(anonymous_54)
FN:60,(anonymous_55)
FN:61,(anonymous_56)
FN:62,(anonymous_57)
FN:63,(anonymous_58)
FN:64,(anonymous_59)
FN:65,(anonymous_60)
FN:66,(anonymous_61)
FN:67,(anonymous_62)
FN:68,(anonymous_63)
FN:69,(anonymous_64)
FN:70,(anonymous_65)
FN:71,(anonymous_66)
FN:72,(anonymous_67)
FN:74,(anonymous_68)
FNF:69
FNH:0
FNDA:0,(anonymous_0)
FNDA:0,(anonymous_1)
FNDA:0,(anonymous_2)
FNDA:0,(anonymous_3)
FNDA:0,(anonymous_4)
FNDA:0,(anonymous_5)
FNDA:0,(anonymous_6)
FNDA:0,(anonymous_7)
FNDA:0,(anonymous_8)
FNDA:0,(anonymous_9)
FNDA:0,(anonymous_10)
FNDA:0,(anonymous_11)
FNDA:0,(anonymous_12)
FNDA:0,(anonymous_13)
FNDA:0,(anonymous_14)
FNDA:0,(anonymous_15)
FNDA:0,(anonymous_16)
FNDA:0,(anonymous_17)
FNDA:0,(anonymous_18)
FNDA:0,(anonymous_19)
FNDA:0,(anonymous_20)
FNDA:0,(anonymous_21)
FNDA:0,(anonymous_22)
FNDA:0,(anonymous_23)
FNDA:0,(anonymous_24)
FNDA:0,(anonymous_25)
FNDA:0,(anonymous_26)
FNDA:0,(anonymous_27)
FNDA:0,(anonymous_28)
FNDA:0,(anonymous_29)
FNDA:0,(anonymous_30)
FNDA:0,(anonymous_31)
FNDA:0,(anonymous_32)
FNDA:0,(anonymous_33)
FNDA:0,(anonymous_34)
FNDA:0,(anonymous_35)
FNDA:0,(anonymous_36)
FNDA:0,(anonymous_37)
FNDA:0,(anonymous_38)
FNDA:0,(anonymous_39)
FNDA:0,(anonymous_40)
FNDA:0,(anonymous_41)
FNDA:0,(anonymous_42)
FNDA:0,(anonymous_43)
FNDA:0,(anonymous_44)
FNDA:0,(anonymous_45)
FNDA:0,(anonymous_46)
FNDA:0,(anonymous_47)
FNDA:0,(anonymous_48)
FNDA:0,(anonymous_49)
FNDA:0,(anonymous_50)
FNDA:0,(anonymous_51)
FNDA:0,(anonymous_52)
FNDA:0,(anonymous_53)
FNDA:0,(anonymous_54)
FNDA:0,(anonymous_55)
FNDA:0,(anonymous_56)
FNDA:0,(anonymous_57)
FNDA:0,(anonymous_58)
FNDA:0,(anonymous_59)
FNDA:0,(anonymous_60)
FNDA:0,(anonymous_61)
FNDA:0,(anonymous_62)
FNDA:0,(anonymous_63)
FNDA:0,(anonymous_64)
FNDA:0,(anonymous_65)
FNDA:0,(anonymous_66)
FNDA:0,(anonymous_67)
FNDA:0,(anonymous_68)
DA:1,0
DA:2,0
DA:4,0
DA:5,0
DA:6,0
DA:7,0
DA:9,0
DA:10,0
DA:11,0
DA:12,0
DA:13,0
DA:14,0
DA:15,0
DA:16,0
DA:17,0
DA:18,0
DA:19,0
DA:20,0
DA:21,0
DA:22,0
DA:23,0
DA:24,0
DA:25,0
DA:26,0
DA:27,0
DA:28,0
DA:29,0
DA:30,0
DA:31,0
DA:32,0
DA:33,0
DA:34,0
DA:35,0
DA:36,0
DA:37,0
DA:38,0
DA:39,0
DA:40,0
DA:41,0
DA:43,0
DA:44,0
DA:45,0
DA:46,0
DA:47,0
DA:48,0
DA:49,0
DA:50,0
DA:51,0
DA:52,0
DA:53,0
DA:54,0
DA:56,0
DA:57,0
DA:58,0
DA:59,0
DA:60,0
DA:61,0
DA:62,0
DA:63,0
DA:64,0
DA:65,0
DA:66,0
DA:67,0
DA:68,0
DA:69,0
DA:70,0
DA:71,0
DA:72,0
DA:74,0
DA:76,0
DA:118,0
DA:133,0
LF:72
LH:0
BRF:0
BRH:0
end_of_record
TN:
SF:D:\FUTURE Program\PHASE 2\gotoba-fe\gotoba-fe-app\src\store\index.js
FNF:0
FNH:0
DA:19,8
LF:1
LH:1
BRF:0
BRH:0
end_of_record
TN:
SF:D:\FUTURE Program\PHASE 2\gotoba-fe\gotoba-fe-app\src\store\types.js
FNF:0
FNH:0
DA:4,8
DA:5,8
DA:6,8
DA:7,8
DA:8,8
DA:9,8
DA:14,8
DA:15,8
DA:16,8
DA:17,8
DA:18,8
DA:23,8
DA:24,8
DA:25,8
DA:26,8
DA:27,8
DA:28,8
DA:33,8
DA:34,8
DA:35,8
DA:36,8
DA:41,8
DA:42,8
DA:47,8
DA:52,8
DA:53,8
DA:58,8
DA:59,8
DA:60,8
DA:61,8
DA:62,8
DA:63,8
DA:64,8
DA:69,8
DA:70,8
DA:71,8
DA:72,8
DA:73,8
DA:78,8
DA:79,8
DA:80,8
DA:81,8
DA:82,8
DA:83,8
DA:84,8
DA:85,8
DA:90,8
DA:91,8
DA:92,8
DA:97,8
DA:98,8
DA:99,8
DA:100,8
DA:105,8
DA:106,8
DA:107,8
DA:108,8
DA:109,8
DA:110,8
DA:111,8
DA:112,8
DA:113,8
DA:114,8
DA:115,8
DA:116,8
DA:117,8
DA:118,8
DA:119,8
DA:124,8
DA:125,8
DA:126,8
DA:127,8
DA:128,8
DA:129,8
LF:74
LH:74
BRF:0
BRH:0
end_of_record
TN:
SF:D:\FUTURE Program\PHASE 2\gotoba-fe\gotoba-fe-app\src\store\modules\admin.js
FN:10,(anonymous_0)
FN:14,(anonymous_1)
FN:18,(anonymous_2)
FN:25,(anonymous_3)
FN:30,(anonymous_4)
FNF:5
FNH:0
FNDA:0,(anonymous_0)
FNDA:0,(anonymous_1)
FNDA:0,(anonymous_2)
FNDA:0,(anonymous_3)
FNDA:0,(anonymous_4)
DA:5,8
DA:9,8
DA:11,0
DA:13,0
DA:15,0
DA:16,0
DA:19,0
DA:24,8
DA:25,0
DA:28,8
DA:31,0
LF:11
LH:4
BRF:0
BRH:0
end_of_record
TN:
SF:D:\FUTURE Program\PHASE 2\gotoba-fe\gotoba-fe-app\src\store\modules\app.js
FN:13,(anonymous_0)
FN:16,(anonymous_1)
FN:19,(anonymous_2)
FN:22,(anonymous_3)
FN:25,(anonymous_4)
FN:31,(anonymous_5)
FN:32,(anonymous_6)
FN:33,(anonymous_7)
FN:34,(anonymous_8)
FN:35,(anonymous_9)
FN:39,(anonymous_10)
FN:42,(anonymous_11)
FN:45,(anonymous_12)
FN:48,(anonymous_13)
FN:51,(anonymous_14)
FNF:15
FNH:10
FNDA:1,(anonymous_0)
FNDA:1,(anonymous_1)
FNDA:1,(anonymous_2)
FNDA:1,(anonymous_3)
FNDA:1,(anonymous_4)
FNDA:0,(anonymous_5)
FNDA:0,(anonymous_6)
FNDA:0,(anonymous_7)
FNDA:0,(anonymous_8)
FNDA:0,(anonymous_9)
FNDA:1,(anonymous_10)
FNDA:1,(anonymous_11)
FNDA:1,(anonymous_12)
FNDA:1,(anonymous_13)
FNDA:1,(anonymous_14)
DA:4,8
DA:12,8
DA:14,1
DA:17,1
DA:20,1
DA:23,1
DA:26,1
DA:30,8
DA:31,0
DA:32,0
DA:33,0
DA:34,0
DA:35,0
DA:38,8
DA:40,1
DA:43,1
DA:46,1
DA:49,1
DA:52,1
LF:19
LH:14
BRF:0
BRH:0
end_of_record
TN:
SF:D:\FUTURE Program\PHASE 2\gotoba-fe\gotoba-fe-app\src\store\modules\auth.js
FN:15,(anonymous_0)
FN:29,(anonymous_1)
FN:33,(anonymous_2)
FN:44,(anonymous_3)
FN:46,(anonymous_4)
FN:61,(anonymous_5)
FN:68,(anonymous_6)
FN:69,(anonymous_7)
FN:70,(anonymous_8)
FN:71,(anonymous_9)
FN:72,(anonymous_10)
FN:73,(anonymous_11)
FN:78,(anonymous_12)
FN:81,(anonymous_13)
FN:84,(anonymous_14)
FN:87,(anonymous_15)
FN:90,(anonymous_16)
FN:93,(anonymous_17)
FNF:18
FNH:0
FNDA:0,(anonymous_0)
FNDA:0,(anonymous_1)
FNDA:0,(anonymous_2)
FNDA:0,(anonymous_3)
FNDA:0,(anonymous_4)
FNDA:0,(anonymous_5)
FNDA:0,(anonymous_6)
FNDA:0,(anonymous_7)
FNDA:0,(anonymous_8)
FNDA:0,(anonymous_9)
FNDA:0,(anonymous_10)
FNDA:0,(anonymous_11)
FNDA:0,(anonymous_12)
FNDA:0,(anonymous_13)
FNDA:0,(anonymous_14)
FNDA:0,(anonymous_15)
FNDA:0,(anonymous_16)
FNDA:0,(anonymous_17)
DA:5,8
DA:14,8
DA:16,0
DA:17,0
DA:18,0
DA:19,0
DA:20,0
DA:22,0
DA:23,0
DA:24,0
DA:25,0
DA:26,0
DA:30,0
DA:34,0
DA:35,0
DA:36,0
DA:37,0
DA:40,0
DA:45,0
DA:47,0
DA:48,0
DA:49,0
DA:50,0
DA:51,0
DA:52,0
DA:54,0
DA:55,0
DA:56,0
DA:57,0
DA:58,0
DA:62,0
DA:67,8
DA:68,0
DA:69,0
DA:70,0
DA:71,0
DA:72,0
DA:73,0
DA:76,8
DA:79,0
DA:82,0
DA:85,0
DA:88,0
DA:91,0
DA:94,0
LF:45
LH:4
BRDA:6,0,0,8
BRDA:6,0,1,8
BRDA:7,1,0,8
BRDA:7,1,1,8
BRDA:8,2,0,8
BRDA:8,2,1,8
BRDA:9,3,0,8
BRDA:9,3,1,8
BRDA:10,4,0,8
BRDA:10,4,1,8
BRDA:36,5,0,0
BRDA:36,5,1,0
BRDA:47,6,0,0
BRDA:47,6,1,0
BRF:14
BRH:10
end_of_record
TN:
SF:D:\FUTURE Program\PHASE 2\gotoba-fe\gotoba-fe-app\src\store\modules\gallery.js
FN:11,(anonymous_0)
FN:15,(anonymous_1)
FN:19,(anonymous_2)
FN:24,(anonymous_3)
FN:28,(anonymous_4)
FN:32,(anonymous_5)
FN:37,(anonymous_6)
FN:41,(anonymous_7)
FN:45,(anonymous_8)
FN:49,(anonymous_9)
FN:56,(anonymous_10)
FN:57,(anonymous_11)
FN:62,(anonymous_12)
FN:66,(anonymous_13)
FNF:14
FNH:0
FNDA:0,(anonymous_0)
FNDA:0,(anonymous_1)
FNDA:0,(anonymous_2)
FNDA:0,(anonymous_3)
FNDA:0,(anonymous_4)
FNDA:0,(anonymous_5)
FNDA:0,(anonymous_6)
FNDA:0,(anonymous_7)
FNDA:0,(anonymous_8)
FNDA:0,(anonymous_9)
FNDA:0,(anonymous_10)
FNDA:0,(anonymous_11)
FNDA:0,(anonymous_12)
FNDA:0,(anonymous_13)
DA:5,8
DA:10,8
DA:12,0
DA:14,0
DA:16,0
DA:17,0
DA:20,0
DA:25,0
DA:27,0
DA:29,0
DA:30,0
DA:33,0
DA:38,0
DA:42,0
DA:44,0
DA:46,0
DA:47,0
DA:50,0
DA:55,8
DA:56,0
DA:57,0
DA:60,8
DA:63,0
DA:67,0
LF:24
LH:4
BRF:0
BRH:0
end_of_record
TN:
SF:D:\FUTURE Program\PHASE 2\gotoba-fe\gotoba-fe-app\src\store\modules\journey.js
FN:25,(anonymous_0)
FN:29,(anonymous_1)
FN:35,(anonymous_2)
FN:40,(anonymous_3)
FN:44,(anonymous_4)
FN:50,(anonymous_5)
FN:55,(anonymous_6)
FN:59,(anonymous_7)
FN:63,(anonymous_8)
FN:72,(anonymous_9)
FN:77,(anonymous_10)
FN:81,(anonymous_11)
FN:87,(anonymous_12)
FN:92,(anonymous_13)
FN:96,(anonymous_14)
FN:100,(anonymous_15)
FN:107,(anonymous_16)
FN:108,(anonymous_17)
FN:109,(anonymous_18)
FN:110,(anonymous_19)
FN:115,(anonymous_20)
FN:118,(anonymous_21)
FN:121,(anonymous_22)
FN:124,(anonymous_23)
FNF:24
FNH:0
FNDA:0,(anonymous_0)
FNDA:0,(anonymous_1)
FNDA:0,(anonymous_2)
FNDA:0,(anonymous_3)
FNDA:0,(anonymous_4)
FNDA:0,(anonymous_5)
FNDA:0,(anonymous_6)
FNDA:0,(anonymous_7)
FNDA:0,(anonymous_8)
FNDA:0,(anonymous_9)
FNDA:0,(anonymous_10)
FNDA:0,(anonymous_11)
FNDA:0,(anonymous_12)
FNDA:0,(anonymous_13)
FNDA:0,(anonymous_14)
FNDA:0,(anonymous_15)
FNDA:0,(anonymous_16)
FNDA:0,(anonymous_17)
FNDA:0,(anonymous_18)
FNDA:0,(anonymous_19)
FNDA:0,(anonymous_20)
FNDA:0,(anonymous_21)
FNDA:0,(anonymous_22)
FNDA:0,(anonymous_23)
DA:5,8
DA:24,8
DA:26,0
DA:28,0
DA:30,0
DA:31,0
DA:33,0
DA:36,0
DA:41,0
DA:43,0
DA:45,0
DA:46,0
DA:47,0
DA:51,0
DA:56,0
DA:60,0
DA:62,0
DA:64,0
DA:65,0
DA:66,0
DA:67,0
DA:70,0
DA:73,0
DA:78,0
DA:80,0
DA:82,0
DA:83,0
DA:85,0
DA:88,0
DA:93,0
DA:95,0
DA:97,0
DA:98,0
DA:101,0
DA:106,8
DA:107,0
DA:108,0
DA:109,0
DA:110,0
DA:113,8
DA:116,0
DA:119,0
DA:122,0
DA:125,0
LF:44
LH:4
BRDA:30,0,0,0
BRDA:30,0,1,0
BRDA:45,1,0,0
BRDA:45,1,1,0
BRDA:64,2,0,0
BRDA:64,2,1,0
BRDA:82,3,0,0
BRDA:82,3,1,0
BRF:8
BRH:0
end_of_record
TN:
SF:D:\FUTURE Program\PHASE 2\gotoba-fe\gotoba-fe-app\src\store\modules\location.js
FN:19,(anonymous_0)
FN:31,(anonymous_1)
FN:37,(anonymous_2)
FN:49,(anonymous_3)
FN:53,(anonymous_4)
FN:57,(anonymous_5)
FN:61,(anonymous_6)
FN:67,(anonymous_7)
FN:68,(anonymous_8)
FN:69,(anonymous_9)
FN:70,(anonymous_10)
FN:71,(anonymous_11)
FN:72,(anonymous_12)
FN:77,(anonymous_13)
FN:80,(anonymous_14)
FN:84,(anonymous_15)
FN:87,(anonymous_16)
FN:90,(anonymous_17)
FN:93,(anonymous_18)
FNF:19
FNH:0
FNDA:0,(anonymous_0)
FNDA:0,(anonymous_1)
FNDA:0,(anonymous_2)
FNDA:0,(anonymous_3)
FNDA:0,(anonymous_4)
FNDA:0,(anonymous_5)
FNDA:0,(anonymous_6)
FNDA:0,(anonymous_7)
FNDA:0,(anonymous_8)
FNDA:0,(anonymous_9)
FNDA:0,(anonymous_10)
FNDA:0,(anonymous_11)
FNDA:0,(anonymous_12)
FNDA:0,(anonymous_13)
FNDA:0,(anonymous_14)
FNDA:0,(anonymous_15)
FNDA:0,(anonymous_16)
FNDA:0,(anonymous_17)
FNDA:0,(anonymous_18)
DA:5,8
DA:18,8
DA:20,0
DA:22,0
DA:23,0
DA:25,0
DA:26,0
DA:27,0
DA:32,0
DA:34,0
DA:35,0
DA:36,0
DA:37,0
DA:42,0
DA:45,0
DA:50,0
DA:54,0
DA:58,0
DA:62,0
DA:66,8
DA:67,0
DA:68,0
DA:69,0
DA:70,0
DA:71,0
DA:72,0
DA:75,8
DA:78,0
DA:81,0
DA:82,0
DA:85,0
DA:88,0
DA:91,0
DA:94,0
LF:34
LH:4
BRDA:25,0,0,0
BRDA:25,0,1,0
BRDA:25,1,0,0
BRDA:25,1,1,0
BRDA:36,2,0,0
BRDA:36,2,1,0
BRF:6
BRH:0
end_of_record
TN:
SF:D:\FUTURE Program\PHASE 2\gotoba-fe\gotoba-fe-app\src\store\modules\merchant.js
FN:11,(anonymous_0)
FN:15,(anonymous_1)
FN:18,(anonymous_2)
FN:23,(anonymous_3)
FN:27,(anonymous_4)
FN:30,(anonymous_5)
FN:37,(anonymous_6)
FN:38,(anonymous_7)
FN:43,(anonymous_8)
FN:47,(anonymous_9)
FNF:10
FNH:0
FNDA:0,(anonymous_0)
FNDA:0,(anonymous_1)
FNDA:0,(anonymous_2)
FNDA:0,(anonymous_3)
FNDA:0,(anonymous_4)
FNDA:0,(anonymous_5)
FNDA:0,(anonymous_6)
FNDA:0,(anonymous_7)
FNDA:0,(anonymous_8)
FNDA:0,(anonymous_9)
DA:5,8
DA:10,8
DA:12,0
DA:14,0
DA:16,0
DA:19,0
DA:24,0
DA:26,0
DA:28,0
DA:31,0
DA:36,8
DA:37,0
DA:38,0
DA:41,8
DA:44,0
DA:48,0
LF:16
LH:4
BRF:0
BRH:0
end_of_record
TN:
SF:D:\FUTURE Program\PHASE 2\gotoba-fe\gotoba-fe-app\src\store\modules\order.js
FN:22,(anonymous_0)
FN:27,(anonymous_1)
FN:31,(anonymous_2)
FN:36,(anonymous_3)
FN:41,(anonymous_4)
FN:45,(anonymous_5)
FN:51,(anonymous_6)
FN:55,(anonymous_7)
FN:59,(anonymous_8)
FN:63,(anonymous_9)
FN:68,(anonymous_10)
FN:72,(anonymous_11)
FN:75,(anonymous_12)
FN:80,(anonymous_13)
FN:84,(anonymous_14)
FN:87,(anonymous_15)
FN:92,(anonymous_16)
FN:96,(anonymous_17)
FN:99,(anonymous_18)
FN:104,(anonymous_19)
FN:108,(anonymous_20)
FN:111,(anonymous_21)
FN:116,(anonymous_22)
FN:120,(anonymous_23)
FN:124,(anonymous_24)
FN:129,(anonymous_25)
FN:133,(anonymous_26)
FN:137,(anonymous_27)
FN:142,(anonymous_28)
FN:146,(anonymous_29)
FN:150,(anonymous_30)
FN:155,(anonymous_31)
FN:159,(anonymous_32)
FN:163,(anonymous_33)
FN:168,(anonymous_34)
FN:172,(anonymous_35)
FN:176,(anonymous_36)
FN:181,(anonymous_37)
FN:183,(anonymous_38)
FN:186,(anonymous_39)
FN:193,(anonymous_40)
FN:194,(anonymous_41)
FN:195,(anonymous_42)
FN:196,(anonymous_43)
FN:197,(anonymous_44)
FN:198,(anonymous_45)
FN:199,(anonymous_46)
FN:200,(anonymous_47)
FN:201,(anonymous_48)
FN:202,(anonymous_49)
FN:203,(anonymous_50)
FN:204,(anonymous_51)
FN:209,(anonymous_52)
FN:212,(anonymous_53)
FN:213,(anonymous_54)
FN:223,(anonymous_55)
FN:228,(anonymous_56)
FN:240,(anonymous_57)
FN:243,(anonymous_58)
FN:248,(anonymous_59)
FN:258,(anonymous_60)
FN:261,(anonymous_61)
FN:264,(anonymous_62)
FN:267,(anonymous_63)
FN:270,(anonymous_64)
FN:273,(anonymous_65)
FN:276,(anonymous_66)
FN:279,(anonymous_67)
FN:282,(anonymous_68)
FN:283,(anonymous_69)
FNF:70
FNH:0
FNDA:0,(anonymous_0)
FNDA:0,(anonymous_1)
FNDA:0,(anonymous_2)
FNDA:0,(anonymous_3)
FNDA:0,(anonymous_4)
FNDA:0,(anonymous_5)
FNDA:0,(anonymous_6)
FNDA:0,(anonymous_7)
FNDA:0,(anonymous_8)
FNDA:0,(anonymous_9)
FNDA:0,(anonymous_10)
FNDA:0,(anonymous_11)
FNDA:0,(anonymous_12)
FNDA:0,(anonymous_13)
FNDA:0,(anonymous_14)
FNDA:0,(anonymous_15)
FNDA:0,(anonymous_16)
FNDA:0,(anonymous_17)
FNDA:0,(anonymous_18)
FNDA:0,(anonymous_19)
FNDA:0,(anonymous_20)
FNDA:0,(anonymous_21)
FNDA:0,(anonymous_22)
FNDA:0,(anonymous_23)
FNDA:0,(anonymous_24)
FNDA:0,(anonymous_25)
FNDA:0,(anonymous_26)
FNDA:0,(anonymous_27)
FNDA:0,(anonymous_28)
FNDA:0,(anonymous_29)
FNDA:0,(anonymous_30)
FNDA:0,(anonymous_31)
FNDA:0,(anonymous_32)
FNDA:0,(anonymous_33)
FNDA:0,(anonymous_34)
FNDA:0,(anonymous_35)
FNDA:0,(anonymous_36)
FNDA:0,(anonymous_37)
FNDA:0,(anonymous_38)
FNDA:0,(anonymous_39)
FNDA:0,(anonymous_40)
FNDA:0,(anonymous_41)
FNDA:0,(anonymous_42)
FNDA:0,(anonymous_43)
FNDA:0,(anonymous_44)
FNDA:0,(anonymous_45)
FNDA:0,(anonymous_46)
FNDA:0,(anonymous_47)
FNDA:0,(anonymous_48)
FNDA:0,(anonymous_49)
FNDA:0,(anonymous_50)
FNDA:0,(anonymous_51)
FNDA:0,(anonymous_52)
FNDA:0,(anonymous_53)
FNDA:0,(anonymous_54)
FNDA:0,(anonymous_55)
FNDA:0,(anonymous_56)
FNDA:0,(anonymous_57)
FNDA:0,(anonymous_58)
FNDA:0,(anonymous_59)
FNDA:0,(anonymous_60)
FNDA:0,(anonymous_61)
FNDA:0,(anonymous_62)
FNDA:0,(anonymous_63)
FNDA:0,(anonymous_64)
FNDA:0,(anonymous_65)
FNDA:0,(anonymous_66)
FNDA:0,(anonymous_67)
FNDA:0,(anonymous_68)
FNDA:0,(anonymous_69)
DA:6,8
DA:21,8
DA:23,0
DA:24,0
DA:28,0
DA:30,0
DA:32,0
DA:33,0
DA:34,0
DA:37,0
DA:42,0
DA:46,0
DA:47,0
DA:48,0
DA:52,0
DA:56,0
DA:58,0
DA:60,0
DA:61,0
DA:64,0
DA:69,0
DA:71,0
DA:73,0
DA:76,0
DA:81,0
DA:83,0
DA:85,0
DA:88,0
DA:93,0
DA:95,0
DA:97,0
DA:100,0
DA:105,0
DA:107,0
DA:109,0
DA:112,0
DA:117,0
DA:119,0
DA:121,0
DA:122,0
DA:125,0
DA:130,0
DA:132,0
DA:134,0
DA:135,0
DA:138,0
DA:143,0
DA:145,0
DA:147,0
DA:148,0
DA:151,0
DA:156,0
DA:158,0
DA:160,0
DA:161,0
DA:164,0
DA:169,0
DA:171,0
DA:173,0
DA:174,0
DA:177,0
DA:182,0
DA:184,0
DA:187,0
DA:192,8
DA:193,0
DA:194,0
DA:195,0
DA:196,0
DA:197,0
DA:198,0
DA:199,0
DA:200,0
DA:201,0
DA:202,0
DA:203,0
DA:204,0
DA:207,8
DA:210,0
DA:213,0
DA:215,0
DA:216,0
DA:217,0
DA:218,0
DA:221,0
DA:224,0
DA:225,0
DA:226,0
DA:228,0
DA:229,0
DA:230,0
DA:231,0
DA:234,0
DA:241,0
DA:244,0
DA:248,0
DA:249,0
DA:250,0
DA:251,0
DA:253,0
DA:256,0
DA:259,0
DA:262,0
DA:265,0
DA:268,0
DA:271,0
DA:274,0
DA:277,0
DA:280,0
DA:283,0
LF:110
LH:4
BRDA:216,0,0,0
BRDA:216,0,1,0
BRDA:250,1,0,0
BRDA:250,1,1,0
BRDA:250,2,0,0
BRDA:250,2,1,0
BRF:6
BRH:0
end_of_record
TN:
SF:D:\FUTURE Program\PHASE 2\gotoba-fe\gotoba-fe-app\src\store\modules\restaurant.js
FN:15,(anonymous_0)
FN:19,(anonymous_1)
FN:21,(anonymous_2)
FN:24,(anonymous_3)
FN:29,(anonymous_4)
FN:33,(anonymous_5)
FN:39,(anonymous_6)
FN:44,(anonymous_7)
FN:48,(anonymous_8)
FN:53,(anonymous_9)
FN:58,(anonymous_10)
FN:62,(anonymous_11)
FN:67,(anonymous_12)
FN:72,(anonymous_13)
FN:76,(anonymous_14)
FN:81,(anonymous_15)
FN:86,(anonymous_16)
FN:90,(anonymous_17)
FN:96,(anonymous_18)
FN:101,(anonymous_19)
FN:105,(anonymous_20)
FN:109,(anonymous_21)
FN:115,(anonymous_22)
FN:120,(anonymous_23)
FN:124,(anonymous_24)
FN:128,(anonymous_25)
FN:135,(anonymous_26)
FN:136,(anonymous_27)
FN:137,(anonymous_28)
FN:138,(anonymous_29)
FN:139,(anonymous_30)
FN:140,(anonymous_31)
FN:145,(anonymous_32)
FN:148,(anonymous_33)
FN:151,(anonymous_34)
FN:154,(anonymous_35)
FN:157,(anonymous_36)
FN:160,(anonymous_37)
FNF:38
FNH:0
FNDA:0,(anonymous_0)
FNDA:0,(anonymous_1)
FNDA:0,(anonymous_2)
FNDA:0,(anonymous_3)
FNDA:0,(anonymous_4)
FNDA:0,(anonymous_5)
FNDA:0,(anonymous_6)
FNDA:0,(anonymous_7)
FNDA:0,(anonymous_8)
FNDA:0,(anonymous_9)
FNDA:0,(anonymous_10)
FNDA:0,(anonymous_11)
FNDA:0,(anonymous_12)
FNDA:0,(anonymous_13)
FNDA:0,(anonymous_14)
FNDA:0,(anonymous_15)
FNDA:0,(anonymous_16)
FNDA:0,(anonymous_17)
FNDA:0,(anonymous_18)
FNDA:0,(anonymous_19)
FNDA:0,(anonymous_20)
FNDA:0,(anonymous_21)
FNDA:0,(anonymous_22)
FNDA:0,(anonymous_23)
FNDA:0,(anonymous_24)
FNDA:0,(anonymous_25)
FNDA:0,(anonymous_26)
FNDA:0,(anonymous_27)
FNDA:0,(anonymous_28)
FNDA:0,(anonymous_29)
FNDA:0,(anonymous_30)
FNDA:0,(anonymous_31)
FNDA:0,(anonymous_32)
FNDA:0,(anonymous_33)
FNDA:0,(anonymous_34)
FNDA:0,(anonymous_35)
FNDA:0,(anonymous_36)
FNDA:0,(anonymous_37)
DA:5,8
DA:14,8
DA:16,0
DA:18,0
DA:20,0
DA:21,0
DA:25,0
DA:30,0
DA:32,0
DA:34,0
DA:35,0
DA:36,0
DA:40,0
DA:45,0
DA:47,0
DA:49,0
DA:50,0
DA:54,0
DA:59,0
DA:61,0
DA:63,0
DA:64,0
DA:68,0
DA:73,0
DA:75,0
DA:77,0
DA:78,0
DA:82,0
DA:87,0
DA:89,0
DA:91,0
DA:92,0
DA:94,0
DA:97,0
DA:102,0
DA:106,0
DA:108,0
DA:110,0
DA:111,0
DA:113,0
DA:116,0
DA:121,0
DA:123,0
DA:125,0
DA:126,0
DA:129,0
DA:134,8
DA:135,0
DA:136,0
DA:137,0
DA:138,0
DA:139,0
DA:140,0
DA:143,8
DA:146,0
DA:149,0
DA:152,0
DA:155,0
DA:158,0
DA:161,0
LF:60
LH:4
BRDA:20,0,0,0
BRDA:20,0,1,0
BRDA:34,1,0,0
BRDA:34,1,1,0
BRDA:49,2,0,0
BRDA:49,2,1,0
BRDA:63,3,0,0
BRDA:63,3,1,0
BRDA:77,4,0,0
BRDA:77,4,1,0
BRDA:91,5,0,0
BRDA:91,5,1,0
BRDA:110,6,0,0
BRDA:110,6,1,0
BRF:14
BRH:0
end_of_record
TN:
SF:D:\FUTURE Program\PHASE 2\gotoba-fe\gotoba-fe-app\src\store\modules\review.js
FN:9,(anonymous_0)
FN:15,(anonymous_1)
FN:20,(anonymous_2)
FNF:3
FNH:0
FNDA:0,(anonymous_0)
FNDA:0,(anonymous_1)
FNDA:0,(anonymous_2)
DA:4,8
DA:8,8
DA:10,0
DA:14,8
DA:15,0
DA:18,8
DA:21,0
LF:7
LH:4
BRF:0
BRH:0
end_of_record
TN:
SF:D:\FUTURE Program\PHASE 2\gotoba-fe\gotoba-fe-app\src\store\modules\search.js
FN:14,(anonymous_0)
FN:18,(anonymous_1)
FN:22,(anonymous_2)
FN:26,(anonymous_3)
FN:35,(anonymous_4)
FN:46,(anonymous_5)
FN:47,(anonymous_6)
FN:48,(anonymous_7)
FN:49,(anonymous_8)
FN:50,(anonymous_9)
FN:55,(anonymous_10)
FN:59,(anonymous_11)
FN:63,(anonymous_12)
FN:67,(anonymous_13)
FN:71,(anonymous_14)
FNF:15
FNH:0
FNDA:0,(anonymous_0)
FNDA:0,(anonymous_1)
FNDA:0,(anonymous_2)
FNDA:0,(anonymous_3)
FNDA:0,(anonymous_4)
FNDA:0,(anonymous_5)
FNDA:0,(anonymous_6)
FNDA:0,(anonymous_7)
FNDA:0,(anonymous_8)
FNDA:0,(anonymous_9)
FNDA:0,(anonymous_10)
FNDA:0,(anonymous_11)
FNDA:0,(anonymous_12)
FNDA:0,(anonymous_13)
FNDA:0,(anonymous_14)
DA:5,8
DA:13,8
DA:15,0
DA:19,0
DA:23,0
DA:27,0
DA:29,0
DA:30,0
DA:31,0
DA:36,0
DA:38,0
DA:39,0
DA:40,0
DA:45,8
DA:46,0
DA:47,0
DA:48,0
DA:49,0
DA:50,0
DA:53,8
DA:56,0
DA:60,0
DA:64,0
DA:68,0
DA:72,0
LF:25
LH:4
BRDA:30,0,0,0
BRDA:30,0,1,0
BRDA:39,1,0,0
BRDA:39,1,1,0
BRF:4
BRH:0
end_of_record
TN:
SF:D:\FUTURE Program\PHASE 2\gotoba-fe\gotoba-fe-app\src\store\modules\ticket.js
FN:16,(anonymous_0)
FN:20,(anonymous_1)
FN:25,(anonymous_2)
FN:30,(anonymous_3)
FN:34,(anonymous_4)
FN:38,(anonymous_5)
FN:42,(anonymous_6)
FN:47,(anonymous_7)
FN:51,(anonymous_8)
FN:55,(anonymous_9)
FN:60,(anonymous_10)
FN:64,(anonymous_11)
FN:68,(anonymous_12)
FN:73,(anonymous_13)
FN:77,(anonymous_14)
FN:81,(anonymous_15)
FN:86,(anonymous_16)
FN:89,(anonymous_17)
FN:90,(anonymous_18)
FN:95,(anonymous_19)
FN:99,(anonymous_20)
FN:103,(anonymous_21)
FN:110,(anonymous_22)
FN:111,(anonymous_23)
FN:112,(anonymous_24)
FN:113,(anonymous_25)
FN:114,(anonymous_26)
FN:115,(anonymous_27)
FN:120,(anonymous_28)
FN:123,(anonymous_29)
FN:126,(anonymous_30)
FN:129,(anonymous_31)
FN:132,(anonymous_32)
FN:135,(anonymous_33)
FN:137,(anonymous_34)
FN:138,(anonymous_35)
FNF:36
FNH:0
FNDA:0,(anonymous_0)
FNDA:0,(anonymous_1)
FNDA:0,(anonymous_2)
FNDA:0,(anonymous_3)
FNDA:0,(anonymous_4)
FNDA:0,(anonymous_5)
FNDA:0,(anonymous_6)
FNDA:0,(anonymous_7)
FNDA:0,(anonymous_8)
FNDA:0,(anonymous_9)
FNDA:0,(anonymous_10)
FNDA:0,(anonymous_11)
FNDA:0,(anonymous_12)
FNDA:0,(anonymous_13)
FNDA:0,(anonymous_14)
FNDA:0,(anonymous_15)
FNDA:0,(anonymous_16)
FNDA:0,(anonymous_17)
FNDA:0,(anonymous_18)
FNDA:0,(anonymous_19)
FNDA:0,(anonymous_20)
FNDA:0,(anonymous_21)
FNDA:0,(anonymous_22)
FNDA:0,(anonymous_23)
FNDA:0,(anonymous_24)
FNDA:0,(anonymous_25)
FNDA:0,(anonymous_26)
FNDA:0,(anonymous_27)
FNDA:0,(anonymous_28)
FNDA:0,(anonymous_29)
FNDA:0,(anonymous_30)
FNDA:0,(anonymous_31)
FNDA:0,(anonymous_32)
FNDA:0,(anonymous_33)
FNDA:0,(anonymous_34)
FNDA:0,(anonymous_35)
DA:6,8
DA:15,8
DA:17,0
DA:19,0
DA:21,0
DA:22,0
DA:23,0
DA:26,0
DA:31,0
DA:35,0
DA:37,0
DA:39,0
DA:40,0
DA:43,0
DA:48,0
DA:50,0
DA:52,0
DA:53,0
DA:56,0
DA:61,0
DA:63,0
DA:65,0
DA:66,0
DA:69,0
DA:74,0
DA:76,0
DA:78,0
DA:79,0
DA:82,0
DA:87,0
DA:88,0
DA:89,0
DA:90,0
DA:92,0
DA:96,0
DA:98,0
DA:100,0
DA:101,0
DA:104,0
DA:109,8
DA:110,0
DA:111,0
DA:112,0
DA:113,0
DA:114,0
DA:115,0
DA:118,8
DA:121,0
DA:124,0
DA:127,0
DA:130,0
DA:133,0
DA:136,0
DA:137,0
DA:138,0
DA:140,0
LF:56
LH:4
BRDA:89,0,0,0
BRDA:89,0,1,0
BRDA:137,1,0,0
BRDA:137,1,1,0
BRF:4
BRH:0
end_of_record
TN:
SF:D:\FUTURE Program\PHASE 2\gotoba-fe\gotoba-fe-app\src\store\modules\tourGuide.js
FN:12,(anonymous_0)
FN:16,(anonymous_1)
FN:22,(anonymous_2)
FN:27,(anonymous_3)
FN:31,(anonymous_4)
FN:37,(anonymous_5)
FN:42,(anonymous_6)
FN:46,(anonymous_7)
FN:50,(anonymous_8)
FN:54,(anonymous_9)
FN:59,(anonymous_10)
FN:63,(anonymous_11)
FN:67,(anonymous_12)
FN:74,(anonymous_13)
FN:75,(anonymous_14)
FN:76,(anonymous_15)
FN:81,(anonymous_16)
FN:84,(anonymous_17)
FN:92,(anonymous_18)
FNF:19
FNH:0
FNDA:0,(anonymous_0)
FNDA:0,(anonymous_1)
FNDA:0,(anonymous_2)
FNDA:0,(anonymous_3)
FNDA:0,(anonymous_4)
FNDA:0,(anonymous_5)
FNDA:0,(anonymous_6)
FNDA:0,(anonymous_7)
FNDA:0,(anonymous_8)
FNDA:0,(anonymous_9)
FNDA:0,(anonymous_10)
FNDA:0,(anonymous_11)
FNDA:0,(anonymous_12)
FNDA:0,(anonymous_13)
FNDA:0,(anonymous_14)
FNDA:0,(anonymous_15)
FNDA:0,(anonymous_16)
FNDA:0,(anonymous_17)
FNDA:0,(anonymous_18)
DA:5,8
DA:11,8
DA:13,0
DA:15,0
DA:17,0
DA:18,0
DA:20,0
DA:23,0
DA:28,0
DA:30,0
DA:32,0
DA:33,0
DA:35,0
DA:38,0
DA:43,0
DA:47,0
DA:49,0
DA:51,0
DA:52,0
DA:55,0
DA:60,0
DA:62,0
DA:64,0
DA:65,0
DA:68,0
DA:73,8
DA:74,0
DA:75,0
DA:76,0
DA:79,8
DA:82,0
DA:85,0
DA:87,0
DA:88,0
DA:90,0
DA:93,0
LF:36
LH:4
BRDA:17,0,0,0
BRDA:17,0,1,0
BRDA:32,1,0,0
BRDA:32,1,1,0
BRF:4
BRH:0
end_of_record
TN:
SF:D:\FUTURE Program\PHASE 2\gotoba-fe\gotoba-fe-app\src\store\modules\user.js
FN:13,(anonymous_0)
FN:17,(anonymous_1)
FN:20,(anonymous_2)
FN:25,(anonymous_3)
FN:29,(anonymous_4)
FN:32,(anonymous_5)
FN:37,(anonymous_6)
FN:41,(anonymous_7)
FN:45,(anonymous_8)
FN:50,(anonymous_9)
FN:54,(anonymous_10)
FN:58,(anonymous_11)
FN:65,(anonymous_12)
FN:66,(anonymous_13)
FN:67,(anonymous_14)
FN:68,(anonymous_15)
FN:73,(anonymous_16)
FN:77,(anonymous_17)
FN:81,(anonymous_18)
FN:85,(anonymous_19)
FNF:20
FNH:0
FNDA:0,(anonymous_0)
FNDA:0,(anonymous_1)
FNDA:0,(anonymous_2)
FNDA:0,(anonymous_3)
FNDA:0,(anonymous_4)
FNDA:0,(anonymous_5)
FNDA:0,(anonymous_6)
FNDA:0,(anonymous_7)
FNDA:0,(anonymous_8)
FNDA:0,(anonymous_9)
FNDA:0,(anonymous_10)
FNDA:0,(anonymous_11)
FNDA:0,(anonymous_12)
FNDA:0,(anonymous_13)
FNDA:0,(anonymous_14)
FNDA:0,(anonymous_15)
FNDA:0,(anonymous_16)
FNDA:0,(anonymous_17)
FNDA:0,(anonymous_18)
FNDA:0,(anonymous_19)
DA:5,8
DA:12,8
DA:14,0
DA:16,0
DA:18,0
DA:21,0
DA:26,0
DA:28,0
DA:30,0
DA:33,0
DA:38,0
DA:40,0
DA:42,0
DA:43,0
DA:46,0
DA:51,0
DA:53,0
DA:55,0
DA:56,0
DA:59,0
DA:64,8
DA:65,0
DA:66,0
DA:67,0
DA:68,0
DA:71,8
DA:74,0
DA:78,0
DA:82,0
DA:86,0
LF:30
LH:4
BRF:0
BRH:0
end_of_record
TN:
SF:D:\FUTURE Program\PHASE 2\gotoba-fe\gotoba-fe-app\src\utils\date.js
FNF:0
FNH:0
DA:4,23
DA:22,23
LF:2
LH:2
BRF:0
BRH:0
end_of_record
TN:
SF:D:\FUTURE Program\PHASE 2\gotoba-fe\gotoba-fe-app\src\utils\fileHelper.js
FN:7,previewImage
FN:8,(anonymous_1)
FN:11,(anonymous_2)
FN:15,(anonymous_3)
FNF:4
FNH:2
FNDA:1,previewImage
FNDA:1,(anonymous_1)
FNDA:0,(anonymous_2)
FNDA:0,(anonymous_3)
DA:8,1
DA:9,1
DA:11,1
DA:12,0
DA:15,1
DA:16,0
DA:19,1
LF:7
LH:5
BRF:0
BRH:0
end_of_record
TN:
SF:D:\FUTURE Program\PHASE 2\gotoba-fe\gotoba-fe-app\src\utils\filter.js
FN:11,(anonymous_0)
FN:24,(anonymous_1)
FN:39,(anonymous_2)
FN:53,(anonymous_3)
FN:66,(anonymous_4)
FN:74,(anonymous_5)
FN:82,(anonymous_6)
FN:86,(anonymous_7)
FNF:8
FNH:8
FNDA:16,(anonymous_0)
FNDA:9,(anonymous_1)
FNDA:2,(anonymous_2)
FNDA:6,(anonymous_3)
FNDA:1,(anonymous_4)
FNDA:1,(anonymous_5)
FNDA:3,(anonymous_6)
FNDA:5,(anonymous_7)
DA:11,23
DA:12,16
DA:15,16
DA:24,23
DA:25,9
DA:26,9
DA:27,9
DA:28,9
DA:30,9
DA:39,23
DA:40,2
DA:42,2
DA:53,23
DA:54,6
DA:55,6
DA:57,6
DA:66,23
DA:74,23
DA:82,23
DA:83,3
DA:86,5
DA:88,3
LF:22
LH:22
BRDA:11,0,0,12
BRDA:11,1,0,13
BRDA:12,2,0,3
BRDA:12,2,1,13
BRDA:14,3,0,4
BRDA:14,3,1,12
BRDA:42,4,0,2
BRDA:42,4,1,1
BRDA:42,4,2,1
BRF:9
BRH:9
end_of_record
TN:
SF:D:\FUTURE Program\PHASE 2\gotoba-fe\gotoba-fe-app\src\utils\location.js
FN:7,(anonymous_0)
FNF:1
FNH:1
FNDA:1,(anonymous_0)
DA:7,2
DA:8,1
DA:9,1
LF:3
LH:3
BRDA:8,0,0,1
BRDA:8,0,1,0
BRF:2
BRH:1
end_of_record
TN:
SF:D:\FUTURE Program\PHASE 2\gotoba-fe\gotoba-fe-app\src\utils\rating.js
FN:7,(anonymous_0)
FN:11,(anonymous_1)
FNF:2
FNH:2
FNDA:2,(anonymous_0)
FNDA:10,(anonymous_1)
DA:7,6
DA:8,2
DA:9,2
DA:11,2
DA:12,10
DA:13,10
DA:16,2
LF:7
LH:7
BRF:0
BRH:0
end_of_record
TN:
SF:D:\FUTURE Program\PHASE 2\gotoba-fe\gotoba-fe-app\src\utils\tool.js
FN:9,alert
FN:20,toast
FNF:2
FNH:2
FNDA:1,alert
FNDA:1,toast
DA:10,1
DA:11,1
DA:12,1
DA:21,1
DA:22,1
LF:5
LH:5
BRF:0
BRH:0
end_of_record
TN:
SF:D:\FUTURE Program\PHASE 2\gotoba-fe\gotoba-fe-app\src\utils\validation.js
FN:7,getValidationState
FNF:1
FNH:1
FNDA:4,getValidationState
DA:8,4
LF:1
LH:1
BRDA:7,0,0,0
BRDA:8,1,0,3
BRDA:8,1,1,1
BRDA:8,2,0,4
BRDA:8,2,1,2
BRF:5
BRH:4
end_of_record
TN:
SF:D:\FUTURE Program\PHASE 2\gotoba-fe\gotoba-fe-app\src\views\Admin\Admin.vue
FNF:0
FNH:0
DA:18,0
DA:19,0
DA:20,0
DA:21,0
LF:4
LH:0
BRF:0
BRH:0
end_of_record
TN:
SF:D:\FUTURE Program\PHASE 2\gotoba-fe\gotoba-fe-app\src\views\Admin\Dashboard.vue
FN:46,(anonymous_1)
FN:53,(anonymous_2)
FNF:2
FNH:0
FNDA:0,(anonymous_1)
FNDA:0,(anonymous_2)
DA:34,0
DA:35,0
DA:36,0
DA:47,0
DA:48,0
DA:50,0
DA:54,0
LF:7
LH:0
BRDA:50,0,0,0
BRDA:50,0,1,0
BRF:2
BRH:0
end_of_record
TN:
SF:D:\FUTURE Program\PHASE 2\gotoba-fe\gotoba-fe-app\src\views\Admin\GalleryData.vue
FN:58,(anonymous_1)
FN:61,(anonymous_2)
FN:71,(anonymous_3)
FN:74,(anonymous_4)
FNF:4
FNH:4
FNDA:6,(anonymous_1)
FNDA:6,(anonymous_2)
FNDA:4,(anonymous_3)
FNDA:4,(anonymous_4)
DA:41,1
DA:42,1
DA:43,1
DA:44,1
DA:45,1
DA:59,6
DA:62,6
DA:64,6
DA:65,4
DA:68,2
DA:72,4
DA:75,4
LF:12
LH:12
BRDA:64,0,0,4
BRDA:64,0,1,2
BRF:2
BRH:2
end_of_record
TN:
SF:D:\FUTURE Program\PHASE 2\gotoba-fe\gotoba-fe-app\src\views\Admin\GalleryDetail.vue
FN:40,(anonymous_1)
FN:45,(anonymous_2)
FN:53,(anonymous_3)
FN:54,(anonymous_4)
FNF:4
FNH:0
FNDA:0,(anonymous_1)
FNDA:0,(anonymous_2)
FNDA:0,(anonymous_3)
FNDA:0,(anonymous_4)
DA:29,0
DA:30,0
DA:41,0
DA:46,0
DA:48,0
DA:49,0
DA:50,0
DA:54,0
LF:8
LH:0
BRDA:48,0,0,0
BRDA:48,0,1,0
BRF:2
BRH:0
end_of_record
TN:
SF:D:\FUTURE Program\PHASE 2\gotoba-fe\gotoba-fe-app\src\views\Admin\ItineraryData.vue
FN:57,(anonymous_1)
FN:60,(anonymous_2)
FN:70,(anonymous_3)
FN:73,(anonymous_4)
FNF:4
FNH:4
FNDA:6,(anonymous_1)
FNDA:6,(anonymous_2)
FNDA:4,(anonymous_3)
FNDA:4,(anonymous_4)
DA:41,1
DA:42,1
DA:43,1
DA:44,1
DA:45,1
DA:58,6
DA:61,6
DA:63,6
DA:64,4
DA:67,2
DA:71,4
DA:74,4
LF:12
LH:12
BRDA:63,0,0,4
BRDA:63,0,1,2
BRF:2
BRH:2
end_of_record
TN:
SF:D:\FUTURE Program\PHASE 2\gotoba-fe\gotoba-fe-app\src\views\Admin\ItineraryDetail.vue
FN:68,(anonymous_1)
FN:71,(anonymous_2)
FN:79,(anonymous_3)
FN:84,(anonymous_4)
FN:92,(anonymous_5)
FN:93,(anonymous_6)
FNF:6
FNH:0
FNDA:0,(anonymous_1)
FNDA:0,(anonymous_2)
FNDA:0,(anonymous_3)
FNDA:0,(anonymous_4)
FNDA:0,(anonymous_5)
FNDA:0,(anonymous_6)
DA:56,0
DA:57,0
DA:58,0
DA:69,0
DA:71,0
DA:73,0
DA:76,0
DA:80,0
DA:85,0
DA:87,0
DA:88,0
DA:89,0
DA:93,0
LF:13
LH:0
BRDA:87,0,0,0
BRDA:87,0,1,0
BRF:2
BRH:0
end_of_record
TN:
SF:D:\FUTURE Program\PHASE 2\gotoba-fe\gotoba-fe-app\src\views\Admin\MerchantData.vue
FN:49,(anonymous_1)
FN:52,(anonymous_2)
FN:62,(anonymous_3)
FN:63,(anonymous_4)
FN:74,(anonymous_5)
FN:77,(anonymous_6)
FNF:6
FNH:6
FNDA:14,(anonymous_1)
FNDA:14,(anonymous_2)
FNDA:5,(anonymous_3)
FNDA:15,(anonymous_4)
FNDA:5,(anonymous_5)
FNDA:5,(anonymous_6)
DA:34,1
DA:35,1
DA:36,1
DA:37,1
DA:50,14
DA:53,14
DA:55,14
DA:56,9
DA:59,5
DA:63,20
DA:75,5
DA:78,5
LF:12
LH:12
BRDA:55,0,0,9
BRDA:55,0,1,5
BRDA:65,1,0,15
BRDA:65,1,1,15
BRF:4
BRH:4
end_of_record
TN:
SF:D:\FUTURE Program\PHASE 2\gotoba-fe\gotoba-fe-app\src\views\Admin\RestaurantData.vue
FN:47,(anonymous_1)
FN:50,(anonymous_2)
FN:60,(anonymous_3)
FN:63,(anonymous_4)
FNF:4
FNH:4
FNDA:6,(anonymous_1)
FNDA:6,(anonymous_2)
FNDA:4,(anonymous_3)
FNDA:4,(anonymous_4)
DA:32,1
DA:33,1
DA:34,1
DA:35,1
DA:48,6
DA:51,6
DA:53,6
DA:54,4
DA:57,2
DA:61,4
DA:64,4
LF:11
LH:11
BRDA:53,0,0,4
BRDA:53,0,1,2
BRF:2
BRH:2
end_of_record
TN:
SF:D:\FUTURE Program\PHASE 2\gotoba-fe\gotoba-fe-app\src\views\Admin\RestaurantDetail.vue
FN:53,(anonymous_1)
FN:56,(anonymous_2)
FN:64,(anonymous_3)
FNF:3
FNH:0
FNDA:0,(anonymous_1)
FNDA:0,(anonymous_2)
FNDA:0,(anonymous_3)
DA:43,0
DA:44,0
DA:54,0
DA:56,0
DA:58,0
DA:61,0
DA:65,0
DA:66,0
LF:8
LH:0
BRF:0
BRH:0
end_of_record
TN:
SF:D:\FUTURE Program\PHASE 2\gotoba-fe\gotoba-fe-app\src\views\Admin\TourGuideData.vue
FN:58,(anonymous_1)
FN:61,(anonymous_2)
FN:71,(anonymous_3)
FN:74,(anonymous_4)
FNF:4
FNH:4
FNDA:6,(anonymous_1)
FNDA:6,(anonymous_2)
FNDA:4,(anonymous_3)
FNDA:4,(anonymous_4)
DA:41,1
DA:42,1
DA:43,1
DA:44,1
DA:45,1
DA:59,6
DA:62,6
DA:64,6
DA:65,4
DA:68,2
DA:72,4
DA:75,4
LF:12
LH:12
BRDA:64,0,0,4
BRDA:64,0,1,2
BRF:2
BRH:2
end_of_record
TN:
SF:D:\FUTURE Program\PHASE 2\gotoba-fe\gotoba-fe-app\src\views\Admin\TourGuideDetail.vue
FN:105,(anonymous_1)
FN:110,(anonymous_2)
FN:118,(anonymous_3)
FN:119,(anonymous_4)
FNF:4
FNH:0
FNDA:0,(anonymous_1)
FNDA:0,(anonymous_2)
FNDA:0,(anonymous_3)
FNDA:0,(anonymous_4)
DA:92,0
DA:93,0
DA:94,0
DA:106,0
DA:111,0
DA:113,0
DA:114,0
DA:115,0
DA:119,0
LF:9
LH:0
BRDA:113,0,0,0
BRDA:113,0,1,0
BRF:2
BRH:0
end_of_record
TN:
SF:D:\FUTURE Program\PHASE 2\gotoba-fe\gotoba-fe-app\src\views\Admin\UserData.vue
FN:49,(anonymous_1)
FN:52,(anonymous_2)
FN:62,(anonymous_3)
FN:63,(anonymous_4)
FN:74,(anonymous_5)
FN:77,(anonymous_6)
FNF:6
FNH:6
FNDA:7,(anonymous_1)
FNDA:7,(anonymous_2)
FNDA:5,(anonymous_3)
FNDA:15,(anonymous_4)
FNDA:5,(anonymous_5)
FNDA:5,(anonymous_6)
DA:34,1
DA:35,1
DA:36,1
DA:37,1
DA:50,7
DA:53,7
DA:55,7
DA:56,5
DA:59,2
DA:63,20
DA:75,5
DA:78,5
LF:12
LH:12
BRDA:55,0,0,5
BRDA:55,0,1,2
BRDA:65,1,0,15
BRDA:65,1,1,15
BRF:4
BRH:4
end_of_record
TN:
SF:D:\FUTURE Program\PHASE 2\gotoba-fe\gotoba-fe-app\src\views\Auth\Login.vue
FN:102,(anonymous_1)
FN:114,(anonymous_2)
FN:150,(anonymous_3)
FNF:3
FNH:3
FNDA:7,(anonymous_1)
FNDA:4,(anonymous_2)
FNDA:4,(anonymous_3)
DA:95,1
DA:96,1
DA:97,1
DA:98,1
DA:103,7
DA:115,4
DA:116,1
DA:119,3
DA:124,3
DA:126,3
DA:127,3
DA:128,2
DA:129,2
DA:131,2
DA:132,1
DA:139,1
DA:140,1
DA:143,1
DA:145,1
DA:146,1
DA:147,1
DA:151,4
DA:152,1
DA:153,1
DA:155,3
DA:156,1
DA:157,1
DA:159,2
LF:28
LH:28
BRDA:115,0,0,1
BRDA:115,0,1,3
BRDA:115,1,0,4
BRDA:115,1,1,4
BRDA:115,1,2,3
BRDA:131,2,0,1
BRDA:131,2,1,1
BRDA:151,3,0,1
BRDA:151,3,1,3
BRDA:155,4,0,1
BRDA:155,4,1,2
BRF:11
BRH:11
end_of_record
TN:
SF:D:\FUTURE Program\PHASE 2\gotoba-fe\gotoba-fe-app\src\views\Auth\SignUp.vue
FN:1,(anonymous_0)
FN:252,(anonymous_1)
FN:268,(anonymous_2)
FN:318,(anonymous_3)
FN:332,render
FN:332,(anonymous_5)
FN:332,(anonymous_6)
FN:332,(anonymous_7)
FN:332,(anonymous_8)
FN:332,(anonymous_9)
FN:332,(anonymous_10)
FN:332,(anonymous_11)
FN:332,(anonymous_12)
FN:332,(anonymous_13)
FN:332,(anonymous_14)
FN:332,(anonymous_15)
FN:332,(anonymous_16)
FN:332,(anonymous_17)
FN:332,(anonymous_18)
FNF:19
FNH:5
FNDA:1,(anonymous_0)
FNDA:7,(anonymous_1)
FNDA:5,(anonymous_2)
FNDA:3,(anonymous_3)
FNDA:16,render
FNDA:0,(anonymous_5)
FNDA:0,(anonymous_6)
FNDA:0,(anonymous_7)
FNDA:0,(anonymous_8)
FNDA:0,(anonymous_9)
FNDA:0,(anonymous_10)
FNDA:0,(anonymous_11)
FNDA:0,(anonymous_12)
FNDA:0,(anonymous_13)
FNDA:0,(anonymous_14)
FNDA:0,(anonymous_15)
FNDA:0,(anonymous_16)
FNDA:0,(anonymous_17)
FNDA:0,(anonymous_18)
DA:1,1
DA:4,1
DA:6,1
DA:9,1
DA:11,1
DA:13,1
DA:15,1
DA:17,1
DA:249,1
DA:253,7
DA:269,5
DA:270,1
DA:273,4
DA:274,4
DA:283,4
DA:288,4
DA:289,4
DA:291,3
DA:292,2
DA:293,2
DA:295,2
DA:296,1
DA:302,1
DA:303,1
DA:306,1
DA:307,1
DA:310,1
DA:311,1
DA:313,1
DA:314,1
DA:319,3
DA:320,1
DA:321,1
DA:324,2
DA:329,1
DA:331,1
DA:332,16
DA:333,1
LF:38
LH:38
BRDA:269,0,0,1
BRDA:269,0,1,4
BRDA:269,1,0,5
BRDA:269,1,1,5
BRDA:269,1,2,5
BRDA:269,1,3,5
BRDA:269,1,4,5
BRDA:269,1,5,5
BRDA:291,2,0,2
BRDA:291,2,1,1
BRDA:295,3,0,1
BRDA:295,3,1,1
BRDA:319,4,0,1
BRDA:319,4,1,2
BRDA:331,5,0,1
BRDA:331,5,1,0
BRDA:331,6,0,0
BRDA:331,6,1,1
BRDA:332,7,0,16
BRDA:332,7,1,0
BRF:20
BRH:17
end_of_record
TN:
SF:D:\FUTURE Program\PHASE 2\gotoba-fe\gotoba-fe-app\src\views\Error\NotFound.vue
FN:27,(anonymous_1)
FNF:1
FNH:1
FNDA:3,(anonymous_1)
DA:19,1
DA:28,3
DA:29,1
DA:30,1
DA:33,2
DA:34,1
DA:35,1
DA:38,1
LF:8
LH:8
BRDA:28,0,0,1
BRDA:28,0,1,2
BRDA:33,1,0,1
BRDA:33,1,1,1
BRF:4
BRH:4
end_of_record
TN:
SF:D:\FUTURE Program\PHASE 2\gotoba-fe\gotoba-fe-app\src\views\Merchant\Merchant.vue
FN:22,(anonymous_1)
FN:26,(anonymous_2)
FNF:2
FNH:2
FNDA:1,(anonymous_1)
FNDA:1,(anonymous_2)
DA:12,1
DA:13,1
DA:23,1
DA:27,1
LF:4
LH:4
BRF:0
BRH:0
end_of_record
TN:
SF:D:\FUTURE Program\PHASE 2\gotoba-fe\gotoba-fe-app\src\views\Merchant\Bistro\Bistro.vue
FN:64,(anonymous_1)
FNF:1
FNH:1
FNDA:1,(anonymous_1)
DA:51,1
DA:52,1
DA:53,1
DA:65,1
DA:66,1
LF:5
LH:5
BRF:0
BRH:0
end_of_record
TN:
SF:D:\FUTURE Program\PHASE 2\gotoba-fe\gotoba-fe-app\src\views\Merchant\Bistro\BistroPromotion.vue
FN:15,(anonymous_1)
FNF:1
FNH:0
FNDA:0,(anonymous_1)
DA:8,0
DA:16,0
LF:2
LH:0
BRF:0
BRH:0
end_of_record
TN:
SF:D:\FUTURE Program\PHASE 2\gotoba-fe\gotoba-fe-app\src\views\Merchant\Bistro\BistroReview.vue
FN:18,(anonymous_1)
FN:22,(anonymous_2)
FNF:2
FNH:0
FNDA:0,(anonymous_1)
FNDA:0,(anonymous_2)
DA:8,0
DA:9,0
DA:19,0
DA:23,0
DA:24,0
LF:5
LH:0
BRF:0
BRH:0
end_of_record
TN:
SF:D:\FUTURE Program\PHASE 2\gotoba-fe\gotoba-fe-app\src\views\Merchant\Bistro\EditBistro.vue
FN:239,(anonymous_1)
FN:246,(anonymous_2)
FN:294,(anonymous_3)
FN:299,(anonymous_4)
FN:303,(anonymous_5)
FN:312,(anonymous_6)
FN:317,(anonymous_7)
FN:324,(anonymous_8)
FN:328,(anonymous_9)
FN:331,(anonymous_10)
FN:338,(anonymous_11)
FN:342,(anonymous_12)
FN:344,(anonymous_13)
FN:348,(anonymous_14)
FN:358,(anonymous_15)
FN:362,(anonymous_16)
FN:368,(anonymous_17)
FNF:17
FNH:0
FNDA:0,(anonymous_1)
FNDA:0,(anonymous_2)
FNDA:0,(anonymous_3)
FNDA:0,(anonymous_4)
FNDA:0,(anonymous_5)
FNDA:0,(anonymous_6)
FNDA:0,(anonymous_7)
FNDA:0,(anonymous_8)
FNDA:0,(anonymous_9)
FNDA:0,(anonymous_10)
FNDA:0,(anonymous_11)
FNDA:0,(anonymous_12)
FNDA:0,(anonymous_13)
FNDA:0,(anonymous_14)
FNDA:0,(anonymous_15)
FNDA:0,(anonymous_16)
FNDA:0,(anonymous_17)
DA:227,0
DA:228,0
DA:229,0
DA:230,0
DA:231,0
DA:232,0
DA:240,0
DA:241,0
DA:242,0
DA:243,0
DA:247,0
DA:295,0
DA:297,0
DA:298,0
DA:299,0
DA:301,0
DA:302,0
DA:305,0
DA:306,0
DA:309,0
DA:312,0
DA:314,0
DA:315,0
DA:316,0
DA:319,0
DA:320,0
DA:325,0
DA:327,0
DA:328,0
DA:330,0
DA:333,0
DA:339,0
DA:343,0
DA:344,0
DA:345,0
DA:346,0
DA:348,0
DA:350,0
DA:351,0
DA:352,0
DA:360,0
DA:363,0
DA:369,0
LF:43
LH:0
BRDA:242,0,0,0
BRDA:242,0,1,0
BRDA:298,1,0,0
BRDA:298,1,1,0
BRDA:327,2,0,0
BRDA:327,2,1,0
BRDA:327,3,0,0
BRDA:327,3,1,0
BRDA:343,4,0,0
BRDA:343,4,1,0
BRF:10
BRH:0
end_of_record
TN:
SF:D:\FUTURE Program\PHASE 2\gotoba-fe\gotoba-fe-app\src\views\Merchant\Location\AddDestination.vue
FN:111,(anonymous_1)
FN:123,(anonymous_2)
FN:139,(anonymous_3)
FN:143,(anonymous_4)
FN:150,(anonymous_5)
FN:155,(anonymous_6)
FN:159,(anonymous_7)
FN:162,(anonymous_8)
FN:165,(anonymous_9)
FN:170,(anonymous_10)
FNF:10
FNH:0
FNDA:0,(anonymous_1)
FNDA:0,(anonymous_2)
FNDA:0,(anonymous_3)
FNDA:0,(anonymous_4)
FNDA:0,(anonymous_5)
FNDA:0,(anonymous_6)
FNDA:0,(anonymous_7)
FNDA:0,(anonymous_8)
FNDA:0,(anonymous_9)
FNDA:0,(anonymous_10)
DA:83,0
DA:84,0
DA:85,0
DA:86,0
DA:87,0
DA:88,0
DA:91,0
DA:92,0
DA:93,0
DA:94,0
DA:112,0
DA:115,0
DA:117,0
DA:124,0
DA:140,0
DA:141,0
DA:143,0
DA:145,0
DA:146,0
DA:152,0
DA:156,0
DA:157,0
DA:160,0
DA:163,0
DA:166,0
DA:171,0
LF:26
LH:0
BRDA:146,0,0,0
BRDA:146,0,1,0
BRDA:146,0,2,0
BRDA:146,0,3,0
BRF:4
BRH:0
end_of_record
TN:
SF:D:\FUTURE Program\PHASE 2\gotoba-fe\gotoba-fe-app\src\views\Merchant\Order\ItineraryOrder.vue
FN:19,(anonymous_1)
FNF:1
FNH:0
FNDA:0,(anonymous_1)
DA:8,0
DA:9,0
DA:20,0
LF:3
LH:0
BRF:0
BRH:0
end_of_record
TN:
SF:D:\FUTURE Program\PHASE 2\gotoba-fe\gotoba-fe-app\src\views\Merchant\Order\OrderList.vue
FN:44,(anonymous_1)
FNF:1
FNH:0
FNDA:0,(anonymous_1)
DA:35,0
DA:36,0
DA:45,0
LF:3
LH:0
BRF:0
BRH:0
end_of_record
TN:
SF:D:\FUTURE Program\PHASE 2\gotoba-fe\gotoba-fe-app\src\views\Merchant\Order\RestaurantOrder.vue
FN:19,(anonymous_1)
FNF:1
FNH:0
FNDA:0,(anonymous_1)
DA:8,0
DA:9,0
DA:20,0
LF:3
LH:0
BRF:0
BRH:0
end_of_record
TN:
SF:D:\FUTURE Program\PHASE 2\gotoba-fe\gotoba-fe-app\src\views\Merchant\Profile\EditProfile.vue
FN:123,(anonymous_1)
FN:131,(anonymous_2)
FN:140,(anonymous_3)
FN:148,(anonymous_4)
FN:154,(anonymous_5)
FN:158,(anonymous_6)
FN:161,(anonymous_7)
FN:168,(anonymous_8)
FNF:8
FNH:0
FNDA:0,(anonymous_1)
FNDA:0,(anonymous_2)
FNDA:0,(anonymous_3)
FNDA:0,(anonymous_4)
FNDA:0,(anonymous_5)
FNDA:0,(anonymous_6)
FNDA:0,(anonymous_7)
FNDA:0,(anonymous_8)
DA:113,0
DA:114,0
DA:115,0
DA:116,0
DA:124,0
DA:132,0
DA:135,0
DA:138,0
DA:140,0
DA:142,0
DA:150,0
DA:155,0
DA:157,0
DA:158,0
DA:160,0
DA:163,0
DA:169,0
LF:17
LH:0
BRDA:132,0,0,0
BRDA:132,0,1,0
BRDA:132,1,0,0
BRDA:132,1,1,0
BRDA:132,1,2,0
BRDA:157,2,0,0
BRDA:157,2,1,0
BRDA:157,3,0,0
BRDA:157,3,1,0
BRF:9
BRH:0
end_of_record
TN:
SF:D:\FUTURE Program\PHASE 2\gotoba-fe\gotoba-fe-app\src\views\Merchant\Profile\Profile.vue
FN:37,(anonymous_1)
FN:43,(anonymous_2)
FNF:2
FNH:0
FNDA:0,(anonymous_1)
FNDA:0,(anonymous_2)
DA:23,0
DA:24,0
DA:25,0
DA:26,0
DA:38,0
DA:39,0
DA:40,0
DA:44,0
LF:8
LH:0
BRDA:38,0,0,0
BRDA:38,0,1,0
BRDA:38,1,0,0
BRDA:38,1,1,0
BRF:4
BRH:0
end_of_record
TN:
SF:D:\FUTURE Program\PHASE 2\gotoba-fe\gotoba-fe-app\src\views\Merchant\Scanner\QrScanner.vue
FN:19,(anonymous_1)
FN:27,(anonymous_2)
FNF:2
FNH:0
FNDA:0,(anonymous_1)
FNDA:0,(anonymous_2)
DA:11,0
DA:12,0
DA:20,0
DA:28,0
DA:29,0
DA:32,0
DA:33,0
LF:7
LH:0
BRF:0
BRH:0
end_of_record
TN:
SF:D:\FUTURE Program\PHASE 2\gotoba-fe\gotoba-fe-app\src\views\Merchant\Scanner\ScanResult.vue
FNF:0
FNH:0
DA:16,0
DA:17,0
LF:2
LH:0
BRF:0
BRH:0
end_of_record
TN:
SF:D:\FUTURE Program\PHASE 2\gotoba-fe\gotoba-fe-app\src\views\Merchant\Spot\EditSpot.vue
FN:257,(anonymous_1)
FN:260,(anonymous_2)
FN:284,(anonymous_3)
FN:289,(anonymous_4)
FN:293,(anonymous_5)
FN:302,(anonymous_6)
FN:307,(anonymous_7)
FN:314,(anonymous_8)
FN:318,(anonymous_9)
FN:321,(anonymous_10)
FN:329,(anonymous_11)
FN:333,(anonymous_12)
FN:335,(anonymous_13)
FN:337,(anonymous_14)
FN:339,(anonymous_15)
FN:347,(anonymous_16)
FN:348,(anonymous_17)
FN:352,(anonymous_18)
FN:356,(anonymous_19)
FN:360,(anonymous_20)
FNF:20
FNH:0
FNDA:0,(anonymous_1)
FNDA:0,(anonymous_2)
FNDA:0,(anonymous_3)
FNDA:0,(anonymous_4)
FNDA:0,(anonymous_5)
FNDA:0,(anonymous_6)
FNDA:0,(anonymous_7)
FNDA:0,(anonymous_8)
FNDA:0,(anonymous_9)
FNDA:0,(anonymous_10)
FNDA:0,(anonymous_11)
FNDA:0,(anonymous_12)
FNDA:0,(anonymous_13)
FNDA:0,(anonymous_14)
FNDA:0,(anonymous_15)
FNDA:0,(anonymous_16)
FNDA:0,(anonymous_17)
FNDA:0,(anonymous_18)
FNDA:0,(anonymous_19)
FNDA:0,(anonymous_20)
DA:245,0
DA:246,0
DA:247,0
DA:248,0
DA:249,0
DA:250,0
DA:258,0
DA:261,0
DA:285,0
DA:286,0
DA:288,0
DA:289,0
DA:291,0
DA:292,0
DA:295,0
DA:296,0
DA:299,0
DA:302,0
DA:304,0
DA:305,0
DA:306,0
DA:309,0
DA:310,0
DA:315,0
DA:317,0
DA:318,0
DA:320,0
DA:323,0
DA:324,0
DA:330,0
DA:334,0
DA:335,0
DA:337,0
DA:338,0
DA:341,0
DA:342,0
DA:348,0
DA:349,0
DA:350,0
DA:352,0
DA:354,0
DA:355,0
DA:358,0
DA:361,0
LF:44
LH:0
BRDA:288,0,0,0
BRDA:288,0,1,0
BRDA:317,1,0,0
BRDA:317,1,1,0
BRDA:317,2,0,0
BRDA:317,2,1,0
BRDA:334,3,0,0
BRDA:334,3,1,0
BRF:8
BRH:0
end_of_record
TN:
SF:D:\FUTURE Program\PHASE 2\gotoba-fe\gotoba-fe-app\src\views\Merchant\Spot\Spot.vue
FN:39,(anonymous_1)
FN:47,(anonymous_2)
FN:51,(anonymous_3)
FNF:3
FNH:0
FNDA:0,(anonymous_1)
FNDA:0,(anonymous_2)
FNDA:0,(anonymous_3)
DA:25,0
DA:26,0
DA:27,0
DA:28,0
DA:40,0
DA:48,0
DA:52,0
LF:7
LH:0
BRDA:41,0,0,0
BRDA:41,0,1,0
BRF:2
BRH:0
end_of_record
TN:
SF:D:\FUTURE Program\PHASE 2\gotoba-fe\gotoba-fe-app\src\views\Merchant\Spot\SpotDetail.vue
FN:19,(anonymous_1)
FNF:1
FNH:0
FNDA:0,(anonymous_1)
DA:8,0
DA:9,0
DA:20,0
LF:3
LH:0
BRF:0
BRH:0
end_of_record
TN:
SF:D:\FUTURE Program\PHASE 2\gotoba-fe\gotoba-fe-app\src\views\Merchant\Spot\SpotPromotion.vue
FN:15,(anonymous_1)
FNF:1
FNH:0
FNDA:0,(anonymous_1)
DA:8,0
DA:16,0
LF:2
LH:0
BRF:0
BRH:0
end_of_record
TN:
SF:D:\FUTURE Program\PHASE 2\gotoba-fe\gotoba-fe-app\src\views\User\Main.vue
FN:22,(anonymous_1)
FN:26,(anonymous_2)
FNF:2
FNH:2
FNDA:1,(anonymous_1)
FNDA:1,(anonymous_2)
DA:12,1
DA:13,1
DA:23,1
DA:27,1
LF:4
LH:4
BRF:0
BRH:0
end_of_record
TN:
SF:D:\FUTURE Program\PHASE 2\gotoba-fe\gotoba-fe-app\src\views\User\Gallery\Gallery.vue
FN:34,(anonymous_1)
FNF:1
FNH:0
FNDA:0,(anonymous_1)
DA:23,0
DA:24,0
DA:35,0
LF:3
LH:0
BRF:0
BRH:0
end_of_record
TN:
SF:D:\FUTURE Program\PHASE 2\gotoba-fe\gotoba-fe-app\src\views\User\History\HistoryCancelled.vue
FN:19,(anonymous_1)
FNF:1
FNH:0
FNDA:0,(anonymous_1)
DA:8,0
DA:9,0
DA:20,0
LF:3
LH:0
BRF:0
BRH:0
end_of_record
TN:
SF:D:\FUTURE Program\PHASE 2\gotoba-fe\gotoba-fe-app\src\views\User\History\HistoryDetails.vue
FN:67,(anonymous_1)
FN:81,(anonymous_2)
FNF:2
FNH:0
FNDA:0,(anonymous_1)
FNDA:0,(anonymous_2)
DA:54,0
DA:55,0
DA:56,0
DA:57,0
DA:68,0
DA:82,0
LF:6
LH:0
BRF:0
BRH:0
end_of_record
TN:
SF:D:\FUTURE Program\PHASE 2\gotoba-fe\gotoba-fe-app\src\views\User\History\HistoryPending.vue
FN:19,(anonymous_1)
FNF:1
FNH:0
FNDA:0,(anonymous_1)
DA:8,0
DA:9,0
DA:20,0
LF:3
LH:0
BRF:0
BRH:0
end_of_record
TN:
SF:D:\FUTURE Program\PHASE 2\gotoba-fe\gotoba-fe-app\src\views\User\History\HistorySuccess.vue
FN:19,(anonymous_1)
FNF:1
FNH:0
FNDA:0,(anonymous_1)
DA:8,0
DA:9,0
DA:20,0
LF:3
LH:0
BRF:0
BRH:0
end_of_record
TN:
SF:D:\FUTURE Program\PHASE 2\gotoba-fe\gotoba-fe-app\src\views\User\Home\Home.vue
FN:174,(anonymous_1)
FN:180,(anonymous_2)
FN:206,(anonymous_3)
FNF:3
FNH:0
FNDA:0,(anonymous_1)
FNDA:0,(anonymous_2)
FNDA:0,(anonymous_3)
DA:151,0
DA:152,0
DA:153,0
DA:154,0
DA:155,0
DA:156,0
DA:175,0
DA:176,0
DA:177,0
DA:178,0
DA:181,0
DA:207,0
LF:12
LH:0
BRF:0
BRH:0
end_of_record
TN:
SF:D:\FUTURE Program\PHASE 2\gotoba-fe\gotoba-fe-app\src\views\User\Home\Promotion.vue
FN:28,(anonymous_1)
FNF:1
FNH:1
FNDA:2,(anonymous_1)
DA:17,1
DA:18,1
DA:29,2
DA:30,2
LF:4
LH:4
BRF:0
BRH:0
end_of_record
TN:
SF:D:\FUTURE Program\PHASE 2\gotoba-fe\gotoba-fe-app\src\views\User\Home\TicketDetail.vue
FN:42,(anonymous_1)
FN:45,(anonymous_2)
FN:59,(anonymous_3)
FN:77,(anonymous_4)
FN:94,(anonymous_5)
FNF:5
FNH:0
FNDA:0,(anonymous_1)
FNDA:0,(anonymous_2)
FNDA:0,(anonymous_3)
FNDA:0,(anonymous_4)
FNDA:0,(anonymous_5)
DA:29,0
DA:30,0
DA:31,0
DA:32,0
DA:43,0
DA:46,0
DA:60,0
DA:74,0
DA:78,0
DA:80,0
DA:82,0
DA:83,0
DA:85,0
DA:87,0
DA:88,0
DA:90,0
DA:95,0
DA:97,0
DA:98,0
LF:19
LH:0
BRDA:82,0,0,0
BRDA:82,0,1,0
BRF:2
BRH:0
end_of_record
TN:
SF:D:\FUTURE Program\PHASE 2\gotoba-fe\gotoba-fe-app\src\views\User\Itinerary\AddDestination.vue
FN:103,(anonymous_1)
FN:115,(anonymous_2)
FN:132,(anonymous_3)
FN:133,(anonymous_4)
FN:137,(anonymous_5)
FN:142,(anonymous_6)
FN:148,(anonymous_7)
FN:152,(anonymous_8)
FN:155,(anonymous_9)
FN:158,(anonymous_10)
FN:161,(anonymous_11)
FNF:11
FNH:0
FNDA:0,(anonymous_1)
FNDA:0,(anonymous_2)
FNDA:0,(anonymous_3)
FNDA:0,(anonymous_4)
FNDA:0,(anonymous_5)
FNDA:0,(anonymous_6)
FNDA:0,(anonymous_7)
FNDA:0,(anonymous_8)
FNDA:0,(anonymous_9)
FNDA:0,(anonymous_10)
FNDA:0,(anonymous_11)
DA:75,0
DA:76,0
DA:77,0
DA:78,0
DA:79,0
DA:80,0
DA:83,0
DA:84,0
DA:85,0
DA:86,0
DA:104,0
DA:107,0
DA:109,0
DA:116,0
DA:133,0
DA:135,0
DA:136,0
DA:139,0
DA:143,0
DA:149,0
DA:150,0
DA:153,0
DA:156,0
DA:159,0
DA:162,0
LF:25
LH:0
BRDA:136,0,0,0
BRDA:136,0,1,0
BRF:2
BRH:0
end_of_record
TN:
SF:D:\FUTURE Program\PHASE 2\gotoba-fe\gotoba-fe-app\src\views\User\Itinerary\AddItinerary.vue
FN:47,(anonymous_1)
FN:51,(anonymous_2)
FN:58,(anonymous_3)
FN:69,(anonymous_4)
FN:75,(anonymous_5)
FN:80,(anonymous_6)
FNF:6
FNH:0
FNDA:0,(anonymous_1)
FNDA:0,(anonymous_2)
FNDA:0,(anonymous_3)
FNDA:0,(anonymous_4)
FNDA:0,(anonymous_5)
FNDA:0,(anonymous_6)
DA:33,0
DA:34,0
DA:35,0
DA:36,0
DA:48,0
DA:49,0
DA:52,0
DA:59,0
DA:69,0
DA:71,0
DA:72,0
DA:73,0
DA:74,0
DA:77,0
DA:81,0
DA:82,0
DA:83,0
LF:17
LH:0
BRF:0
BRH:0
end_of_record
TN:
SF:D:\FUTURE Program\PHASE 2\gotoba-fe\gotoba-fe-app\src\views\User\Itinerary\Itinerary.vue
FN:44,(anonymous_1)
FN:49,(anonymous_2)
FNF:2
FNH:0
FNDA:0,(anonymous_1)
FNDA:0,(anonymous_2)
DA:29,0
DA:30,0
DA:31,0
DA:32,0
DA:45,0
DA:50,0
LF:6
LH:0
BRF:0
BRH:0
end_of_record
TN:
SF:D:\FUTURE Program\PHASE 2\gotoba-fe\gotoba-fe-app\src\views\User\Journey\Journey.vue
FN:53,(anonymous_1)
FN:59,(anonymous_2)
FNF:2
FNH:2
FNDA:2,(anonymous_1)
FNDA:5,(anonymous_2)
DA:40,1
DA:41,1
DA:42,1
DA:54,2
DA:55,2
DA:60,5
LF:6
LH:6
BRF:0
BRH:0
end_of_record
TN:
SF:D:\FUTURE Program\PHASE 2\gotoba-fe\gotoba-fe-app\src\views\User\Journey\JourneyProfile.vue
FN:22,(anonymous_1)
FNF:1
FNH:1
FNDA:1,(anonymous_1)
DA:11,1
DA:12,1
DA:23,1
LF:3
LH:3
BRF:0
BRH:0
end_of_record
TN:
SF:D:\FUTURE Program\PHASE 2\gotoba-fe\gotoba-fe-app\src\views\User\Journey\JourneyReview.vue
FN:19,(anonymous_1)
FN:25,(anonymous_2)
FNF:2
FNH:0
FNDA:0,(anonymous_1)
FNDA:0,(anonymous_2)
DA:8,0
DA:9,0
DA:20,0
DA:21,0
DA:26,0
DA:27,0
DA:29,0
LF:7
LH:0
BRF:0
BRH:0
end_of_record
TN:
SF:D:\FUTURE Program\PHASE 2\gotoba-fe\gotoba-fe-app\src\views\User\Notification\Notification.vue
FN:23,(anonymous_1)
FNF:1
FNH:0
FNDA:0,(anonymous_1)
DA:16,0
DA:24,0
LF:2
LH:0
BRF:0
BRH:0
end_of_record
TN:
SF:D:\FUTURE Program\PHASE 2\gotoba-fe\gotoba-fe-app\src\views\User\Notification\NotificationDetail.vue
FN:17,(anonymous_1)
FNF:1
FNH:0
FNDA:0,(anonymous_1)
DA:10,0
DA:18,0
LF:2
LH:0
BRF:0
BRH:0
end_of_record
TN:
SF:D:\FUTURE Program\PHASE 2\gotoba-fe\gotoba-fe-app\src\views\User\Payment\Cart.vue
FN:85,(anonymous_1)
FN:88,(anonymous_2)
FN:97,(anonymous_3)
FN:107,(anonymous_4)
FN:110,(anonymous_5)
FN:117,(anonymous_6)
FNF:6
FNH:0
FNDA:0,(anonymous_1)
FNDA:0,(anonymous_2)
FNDA:0,(anonymous_3)
FNDA:0,(anonymous_4)
FNDA:0,(anonymous_5)
FNDA:0,(anonymous_6)
DA:72,0
DA:73,0
DA:74,0
DA:86,0
DA:89,0
DA:98,0
DA:99,0
DA:100,0
DA:101,0
DA:102,0
DA:104,0
DA:105,0
DA:108,0
DA:111,0
DA:112,0
DA:113,0
DA:118,0
LF:17
LH:0
BRDA:99,0,0,0
BRDA:99,0,1,0
BRF:2
BRH:0
end_of_record
TN:
SF:D:\FUTURE Program\PHASE 2\gotoba-fe\gotoba-fe-app\src\views\User\Payment\Payment.vue
FN:62,(anonymous_1)
FN:66,(anonymous_2)
FN:72,(anonymous_3)
FN:76,(anonymous_4)
FN:77,(anonymous_5)
FN:86,(anonymous_6)
FN:97,(anonymous_7)
FNF:7
FNH:0
FNDA:0,(anonymous_1)
FNDA:0,(anonymous_2)
FNDA:0,(anonymous_3)
FNDA:0,(anonymous_4)
FNDA:0,(anonymous_5)
FNDA:0,(anonymous_6)
FNDA:0,(anonymous_7)
DA:46,0
DA:47,0
DA:48,0
DA:49,0
DA:50,0
DA:51,0
DA:63,0
DA:67,0
DA:73,0
DA:76,0
DA:77,0
DA:80,0
DA:82,0
DA:84,0
DA:85,0
DA:86,0
DA:87,0
DA:90,0
DA:91,0
DA:93,0
DA:94,0
DA:98,0
LF:22
LH:0
BRF:0
BRH:0
end_of_record
TN:
SF:D:\FUTURE Program\PHASE 2\gotoba-fe\gotoba-fe-app\src\views\User\Payment\PaymentOrder.vue
FN:67,(anonymous_1)
FN:70,(anonymous_2)
FN:74,(anonymous_3)
FNF:3
FNH:0
FNDA:0,(anonymous_1)
FNDA:0,(anonymous_2)
FNDA:0,(anonymous_3)
DA:57,0
DA:58,0
DA:68,0
DA:71,0
DA:75,0
LF:5
LH:0
BRF:0
BRH:0
end_of_record
TN:
SF:D:\FUTURE Program\PHASE 2\gotoba-fe\gotoba-fe-app\src\views\User\Profile\EditProfile.vue
FN:124,(anonymous_1)
FN:127,(anonymous_2)
FN:137,(anonymous_3)
FN:151,(anonymous_4)
FN:162,(anonymous_5)
FN:169,(anonymous_6)
FN:173,(anonymous_7)
FN:176,(anonymous_8)
FN:183,(anonymous_9)
FNF:9
FNH:0
FNDA:0,(anonymous_1)
FNDA:0,(anonymous_2)
FNDA:0,(anonymous_3)
FNDA:0,(anonymous_4)
FNDA:0,(anonymous_5)
FNDA:0,(anonymous_6)
FNDA:0,(anonymous_7)
FNDA:0,(anonymous_8)
FNDA:0,(anonymous_9)
DA:113,0
DA:114,0
DA:115,0
DA:116,0
DA:117,0
DA:125,0
DA:128,0
DA:138,0
DA:141,0
DA:144,0
DA:151,0
DA:153,0
DA:154,0
DA:160,0
DA:164,0
DA:165,0
DA:170,0
DA:172,0
DA:173,0
DA:175,0
DA:178,0
DA:184,0
LF:22
LH:0
BRDA:138,0,0,0
BRDA:138,0,1,0
BRDA:138,1,0,0
BRDA:138,1,1,0
BRDA:138,1,2,0
BRDA:153,2,0,0
BRDA:153,2,1,0
BRDA:172,3,0,0
BRDA:172,3,1,0
BRDA:172,4,0,0
BRDA:172,4,1,0
BRF:11
BRH:0
end_of_record
TN:
SF:D:\FUTURE Program\PHASE 2\gotoba-fe\gotoba-fe-app\src\views\User\Profile\Profile.vue
FN:37,(anonymous_1)
FN:43,(anonymous_2)
FNF:2
FNH:0
FNDA:0,(anonymous_1)
FNDA:0,(anonymous_2)
DA:23,0
DA:24,0
DA:25,0
DA:26,0
DA:38,0
DA:39,0
DA:40,0
DA:44,0
LF:8
LH:0
BRDA:38,0,0,0
BRDA:38,0,1,0
BRDA:38,1,0,0
BRDA:38,1,1,0
BRF:4
BRH:0
end_of_record
TN:
SF:D:\FUTURE Program\PHASE 2\gotoba-fe\gotoba-fe-app\src\views\User\Restaurant\Restaurant.vue
FN:46,(anonymous_1)
FN:52,(anonymous_2)
FN:55,(anonymous_3)
FNF:3
FNH:3
FNDA:3,(anonymous_1)
FNDA:4,(anonymous_2)
FNDA:4,(anonymous_3)
DA:33,1
DA:34,1
DA:35,1
DA:47,3
DA:48,3
DA:53,4
DA:56,4
LF:7
LH:7
BRF:0
BRH:0
end_of_record
TN:
SF:D:\FUTURE Program\PHASE 2\gotoba-fe\gotoba-fe-app\src\views\User\Restaurant\RestaurantProfile.vue
FN:26,(anonymous_1)
FNF:1
FNH:1
FNDA:1,(anonymous_1)
DA:13,1
DA:14,1
DA:15,1
DA:27,1
DA:28,1
LF:5
LH:5
BRF:0
BRH:0
end_of_record
TN:
SF:D:\FUTURE Program\PHASE 2\gotoba-fe\gotoba-fe-app\src\views\User\Restaurant\RestaurantReview.vue
FN:19,(anonymous_1)
FN:25,(anonymous_2)
FNF:2
FNH:0
FNDA:0,(anonymous_1)
FNDA:0,(anonymous_2)
DA:8,0
DA:9,0
DA:20,0
DA:21,0
DA:26,0
DA:27,0
DA:29,0
LF:7
LH:0
BRF:0
BRH:0
end_of_record
TN:
SF:D:\FUTURE Program\PHASE 2\gotoba-fe\gotoba-fe-app\src\views\User\Review\Review.vue
FN:56,(anonymous_1)
FN:61,(anonymous_2)
FN:67,(anonymous_3)
FN:71,(anonymous_4)
FNF:4
FNH:0
FNDA:0,(anonymous_1)
FNDA:0,(anonymous_2)
FNDA:0,(anonymous_3)
FNDA:0,(anonymous_4)
DA:43,0
DA:44,0
DA:45,0
DA:57,0
DA:62,0
DA:67,0
DA:69,0
DA:70,0
DA:73,0
LF:9
LH:0
BRF:0
BRH:0
end_of_record
TN:
SF:D:\FUTURE Program\PHASE 2\gotoba-fe\gotoba-fe-app\src\views\User\Search\Search.vue
FN:36,(anonymous_1)
FN:46,(anonymous_2)
FN:61,(anonymous_3)
FNF:3
FNH:1
FNDA:0,(anonymous_1)
FNDA:4,(anonymous_2)
FNDA:0,(anonymous_3)
DA:17,1
DA:18,1
DA:19,1
DA:20,1
DA:37,0
DA:39,0
DA:40,0
DA:43,0
DA:47,4
DA:48,4
DA:49,4
DA:62,0
DA:64,0
DA:65,0
DA:66,0
DA:67,0
DA:68,0
DA:69,0
DA:72,0
LF:19
LH:7
BRDA:37,0,0,0
BRDA:37,0,1,0
BRDA:39,1,0,0
BRDA:39,1,1,0
BRDA:65,2,0,0
BRDA:65,2,1,0
BRF:6
BRH:0
end_of_record
TN:
SF:D:\FUTURE Program\PHASE 2\gotoba-fe\gotoba-fe-app\src\views\User\Ticket\ExpiredTicket.vue
FNF:0
FNH:0
DA:14,0
DA:15,0
LF:2
LH:0
BRF:0
BRH:0
end_of_record
TN:
SF:D:\FUTURE Program\PHASE 2\gotoba-fe\gotoba-fe-app\src\views\User\Ticket\MyTickets.vue
FN:33,(anonymous_1)
FNF:1
FNH:0
FNDA:0,(anonymous_1)
DA:26,0
DA:34,0
LF:2
LH:0
BRF:0
BRH:0
end_of_record
TN:
SF:D:\FUTURE Program\PHASE 2\gotoba-fe\gotoba-fe-app\src\views\User\Ticket\ShowQRCode.vue
FN:38,(anonymous_1)
FNF:1
FNH:0
FNDA:0,(anonymous_1)
DA:27,0
DA:28,0
DA:39,0
LF:3
LH:0
BRF:0
BRH:0
end_of_record
TN:
SF:D:\FUTURE Program\PHASE 2\gotoba-fe\gotoba-fe-app\src\views\User\Ticket\ValidTicket.vue
FNF:0
FNH:0
DA:14,0
DA:15,0
LF:2
LH:0
BRF:0
BRH:0
end_of_record
TN:
SF:D:\FUTURE Program\PHASE 2\gotoba-fe\gotoba-fe-app\src\views\User\TourGuide\TourGuide.vue
FN:28,(anonymous_1)
FNF:1
FNH:1
FNDA:1,(anonymous_1)
DA:17,1
DA:18,1
DA:29,1
LF:3
LH:3
BRF:0
BRH:0
end_of_record
TN:
SF:D:\FUTURE Program\PHASE 2\gotoba-fe\gotoba-fe-app\src\views\User\TourGuide\TourGuideProfile.vue
FN:53,(anonymous_1)
FN:57,(anonymous_2)
FNF:2
FNH:2
FNDA:1,(anonymous_1)
FNDA:1,(anonymous_2)
DA:37,1
DA:38,1
DA:39,1
DA:40,1
DA:41,1
DA:54,1
DA:58,1
DA:59,1
LF:8
LH:8
BRF:0
BRH:0
end_of_record
TN:
SF:D:\FUTURE Program\PHASE 2\gotoba-fe\gotoba-fe-app\src\views\User\TourGuide\TourGuideReview.vue
FN:19,(anonymous_1)
FN:25,(anonymous_2)
FNF:2
FNH:0
FNDA:0,(anonymous_1)
FNDA:0,(anonymous_2)
DA:8,0
DA:9,0
DA:20,0
DA:21,0
DA:26,0
DA:27,0
DA:29,0
LF:7
LH:0
BRF:0
BRH:0
end_of_record
