{"D:\\FUTURE Program\\PHASE 2\\gotoba-fe\\gotoba-fe-app\\src\\App.vue": {"path":"D:\\FUTURE Program\\PHASE 2\\gotoba-fe\\gotoba-fe-app\\src\\App.vue","statementMap":{"0":{"start":{"line":13,"column":0},"end":{"line":13,"column":null}},"1":{"start":{"line":14,"column":0},"end":{"line":14,"column":null}},"2":{"start":{"line":15,"column":0},"end":{"line":15,"column":null}},"3":{"start":{"line":16,"column":0},"end":{"line":16,"column":null}},"4":{"start":{"line":17,"column":0},"end":{"line":17,"column":null}},"5":{"start":{"line":18,"column":0},"end":{"line":18,"column":null}},"6":{"start":{"line":19,"column":0},"end":{"line":19,"column":null}},"7":{"start":{"line":20,"column":0},"end":{"line":20,"column":null}},"8":{"start":{"line":36,"column":0},"end":{"line":36,"column":null}}},"fnMap":{"0":{"name":"(anonymous_1)","decl":{"start":{"line":35,"column":0},"end":{"line":35,"column":null}},"loc":{"start":{"line":35,"column":0},"end":{"line":37,"column":null}}}},"branchMap":{"0":{"loc":{"start":{"line":36,"column":0},"end":{"line":36,"column":null}},"type":"binary-expr","locations":[{"start":{"line":36,"column":0},"end":{"line":36,"column":null}},{"start":{"line":36,"column":0},"end":{"line":36,"column":null}}]}},"s":{"0":1,"1":1,"2":1,"3":1,"4":1,"5":1,"6":1,"7":1,"8":1},"f":{"0":1},"b":{"0":[1,0]}}
,"D:\\FUTURE Program\\PHASE 2\\gotoba-fe\\gotoba-fe-app\\src\\registerServiceWorker.js": {"path":"D:\\FUTURE Program\\PHASE 2\\gotoba-fe\\gotoba-fe-app\\src\\registerServiceWorker.js","statementMap":{"0":{"start":{"line":5,"column":0},"end":{"line":32,"column":1}},"1":{"start":{"line":6,"column":2},"end":{"line":31,"column":5}},"2":{"start":{"line":8,"column":6},"end":{"line":11,"column":8}},"3":{"start":{"line":14,"column":6},"end":{"line":14,"column":57}},"4":{"start":{"line":17,"column":6},"end":{"line":17,"column":62}},"5":{"start":{"line":20,"column":6},"end":{"line":20,"column":49}},"6":{"start":{"line":23,"column":6},"end":{"line":23,"column":63}},"7":{"start":{"line":26,"column":6},"end":{"line":26,"column":83}},"8":{"start":{"line":29,"column":6},"end":{"line":29,"column":72}}},"fnMap":{"0":{"name":"(anonymous_0)","decl":{"start":{"line":7,"column":4},"end":{"line":7,"column":5}},"loc":{"start":{"line":7,"column":12},"end":{"line":12,"column":5}},"line":7},"1":{"name":"(anonymous_1)","decl":{"start":{"line":13,"column":4},"end":{"line":13,"column":5}},"loc":{"start":{"line":13,"column":17},"end":{"line":15,"column":5}},"line":13},"2":{"name":"(anonymous_2)","decl":{"start":{"line":16,"column":4},"end":{"line":16,"column":5}},"loc":{"start":{"line":16,"column":13},"end":{"line":18,"column":5}},"line":16},"3":{"name":"(anonymous_3)","decl":{"start":{"line":19,"column":4},"end":{"line":19,"column":5}},"loc":{"start":{"line":19,"column":18},"end":{"line":21,"column":5}},"line":19},"4":{"name":"(anonymous_4)","decl":{"start":{"line":22,"column":4},"end":{"line":22,"column":5}},"loc":{"start":{"line":22,"column":14},"end":{"line":24,"column":5}},"line":22},"5":{"name":"(anonymous_5)","decl":{"start":{"line":25,"column":4},"end":{"line":25,"column":5}},"loc":{"start":{"line":25,"column":14},"end":{"line":27,"column":5}},"line":25},"6":{"name":"(anonymous_6)","decl":{"start":{"line":28,"column":4},"end":{"line":28,"column":5}},"loc":{"start":{"line":28,"column":17},"end":{"line":30,"column":5}},"line":28}},"branchMap":{"0":{"loc":{"start":{"line":5,"column":0},"end":{"line":32,"column":1}},"type":"if","locations":[{"start":{"line":5,"column":0},"end":{"line":32,"column":1}},{"start":{"line":5,"column":0},"end":{"line":32,"column":1}}],"line":5}},"s":{"0":0,"1":0,"2":0,"3":0,"4":0,"5":0,"6":0,"7":0,"8":0},"f":{"0":0,"1":0,"2":0,"3":0,"4":0,"5":0,"6":0},"b":{"0":[0,0]},"hash":"b3f2c5c2bcabeee53f10302471b0314c1e9afb72"}
,"D:\\FUTURE Program\\PHASE 2\\gotoba-fe\\gotoba-fe-app\\src\\api\\api.js": {"path":"D:\\FUTURE Program\\PHASE 2\\gotoba-fe\\gotoba-fe-app\\src\\api\\api.js","statementMap":{"0":{"start":{"line":3,"column":0},"end":{"line":3,"column":50}},"1":{"start":{"line":4,"column":0},"end":{"line":4,"column":31}},"2":{"start":{"line":5,"column":0},"end":{"line":5,"column":65}},"3":{"start":{"line":7,"column":0},"end":{"line":10,"column":2}},"4":{"start":{"line":8,"column":14},"end":{"line":8,"column":20}},"5":{"start":{"line":9,"column":11},"end":{"line":9,"column":30}},"6":{"start":{"line":12,"column":0},"end":{"line":15,"column":2}},"7":{"start":{"line":13,"column":11},"end":{"line":13,"column":14}},"8":{"start":{"line":14,"column":11},"end":{"line":14,"column":30}},"9":{"start":{"line":20,"column":2},"end":{"line":27,"column":3}},"10":{"start":{"line":21,"column":21},"end":{"line":23,"column":6}},"11":{"start":{"line":24,"column":4},"end":{"line":24,"column":25}},"12":{"start":{"line":26,"column":4},"end":{"line":26,"column":21}},"13":{"start":{"line":29,"column":2},"end":{"line":29,"column":14}},"14":{"start":{"line":35,"column":2},"end":{"line":40,"column":3}},"15":{"start":{"line":36,"column":21},"end":{"line":36,"column":50}},"16":{"start":{"line":37,"column":4},"end":{"line":37,"column":25}},"17":{"start":{"line":39,"column":4},"end":{"line":39,"column":21}},"18":{"start":{"line":42,"column":2},"end":{"line":42,"column":14}},"19":{"start":{"line":48,"column":2},"end":{"line":53,"column":3}},"20":{"start":{"line":49,"column":21},"end":{"line":49,"column":49}},"21":{"start":{"line":50,"column":4},"end":{"line":50,"column":25}},"22":{"start":{"line":52,"column":4},"end":{"line":52,"column":21}},"23":{"start":{"line":55,"column":2},"end":{"line":55,"column":14}},"24":{"start":{"line":61,"column":2},"end":{"line":66,"column":3}},"25":{"start":{"line":62,"column":21},"end":{"line":62,"column":44}},"26":{"start":{"line":63,"column":4},"end":{"line":63,"column":25}},"27":{"start":{"line":65,"column":4},"end":{"line":65,"column":21}},"28":{"start":{"line":68,"column":2},"end":{"line":68,"column":14}},"29":{"start":{"line":73,"column":4},"end":{"line":73,"column":44}},"30":{"start":{"line":76,"column":4},"end":{"line":76,"column":45}},"31":{"start":{"line":79,"column":4},"end":{"line":79,"column":38}},"32":{"start":{"line":82,"column":4},"end":{"line":82,"column":37}},"33":{"start":{"line":85,"column":4},"end":{"line":85,"column":50}},"34":{"start":{"line":92,"column":4},"end":{"line":92,"column":39}},"35":{"start":{"line":95,"column":4},"end":{"line":95,"column":36}},"36":{"start":{"line":98,"column":4},"end":{"line":98,"column":37}},"37":{"start":{"line":101,"column":4},"end":{"line":101,"column":40}},"38":{"start":{"line":104,"column":4},"end":{"line":104,"column":50}},"39":{"start":{"line":107,"column":4},"end":{"line":107,"column":45}},"40":{"start":{"line":110,"column":4},"end":{"line":110,"column":42}},"41":{"start":{"line":113,"column":4},"end":{"line":113,"column":49}},"42":{"start":{"line":120,"column":4},"end":{"line":120,"column":34}},"43":{"start":{"line":123,"column":4},"end":{"line":123,"column":40}},"44":{"start":{"line":126,"column":4},"end":{"line":126,"column":53}},"45":{"start":{"line":133,"column":4},"end":{"line":133,"column":37}},"46":{"start":{"line":140,"column":4},"end":{"line":140,"column":33}},"47":{"start":{"line":143,"column":4},"end":{"line":143,"column":39}},"48":{"start":{"line":146,"column":4},"end":{"line":146,"column":45}},"49":{"start":{"line":149,"column":4},"end":{"line":149,"column":52}},"50":{"start":{"line":152,"column":4},"end":{"line":152,"column":49}},"51":{"start":{"line":159,"column":4},"end":{"line":159,"column":32}},"52":{"start":{"line":162,"column":4},"end":{"line":162,"column":55}},"53":{"start":{"line":165,"column":4},"end":{"line":165,"column":38}},"54":{"start":{"line":168,"column":4},"end":{"line":168,"column":44}},"55":{"start":{"line":171,"column":4},"end":{"line":171,"column":51}},"56":{"start":{"line":174,"column":4},"end":{"line":174,"column":48}},"57":{"start":{"line":181,"column":4},"end":{"line":181,"column":35}},"58":{"start":{"line":184,"column":4},"end":{"line":184,"column":43}},"59":{"start":{"line":187,"column":4},"end":{"line":187,"column":42}},"60":{"start":{"line":190,"column":4},"end":{"line":190,"column":59}},"61":{"start":{"line":193,"column":4},"end":{"line":193,"column":63}},"62":{"start":{"line":196,"column":4},"end":{"line":196,"column":55}},"63":{"start":{"line":199,"column":4},"end":{"line":199,"column":48}},"64":{"start":{"line":202,"column":4},"end":{"line":202,"column":46}},"65":{"start":{"line":205,"column":4},"end":{"line":205,"column":60}},"66":{"start":{"line":208,"column":4},"end":{"line":208,"column":66}},"67":{"start":{"line":211,"column":4},"end":{"line":211,"column":63}},"68":{"start":{"line":218,"column":4},"end":{"line":218,"column":35}},"69":{"start":{"line":221,"column":4},"end":{"line":221,"column":42}},"70":{"start":{"line":224,"column":4},"end":{"line":224,"column":48}},"71":{"start":{"line":227,"column":4},"end":{"line":227,"column":48}},"72":{"start":{"line":230,"column":4},"end":{"line":230,"column":55}},"73":{"start":{"line":233,"column":4},"end":{"line":233,"column":52}},"74":{"start":{"line":240,"column":4},"end":{"line":240,"column":44}},"75":{"start":{"line":243,"column":4},"end":{"line":243,"column":47}},"76":{"start":{"line":246,"column":4},"end":{"line":246,"column":58}},"77":{"start":{"line":249,"column":4},"end":{"line":249,"column":53}},"78":{"start":{"line":252,"column":4},"end":{"line":252,"column":50}},"79":{"start":{"line":259,"column":4},"end":{"line":259,"column":46}},"80":{"start":{"line":262,"column":16},"end":{"line":263,"column":107}},"81":{"start":{"line":264,"column":4},"end":{"line":264,"column":20}},"82":{"start":{"line":267,"column":16},"end":{"line":268,"column":95}},"83":{"start":{"line":270,"column":4},"end":{"line":270,"column":21}},"84":{"start":{"line":271,"column":4},"end":{"line":271,"column":43}},"85":{"start":{"line":278,"column":4},"end":{"line":278,"column":32}},"86":{"start":{"line":281,"column":4},"end":{"line":281,"column":55}},"87":{"start":{"line":284,"column":4},"end":{"line":284,"column":50}},"88":{"start":{"line":287,"column":4},"end":{"line":287,"column":48}},"89":{"start":{"line":290,"column":4},"end":{"line":290,"column":38}},"90":{"start":{"line":293,"column":4},"end":{"line":293,"column":47}},"91":{"start":{"line":296,"column":4},"end":{"line":296,"column":68}},"92":{"start":{"line":299,"column":4},"end":{"line":299,"column":51}},"93":{"start":{"line":302,"column":4},"end":{"line":302,"column":48}},"94":{"start":{"line":309,"column":4},"end":{"line":309,"column":37}},"95":{"start":{"line":312,"column":4},"end":{"line":312,"column":54}},"96":{"start":{"line":315,"column":4},"end":{"line":315,"column":63}},"97":{"start":{"line":318,"column":4},"end":{"line":318,"column":57}},"98":{"start":{"line":321,"column":4},"end":{"line":321,"column":46}},"99":{"start":{"line":324,"column":4},"end":{"line":324,"column":45}},"100":{"start":{"line":327,"column":4},"end":{"line":327,"column":44}},"101":{"start":{"line":330,"column":4},"end":{"line":330,"column":44}},"102":{"start":{"line":333,"column":4},"end":{"line":333,"column":44}},"103":{"start":{"line":336,"column":4},"end":{"line":336,"column":59}},"104":{"start":{"line":339,"column":4},"end":{"line":339,"column":50}},"105":{"start":{"line":342,"column":4},"end":{"line":342,"column":47}},"106":{"start":{"line":349,"column":4},"end":{"line":349,"column":39}},"107":{"start":{"line":352,"column":4},"end":{"line":352,"column":49}},"108":{"start":{"line":355,"column":4},"end":{"line":355,"column":52}},"109":{"start":{"line":358,"column":4},"end":{"line":358,"column":72}},"110":{"start":{"line":361,"column":4},"end":{"line":361,"column":69}},"111":{"start":{"line":364,"column":4},"end":{"line":364,"column":60}},"112":{"start":{"line":367,"column":4},"end":{"line":367,"column":59}},"113":{"start":{"line":370,"column":4},"end":{"line":370,"column":61}},"114":{"start":{"line":373,"column":4},"end":{"line":373,"column":52}},"115":{"start":{"line":376,"column":4},"end":{"line":376,"column":48}}},"fnMap":{"0":{"name":"(anonymous_0)","decl":{"start":{"line":8,"column":2},"end":{"line":8,"column":3}},"loc":{"start":{"line":8,"column":14},"end":{"line":8,"column":20}},"line":8},"1":{"name":"(anonymous_1)","decl":{"start":{"line":9,"column":2},"end":{"line":9,"column":3}},"loc":{"start":{"line":9,"column":11},"end":{"line":9,"column":30}},"line":9},"2":{"name":"(anonymous_2)","decl":{"start":{"line":13,"column":2},"end":{"line":13,"column":3}},"loc":{"start":{"line":13,"column":11},"end":{"line":13,"column":14}},"line":13},"3":{"name":"(anonymous_3)","decl":{"start":{"line":14,"column":2},"end":{"line":14,"column":3}},"loc":{"start":{"line":14,"column":11},"end":{"line":14,"column":30}},"line":14},"4":{"name":"fetchGet","decl":{"start":{"line":17,"column":22},"end":{"line":17,"column":30}},"loc":{"start":{"line":17,"column":43},"end":{"line":30,"column":1}},"line":17},"5":{"name":"fetchPost","decl":{"start":{"line":32,"column":22},"end":{"line":32,"column":31}},"loc":{"start":{"line":32,"column":45},"end":{"line":43,"column":1}},"line":32},"6":{"name":"fetchPut","decl":{"start":{"line":45,"column":22},"end":{"line":45,"column":30}},"loc":{"start":{"line":45,"column":44},"end":{"line":56,"column":1}},"line":45},"7":{"name":"fetchDelete","decl":{"start":{"line":58,"column":22},"end":{"line":58,"column":33}},"loc":{"start":{"line":58,"column":39},"end":{"line":69,"column":1}},"line":58},"8":{"name":"(anonymous_8)","decl":{"start":{"line":72,"column":2},"end":{"line":72,"column":3}},"loc":{"start":{"line":72,"column":16},"end":{"line":74,"column":3}},"line":72},"9":{"name":"(anonymous_9)","decl":{"start":{"line":75,"column":2},"end":{"line":75,"column":3}},"loc":{"start":{"line":75,"column":17},"end":{"line":77,"column":3}},"line":75},"10":{"name":"(anonymous_10)","decl":{"start":{"line":78,"column":2},"end":{"line":78,"column":3}},"loc":{"start":{"line":78,"column":15},"end":{"line":80,"column":3}},"line":78},"11":{"name":"(anonymous_11)","decl":{"start":{"line":81,"column":2},"end":{"line":81,"column":3}},"loc":{"start":{"line":81,"column":11},"end":{"line":83,"column":3}},"line":81},"12":{"name":"(anonymous_12)","decl":{"start":{"line":84,"column":2},"end":{"line":84,"column":3}},"loc":{"start":{"line":84,"column":16},"end":{"line":86,"column":3}},"line":84},"13":{"name":"(anonymous_13)","decl":{"start":{"line":91,"column":2},"end":{"line":91,"column":3}},"loc":{"start":{"line":91,"column":13},"end":{"line":93,"column":3}},"line":91},"14":{"name":"(anonymous_14)","decl":{"start":{"line":94,"column":2},"end":{"line":94,"column":3}},"loc":{"start":{"line":94,"column":19},"end":{"line":96,"column":3}},"line":94},"15":{"name":"(anonymous_15)","decl":{"start":{"line":97,"column":2},"end":{"line":97,"column":3}},"loc":{"start":{"line":97,"column":20},"end":{"line":99,"column":3}},"line":97},"16":{"name":"(anonymous_16)","decl":{"start":{"line":100,"column":2},"end":{"line":100,"column":3}},"loc":{"start":{"line":100,"column":20},"end":{"line":102,"column":3}},"line":100},"17":{"name":"(anonymous_17)","decl":{"start":{"line":103,"column":2},"end":{"line":103,"column":3}},"loc":{"start":{"line":103,"column":30},"end":{"line":105,"column":3}},"line":103},"18":{"name":"(anonymous_18)","decl":{"start":{"line":106,"column":2},"end":{"line":106,"column":3}},"loc":{"start":{"line":106,"column":20},"end":{"line":108,"column":3}},"line":106},"19":{"name":"(anonymous_19)","decl":{"start":{"line":109,"column":2},"end":{"line":109,"column":3}},"loc":{"start":{"line":109,"column":17},"end":{"line":111,"column":3}},"line":109},"20":{"name":"(anonymous_20)","decl":{"start":{"line":112,"column":2},"end":{"line":112,"column":3}},"loc":{"start":{"line":112,"column":24},"end":{"line":114,"column":3}},"line":112},"21":{"name":"(anonymous_21)","decl":{"start":{"line":119,"column":2},"end":{"line":119,"column":3}},"loc":{"start":{"line":119,"column":17},"end":{"line":121,"column":3}},"line":119},"22":{"name":"(anonymous_22)","decl":{"start":{"line":122,"column":2},"end":{"line":122,"column":3}},"loc":{"start":{"line":122,"column":24},"end":{"line":124,"column":3}},"line":122},"23":{"name":"(anonymous_23)","decl":{"start":{"line":125,"column":2},"end":{"line":125,"column":3}},"loc":{"start":{"line":125,"column":28},"end":{"line":127,"column":3}},"line":125},"24":{"name":"(anonymous_24)","decl":{"start":{"line":132,"column":2},"end":{"line":132,"column":3}},"loc":{"start":{"line":132,"column":16},"end":{"line":134,"column":3}},"line":132},"25":{"name":"(anonymous_25)","decl":{"start":{"line":139,"column":2},"end":{"line":139,"column":3}},"loc":{"start":{"line":139,"column":21},"end":{"line":141,"column":3}},"line":139},"26":{"name":"(anonymous_26)","decl":{"start":{"line":142,"column":2},"end":{"line":142,"column":3}},"loc":{"start":{"line":142,"column":29},"end":{"line":144,"column":3}},"line":142},"27":{"name":"(anonymous_27)","decl":{"start":{"line":145,"column":2},"end":{"line":145,"column":3}},"loc":{"start":{"line":145,"column":27},"end":{"line":147,"column":3}},"line":145},"28":{"name":"(anonymous_28)","decl":{"start":{"line":148,"column":2},"end":{"line":148,"column":3}},"loc":{"start":{"line":148,"column":32},"end":{"line":150,"column":3}},"line":148},"29":{"name":"(anonymous_29)","decl":{"start":{"line":151,"column":2},"end":{"line":151,"column":3}},"loc":{"start":{"line":151,"column":26},"end":{"line":153,"column":3}},"line":151},"30":{"name":"(anonymous_30)","decl":{"start":{"line":158,"column":2},"end":{"line":158,"column":3}},"loc":{"start":{"line":158,"column":19},"end":{"line":160,"column":3}},"line":158},"31":{"name":"(anonymous_31)","decl":{"start":{"line":161,"column":2},"end":{"line":161,"column":3}},"loc":{"start":{"line":161,"column":41},"end":{"line":163,"column":3}},"line":161},"32":{"name":"(anonymous_32)","decl":{"start":{"line":164,"column":2},"end":{"line":164,"column":3}},"loc":{"start":{"line":164,"column":25},"end":{"line":166,"column":3}},"line":164},"33":{"name":"(anonymous_33)","decl":{"start":{"line":167,"column":2},"end":{"line":167,"column":3}},"loc":{"start":{"line":167,"column":24},"end":{"line":169,"column":3}},"line":167},"34":{"name":"(anonymous_34)","decl":{"start":{"line":170,"column":2},"end":{"line":170,"column":3}},"loc":{"start":{"line":170,"column":29},"end":{"line":172,"column":3}},"line":170},"35":{"name":"(anonymous_35)","decl":{"start":{"line":173,"column":2},"end":{"line":173,"column":3}},"loc":{"start":{"line":173,"column":23},"end":{"line":175,"column":3}},"line":173},"36":{"name":"(anonymous_36)","decl":{"start":{"line":180,"column":2},"end":{"line":180,"column":3}},"loc":{"start":{"line":180,"column":19},"end":{"line":182,"column":3}},"line":180},"37":{"name":"(anonymous_37)","decl":{"start":{"line":183,"column":2},"end":{"line":183,"column":3}},"loc":{"start":{"line":183,"column":18},"end":{"line":185,"column":3}},"line":183},"38":{"name":"(anonymous_38)","decl":{"start":{"line":186,"column":2},"end":{"line":186,"column":3}},"loc":{"start":{"line":186,"column":26},"end":{"line":188,"column":3}},"line":186},"39":{"name":"(anonymous_39)","decl":{"start":{"line":189,"column":2},"end":{"line":189,"column":3}},"loc":{"start":{"line":189,"column":42},"end":{"line":191,"column":3}},"line":189},"40":{"name":"(anonymous_40)","decl":{"start":{"line":192,"column":2},"end":{"line":192,"column":3}},"loc":{"start":{"line":192,"column":38},"end":{"line":194,"column":3}},"line":192},"41":{"name":"(anonymous_41)","decl":{"start":{"line":195,"column":2},"end":{"line":195,"column":3}},"loc":{"start":{"line":195,"column":30},"end":{"line":197,"column":3}},"line":195},"42":{"name":"(anonymous_42)","decl":{"start":{"line":198,"column":2},"end":{"line":198,"column":3}},"loc":{"start":{"line":198,"column":26},"end":{"line":200,"column":3}},"line":198},"43":{"name":"(anonymous_43)","decl":{"start":{"line":201,"column":2},"end":{"line":201,"column":3}},"loc":{"start":{"line":201,"column":28},"end":{"line":203,"column":3}},"line":201},"44":{"name":"(anonymous_44)","decl":{"start":{"line":204,"column":2},"end":{"line":204,"column":3}},"loc":{"start":{"line":204,"column":33},"end":{"line":206,"column":3}},"line":204},"45":{"name":"(anonymous_45)","decl":{"start":{"line":207,"column":2},"end":{"line":207,"column":3}},"loc":{"start":{"line":207,"column":38},"end":{"line":209,"column":3}},"line":207},"46":{"name":"(anonymous_46)","decl":{"start":{"line":210,"column":2},"end":{"line":210,"column":3}},"loc":{"start":{"line":210,"column":32},"end":{"line":212,"column":3}},"line":210},"47":{"name":"(anonymous_47)","decl":{"start":{"line":217,"column":2},"end":{"line":217,"column":3}},"loc":{"start":{"line":217,"column":18},"end":{"line":219,"column":3}},"line":217},"48":{"name":"(anonymous_48)","decl":{"start":{"line":220,"column":2},"end":{"line":220,"column":3}},"loc":{"start":{"line":220,"column":25},"end":{"line":222,"column":3}},"line":220},"49":{"name":"(anonymous_49)","decl":{"start":{"line":223,"column":2},"end":{"line":223,"column":3}},"loc":{"start":{"line":223,"column":27},"end":{"line":225,"column":3}},"line":223},"50":{"name":"(anonymous_50)","decl":{"start":{"line":226,"column":2},"end":{"line":226,"column":3}},"loc":{"start":{"line":226,"column":24},"end":{"line":228,"column":3}},"line":226},"51":{"name":"(anonymous_51)","decl":{"start":{"line":229,"column":2},"end":{"line":229,"column":3}},"loc":{"start":{"line":229,"column":29},"end":{"line":231,"column":3}},"line":229},"52":{"name":"(anonymous_52)","decl":{"start":{"line":232,"column":2},"end":{"line":232,"column":3}},"loc":{"start":{"line":232,"column":23},"end":{"line":234,"column":3}},"line":232},"53":{"name":"(anonymous_53)","decl":{"start":{"line":239,"column":2},"end":{"line":239,"column":3}},"loc":{"start":{"line":239,"column":33},"end":{"line":241,"column":3}},"line":239},"54":{"name":"(anonymous_54)","decl":{"start":{"line":242,"column":2},"end":{"line":242,"column":3}},"loc":{"start":{"line":242,"column":34},"end":{"line":244,"column":3}},"line":242},"55":{"name":"(anonymous_55)","decl":{"start":{"line":245,"column":2},"end":{"line":245,"column":3}},"loc":{"start":{"line":245,"column":42},"end":{"line":247,"column":3}},"line":245},"56":{"name":"(anonymous_56)","decl":{"start":{"line":248,"column":2},"end":{"line":248,"column":3}},"loc":{"start":{"line":248,"column":38},"end":{"line":250,"column":3}},"line":248},"57":{"name":"(anonymous_57)","decl":{"start":{"line":251,"column":2},"end":{"line":251,"column":3}},"loc":{"start":{"line":251,"column":32},"end":{"line":253,"column":3}},"line":251},"58":{"name":"(anonymous_58)","decl":{"start":{"line":258,"column":2},"end":{"line":258,"column":3}},"loc":{"start":{"line":258,"column":31},"end":{"line":260,"column":3}},"line":258},"59":{"name":"(anonymous_59)","decl":{"start":{"line":261,"column":2},"end":{"line":261,"column":3}},"loc":{"start":{"line":261,"column":42},"end":{"line":265,"column":3}},"line":261},"60":{"name":"(anonymous_60)","decl":{"start":{"line":266,"column":2},"end":{"line":266,"column":3}},"loc":{"start":{"line":266,"column":36},"end":{"line":272,"column":3}},"line":266},"61":{"name":"(anonymous_61)","decl":{"start":{"line":277,"column":2},"end":{"line":277,"column":3}},"loc":{"start":{"line":277,"column":15},"end":{"line":279,"column":3}},"line":277},"62":{"name":"(anonymous_62)","decl":{"start":{"line":280,"column":2},"end":{"line":280,"column":3}},"loc":{"start":{"line":280,"column":35},"end":{"line":282,"column":3}},"line":280},"63":{"name":"(anonymous_63)","decl":{"start":{"line":283,"column":2},"end":{"line":283,"column":3}},"loc":{"start":{"line":283,"column":24},"end":{"line":285,"column":3}},"line":283},"64":{"name":"(anonymous_64)","decl":{"start":{"line":286,"column":2},"end":{"line":286,"column":3}},"loc":{"start":{"line":286,"column":21},"end":{"line":288,"column":3}},"line":286},"65":{"name":"(anonymous_65)","decl":{"start":{"line":289,"column":2},"end":{"line":289,"column":3}},"loc":{"start":{"line":289,"column":22},"end":{"line":291,"column":3}},"line":289},"66":{"name":"(anonymous_66)","decl":{"start":{"line":292,"column":2},"end":{"line":292,"column":3}},"loc":{"start":{"line":292,"column":27},"end":{"line":294,"column":3}},"line":292},"67":{"name":"(anonymous_67)","decl":{"start":{"line":295,"column":2},"end":{"line":295,"column":3}},"loc":{"start":{"line":295,"column":34},"end":{"line":297,"column":3}},"line":295},"68":{"name":"(anonymous_68)","decl":{"start":{"line":298,"column":2},"end":{"line":298,"column":3}},"loc":{"start":{"line":298,"column":26},"end":{"line":300,"column":3}},"line":298},"69":{"name":"(anonymous_69)","decl":{"start":{"line":301,"column":2},"end":{"line":301,"column":3}},"loc":{"start":{"line":301,"column":20},"end":{"line":303,"column":3}},"line":301},"70":{"name":"(anonymous_70)","decl":{"start":{"line":308,"column":2},"end":{"line":308,"column":3}},"loc":{"start":{"line":308,"column":22},"end":{"line":310,"column":3}},"line":308},"71":{"name":"(anonymous_71)","decl":{"start":{"line":311,"column":2},"end":{"line":311,"column":3}},"loc":{"start":{"line":311,"column":40},"end":{"line":313,"column":3}},"line":311},"72":{"name":"(anonymous_72)","decl":{"start":{"line":314,"column":2},"end":{"line":314,"column":3}},"loc":{"start":{"line":314,"column":40},"end":{"line":316,"column":3}},"line":314},"73":{"name":"(anonymous_73)","decl":{"start":{"line":317,"column":2},"end":{"line":317,"column":3}},"loc":{"start":{"line":317,"column":35},"end":{"line":319,"column":3}},"line":317},"74":{"name":"(anonymous_74)","decl":{"start":{"line":320,"column":2},"end":{"line":320,"column":3}},"loc":{"start":{"line":320,"column":21},"end":{"line":322,"column":3}},"line":320},"75":{"name":"(anonymous_75)","decl":{"start":{"line":323,"column":2},"end":{"line":323,"column":3}},"loc":{"start":{"line":323,"column":20},"end":{"line":325,"column":3}},"line":323},"76":{"name":"(anonymous_76)","decl":{"start":{"line":326,"column":2},"end":{"line":326,"column":3}},"loc":{"start":{"line":326,"column":19},"end":{"line":328,"column":3}},"line":326},"77":{"name":"(anonymous_77)","decl":{"start":{"line":329,"column":2},"end":{"line":329,"column":3}},"loc":{"start":{"line":329,"column":19},"end":{"line":331,"column":3}},"line":329},"78":{"name":"(anonymous_78)","decl":{"start":{"line":332,"column":2},"end":{"line":332,"column":3}},"loc":{"start":{"line":332,"column":19},"end":{"line":334,"column":3}},"line":332},"79":{"name":"(anonymous_79)","decl":{"start":{"line":335,"column":2},"end":{"line":335,"column":3}},"loc":{"start":{"line":335,"column":35},"end":{"line":337,"column":3}},"line":335},"80":{"name":"(anonymous_80)","decl":{"start":{"line":338,"column":2},"end":{"line":338,"column":3}},"loc":{"start":{"line":338,"column":31},"end":{"line":340,"column":3}},"line":338},"81":{"name":"(anonymous_81)","decl":{"start":{"line":341,"column":2},"end":{"line":341,"column":3}},"loc":{"start":{"line":341,"column":19},"end":{"line":343,"column":3}},"line":341},"82":{"name":"(anonymous_82)","decl":{"start":{"line":348,"column":2},"end":{"line":348,"column":3}},"loc":{"start":{"line":348,"column":18},"end":{"line":350,"column":3}},"line":348},"83":{"name":"(anonymous_83)","decl":{"start":{"line":351,"column":2},"end":{"line":351,"column":3}},"loc":{"start":{"line":351,"column":30},"end":{"line":353,"column":3}},"line":351},"84":{"name":"(anonymous_84)","decl":{"start":{"line":354,"column":2},"end":{"line":354,"column":3}},"loc":{"start":{"line":354,"column":36},"end":{"line":356,"column":3}},"line":354},"85":{"name":"(anonymous_85)","decl":{"start":{"line":357,"column":2},"end":{"line":357,"column":3}},"loc":{"start":{"line":357,"column":46},"end":{"line":359,"column":3}},"line":357},"86":{"name":"(anonymous_86)","decl":{"start":{"line":360,"column":2},"end":{"line":360,"column":3}},"loc":{"start":{"line":360,"column":43},"end":{"line":362,"column":3}},"line":360},"87":{"name":"(anonymous_87)","decl":{"start":{"line":363,"column":2},"end":{"line":363,"column":3}},"loc":{"start":{"line":363,"column":36},"end":{"line":365,"column":3}},"line":363},"88":{"name":"(anonymous_88)","decl":{"start":{"line":366,"column":2},"end":{"line":366,"column":3}},"loc":{"start":{"line":366,"column":35},"end":{"line":368,"column":3}},"line":366},"89":{"name":"(anonymous_89)","decl":{"start":{"line":369,"column":2},"end":{"line":369,"column":3}},"loc":{"start":{"line":369,"column":37},"end":{"line":371,"column":3}},"line":369},"90":{"name":"(anonymous_90)","decl":{"start":{"line":372,"column":2},"end":{"line":372,"column":3}},"loc":{"start":{"line":372,"column":31},"end":{"line":374,"column":3}},"line":372},"91":{"name":"(anonymous_91)","decl":{"start":{"line":375,"column":2},"end":{"line":375,"column":3}},"loc":{"start":{"line":375,"column":27},"end":{"line":377,"column":3}},"line":375}},"branchMap":{},"s":{"0":64,"1":64,"2":64,"3":64,"4":0,"5":0,"6":64,"7":0,"8":0,"9":0,"10":0,"11":0,"12":0,"13":0,"14":0,"15":0,"16":0,"17":0,"18":0,"19":0,"20":0,"21":0,"22":0,"23":0,"24":0,"25":0,"26":0,"27":0,"28":0,"29":0,"30":0,"31":0,"32":0,"33":52,"34":0,"35":0,"36":0,"37":0,"38":0,"39":0,"40":0,"41":0,"42":0,"43":0,"44":0,"45":0,"46":0,"47":0,"48":0,"49":0,"50":0,"51":0,"52":0,"53":0,"54":0,"55":0,"56":0,"57":0,"58":0,"59":0,"60":0,"61":0,"62":0,"63":0,"64":0,"65":0,"66":0,"67":0,"68":0,"69":0,"70":0,"71":0,"72":0,"73":0,"74":0,"75":0,"76":0,"77":0,"78":0,"79":0,"80":0,"81":0,"82":0,"83":0,"84":0,"85":0,"86":0,"87":0,"88":0,"89":0,"90":0,"91":0,"92":0,"93":0,"94":0,"95":0,"96":0,"97":0,"98":0,"99":0,"100":0,"101":0,"102":0,"103":0,"104":0,"105":0,"106":0,"107":0,"108":0,"109":0,"110":0,"111":0,"112":0,"113":0,"114":0,"115":0},"f":{"0":0,"1":0,"2":0,"3":0,"4":0,"5":0,"6":0,"7":0,"8":0,"9":0,"10":0,"11":0,"12":52,"13":0,"14":0,"15":0,"16":0,"17":0,"18":0,"19":0,"20":0,"21":0,"22":0,"23":0,"24":0,"25":0,"26":0,"27":0,"28":0,"29":0,"30":0,"31":0,"32":0,"33":0,"34":0,"35":0,"36":0,"37":0,"38":0,"39":0,"40":0,"41":0,"42":0,"43":0,"44":0,"45":0,"46":0,"47":0,"48":0,"49":0,"50":0,"51":0,"52":0,"53":0,"54":0,"55":0,"56":0,"57":0,"58":0,"59":0,"60":0,"61":0,"62":0,"63":0,"64":0,"65":0,"66":0,"67":0,"68":0,"69":0,"70":0,"71":0,"72":0,"73":0,"74":0,"75":0,"76":0,"77":0,"78":0,"79":0,"80":0,"81":0,"82":0,"83":0,"84":0,"85":0,"86":0,"87":0,"88":0,"89":0,"90":0,"91":0},"b":{},"_coverageSchema":"43e27e138ebf9cfc5966b082cf9a028302ed4184","hash":"683ab5ff5df981b7cabd6e95e021c65748234ac5"}
,"D:\\FUTURE Program\\PHASE 2\\gotoba-fe\\gotoba-fe-app\\src\\components\\Admin\\Breadcrumb\\Breadcrumb.vue": {"path":"D:\\FUTURE Program\\PHASE 2\\gotoba-fe\\gotoba-fe-app\\src\\components\\Admin\\Breadcrumb\\Breadcrumb.vue","statementMap":{"0":{"start":{"line":6,"column":0},"end":{"line":6,"column":null}},"1":{"start":{"line":12,"column":0},"end":{"line":12,"column":null}},"2":{"start":{"line":13,"column":0},"end":{"line":13,"column":null}},"3":{"start":{"line":15,"column":0},"end":{"line":15,"column":null}},"4":{"start":{"line":16,"column":0},"end":{"line":16,"column":null}},"5":{"start":{"line":18,"column":0},"end":{"line":25,"column":null}},"6":{"start":{"line":19,"column":0},"end":{"line":19,"column":null}},"7":{"start":{"line":24,"column":0},"end":{"line":24,"column":null}},"8":{"start":{"line":27,"column":0},"end":{"line":27,"column":null}},"9":{"start":{"line":32,"column":0},"end":{"line":32,"column":null}}},"fnMap":{"0":{"name":"(anonymous_1)","decl":{"start":{"line":11,"column":0},"end":{"line":11,"column":null}},"loc":{"start":{"line":11,"column":0},"end":{"line":33,"column":null}}},"1":{"name":"(anonymous_2)","decl":{"start":{"line":18,"column":0},"end":{"line":18,"column":null}},"loc":{"start":{"line":18,"column":0},"end":{"line":25,"column":null}}}},"branchMap":{"0":{"loc":{"start":{"line":21,"column":0},"end":{"line":21,"column":null}},"type":"cond-expr","locations":[{"start":{"line":21,"column":0},"end":{"line":21,"column":null}},{"start":{"line":21,"column":0},"end":{"line":21,"column":null}}]}},"s":{"0":2,"1":1,"2":1,"3":1,"4":1,"5":1,"6":1,"7":1,"8":1,"9":1},"f":{"0":1,"1":1},"b":{"0":[1,0]}}
,"D:\\FUTURE Program\\PHASE 2\\gotoba-fe\\gotoba-fe-app\\src\\components\\Admin\\Card\\DataCard.vue": {"path":"D:\\FUTURE Program\\PHASE 2\\gotoba-fe\\gotoba-fe-app\\src\\components\\Admin\\Card\\DataCard.vue","statementMap":{"0":{"start":{"line":59,"column":0},"end":{"line":59,"column":null}},"1":{"start":{"line":60,"column":0},"end":{"line":60,"column":null}},"2":{"start":{"line":73,"column":0},"end":{"line":73,"column":null}},"3":{"start":{"line":76,"column":0},"end":{"line":76,"column":null}}},"fnMap":{"0":{"name":"(anonymous_1)","decl":{"start":{"line":72,"column":0},"end":{"line":72,"column":null}},"loc":{"start":{"line":72,"column":0},"end":{"line":74,"column":null}}},"1":{"name":"(anonymous_2)","decl":{"start":{"line":75,"column":0},"end":{"line":75,"column":null}},"loc":{"start":{"line":75,"column":0},"end":{"line":77,"column":null}}},"2":{"name":"(anonymous_3)","decl":{"start":{"line":76,"column":0},"end":{"line":76,"column":null}},"loc":{"start":{"line":76,"column":0},"end":{"line":76,"column":null}}}},"branchMap":{},"s":{"0":13,"1":13,"2":2,"3":3},"f":{"0":2,"1":1,"2":2},"b":{}}
,"D:\\FUTURE Program\\PHASE 2\\gotoba-fe\\gotoba-fe-app\\src\\components\\Admin\\Card\\GalleryCard.vue": {"path":"D:\\FUTURE Program\\PHASE 2\\gotoba-fe\\gotoba-fe-app\\src\\components\\Admin\\Card\\GalleryCard.vue","statementMap":{"0":{"start":{"line":20,"column":0},"end":{"line":20,"column":null}},"1":{"start":{"line":31,"column":0},"end":{"line":31,"column":null}},"2":{"start":{"line":34,"column":0},"end":{"line":34,"column":null}}},"fnMap":{"0":{"name":"(anonymous_1)","decl":{"start":{"line":30,"column":0},"end":{"line":30,"column":null}},"loc":{"start":{"line":30,"column":0},"end":{"line":32,"column":null}}},"1":{"name":"(anonymous_2)","decl":{"start":{"line":33,"column":0},"end":{"line":33,"column":null}},"loc":{"start":{"line":33,"column":0},"end":{"line":35,"column":null}}}},"branchMap":{},"s":{"0":3,"1":2,"2":2},"f":{"0":2,"1":2},"b":{}}
,"D:\\FUTURE Program\\PHASE 2\\gotoba-fe\\gotoba-fe-app\\src\\components\\Admin\\Card\\ItineraryCard.vue": {"path":"D:\\FUTURE Program\\PHASE 2\\gotoba-fe\\gotoba-fe-app\\src\\components\\Admin\\Card\\ItineraryCard.vue","statementMap":{"0":{"start":{"line":21,"column":0},"end":{"line":21,"column":null}},"1":{"start":{"line":22,"column":0},"end":{"line":22,"column":null}},"2":{"start":{"line":34,"column":0},"end":{"line":34,"column":null}},"3":{"start":{"line":43,"column":0},"end":{"line":43,"column":null}}},"fnMap":{"0":{"name":"(anonymous_1)","decl":{"start":{"line":33,"column":0},"end":{"line":33,"column":null}},"loc":{"start":{"line":33,"column":0},"end":{"line":41,"column":null}}},"1":{"name":"(anonymous_2)","decl":{"start":{"line":42,"column":0},"end":{"line":42,"column":null}},"loc":{"start":{"line":42,"column":0},"end":{"line":44,"column":null}}}},"branchMap":{"0":{"loc":{"start":{"line":39,"column":0},"end":{"line":39,"column":null}},"type":"binary-expr","locations":[{"start":{"line":39,"column":0},"end":{"line":39,"column":null}},{"start":{"line":39,"column":0},"end":{"line":39,"column":null}}]}},"s":{"0":4,"1":4,"2":2,"3":2},"f":{"0":2,"1":2},"b":{"0":[2,2]}}
,"D:\\FUTURE Program\\PHASE 2\\gotoba-fe\\gotoba-fe-app\\src\\components\\Admin\\Card\\RestaurantCard.vue": {"path":"D:\\FUTURE Program\\PHASE 2\\gotoba-fe\\gotoba-fe-app\\src\\components\\Admin\\Card\\RestaurantCard.vue","statementMap":{"0":{"start":{"line":10,"column":0},"end":{"line":10,"column":null}},"1":{"start":{"line":22,"column":0},"end":{"line":22,"column":null}},"2":{"start":{"line":31,"column":0},"end":{"line":31,"column":null}}},"fnMap":{"0":{"name":"(anonymous_1)","decl":{"start":{"line":21,"column":0},"end":{"line":21,"column":null}},"loc":{"start":{"line":21,"column":0},"end":{"line":29,"column":null}}},"1":{"name":"(anonymous_2)","decl":{"start":{"line":30,"column":0},"end":{"line":30,"column":null}},"loc":{"start":{"line":30,"column":0},"end":{"line":32,"column":null}}}},"branchMap":{"0":{"loc":{"start":{"line":26,"column":0},"end":{"line":26,"column":null}},"type":"binary-expr","locations":[{"start":{"line":26,"column":0},"end":{"line":26,"column":null}},{"start":{"line":26,"column":0},"end":{"line":26,"column":null}}]}},"s":{"0":4,"1":2,"2":2},"f":{"0":2,"1":2},"b":{"0":[2,2]}}
,"D:\\FUTURE Program\\PHASE 2\\gotoba-fe\\gotoba-fe-app\\src\\components\\Admin\\Card\\TourGuideCard.vue": {"path":"D:\\FUTURE Program\\PHASE 2\\gotoba-fe\\gotoba-fe-app\\src\\components\\Admin\\Card\\TourGuideCard.vue","statementMap":{"0":{"start":{"line":10,"column":0},"end":{"line":10,"column":null}},"1":{"start":{"line":22,"column":0},"end":{"line":22,"column":null}},"2":{"start":{"line":31,"column":0},"end":{"line":31,"column":null}}},"fnMap":{"0":{"name":"(anonymous_1)","decl":{"start":{"line":21,"column":0},"end":{"line":21,"column":null}},"loc":{"start":{"line":21,"column":0},"end":{"line":29,"column":null}}},"1":{"name":"(anonymous_2)","decl":{"start":{"line":30,"column":0},"end":{"line":30,"column":null}},"loc":{"start":{"line":30,"column":0},"end":{"line":32,"column":null}}}},"branchMap":{},"s":{"0":4,"1":1,"2":1},"f":{"0":1,"1":1},"b":{}}
,"D:\\FUTURE Program\\PHASE 2\\gotoba-fe\\gotoba-fe-app\\src\\components\\Admin\\Data\\GalleryCardGroup.vue": {"path":"D:\\FUTURE Program\\PHASE 2\\gotoba-fe\\gotoba-fe-app\\src\\components\\Admin\\Data\\GalleryCardGroup.vue","statementMap":{"0":{"start":{"line":19,"column":0},"end":{"line":19,"column":null}},"1":{"start":{"line":33,"column":0},"end":{"line":33,"column":null}}},"fnMap":{"0":{"name":"(anonymous_1)","decl":{"start":{"line":32,"column":0},"end":{"line":32,"column":null}},"loc":{"start":{"line":32,"column":0},"end":{"line":34,"column":null}}}},"branchMap":{},"s":{"0":2,"1":2},"f":{"0":2},"b":{}}
,"D:\\FUTURE Program\\PHASE 2\\gotoba-fe\\gotoba-fe-app\\src\\components\\Admin\\Data\\ItineraryCardGroup.vue": {"path":"D:\\FUTURE Program\\PHASE 2\\gotoba-fe\\gotoba-fe-app\\src\\components\\Admin\\Data\\ItineraryCardGroup.vue","statementMap":{"0":{"start":{"line":14,"column":0},"end":{"line":14,"column":null}},"1":{"start":{"line":28,"column":0},"end":{"line":28,"column":null}}},"fnMap":{"0":{"name":"(anonymous_1)","decl":{"start":{"line":27,"column":0},"end":{"line":27,"column":null}},"loc":{"start":{"line":27,"column":0},"end":{"line":29,"column":null}}}},"branchMap":{},"s":{"0":2,"1":1},"f":{"0":1},"b":{}}
,"D:\\FUTURE Program\\PHASE 2\\gotoba-fe\\gotoba-fe-app\\src\\components\\Admin\\Data\\RestaurantCardGroup.vue": {"path":"D:\\FUTURE Program\\PHASE 2\\gotoba-fe\\gotoba-fe-app\\src\\components\\Admin\\Data\\RestaurantCardGroup.vue","statementMap":{"0":{"start":{"line":14,"column":0},"end":{"line":14,"column":null}},"1":{"start":{"line":28,"column":0},"end":{"line":28,"column":null}}},"fnMap":{"0":{"name":"(anonymous_1)","decl":{"start":{"line":27,"column":0},"end":{"line":27,"column":null}},"loc":{"start":{"line":27,"column":0},"end":{"line":29,"column":null}}}},"branchMap":{},"s":{"0":2,"1":1},"f":{"0":1},"b":{}}
,"D:\\FUTURE Program\\PHASE 2\\gotoba-fe\\gotoba-fe-app\\src\\components\\Admin\\Data\\ShowDataCount.vue": {"path":"D:\\FUTURE Program\\PHASE 2\\gotoba-fe\\gotoba-fe-app\\src\\components\\Admin\\Data\\ShowDataCount.vue","statementMap":{"0":{"start":{"line":25,"column":0},"end":{"line":25,"column":null}},"1":{"start":{"line":32,"column":0},"end":{"line":32,"column":null}}},"fnMap":{"0":{"name":"(anonymous_1)","decl":{"start":{"line":24,"column":0},"end":{"line":24,"column":null}},"loc":{"start":{"line":24,"column":0},"end":{"line":29,"column":null}}},"1":{"name":"(anonymous_2)","decl":{"start":{"line":31,"column":0},"end":{"line":31,"column":null}},"loc":{"start":{"line":31,"column":0},"end":{"line":33,"column":null}}}},"branchMap":{},"s":{"0":1,"1":1},"f":{"0":1,"1":1},"b":{}}
,"D:\\FUTURE Program\\PHASE 2\\gotoba-fe\\gotoba-fe-app\\src\\components\\Admin\\Data\\TourGuideCardGroup.vue": {"path":"D:\\FUTURE Program\\PHASE 2\\gotoba-fe\\gotoba-fe-app\\src\\components\\Admin\\Data\\TourGuideCardGroup.vue","statementMap":{"0":{"start":{"line":14,"column":0},"end":{"line":14,"column":null}},"1":{"start":{"line":28,"column":0},"end":{"line":28,"column":null}}},"fnMap":{"0":{"name":"(anonymous_1)","decl":{"start":{"line":27,"column":0},"end":{"line":27,"column":null}},"loc":{"start":{"line":27,"column":0},"end":{"line":29,"column":null}}}},"branchMap":{},"s":{"0":2,"1":1},"f":{"0":1},"b":{}}
,"D:\\FUTURE Program\\PHASE 2\\gotoba-fe\\gotoba-fe-app\\src\\components\\Admin\\Data\\UserTableData.vue": {"path":"D:\\FUTURE Program\\PHASE 2\\gotoba-fe\\gotoba-fe-app\\src\\components\\Admin\\Data\\UserTableData.vue","statementMap":{"0":{"start":{"line":39,"column":0},"end":{"line":39,"column":null}},"1":{"start":{"line":40,"column":0},"end":{"line":40,"column":null}},"2":{"start":{"line":41,"column":0},"end":{"line":41,"column":null}},"3":{"start":{"line":42,"column":0},"end":{"line":42,"column":null}},"4":{"start":{"line":60,"column":0},"end":{"line":62,"column":null}},"5":{"start":{"line":61,"column":0},"end":{"line":61,"column":null}},"6":{"start":{"line":63,"column":0},"end":{"line":63,"column":null}},"7":{"start":{"line":67,"column":0},"end":{"line":77,"column":null}},"8":{"start":{"line":68,"column":0},"end":{"line":72,"column":null}},"9":{"start":{"line":69,"column":0},"end":{"line":69,"column":null}},"10":{"start":{"line":71,"column":0},"end":{"line":71,"column":null}},"11":{"start":{"line":74,"column":0},"end":{"line":74,"column":null}},"12":{"start":{"line":76,"column":0},"end":{"line":76,"column":null}},"13":{"start":{"line":80,"column":0},"end":{"line":86,"column":null}},"14":{"start":{"line":81,"column":0},"end":{"line":81,"column":null}},"15":{"start":{"line":82,"column":0},"end":{"line":82,"column":null}},"16":{"start":{"line":83,"column":0},"end":{"line":83,"column":null}},"17":{"start":{"line":85,"column":0},"end":{"line":85,"column":null}},"18":{"start":{"line":89,"column":0},"end":{"line":89,"column":null}},"19":{"start":{"line":91,"column":0},"end":{"line":106,"column":null}},"20":{"start":{"line":103,"column":0},"end":{"line":105,"column":null}},"21":{"start":{"line":104,"column":0},"end":{"line":104,"column":null}}},"fnMap":{"0":{"name":"(anonymous_1)","decl":{"start":{"line":59,"column":0},"end":{"line":59,"column":null}},"loc":{"start":{"line":59,"column":0},"end":{"line":64,"column":null}}},"1":{"name":"(anonymous_2)","decl":{"start":{"line":65,"column":0},"end":{"line":65,"column":null}},"loc":{"start":{"line":65,"column":0},"end":{"line":78,"column":null}}},"2":{"name":"(anonymous_3)","decl":{"start":{"line":79,"column":0},"end":{"line":79,"column":null}},"loc":{"start":{"line":79,"column":0},"end":{"line":87,"column":null}}},"3":{"name":"(anonymous_4)","decl":{"start":{"line":88,"column":0},"end":{"line":88,"column":null}},"loc":{"start":{"line":88,"column":0},"end":{"line":107,"column":null}}},"4":{"name":"(anonymous_5)","decl":{"start":{"line":91,"column":0},"end":{"line":91,"column":null}},"loc":{"start":{"line":91,"column":0},"end":{"line":106,"column":null}}}},"branchMap":{"0":{"loc":{"start":{"line":60,"column":0},"end":{"line":62,"column":null}},"type":"if","locations":[{"start":{"line":60,"column":0},"end":{"line":62,"column":null}},{"start":{"line":60,"column":0},"end":{"line":62,"column":null}}]},"1":{"loc":{"start":{"line":68,"column":0},"end":{"line":72,"column":null}},"type":"if","locations":[{"start":{"line":68,"column":0},"end":{"line":72,"column":null}},{"start":{"line":68,"column":0},"end":{"line":72,"column":null}}]},"2":{"loc":{"start":{"line":80,"column":0},"end":{"line":86,"column":null}},"type":"if","locations":[{"start":{"line":80,"column":0},"end":{"line":86,"column":null}},{"start":{"line":80,"column":0},"end":{"line":86,"column":null}}]},"3":{"loc":{"start":{"line":103,"column":0},"end":{"line":105,"column":null}},"type":"if","locations":[{"start":{"line":103,"column":0},"end":{"line":105,"column":null}},{"start":{"line":103,"column":0},"end":{"line":105,"column":null}}]}},"s":{"0":3,"1":3,"2":3,"3":3,"4":0,"5":0,"6":0,"7":0,"8":0,"9":0,"10":0,"11":0,"12":0,"13":0,"14":0,"15":0,"16":0,"17":0,"18":0,"19":0,"20":0,"21":0},"f":{"0":0,"1":0,"2":0,"3":0,"4":0},"b":{"0":[0,0],"1":[0,0],"2":[0,0],"3":[0,0]}}
,"D:\\FUTURE Program\\PHASE 2\\gotoba-fe\\gotoba-fe-app\\src\\components\\Admin\\MenuInfo\\MenuInfo.vue": {"path":"D:\\FUTURE Program\\PHASE 2\\gotoba-fe\\gotoba-fe-app\\src\\components\\Admin\\MenuInfo\\MenuInfo.vue","statementMap":{"0":{"start":{"line":17,"column":0},"end":{"line":17,"column":null}}},"fnMap":{"0":{"name":"(anonymous_1)","decl":{"start":{"line":16,"column":0},"end":{"line":16,"column":null}},"loc":{"start":{"line":16,"column":0},"end":{"line":18,"column":null}}}},"branchMap":{},"s":{"0":1},"f":{"0":1},"b":{}}
,"D:\\FUTURE Program\\PHASE 2\\gotoba-fe\\gotoba-fe-app\\src\\components\\Admin\\Modal\\ItineraryModal.vue": {"path":"D:\\FUTURE Program\\PHASE 2\\gotoba-fe\\gotoba-fe-app\\src\\components\\Admin\\Modal\\ItineraryModal.vue","statementMap":{"0":{"start":{"line":239,"column":0},"end":{"line":239,"column":null}},"1":{"start":{"line":240,"column":0},"end":{"line":240,"column":null}},"2":{"start":{"line":241,"column":0},"end":{"line":241,"column":null}},"3":{"start":{"line":242,"column":0},"end":{"line":242,"column":null}},"4":{"start":{"line":243,"column":0},"end":{"line":243,"column":null}},"5":{"start":{"line":250,"column":0},"end":{"line":250,"column":null}},"6":{"start":{"line":254,"column":0},"end":{"line":256,"column":null}},"7":{"start":{"line":255,"column":0},"end":{"line":255,"column":null}},"8":{"start":{"line":259,"column":0},"end":{"line":259,"column":null}},"9":{"start":{"line":303,"column":0},"end":{"line":303,"column":null}},"10":{"start":{"line":304,"column":0},"end":{"line":304,"column":null}},"11":{"start":{"line":306,"column":0},"end":{"line":312,"column":null}},"12":{"start":{"line":308,"column":0},"end":{"line":308,"column":null}},"13":{"start":{"line":314,"column":0},"end":{"line":318,"column":null}},"14":{"start":{"line":317,"column":0},"end":{"line":317,"column":null}},"15":{"start":{"line":320,"column":0},"end":{"line":337,"column":null}},"16":{"start":{"line":321,"column":0},"end":{"line":334,"column":null}},"17":{"start":{"line":323,"column":0},"end":{"line":328,"column":null}},"18":{"start":{"line":324,"column":0},"end":{"line":324,"column":null}},"19":{"start":{"line":325,"column":0},"end":{"line":325,"column":null}},"20":{"start":{"line":326,"column":0},"end":{"line":326,"column":null}},"21":{"start":{"line":327,"column":0},"end":{"line":327,"column":null}},"22":{"start":{"line":329,"column":0},"end":{"line":329,"column":null}},"23":{"start":{"line":332,"column":0},"end":{"line":332,"column":null}},"24":{"start":{"line":333,"column":0},"end":{"line":333,"column":null}},"25":{"start":{"line":336,"column":0},"end":{"line":336,"column":null}},"26":{"start":{"line":339,"column":0},"end":{"line":350,"column":null}},"27":{"start":{"line":341,"column":0},"end":{"line":344,"column":null}},"28":{"start":{"line":342,"column":0},"end":{"line":342,"column":null}},"29":{"start":{"line":343,"column":0},"end":{"line":343,"column":null}},"30":{"start":{"line":345,"column":0},"end":{"line":345,"column":null}},"31":{"start":{"line":348,"column":0},"end":{"line":348,"column":null}},"32":{"start":{"line":349,"column":0},"end":{"line":349,"column":null}},"33":{"start":{"line":354,"column":0},"end":{"line":354,"column":null}},"34":{"start":{"line":356,"column":0},"end":{"line":364,"column":null}},"35":{"start":{"line":357,"column":0},"end":{"line":363,"column":null}},"36":{"start":{"line":359,"column":0},"end":{"line":359,"column":null}},"37":{"start":{"line":362,"column":0},"end":{"line":362,"column":null}},"38":{"start":{"line":367,"column":0},"end":{"line":367,"column":null}},"39":{"start":{"line":371,"column":0},"end":{"line":381,"column":null}},"40":{"start":{"line":372,"column":0},"end":{"line":380,"column":null}},"41":{"start":{"line":374,"column":0},"end":{"line":374,"column":null}},"42":{"start":{"line":375,"column":0},"end":{"line":375,"column":null}},"43":{"start":{"line":378,"column":0},"end":{"line":378,"column":null}},"44":{"start":{"line":379,"column":0},"end":{"line":379,"column":null}},"45":{"start":{"line":385,"column":0},"end":{"line":385,"column":null}},"46":{"start":{"line":386,"column":0},"end":{"line":386,"column":null}},"47":{"start":{"line":387,"column":0},"end":{"line":387,"column":null}},"48":{"start":{"line":388,"column":0},"end":{"line":388,"column":null}},"49":{"start":{"line":397,"column":0},"end":{"line":397,"column":null}}},"fnMap":{"0":{"name":"(anonymous_1)","decl":{"start":{"line":249,"column":0},"end":{"line":249,"column":null}},"loc":{"start":{"line":249,"column":0},"end":{"line":251,"column":null}}},"1":{"name":"(anonymous_2)","decl":{"start":{"line":253,"column":0},"end":{"line":253,"column":null}},"loc":{"start":{"line":253,"column":0},"end":{"line":257,"column":null}}},"2":{"name":"(anonymous_3)","decl":{"start":{"line":258,"column":0},"end":{"line":258,"column":null}},"loc":{"start":{"line":258,"column":0},"end":{"line":285,"column":null}}},"3":{"name":"(anonymous_4)","decl":{"start":{"line":302,"column":0},"end":{"line":302,"column":null}},"loc":{"start":{"line":302,"column":0},"end":{"line":351,"column":null}}},"4":{"name":"(anonymous_5)","decl":{"start":{"line":306,"column":0},"end":{"line":306,"column":null}},"loc":{"start":{"line":306,"column":0},"end":{"line":312,"column":null}}},"5":{"name":"(anonymous_6)","decl":{"start":{"line":321,"column":0},"end":{"line":321,"column":null}},"loc":{"start":{"line":321,"column":0},"end":{"line":330,"column":null}}},"6":{"name":"(anonymous_7)","decl":{"start":{"line":330,"column":0},"end":{"line":330,"column":null}},"loc":{"start":{"line":330,"column":0},"end":{"line":334,"column":null}}},"7":{"name":"(anonymous_8)","decl":{"start":{"line":339,"column":0},"end":{"line":339,"column":null}},"loc":{"start":{"line":339,"column":0},"end":{"line":346,"column":null}}},"8":{"name":"(anonymous_9)","decl":{"start":{"line":346,"column":0},"end":{"line":346,"column":null}},"loc":{"start":{"line":346,"column":0},"end":{"line":350,"column":null}}},"9":{"name":"(anonymous_10)","decl":{"start":{"line":353,"column":0},"end":{"line":353,"column":null}},"loc":{"start":{"line":353,"column":0},"end":{"line":365,"column":null}}},"10":{"name":"(anonymous_11)","decl":{"start":{"line":357,"column":0},"end":{"line":357,"column":null}},"loc":{"start":{"line":357,"column":0},"end":{"line":360,"column":null}}},"11":{"name":"(anonymous_12)","decl":{"start":{"line":360,"column":0},"end":{"line":360,"column":null}},"loc":{"start":{"line":360,"column":0},"end":{"line":363,"column":null}}},"12":{"name":"(anonymous_13)","decl":{"start":{"line":366,"column":0},"end":{"line":366,"column":null}},"loc":{"start":{"line":366,"column":0},"end":{"line":368,"column":null}}},"13":{"name":"(anonymous_14)","decl":{"start":{"line":370,"column":0},"end":{"line":370,"column":null}},"loc":{"start":{"line":370,"column":0},"end":{"line":382,"column":null}}},"14":{"name":"(anonymous_15)","decl":{"start":{"line":372,"column":0},"end":{"line":372,"column":null}},"loc":{"start":{"line":372,"column":0},"end":{"line":376,"column":null}}},"15":{"name":"(anonymous_16)","decl":{"start":{"line":374,"column":0},"end":{"line":374,"column":null}},"loc":{"start":{"line":374,"column":0},"end":{"line":374,"column":null}}},"16":{"name":"(anonymous_17)","decl":{"start":{"line":376,"column":0},"end":{"line":376,"column":null}},"loc":{"start":{"line":376,"column":0},"end":{"line":380,"column":null}}},"17":{"name":"(anonymous_18)","decl":{"start":{"line":384,"column":0},"end":{"line":384,"column":null}},"loc":{"start":{"line":384,"column":0},"end":{"line":398,"column":null}}}},"branchMap":{"0":{"loc":{"start":{"line":254,"column":0},"end":{"line":256,"column":null}},"type":"if","locations":[{"start":{"line":254,"column":0},"end":{"line":256,"column":null}},{"start":{"line":254,"column":0},"end":{"line":256,"column":null}}]},"1":{"loc":{"start":{"line":314,"column":0},"end":{"line":318,"column":null}},"type":"if","locations":[{"start":{"line":314,"column":0},"end":{"line":318,"column":null}},{"start":{"line":314,"column":0},"end":{"line":318,"column":null}}]},"2":{"loc":{"start":{"line":314,"column":0},"end":{"line":314,"column":null}},"type":"binary-expr","locations":[{"start":{"line":314,"column":0},"end":{"line":314,"column":null}},{"start":{"line":314,"column":0},"end":{"line":314,"column":null}},{"start":{"line":314,"column":0},"end":{"line":314,"column":null}}]},"3":{"loc":{"start":{"line":320,"column":0},"end":{"line":337,"column":null}},"type":"if","locations":[{"start":{"line":320,"column":0},"end":{"line":337,"column":null}},{"start":{"line":320,"column":0},"end":{"line":337,"column":null}}]},"4":{"loc":{"start":{"line":323,"column":0},"end":{"line":328,"column":null}},"type":"if","locations":[{"start":{"line":323,"column":0},"end":{"line":328,"column":null}},{"start":{"line":323,"column":0},"end":{"line":328,"column":null}}]},"5":{"loc":{"start":{"line":341,"column":0},"end":{"line":344,"column":null}},"type":"if","locations":[{"start":{"line":341,"column":0},"end":{"line":344,"column":null}},{"start":{"line":341,"column":0},"end":{"line":344,"column":null}}]},"6":{"loc":{"start":{"line":356,"column":0},"end":{"line":364,"column":null}},"type":"if","locations":[{"start":{"line":356,"column":0},"end":{"line":364,"column":null}},{"start":{"line":356,"column":0},"end":{"line":364,"column":null}}]},"7":{"loc":{"start":{"line":356,"column":0},"end":{"line":356,"column":null}},"type":"binary-expr","locations":[{"start":{"line":356,"column":0},"end":{"line":356,"column":null}},{"start":{"line":356,"column":0},"end":{"line":356,"column":null}}]},"8":{"loc":{"start":{"line":371,"column":0},"end":{"line":381,"column":null}},"type":"if","locations":[{"start":{"line":371,"column":0},"end":{"line":381,"column":null}},{"start":{"line":371,"column":0},"end":{"line":381,"column":null}}]}},"s":{"0":4,"1":4,"2":4,"3":4,"4":4,"5":17,"6":17,"7":13,"8":17,"9":7,"10":7,"11":7,"12":49,"13":7,"14":1,"15":6,"16":3,"17":2,"18":1,"19":1,"20":1,"21":1,"22":1,"23":1,"24":1,"25":3,"26":3,"27":2,"28":1,"29":1,"30":1,"31":1,"32":1,"33":3,"34":3,"35":2,"36":1,"37":1,"38":1,"39":3,"40":2,"41":3,"42":1,"43":1,"44":1,"45":17,"46":17,"47":17,"48":17,"49":17},"f":{"0":17,"1":17,"2":17,"3":7,"4":49,"5":2,"6":1,"7":2,"8":1,"9":3,"10":1,"11":1,"12":1,"13":3,"14":1,"15":2,"16":1,"17":17},"b":{"0":[13,4],"1":[1,6],"2":[7,6,6],"3":[3,3],"4":[1,1],"5":[1,1],"6":[2,1],"7":[3,2],"8":[2,1]}}
,"D:\\FUTURE Program\\PHASE 2\\gotoba-fe\\gotoba-fe-app\\src\\components\\Admin\\Modal\\PhotoModal.vue": {"path":"D:\\FUTURE Program\\PHASE 2\\gotoba-fe\\gotoba-fe-app\\src\\components\\Admin\\Modal\\PhotoModal.vue","statementMap":{"0":{"start":{"line":100,"column":0},"end":{"line":100,"column":null}},"1":{"start":{"line":101,"column":0},"end":{"line":101,"column":null}},"2":{"start":{"line":102,"column":0},"end":{"line":102,"column":null}},"3":{"start":{"line":103,"column":0},"end":{"line":103,"column":null}},"4":{"start":{"line":104,"column":0},"end":{"line":104,"column":null}},"5":{"start":{"line":111,"column":0},"end":{"line":111,"column":null}},"6":{"start":{"line":115,"column":0},"end":{"line":119,"column":null}},"7":{"start":{"line":116,"column":0},"end":{"line":116,"column":null}},"8":{"start":{"line":118,"column":0},"end":{"line":118,"column":null}},"9":{"start":{"line":128,"column":0},"end":{"line":128,"column":null}},"10":{"start":{"line":142,"column":0},"end":{"line":142,"column":null}},"11":{"start":{"line":150,"column":0},"end":{"line":152,"column":null}},"12":{"start":{"line":151,"column":0},"end":{"line":151,"column":null}},"13":{"start":{"line":154,"column":0},"end":{"line":170,"column":null}},"14":{"start":{"line":155,"column":0},"end":{"line":167,"column":null}},"15":{"start":{"line":157,"column":0},"end":{"line":161,"column":null}},"16":{"start":{"line":158,"column":0},"end":{"line":158,"column":null}},"17":{"start":{"line":159,"column":0},"end":{"line":159,"column":null}},"18":{"start":{"line":160,"column":0},"end":{"line":160,"column":null}},"19":{"start":{"line":162,"column":0},"end":{"line":162,"column":null}},"20":{"start":{"line":165,"column":0},"end":{"line":165,"column":null}},"21":{"start":{"line":166,"column":0},"end":{"line":166,"column":null}},"22":{"start":{"line":169,"column":0},"end":{"line":169,"column":null}},"23":{"start":{"line":172,"column":0},"end":{"line":184,"column":null}},"24":{"start":{"line":174,"column":0},"end":{"line":178,"column":null}},"25":{"start":{"line":175,"column":0},"end":{"line":175,"column":null}},"26":{"start":{"line":176,"column":0},"end":{"line":176,"column":null}},"27":{"start":{"line":177,"column":0},"end":{"line":177,"column":null}},"28":{"start":{"line":179,"column":0},"end":{"line":179,"column":null}},"29":{"start":{"line":182,"column":0},"end":{"line":182,"column":null}},"30":{"start":{"line":183,"column":0},"end":{"line":183,"column":null}},"31":{"start":{"line":188,"column":0},"end":{"line":188,"column":null}},"32":{"start":{"line":190,"column":0},"end":{"line":199,"column":null}},"33":{"start":{"line":191,"column":0},"end":{"line":198,"column":null}},"34":{"start":{"line":193,"column":0},"end":{"line":193,"column":null}},"35":{"start":{"line":196,"column":0},"end":{"line":196,"column":null}},"36":{"start":{"line":197,"column":0},"end":{"line":197,"column":null}},"37":{"start":{"line":203,"column":0},"end":{"line":203,"column":null}},"38":{"start":{"line":208,"column":0},"end":{"line":211,"column":null}},"39":{"start":{"line":209,"column":0},"end":{"line":209,"column":null}},"40":{"start":{"line":210,"column":0},"end":{"line":210,"column":null}}},"fnMap":{"0":{"name":"(anonymous_1)","decl":{"start":{"line":110,"column":0},"end":{"line":110,"column":null}},"loc":{"start":{"line":110,"column":0},"end":{"line":112,"column":null}}},"1":{"name":"(anonymous_2)","decl":{"start":{"line":114,"column":0},"end":{"line":114,"column":null}},"loc":{"start":{"line":114,"column":0},"end":{"line":120,"column":null}}},"2":{"name":"(anonymous_3)","decl":{"start":{"line":127,"column":0},"end":{"line":127,"column":null}},"loc":{"start":{"line":127,"column":0},"end":{"line":135,"column":null}}},"3":{"name":"(anonymous_4)","decl":{"start":{"line":141,"column":0},"end":{"line":141,"column":null}},"loc":{"start":{"line":141,"column":0},"end":{"line":185,"column":null}}},"4":{"name":"(anonymous_5)","decl":{"start":{"line":155,"column":0},"end":{"line":155,"column":null}},"loc":{"start":{"line":155,"column":0},"end":{"line":163,"column":null}}},"5":{"name":"(anonymous_6)","decl":{"start":{"line":163,"column":0},"end":{"line":163,"column":null}},"loc":{"start":{"line":163,"column":0},"end":{"line":167,"column":null}}},"6":{"name":"(anonymous_7)","decl":{"start":{"line":172,"column":0},"end":{"line":172,"column":null}},"loc":{"start":{"line":172,"column":0},"end":{"line":180,"column":null}}},"7":{"name":"(anonymous_8)","decl":{"start":{"line":180,"column":0},"end":{"line":180,"column":null}},"loc":{"start":{"line":180,"column":0},"end":{"line":184,"column":null}}},"8":{"name":"(anonymous_9)","decl":{"start":{"line":187,"column":0},"end":{"line":187,"column":null}},"loc":{"start":{"line":187,"column":0},"end":{"line":200,"column":null}}},"9":{"name":"(anonymous_10)","decl":{"start":{"line":191,"column":0},"end":{"line":191,"column":null}},"loc":{"start":{"line":191,"column":0},"end":{"line":194,"column":null}}},"10":{"name":"(anonymous_11)","decl":{"start":{"line":194,"column":0},"end":{"line":194,"column":null}},"loc":{"start":{"line":194,"column":0},"end":{"line":198,"column":null}}},"11":{"name":"(anonymous_12)","decl":{"start":{"line":202,"column":0},"end":{"line":202,"column":null}},"loc":{"start":{"line":202,"column":0},"end":{"line":204,"column":null}}},"12":{"name":"(anonymous_13)","decl":{"start":{"line":207,"column":0},"end":{"line":207,"column":null}},"loc":{"start":{"line":207,"column":0},"end":{"line":212,"column":null}}}},"branchMap":{"0":{"loc":{"start":{"line":115,"column":0},"end":{"line":119,"column":null}},"type":"if","locations":[{"start":{"line":115,"column":0},"end":{"line":119,"column":null}},{"start":{"line":115,"column":0},"end":{"line":119,"column":null}}]},"1":{"loc":{"start":{"line":150,"column":0},"end":{"line":152,"column":null}},"type":"if","locations":[{"start":{"line":150,"column":0},"end":{"line":152,"column":null}},{"start":{"line":150,"column":0},"end":{"line":152,"column":null}}]},"2":{"loc":{"start":{"line":150,"column":0},"end":{"line":150,"column":null}},"type":"binary-expr","locations":[{"start":{"line":150,"column":0},"end":{"line":150,"column":null}},{"start":{"line":150,"column":0},"end":{"line":150,"column":null}}]},"3":{"loc":{"start":{"line":154,"column":0},"end":{"line":170,"column":null}},"type":"if","locations":[{"start":{"line":154,"column":0},"end":{"line":170,"column":null}},{"start":{"line":154,"column":0},"end":{"line":170,"column":null}}]},"4":{"loc":{"start":{"line":157,"column":0},"end":{"line":161,"column":null}},"type":"if","locations":[{"start":{"line":157,"column":0},"end":{"line":161,"column":null}},{"start":{"line":157,"column":0},"end":{"line":161,"column":null}}]},"5":{"loc":{"start":{"line":174,"column":0},"end":{"line":178,"column":null}},"type":"if","locations":[{"start":{"line":174,"column":0},"end":{"line":178,"column":null}},{"start":{"line":174,"column":0},"end":{"line":178,"column":null}}]},"6":{"loc":{"start":{"line":190,"column":0},"end":{"line":199,"column":null}},"type":"if","locations":[{"start":{"line":190,"column":0},"end":{"line":199,"column":null}},{"start":{"line":190,"column":0},"end":{"line":199,"column":null}}]},"7":{"loc":{"start":{"line":190,"column":0},"end":{"line":190,"column":null}},"type":"binary-expr","locations":[{"start":{"line":190,"column":0},"end":{"line":190,"column":null}},{"start":{"line":190,"column":0},"end":{"line":190,"column":null}}]},"8":{"loc":{"start":{"line":208,"column":0},"end":{"line":211,"column":null}},"type":"if","locations":[{"start":{"line":208,"column":0},"end":{"line":211,"column":null}},{"start":{"line":208,"column":0},"end":{"line":211,"column":null}}]}},"s":{"0":3,"1":3,"2":3,"3":3,"4":3,"5":2,"6":16,"7":4,"8":12,"9":16,"10":7,"11":7,"12":1,"13":6,"14":3,"15":2,"16":1,"17":1,"18":1,"19":1,"20":1,"21":1,"22":3,"23":3,"24":2,"25":1,"26":1,"27":1,"28":1,"29":1,"30":1,"31":3,"32":3,"33":2,"34":1,"35":1,"36":1,"37":1,"38":1,"39":1,"40":1},"f":{"0":2,"1":16,"2":16,"3":7,"4":2,"5":1,"6":2,"7":1,"8":3,"9":1,"10":1,"11":1,"12":1},"b":{"0":[4,12],"1":[1,6],"2":[7,6],"3":[3,3],"4":[1,1],"5":[1,1],"6":[2,1],"7":[3,2],"8":[1,0]}}
,"D:\\FUTURE Program\\PHASE 2\\gotoba-fe\\gotoba-fe-app\\src\\components\\Admin\\Modal\\TourGuideModal.vue": {"path":"D:\\FUTURE Program\\PHASE 2\\gotoba-fe\\gotoba-fe-app\\src\\components\\Admin\\Modal\\TourGuideModal.vue","statementMap":{"0":{"start":{"line":373,"column":0},"end":{"line":373,"column":null}},"1":{"start":{"line":374,"column":0},"end":{"line":374,"column":null}},"2":{"start":{"line":375,"column":0},"end":{"line":375,"column":null}},"3":{"start":{"line":376,"column":0},"end":{"line":376,"column":null}},"4":{"start":{"line":377,"column":0},"end":{"line":377,"column":null}},"5":{"start":{"line":384,"column":0},"end":{"line":384,"column":null}},"6":{"start":{"line":388,"column":0},"end":{"line":392,"column":null}},"7":{"start":{"line":389,"column":0},"end":{"line":389,"column":null}},"8":{"start":{"line":391,"column":0},"end":{"line":391,"column":null}},"9":{"start":{"line":395,"column":0},"end":{"line":395,"column":null}},"10":{"start":{"line":460,"column":0},"end":{"line":460,"column":null}},"11":{"start":{"line":462,"column":0},"end":{"line":475,"column":null}},"12":{"start":{"line":474,"column":0},"end":{"line":474,"column":null}},"13":{"start":{"line":477,"column":0},"end":{"line":494,"column":null}},"14":{"start":{"line":478,"column":0},"end":{"line":491,"column":null}},"15":{"start":{"line":480,"column":0},"end":{"line":484,"column":null}},"16":{"start":{"line":481,"column":0},"end":{"line":481,"column":null}},"17":{"start":{"line":482,"column":0},"end":{"line":482,"column":null}},"18":{"start":{"line":483,"column":0},"end":{"line":483,"column":null}},"19":{"start":{"line":485,"column":0},"end":{"line":485,"column":null}},"20":{"start":{"line":486,"column":0},"end":{"line":486,"column":null}},"21":{"start":{"line":489,"column":0},"end":{"line":489,"column":null}},"22":{"start":{"line":490,"column":0},"end":{"line":490,"column":null}},"23":{"start":{"line":493,"column":0},"end":{"line":493,"column":null}},"24":{"start":{"line":496,"column":0},"end":{"line":507,"column":null}},"25":{"start":{"line":498,"column":0},"end":{"line":501,"column":null}},"26":{"start":{"line":499,"column":0},"end":{"line":499,"column":null}},"27":{"start":{"line":500,"column":0},"end":{"line":500,"column":null}},"28":{"start":{"line":502,"column":0},"end":{"line":502,"column":null}},"29":{"start":{"line":505,"column":0},"end":{"line":505,"column":null}},"30":{"start":{"line":506,"column":0},"end":{"line":506,"column":null}},"31":{"start":{"line":511,"column":0},"end":{"line":511,"column":null}},"32":{"start":{"line":513,"column":0},"end":{"line":522,"column":null}},"33":{"start":{"line":514,"column":0},"end":{"line":521,"column":null}},"34":{"start":{"line":516,"column":0},"end":{"line":516,"column":null}},"35":{"start":{"line":519,"column":0},"end":{"line":519,"column":null}},"36":{"start":{"line":520,"column":0},"end":{"line":520,"column":null}},"37":{"start":{"line":526,"column":0},"end":{"line":526,"column":null}},"38":{"start":{"line":530,"column":0},"end":{"line":540,"column":null}},"39":{"start":{"line":531,"column":0},"end":{"line":539,"column":null}},"40":{"start":{"line":533,"column":0},"end":{"line":533,"column":null}},"41":{"start":{"line":534,"column":0},"end":{"line":534,"column":null}},"42":{"start":{"line":537,"column":0},"end":{"line":537,"column":null}},"43":{"start":{"line":538,"column":0},"end":{"line":538,"column":null}},"44":{"start":{"line":545,"column":0},"end":{"line":550,"column":null}},"45":{"start":{"line":546,"column":0},"end":{"line":546,"column":null}},"46":{"start":{"line":547,"column":0},"end":{"line":547,"column":null}},"47":{"start":{"line":548,"column":0},"end":{"line":548,"column":null}},"48":{"start":{"line":549,"column":0},"end":{"line":549,"column":null}}},"fnMap":{"0":{"name":"(anonymous_1)","decl":{"start":{"line":383,"column":0},"end":{"line":383,"column":null}},"loc":{"start":{"line":383,"column":0},"end":{"line":385,"column":null}}},"1":{"name":"(anonymous_2)","decl":{"start":{"line":387,"column":0},"end":{"line":387,"column":null}},"loc":{"start":{"line":387,"column":0},"end":{"line":393,"column":null}}},"2":{"name":"(anonymous_3)","decl":{"start":{"line":394,"column":0},"end":{"line":394,"column":null}},"loc":{"start":{"line":394,"column":0},"end":{"line":448,"column":null}}},"3":{"name":"(anonymous_4)","decl":{"start":{"line":459,"column":0},"end":{"line":459,"column":null}},"loc":{"start":{"line":459,"column":0},"end":{"line":508,"column":null}}},"4":{"name":"(anonymous_5)","decl":{"start":{"line":478,"column":0},"end":{"line":478,"column":null}},"loc":{"start":{"line":478,"column":0},"end":{"line":487,"column":null}}},"5":{"name":"(anonymous_6)","decl":{"start":{"line":487,"column":0},"end":{"line":487,"column":null}},"loc":{"start":{"line":487,"column":0},"end":{"line":491,"column":null}}},"6":{"name":"(anonymous_7)","decl":{"start":{"line":496,"column":0},"end":{"line":496,"column":null}},"loc":{"start":{"line":496,"column":0},"end":{"line":503,"column":null}}},"7":{"name":"(anonymous_8)","decl":{"start":{"line":503,"column":0},"end":{"line":503,"column":null}},"loc":{"start":{"line":503,"column":0},"end":{"line":507,"column":null}}},"8":{"name":"(anonymous_9)","decl":{"start":{"line":510,"column":0},"end":{"line":510,"column":null}},"loc":{"start":{"line":510,"column":0},"end":{"line":523,"column":null}}},"9":{"name":"(anonymous_10)","decl":{"start":{"line":514,"column":0},"end":{"line":514,"column":null}},"loc":{"start":{"line":514,"column":0},"end":{"line":517,"column":null}}},"10":{"name":"(anonymous_11)","decl":{"start":{"line":517,"column":0},"end":{"line":517,"column":null}},"loc":{"start":{"line":517,"column":0},"end":{"line":521,"column":null}}},"11":{"name":"(anonymous_12)","decl":{"start":{"line":525,"column":0},"end":{"line":525,"column":null}},"loc":{"start":{"line":525,"column":0},"end":{"line":527,"column":null}}},"12":{"name":"(anonymous_13)","decl":{"start":{"line":529,"column":0},"end":{"line":529,"column":null}},"loc":{"start":{"line":529,"column":0},"end":{"line":541,"column":null}}},"13":{"name":"(anonymous_14)","decl":{"start":{"line":531,"column":0},"end":{"line":531,"column":null}},"loc":{"start":{"line":531,"column":0},"end":{"line":535,"column":null}}},"14":{"name":"(anonymous_15)","decl":{"start":{"line":533,"column":0},"end":{"line":533,"column":null}},"loc":{"start":{"line":533,"column":0},"end":{"line":533,"column":null}}},"15":{"name":"(anonymous_16)","decl":{"start":{"line":535,"column":0},"end":{"line":535,"column":null}},"loc":{"start":{"line":535,"column":0},"end":{"line":539,"column":null}}},"16":{"name":"(anonymous_17)","decl":{"start":{"line":544,"column":0},"end":{"line":544,"column":null}},"loc":{"start":{"line":544,"column":0},"end":{"line":551,"column":null}}}},"branchMap":{"0":{"loc":{"start":{"line":388,"column":0},"end":{"line":392,"column":null}},"type":"if","locations":[{"start":{"line":388,"column":0},"end":{"line":392,"column":null}},{"start":{"line":388,"column":0},"end":{"line":392,"column":null}}]},"1":{"loc":{"start":{"line":462,"column":0},"end":{"line":475,"column":null}},"type":"if","locations":[{"start":{"line":462,"column":0},"end":{"line":475,"column":null}},{"start":{"line":462,"column":0},"end":{"line":475,"column":null}}]},"2":{"loc":{"start":{"line":462,"column":0},"end":{"line":462,"column":null}},"type":"binary-expr","locations":[{"start":{"line":462,"column":0},"end":{"line":462,"column":null}},{"start":{"line":462,"column":0},"end":{"line":462,"column":null}},{"start":{"line":462,"column":0},"end":{"line":462,"column":null}},{"start":{"line":462,"column":0},"end":{"line":462,"column":null}},{"start":{"line":462,"column":0},"end":{"line":462,"column":null}},{"start":{"line":462,"column":0},"end":{"line":462,"column":null}},{"start":{"line":462,"column":0},"end":{"line":462,"column":null}},{"start":{"line":462,"column":0},"end":{"line":462,"column":null}},{"start":{"line":462,"column":0},"end":{"line":462,"column":null}},{"start":{"line":462,"column":0},"end":{"line":462,"column":null}},{"start":{"line":462,"column":0},"end":{"line":462,"column":null}},{"start":{"line":462,"column":0},"end":{"line":462,"column":null}}]},"3":{"loc":{"start":{"line":477,"column":0},"end":{"line":494,"column":null}},"type":"if","locations":[{"start":{"line":477,"column":0},"end":{"line":494,"column":null}},{"start":{"line":477,"column":0},"end":{"line":494,"column":null}}]},"4":{"loc":{"start":{"line":480,"column":0},"end":{"line":484,"column":null}},"type":"if","locations":[{"start":{"line":480,"column":0},"end":{"line":484,"column":null}},{"start":{"line":480,"column":0},"end":{"line":484,"column":null}}]},"5":{"loc":{"start":{"line":498,"column":0},"end":{"line":501,"column":null}},"type":"if","locations":[{"start":{"line":498,"column":0},"end":{"line":501,"column":null}},{"start":{"line":498,"column":0},"end":{"line":501,"column":null}}]},"6":{"loc":{"start":{"line":513,"column":0},"end":{"line":522,"column":null}},"type":"if","locations":[{"start":{"line":513,"column":0},"end":{"line":522,"column":null}},{"start":{"line":513,"column":0},"end":{"line":522,"column":null}}]},"7":{"loc":{"start":{"line":513,"column":0},"end":{"line":513,"column":null}},"type":"binary-expr","locations":[{"start":{"line":513,"column":0},"end":{"line":513,"column":null}},{"start":{"line":513,"column":0},"end":{"line":513,"column":null}}]},"8":{"loc":{"start":{"line":530,"column":0},"end":{"line":540,"column":null}},"type":"if","locations":[{"start":{"line":530,"column":0},"end":{"line":540,"column":null}},{"start":{"line":530,"column":0},"end":{"line":540,"column":null}}]},"9":{"loc":{"start":{"line":545,"column":0},"end":{"line":550,"column":null}},"type":"if","locations":[{"start":{"line":545,"column":0},"end":{"line":550,"column":null}},{"start":{"line":545,"column":0},"end":{"line":550,"column":null}}]},"10":{"loc":{"start":{"line":545,"column":0},"end":{"line":545,"column":null}},"type":"binary-expr","locations":[{"start":{"line":545,"column":0},"end":{"line":545,"column":null}},{"start":{"line":545,"column":0},"end":{"line":545,"column":null}}]}},"s":{"0":3,"1":3,"2":3,"3":3,"4":3,"5":2,"6":19,"7":4,"8":15,"9":19,"10":7,"11":7,"12":1,"13":6,"14":3,"15":2,"16":1,"17":1,"18":1,"19":1,"20":1,"21":1,"22":1,"23":3,"24":3,"25":2,"26":1,"27":1,"28":1,"29":1,"30":1,"31":3,"32":3,"33":2,"34":1,"35":1,"36":1,"37":1,"38":3,"39":2,"40":3,"41":1,"42":1,"43":1,"44":1,"45":1,"46":1,"47":1,"48":1},"f":{"0":2,"1":19,"2":19,"3":7,"4":2,"5":1,"6":2,"7":1,"8":3,"9":1,"10":1,"11":1,"12":3,"13":1,"14":2,"15":1,"16":1},"b":{"0":[4,15],"1":[1,6],"2":[7,6,6,6,6,6,6,6,6,6,6,6],"3":[3,3],"4":[1,1],"5":[1,1],"6":[2,1],"7":[3,2],"8":[2,1],"9":[1,0],"10":[1,1]}}
,"D:\\FUTURE Program\\PHASE 2\\gotoba-fe\\gotoba-fe-app\\src\\components\\Admin\\Sidebar\\Sidebar.vue": {"path":"D:\\FUTURE Program\\PHASE 2\\gotoba-fe\\gotoba-fe-app\\src\\components\\Admin\\Sidebar\\Sidebar.vue","statementMap":{"0":{"start":{"line":52,"column":0},"end":{"line":52,"column":null}},"1":{"start":{"line":53,"column":0},"end":{"line":53,"column":null}},"2":{"start":{"line":61,"column":0},"end":{"line":61,"column":null}},"3":{"start":{"line":101,"column":0},"end":{"line":101,"column":null}},"4":{"start":{"line":102,"column":0},"end":{"line":102,"column":null}},"5":{"start":{"line":105,"column":0},"end":{"line":105,"column":null}},"6":{"start":{"line":106,"column":0},"end":{"line":106,"column":null}}},"fnMap":{"0":{"name":"(anonymous_1)","decl":{"start":{"line":60,"column":0},"end":{"line":60,"column":null}},"loc":{"start":{"line":60,"column":0},"end":{"line":97,"column":null}}},"1":{"name":"(anonymous_2)","decl":{"start":{"line":100,"column":0},"end":{"line":100,"column":null}},"loc":{"start":{"line":100,"column":0},"end":{"line":103,"column":null}}},"2":{"name":"(anonymous_3)","decl":{"start":{"line":104,"column":0},"end":{"line":104,"column":null}},"loc":{"start":{"line":104,"column":0},"end":{"line":107,"column":null}}}},"branchMap":{},"s":{"0":2,"1":2,"2":3,"3":1,"4":1,"5":3,"6":3},"f":{"0":3,"1":1,"2":3},"b":{}}
,"D:\\FUTURE Program\\PHASE 2\\gotoba-fe\\gotoba-fe-app\\src\\components\\Merchant\\Card\\CardMedia.vue": {"path":"D:\\FUTURE Program\\PHASE 2\\gotoba-fe\\gotoba-fe-app\\src\\components\\Merchant\\Card\\CardMedia.vue","statementMap":{"0":{"start":{"line":23,"column":0},"end":{"line":23,"column":null}},"1":{"start":{"line":32,"column":0},"end":{"line":32,"column":null}}},"fnMap":{"0":{"name":"(anonymous_1)","decl":{"start":{"line":31,"column":0},"end":{"line":31,"column":null}},"loc":{"start":{"line":31,"column":0},"end":{"line":33,"column":null}}}},"branchMap":{},"s":{"0":3,"1":1},"f":{"0":1},"b":{}}
,"D:\\FUTURE Program\\PHASE 2\\gotoba-fe\\gotoba-fe-app\\src\\components\\Merchant\\Card\\CardPayment.vue": {"path":"D:\\FUTURE Program\\PHASE 2\\gotoba-fe\\gotoba-fe-app\\src\\components\\Merchant\\Card\\CardPayment.vue","statementMap":{"0":{"start":{"line":46,"column":0},"end":{"line":46,"column":null}},"1":{"start":{"line":47,"column":0},"end":{"line":47,"column":null}},"2":{"start":{"line":48,"column":0},"end":{"line":48,"column":null}},"3":{"start":{"line":49,"column":0},"end":{"line":49,"column":null}},"4":{"start":{"line":50,"column":0},"end":{"line":50,"column":null}},"5":{"start":{"line":66,"column":0},"end":{"line":66,"column":null}},"6":{"start":{"line":69,"column":0},"end":{"line":71,"column":null}},"7":{"start":{"line":70,"column":0},"end":{"line":70,"column":null}},"8":{"start":{"line":72,"column":0},"end":{"line":72,"column":null}},"9":{"start":{"line":82,"column":0},"end":{"line":99,"column":null}},"10":{"start":{"line":83,"column":0},"end":{"line":83,"column":null}},"11":{"start":{"line":84,"column":0},"end":{"line":95,"column":null}},"12":{"start":{"line":85,"column":0},"end":{"line":90,"column":null}},"13":{"start":{"line":86,"column":0},"end":{"line":86,"column":null}},"14":{"start":{"line":87,"column":0},"end":{"line":87,"column":null}},"15":{"start":{"line":88,"column":0},"end":{"line":88,"column":null}},"16":{"start":{"line":89,"column":0},"end":{"line":89,"column":null}},"17":{"start":{"line":91,"column":0},"end":{"line":91,"column":null}},"18":{"start":{"line":92,"column":0},"end":{"line":92,"column":null}},"19":{"start":{"line":93,"column":0},"end":{"line":93,"column":null}},"20":{"start":{"line":94,"column":0},"end":{"line":94,"column":null}},"21":{"start":{"line":96,"column":0},"end":{"line":96,"column":null}},"22":{"start":{"line":98,"column":0},"end":{"line":98,"column":null}},"23":{"start":{"line":102,"column":0},"end":{"line":112,"column":null}},"24":{"start":{"line":103,"column":0},"end":{"line":103,"column":null}},"25":{"start":{"line":104,"column":0},"end":{"line":108,"column":null}},"26":{"start":{"line":105,"column":0},"end":{"line":105,"column":null}},"27":{"start":{"line":106,"column":0},"end":{"line":106,"column":null}},"28":{"start":{"line":107,"column":0},"end":{"line":107,"column":null}},"29":{"start":{"line":109,"column":0},"end":{"line":109,"column":null}},"30":{"start":{"line":111,"column":0},"end":{"line":111,"column":null}}},"fnMap":{"0":{"name":"(anonymous_1)","decl":{"start":{"line":65,"column":0},"end":{"line":65,"column":null}},"loc":{"start":{"line":65,"column":0},"end":{"line":67,"column":null}}},"1":{"name":"(anonymous_2)","decl":{"start":{"line":68,"column":0},"end":{"line":68,"column":null}},"loc":{"start":{"line":68,"column":0},"end":{"line":73,"column":null}}},"2":{"name":"(anonymous_3)","decl":{"start":{"line":81,"column":0},"end":{"line":81,"column":null}},"loc":{"start":{"line":81,"column":0},"end":{"line":100,"column":null}}},"3":{"name":"(anonymous_4)","decl":{"start":{"line":101,"column":0},"end":{"line":101,"column":null}},"loc":{"start":{"line":101,"column":0},"end":{"line":113,"column":null}}}},"branchMap":{"0":{"loc":{"start":{"line":69,"column":0},"end":{"line":71,"column":null}},"type":"if","locations":[{"start":{"line":69,"column":0},"end":{"line":71,"column":null}},{"start":{"line":69,"column":0},"end":{"line":71,"column":null}}]},"1":{"loc":{"start":{"line":84,"column":0},"end":{"line":95,"column":null}},"type":"if","locations":[{"start":{"line":84,"column":0},"end":{"line":95,"column":null}},{"start":{"line":84,"column":0},"end":{"line":95,"column":null}}]},"2":{"loc":{"start":{"line":85,"column":0},"end":{"line":90,"column":null}},"type":"if","locations":[{"start":{"line":85,"column":0},"end":{"line":90,"column":null}},{"start":{"line":85,"column":0},"end":{"line":90,"column":null}}]},"3":{"loc":{"start":{"line":104,"column":0},"end":{"line":108,"column":null}},"type":"if","locations":[{"start":{"line":104,"column":0},"end":{"line":108,"column":null}},{"start":{"line":104,"column":0},"end":{"line":108,"column":null}}]}},"s":{"0":3,"1":3,"2":3,"3":3,"4":3,"5":12,"6":2,"7":1,"8":1,"9":4,"10":4,"11":3,"12":2,"13":1,"14":1,"15":1,"16":1,"17":1,"18":1,"19":1,"20":1,"21":1,"22":1,"23":3,"24":3,"25":2,"26":1,"27":1,"28":1,"29":1,"30":1},"f":{"0":12,"1":2,"2":4,"3":3},"b":{"0":[1,1],"1":[2,1],"2":[1,1],"3":[1,1]}}
[...]
t":{"line":67,"column":0},"end":{"line":67,"column":null}},"8":{"start":{"line":73,"column":0},"end":{"line":73,"column":null}},"9":{"start":{"line":76,"column":0},"end":{"line":76,"column":null}},"10":{"start":{"line":77,"column":0},"end":{"line":77,"column":null}},"11":{"start":{"line":80,"column":0},"end":{"line":80,"column":null}},"12":{"start":{"line":82,"column":0},"end":{"line":98,"column":null}},"13":{"start":{"line":83,"column":0},"end":{"line":83,"column":null}},"14":{"start":{"line":84,"column":0},"end":{"line":86,"column":null}},"15":{"start":{"line":85,"column":0},"end":{"line":85,"column":null}},"16":{"start":{"line":88,"column":0},"end":{"line":94,"column":null}},"17":{"start":{"line":89,"column":0},"end":{"line":93,"column":null}},"18":{"start":{"line":91,"column":0},"end":{"line":91,"column":null}},"19":{"start":{"line":92,"column":0},"end":{"line":92,"column":null}},"20":{"start":{"line":96,"column":0},"end":{"line":96,"column":null}},"21":{"start":{"line":97,"column":0},"end":{"line":97,"column":null}},"22":{"start":{"line":101,"column":0},"end":{"line":101,"column":null}}},"fnMap":{"0":{"name":"(anonymous_1)","decl":{"start":{"line":62,"column":0},"end":{"line":62,"column":null}},"loc":{"start":{"line":62,"column":0},"end":{"line":64,"column":null}}},"1":{"name":"(anonymous_2)","decl":{"start":{"line":66,"column":0},"end":{"line":66,"column":null}},"loc":{"start":{"line":66,"column":0},"end":{"line":70,"column":null}}},"2":{"name":"(anonymous_3)","decl":{"start":{"line":72,"column":0},"end":{"line":72,"column":null}},"loc":{"start":{"line":72,"column":0},"end":{"line":99,"column":null}}},"3":{"name":"(anonymous_4)","decl":{"start":{"line":76,"column":0},"end":{"line":76,"column":null}},"loc":{"start":{"line":76,"column":0},"end":{"line":76,"column":null}}},"4":{"name":"(anonymous_5)","decl":{"start":{"line":77,"column":0},"end":{"line":77,"column":null}},"loc":{"start":{"line":77,"column":0},"end":{"line":77,"column":null}}},"5":{"name":"(anonymous_6)","decl":{"start":{"line":84,"column":0},"end":{"line":84,"column":null}},"loc":{"start":{"line":84,"column":0},"end":{"line":86,"column":null}}},"6":{"name":"(anonymous_7)","decl":{"start":{"line":89,"column":0},"end":{"line":89,"column":null}},"loc":{"start":{"line":89,"column":0},"end":{"line":93,"column":null}}},"7":{"name":"(anonymous_8)","decl":{"start":{"line":100,"column":0},"end":{"line":100,"column":null}},"loc":{"start":{"line":100,"column":0},"end":{"line":102,"column":null}}}},"branchMap":{"0":{"loc":{"start":{"line":88,"column":0},"end":{"line":94,"column":null}},"type":"if","locations":[{"start":{"line":88,"column":0},"end":{"line":94,"column":null}},{"start":{"line":88,"column":0},"end":{"line":94,"column":null}}]}},"s":{"0":1,"1":1,"2":1,"3":1,"4":1,"5":1,"6":4,"7":4,"8":2,"9":2,"10":2,"11":2,"12":2,"13":2,"14":1,"15":1,"16":1,"17":1,"18":1,"19":1,"20":1,"21":1,"22":2},"f":{"0":4,"1":4,"2":2,"3":2,"4":2,"5":1,"6":1,"7":2},"b":{"0":[1,0]}}
,"D:\\FUTURE Program\\PHASE 2\\gotoba-fe\\gotoba-fe-app\\src\\views\\User\\Payment\\PaymentOrder.vue": {"path":"D:\\FUTURE Program\\PHASE 2\\gotoba-fe\\gotoba-fe-app\\src\\views\\User\\Payment\\PaymentOrder.vue","statementMap":{"0":{"start":{"line":56,"column":0},"end":{"line":56,"column":null}},"1":{"start":{"line":57,"column":0},"end":{"line":57,"column":null}},"2":{"start":{"line":67,"column":0},"end":{"line":67,"column":null}},"3":{"start":{"line":70,"column":0},"end":{"line":70,"column":null}},"4":{"start":{"line":74,"column":0},"end":{"line":74,"column":null}}},"fnMap":{"0":{"name":"(anonymous_1)","decl":{"start":{"line":66,"column":0},"end":{"line":66,"column":null}},"loc":{"start":{"line":66,"column":0},"end":{"line":68,"column":null}}},"1":{"name":"(anonymous_2)","decl":{"start":{"line":69,"column":0},"end":{"line":69,"column":null}},"loc":{"start":{"line":69,"column":0},"end":{"line":71,"column":null}}},"2":{"name":"(anonymous_3)","decl":{"start":{"line":73,"column":0},"end":{"line":73,"column":null}},"loc":{"start":{"line":73,"column":0},"end":{"line":75,"column":null}}}},"branchMap":{},"s":{"0":1,"1":1,"2":3,"3":3,"4":3},"f":{"0":3,"1":3,"2":3},"b":{}}
,"D:\\FUTURE Program\\PHASE 2\\gotoba-fe\\gotoba-fe-app\\src\\views\\User\\Profile\\EditProfile.vue": {"path":"D:\\FUTURE Program\\PHASE 2\\gotoba-fe\\gotoba-fe-app\\src\\views\\User\\Profile\\EditProfile.vue","statementMap":{"0":{"start":{"line":113,"column":0},"end":{"line":113,"column":null}},"1":{"start":{"line":114,"column":0},"end":{"line":114,"column":null}},"2":{"start":{"line":115,"column":0},"end":{"line":115,"column":null}},"3":{"start":{"line":116,"column":0},"end":{"line":116,"column":null}},"4":{"start":{"line":117,"column":0},"end":{"line":117,"column":null}},"5":{"start":{"line":124,"column":0},"end":{"line":124,"column":null}},"6":{"start":{"line":128,"column":0},"end":{"line":128,"column":null}},"7":{"start":{"line":131,"column":0},"end":{"line":131,"column":null}},"8":{"start":{"line":144,"column":0},"end":{"line":148,"column":null}},"9":{"start":{"line":147,"column":0},"end":{"line":147,"column":null}},"10":{"start":{"line":150,"column":0},"end":{"line":150,"column":null}},"11":{"start":{"line":152,"column":0},"end":{"line":169,"column":null}},"12":{"start":{"line":154,"column":0},"end":{"line":163,"column":null}},"13":{"start":{"line":155,"column":0},"end":{"line":155,"column":null}},"14":{"start":{"line":161,"column":0},"end":{"line":161,"column":null}},"15":{"start":{"line":162,"column":0},"end":{"line":162,"column":null}},"16":{"start":{"line":164,"column":0},"end":{"line":164,"column":null}},"17":{"start":{"line":167,"column":0},"end":{"line":167,"column":null}},"18":{"start":{"line":168,"column":0},"end":{"line":168,"column":null}},"19":{"start":{"line":172,"column":0},"end":{"line":172,"column":null}},"20":{"start":{"line":174,"column":0},"end":{"line":182,"column":null}},"21":{"start":{"line":175,"column":0},"end":{"line":181,"column":null}},"22":{"start":{"line":177,"column":0},"end":{"line":177,"column":null}},"23":{"start":{"line":180,"column":0},"end":{"line":180,"column":null}},"24":{"start":{"line":185,"column":0},"end":{"line":185,"column":null}},"25":{"start":{"line":190,"column":0},"end":{"line":190,"column":null}},"26":{"start":{"line":191,"column":0},"end":{"line":191,"column":null}}},"fnMap":{"0":{"name":"(anonymous_1)","decl":{"start":{"line":123,"column":0},"end":{"line":123,"column":null}},"loc":{"start":{"line":123,"column":0},"end":{"line":125,"column":null}}},"1":{"name":"(anonymous_2)","decl":{"start":{"line":127,"column":0},"end":{"line":127,"column":null}},"loc":{"start":{"line":127,"column":0},"end":{"line":129,"column":null}}},"2":{"name":"(anonymous_3)","decl":{"start":{"line":130,"column":0},"end":{"line":130,"column":null}},"loc":{"start":{"line":130,"column":0},"end":{"line":139,"column":null}}},"3":{"name":"(anonymous_4)","decl":{"start":{"line":143,"column":0},"end":{"line":143,"column":null}},"loc":{"start":{"line":143,"column":0},"end":{"line":170,"column":null}}},"4":{"name":"(anonymous_5)","decl":{"start":{"line":152,"column":0},"end":{"line":152,"column":null}},"loc":{"start":{"line":152,"column":0},"end":{"line":165,"column":null}}},"5":{"name":"(anonymous_6)","decl":{"start":{"line":165,"column":0},"end":{"line":165,"column":null}},"loc":{"start":{"line":165,"column":0},"end":{"line":169,"column":null}}},"6":{"name":"(anonymous_7)","decl":{"start":{"line":171,"column":0},"end":{"line":171,"column":null}},"loc":{"start":{"line":171,"column":0},"end":{"line":183,"column":null}}},"7":{"name":"(anonymous_8)","decl":{"start":{"line":175,"column":0},"end":{"line":175,"column":null}},"loc":{"start":{"line":175,"column":0},"end":{"line":178,"column":null}}},"8":{"name":"(anonymous_9)","decl":{"start":{"line":178,"column":0},"end":{"line":178,"column":null}},"loc":{"start":{"line":178,"column":0},"end":{"line":181,"column":null}}},"9":{"name":"(anonymous_10)","decl":{"start":{"line":184,"column":0},"end":{"line":184,"column":null}},"loc":{"start":{"line":184,"column":0},"end":{"line":186,"column":null}}},"10":{"name":"(anonymous_11)","decl":{"start":{"line":189,"column":0},"end":{"line":189,"column":null}},"loc":{"start":{"line":189,"column":0},"end":{"line":192,"column":null}}}},"branchMap":{"0":{"loc":{"start":{"line":144,"column":0},"end":{"line":148,"column":null}},"type":"if","locations":[{"start":{"line":144,"column":0},"end":{"line":148,"column":null}},{"start":{"line":144,"column":0},"end":{"line":148,"column":null}}]},"1":{"loc":{"start":{"line":144,"column":0},"end":{"line":144,"column":null}},"type":"binary-expr","locations":[{"start":{"line":144,"column":0},"end":{"line":144,"column":null}},{"start":{"line":144,"column":0},"end":{"line":144,"column":null}},{"start":{"line":144,"column":0},"end":{"line":144,"column":null}}]},"2":{"loc":{"start":{"line":154,"column":0},"end":{"line":163,"column":null}},"type":"if","locations":[{"start":{"line":154,"column":0},"end":{"line":163,"column":null}},{"start":{"line":154,"column":0},"end":{"line":163,"column":null}}]},"3":{"loc":{"start":{"line":174,"column":0},"end":{"line":182,"column":null}},"type":"if","locations":[{"start":{"line":174,"column":0},"end":{"line":182,"column":null}},{"start":{"line":174,"column":0},"end":{"line":182,"column":null}}]},"4":{"loc":{"start":{"line":174,"column":0},"end":{"line":174,"column":null}},"type":"binary-expr","locations":[{"start":{"line":174,"column":0},"end":{"line":174,"column":null}},{"start":{"line":174,"column":0},"end":{"line":174,"column":null}}]}},"s":{"0":1,"1":1,"2":1,"3":1,"4":1,"5":1,"6":10,"7":10,"8":4,"9":1,"10":3,"11":3,"12":2,"13":1,"14":1,"15":1,"16":1,"17":1,"18":1,"19":3,"20":3,"21":2,"22":1,"23":1,"24":1,"25":1,"26":1},"f":{"0":1,"1":10,"2":10,"3":4,"4":2,"5":1,"6":3,"7":1,"8":1,"9":1,"10":1},"b":{"0":[1,3],"1":[4,3,3],"2":[1,1],"3":[2,1],"4":[3,2]}}
,"D:\\FUTURE Program\\PHASE 2\\gotoba-fe\\gotoba-fe-app\\src\\views\\User\\Profile\\Profile.vue": {"path":"D:\\FUTURE Program\\PHASE 2\\gotoba-fe\\gotoba-fe-app\\src\\views\\User\\Profile\\Profile.vue","statementMap":{"0":{"start":{"line":23,"column":0},"end":{"line":23,"column":null}},"1":{"start":{"line":24,"column":0},"end":{"line":24,"column":null}},"2":{"start":{"line":25,"column":0},"end":{"line":25,"column":null}},"3":{"start":{"line":37,"column":0},"end":{"line":37,"column":null}}},"fnMap":{"0":{"name":"(anonymous_1)","decl":{"start":{"line":36,"column":0},"end":{"line":36,"column":null}},"loc":{"start":{"line":36,"column":0},"end":{"line":58,"column":null}}}},"branchMap":{},"s":{"0":1,"1":1,"2":1,"3":1},"f":{"0":1},"b":{}}
,"D:\\FUTURE Program\\PHASE 2\\gotoba-fe\\gotoba-fe-app\\src\\views\\User\\Restaurant\\Restaurant.vue": {"path":"D:\\FUTURE Program\\PHASE 2\\gotoba-fe\\gotoba-fe-app\\src\\views\\User\\Restaurant\\Restaurant.vue","statementMap":{"0":{"start":{"line":33,"column":0},"end":{"line":33,"column":null}},"1":{"start":{"line":34,"column":0},"end":{"line":34,"column":null}},"2":{"start":{"line":35,"column":0},"end":{"line":35,"column":null}},"3":{"start":{"line":47,"column":0},"end":{"line":47,"column":null}},"4":{"start":{"line":48,"column":0},"end":{"line":48,"column":null}},"5":{"start":{"line":53,"column":0},"end":{"line":53,"column":null}},"6":{"start":{"line":56,"column":0},"end":{"line":56,"column":null}}},"fnMap":{"0":{"name":"(anonymous_1)","decl":{"start":{"line":46,"column":0},"end":{"line":46,"column":null}},"loc":{"start":{"line":46,"column":0},"end":{"line":49,"column":null}}},"1":{"name":"(anonymous_2)","decl":{"start":{"line":52,"column":0},"end":{"line":52,"column":null}},"loc":{"start":{"line":52,"column":0},"end":{"line":54,"column":null}}},"2":{"name":"(anonymous_3)","decl":{"start":{"line":55,"column":0},"end":{"line":55,"column":null}},"loc":{"start":{"line":55,"column":0},"end":{"line":57,"column":null}}}},"branchMap":{},"s":{"0":1,"1":1,"2":1,"3":3,"4":3,"5":4,"6":4},"f":{"0":3,"1":4,"2":4},"b":{}}
,"D:\\FUTURE Program\\PHASE 2\\gotoba-fe\\gotoba-fe-app\\src\\views\\User\\Restaurant\\RestaurantProfile.vue": {"path":"D:\\FUTURE Program\\PHASE 2\\gotoba-fe\\gotoba-fe-app\\src\\views\\User\\Restaurant\\RestaurantProfile.vue","statementMap":{"0":{"start":{"line":39,"column":0},"end":{"line":39,"column":null}},"1":{"start":{"line":40,"column":0},"end":{"line":40,"column":null}},"2":{"start":{"line":41,"column":0},"end":{"line":41,"column":null}},"3":{"start":{"line":52,"column":0},"end":{"line":52,"column":null}},"4":{"start":{"line":56,"column":0},"end":{"line":56,"column":null}},"5":{"start":{"line":66,"column":0},"end":{"line":68,"column":null}},"6":{"start":{"line":67,"column":0},"end":{"line":67,"column":null}}},"fnMap":{"0":{"name":"(anonymous_1)","decl":{"start":{"line":51,"column":0},"end":{"line":51,"column":null}},"loc":{"start":{"line":51,"column":0},"end":{"line":53,"column":null}}},"1":{"name":"(anonymous_2)","decl":{"start":{"line":55,"column":0},"end":{"line":55,"column":null}},"loc":{"start":{"line":55,"column":0},"end":{"line":57,"column":null}}},"2":{"name":"(anonymous_3)","decl":{"start":{"line":65,"column":0},"end":{"line":65,"column":null}},"loc":{"start":{"line":65,"column":0},"end":{"line":69,"column":null}}}},"branchMap":{"0":{"loc":{"start":{"line":66,"column":0},"end":{"line":68,"column":null}},"type":"if","locations":[{"start":{"line":66,"column":0},"end":{"line":68,"column":null}},{"start":{"line":66,"column":0},"end":{"line":68,"column":null}}]}},"s":{"0":1,"1":1,"2":1,"3":3,"4":2,"5":1,"6":1},"f":{"0":3,"1":2,"2":1},"b":{"0":[1,0]}}
,"D:\\FUTURE Program\\PHASE 2\\gotoba-fe\\gotoba-fe-app\\src\\views\\User\\Search\\Search.vue": {"path":"D:\\FUTURE Program\\PHASE 2\\gotoba-fe\\gotoba-fe-app\\src\\views\\User\\Search\\Search.vue","statementMap":{"0":{"start":{"line":17,"column":0},"end":{"line":17,"column":null}},"1":{"start":{"line":18,"column":0},"end":{"line":18,"column":null}},"2":{"start":{"line":19,"column":0},"end":{"line":19,"column":null}},"3":{"start":{"line":20,"column":0},"end":{"line":20,"column":null}},"4":{"start":{"line":36,"column":0},"end":{"line":36,"column":null}},"5":{"start":{"line":38,"column":0},"end":{"line":40,"column":null}},"6":{"start":{"line":39,"column":0},"end":{"line":39,"column":null}},"7":{"start":{"line":42,"column":0},"end":{"line":42,"column":null}},"8":{"start":{"line":46,"column":0},"end":{"line":46,"column":null}},"9":{"start":{"line":47,"column":0},"end":{"line":47,"column":null}},"10":{"start":{"line":48,"column":0},"end":{"line":48,"column":null}},"11":{"start":{"line":60,"column":0},"end":{"line":60,"column":null}},"12":{"start":{"line":61,"column":0},"end":{"line":66,"column":null}},"13":{"start":{"line":62,"column":0},"end":{"line":62,"column":null}},"14":{"start":{"line":63,"column":0},"end":{"line":63,"column":null}},"15":{"start":{"line":64,"column":0},"end":{"line":64,"column":null}},"16":{"start":{"line":65,"column":0},"end":{"line":65,"column":null}},"17":{"start":{"line":68,"column":0},"end":{"line":68,"column":null}}},"fnMap":{"0":{"name":"(anonymous_1)","decl":{"start":{"line":35,"column":0},"end":{"line":35,"column":null}},"loc":{"start":{"line":35,"column":0},"end":{"line":43,"column":null}}},"1":{"name":"(anonymous_2)","decl":{"start":{"line":45,"column":0},"end":{"line":45,"column":null}},"loc":{"start":{"line":45,"column":0},"end":{"line":52,"column":null}}},"2":{"name":"(anonymous_3)","decl":{"start":{"line":59,"column":0},"end":{"line":59,"column":null}},"loc":{"start":{"line":59,"column":0},"end":{"line":71,"column":null}}}},"branchMap":{"0":{"loc":{"start":{"line":36,"column":0},"end":{"line":36,"column":null}},"type":"binary-expr","locations":[{"start":{"line":36,"column":0},"end":{"line":36,"column":null}},{"start":{"line":36,"column":0},"end":{"line":36,"column":null}}]},"1":{"loc":{"start":{"line":38,"column":0},"end":{"line":40,"column":null}},"type":"if","locations":[{"start":{"line":38,"column":0},"end":{"line":40,"column":null}},{"start":{"line":38,"column":0},"end":{"line":40,"column":null}}]},"2":{"loc":{"start":{"line":61,"column":0},"end":{"line":66,"column":null}},"type":"if","locations":[{"start":{"line":61,"column":0},"end":{"line":66,"column":null}},{"start":{"line":61,"column":0},"end":{"line":66,"column":null}}]}},"s":{"0":1,"1":1,"2":1,"3":1,"4":2,"5":2,"6":1,"7":1,"8":5,"9":5,"10":5,"11":2,"12":2,"13":1,"14":1,"15":1,"16":1,"17":1},"f":{"0":2,"1":5,"2":2},"b":{"0":[2,1],"1":[1,1],"2":[1,1]}}
,"D:\\FUTURE Program\\PHASE 2\\gotoba-fe\\gotoba-fe-app\\src\\views\\User\\Ticket\\ExpiredTicket.vue": {"path":"D:\\FUTURE Program\\PHASE 2\\gotoba-fe\\gotoba-fe-app\\src\\views\\User\\Ticket\\ExpiredTicket.vue","statementMap":{"0":{"start":{"line":14,"column":0},"end":{"line":14,"column":null}},"1":{"start":{"line":15,"column":0},"end":{"line":15,"column":null}}},"fnMap":{},"branchMap":{},"s":{"0":1,"1":1},"f":{},"b":{}}
,"D:\\FUTURE Program\\PHASE 2\\gotoba-fe\\gotoba-fe-app\\src\\views\\User\\Ticket\\MyTickets.vue": {"path":"D:\\FUTURE Program\\PHASE 2\\gotoba-fe\\gotoba-fe-app\\src\\views\\User\\Ticket\\MyTickets.vue","statementMap":{"0":{"start":{"line":26,"column":0},"end":{"line":26,"column":null}},"1":{"start":{"line":34,"column":0},"end":{"line":34,"column":null}}},"fnMap":{"0":{"name":"(anonymous_1)","decl":{"start":{"line":33,"column":0},"end":{"line":33,"column":null}},"loc":{"start":{"line":33,"column":0},"end":{"line":35,"column":null}}}},"branchMap":{},"s":{"0":1,"1":1},"f":{"0":1},"b":{}}
,"D:\\FUTURE Program\\PHASE 2\\gotoba-fe\\gotoba-fe-app\\src\\views\\User\\Ticket\\ShowQRCode.vue": {"path":"D:\\FUTURE Program\\PHASE 2\\gotoba-fe\\gotoba-fe-app\\src\\views\\User\\Ticket\\ShowQRCode.vue","statementMap":{"0":{"start":{"line":30,"column":0},"end":{"line":30,"column":null}},"1":{"start":{"line":31,"column":0},"end":{"line":31,"column":null}},"2":{"start":{"line":42,"column":0},"end":{"line":42,"column":null}}},"fnMap":{"0":{"name":"(anonymous_1)","decl":{"start":{"line":41,"column":0},"end":{"line":41,"column":null}},"loc":{"start":{"line":41,"column":0},"end":{"line":43,"column":null}}}},"branchMap":{},"s":{"0":1,"1":1,"2":1},"f":{"0":1},"b":{}}
,"D:\\FUTURE Program\\PHASE 2\\gotoba-fe\\gotoba-fe-app\\src\\views\\User\\Ticket\\ValidTicket.vue": {"path":"D:\\FUTURE Program\\PHASE 2\\gotoba-fe\\gotoba-fe-app\\src\\views\\User\\Ticket\\ValidTicket.vue","statementMap":{"0":{"start":{"line":14,"column":0},"end":{"line":14,"column":null}},"1":{"start":{"line":15,"column":0},"end":{"line":15,"column":null}}},"fnMap":{},"branchMap":{},"s":{"0":1,"1":1},"f":{},"b":{}}
,"D:\\FUTURE Program\\PHASE 2\\gotoba-fe\\gotoba-fe-app\\src\\views\\User\\TourGuide\\TourGuide.vue": {"path":"D:\\FUTURE Program\\PHASE 2\\gotoba-fe\\gotoba-fe-app\\src\\views\\User\\TourGuide\\TourGuide.vue","statementMap":{"0":{"start":{"line":17,"column":0},"end":{"line":17,"column":null}},"1":{"start":{"line":18,"column":0},"end":{"line":18,"column":null}},"2":{"start":{"line":29,"column":0},"end":{"line":29,"column":null}}},"fnMap":{"0":{"name":"(anonymous_1)","decl":{"start":{"line":28,"column":0},"end":{"line":28,"column":null}},"loc":{"start":{"line":28,"column":0},"end":{"line":30,"column":null}}}},"branchMap":{},"s":{"0":1,"1":1,"2":1},"f":{"0":1},"b":{}}
,"D:\\FUTURE Program\\PHASE 2\\gotoba-fe\\gotoba-fe-app\\src\\views\\User\\TourGuide\\TourGuideProfile.vue": {"path":"D:\\FUTURE Program\\PHASE 2\\gotoba-fe\\gotoba-fe-app\\src\\views\\User\\TourGuide\\TourGuideProfile.vue","statementMap":{"0":{"start":{"line":31,"column":0},"end":{"line":31,"column":null}},"1":{"start":{"line":32,"column":0},"end":{"line":32,"column":null}},"2":{"start":{"line":33,"column":0},"end":{"line":33,"column":null}},"3":{"start":{"line":45,"column":0},"end":{"line":45,"column":null}}},"fnMap":{"0":{"name":"(anonymous_1)","decl":{"start":{"line":44,"column":0},"end":{"line":44,"column":null}},"loc":{"start":{"line":44,"column":0},"end":{"line":46,"column":null}}}},"branchMap":{},"s":{"0":1,"1":1,"2":1,"3":1},"f":{"0":1},"b":{}}
}
