TN:
SF:D:\FUTURE Program\PHASE 2\gotoba-fe\gotoba-fe-app\src\App.vue
FN:35,(anonymous_1)
FNF:1
FNH:1
FNDA:1,(anonymous_1)
DA:13,1
DA:14,1
DA:15,1
DA:16,1
DA:17,1
DA:18,1
DA:19,1
DA:20,1
DA:36,1
LF:9
LH:9
BRDA:36,0,0,1
BRDA:36,0,1,0
BRF:2
BRH:1
end_of_record
TN:
SF:D:\FUTURE Program\PHASE 2\gotoba-fe\gotoba-fe-app\src\registerServiceWorker.js
FN:7,(anonymous_0)
FN:13,(anonymous_1)
FN:16,(anonymous_2)
FN:19,(anonymous_3)
FN:22,(anonymous_4)
FN:25,(anonymous_5)
FN:28,(anonymous_6)
FNF:7
FNH:0
FNDA:0,(anonymous_0)
FNDA:0,(anonymous_1)
FNDA:0,(anonymous_2)
FNDA:0,(anonymous_3)
FNDA:0,(anonymous_4)
FNDA:0,(anonymous_5)
FNDA:0,(anonymous_6)
DA:5,0
DA:6,0
DA:8,0
DA:14,0
DA:17,0
DA:20,0
DA:23,0
DA:26,0
DA:29,0
LF:9
LH:0
BRDA:5,0,0,0
BRDA:5,0,1,0
BRF:2
BRH:0
end_of_record
TN:
SF:D:\FUTURE Program\PHASE 2\gotoba-fe\gotoba-fe-app\src\api\api.js
FN:8,(anonymous_0)
FN:9,(anonymous_1)
FN:13,(anonymous_2)
FN:14,(anonymous_3)
FN:17,fetchGet
FN:32,fetchPost
FN:45,fetchPut
FN:58,fetchDelete
FN:72,(anonymous_8)
FN:75,(anonymous_9)
FN:78,(anonymous_10)
FN:81,(anonymous_11)
FN:84,(anonymous_12)
FN:91,(anonymous_13)
FN:94,(anonymous_14)
FN:97,(anonymous_15)
FN:100,(anonymous_16)
FN:103,(anonymous_17)
FN:106,(anonymous_18)
FN:109,(anonymous_19)
FN:112,(anonymous_20)
FN:119,(anonymous_21)
FN:122,(anonymous_22)
FN:125,(anonymous_23)
FN:132,(anonymous_24)
FN:139,(anonymous_25)
FN:142,(anonymous_26)
FN:145,(anonymous_27)
FN:148,(anonymous_28)
FN:151,(anonymous_29)
FN:158,(anonymous_30)
FN:161,(anonymous_31)
FN:164,(anonymous_32)
FN:167,(anonymous_33)
FN:170,(anonymous_34)
FN:173,(anonymous_35)
FN:180,(anonymous_36)
FN:183,(anonymous_37)
FN:186,(anonymous_38)
FN:189,(anonymous_39)
FN:192,(anonymous_40)
FN:195,(anonymous_41)
FN:198,(anonymous_42)
FN:201,(anonymous_43)
FN:204,(anonymous_44)
FN:207,(anonymous_45)
FN:210,(anonymous_46)
FN:217,(anonymous_47)
FN:220,(anonymous_48)
FN:223,(anonymous_49)
FN:226,(anonymous_50)
FN:229,(anonymous_51)
FN:232,(anonymous_52)
FN:239,(anonymous_53)
FN:242,(anonymous_54)
FN:245,(anonymous_55)
FN:248,(anonymous_56)
FN:251,(anonymous_57)
FN:258,(anonymous_58)
FN:261,(anonymous_59)
FN:264,(anonymous_60)
FN:267,(anonymous_61)
FN:270,(anonymous_62)
FN:277,(anonymous_63)
FN:280,(anonymous_64)
FN:285,(anonymous_65)
FN:296,(anonymous_66)
FN:299,(anonymous_67)
FN:302,(anonymous_68)
FN:305,(anonymous_69)
FN:308,(anonymous_70)
FN:311,(anonymous_71)
FN:314,(anonymous_72)
FN:317,(anonymous_73)
FN:320,(anonymous_74)
FN:327,(anonymous_75)
FN:330,(anonymous_76)
FN:333,(anonymous_77)
FN:336,(anonymous_78)
FN:339,(anonymous_79)
FN:342,(anonymous_80)
FN:345,(anonymous_81)
FN:348,(anonymous_82)
FN:351,(anonymous_83)
FN:354,(anonymous_84)
FN:357,(anonymous_85)
FN:360,(anonymous_86)
FN:367,(anonymous_87)
FN:370,(anonymous_88)
FN:373,(anonymous_89)
FN:376,(anonymous_90)
FN:379,(anonymous_91)
FN:382,(anonymous_92)
FN:385,(anonymous_93)
FN:388,(anonymous_94)
FN:391,(anonymous_95)
FN:394,(anonymous_96)
FNF:97
FNH:1
FNDA:0,(anonymous_0)
FNDA:0,(anonymous_1)
FNDA:0,(anonymous_2)
FNDA:0,(anonymous_3)
FNDA:0,fetchGet
FNDA:0,fetchPost
FNDA:0,fetchPut
FNDA:0,fetchDelete
FNDA:0,(anonymous_8)
FNDA:0,(anonymous_9)
FNDA:0,(anonymous_10)
FNDA:0,(anonymous_11)
FNDA:51,(anonymous_12)
FNDA:0,(anonymous_13)
FNDA:0,(anonymous_14)
FNDA:0,(anonymous_15)
FNDA:0,(anonymous_16)
FNDA:0,(anonymous_17)
FNDA:0,(anonymous_18)
FNDA:0,(anonymous_19)
FNDA:0,(anonymous_20)
FNDA:0,(anonymous_21)
FNDA:0,(anonymous_22)
FNDA:0,(anonymous_23)
FNDA:0,(anonymous_24)
FNDA:0,(anonymous_25)
FNDA:0,(anonymous_26)
FNDA:0,(anonymous_27)
FNDA:0,(anonymous_28)
FNDA:0,(anonymous_29)
FNDA:0,(anonymous_30)
FNDA:0,(anonymous_31)
FNDA:0,(anonymous_32)
FNDA:0,(anonymous_33)
FNDA:0,(anonymous_34)
FNDA:0,(anonymous_35)
FNDA:0,(anonymous_36)
FNDA:0,(anonymous_37)
FNDA:0,(anonymous_38)
FNDA:0,(anonymous_39)
FNDA:0,(anonymous_40)
FNDA:0,(anonymous_41)
FNDA:0,(anonymous_42)
FNDA:0,(anonymous_43)
FNDA:0,(anonymous_44)
FNDA:0,(anonymous_45)
FNDA:0,(anonymous_46)
FNDA:0,(anonymous_47)
FNDA:0,(anonymous_48)
FNDA:0,(anonymous_49)
FNDA:0,(anonymous_50)
FNDA:0,(anonymous_51)
FNDA:0,(anonymous_52)
FNDA:0,(anonymous_53)
FNDA:0,(anonymous_54)
FNDA:0,(anonymous_55)
FNDA:0,(anonymous_56)
FNDA:0,(anonymous_57)
FNDA:0,(anonymous_58)
FNDA:0,(anonymous_59)
FNDA:0,(anonymous_60)
FNDA:0,(anonymous_61)
FNDA:0,(anonymous_62)
FNDA:0,(anonymous_63)
FNDA:0,(anonymous_64)
FNDA:0,(anonymous_65)
FNDA:0,(anonymous_66)
FNDA:0,(anonymous_67)
FNDA:0,(anonymous_68)
FNDA:0,(anonymous_69)
FNDA:0,(anonymous_70)
FNDA:0,(anonymous_71)
FNDA:0,(anonymous_72)
FNDA:0,(anonymous_73)
FNDA:0,(anonymous_74)
FNDA:0,(anonymous_75)
FNDA:0,(anonymous_76)
FNDA:0,(anonymous_77)
FNDA:0,(anonymous_78)
FNDA:0,(anonymous_79)
FNDA:0,(anonymous_80)
FNDA:0,(anonymous_81)
FNDA:0,(anonymous_82)
FNDA:0,(anonymous_83)
FNDA:0,(anonymous_84)
FNDA:0,(anonymous_85)
FNDA:0,(anonymous_86)
FNDA:0,(anonymous_87)
FNDA:0,(anonymous_88)
FNDA:0,(anonymous_89)
FNDA:0,(anonymous_90)
FNDA:0,(anonymous_91)
FNDA:0,(anonymous_92)
FNDA:0,(anonymous_93)
FNDA:0,(anonymous_94)
FNDA:0,(anonymous_95)
FNDA:0,(anonymous_96)
DA:3,56
DA:4,56
DA:5,56
DA:7,56
DA:8,0
DA:9,0
DA:12,56
DA:13,0
DA:14,0
DA:20,0
DA:21,0
DA:24,0
DA:26,0
DA:29,0
DA:35,0
DA:36,0
DA:37,0
DA:39,0
DA:42,0
DA:48,0
DA:49,0
DA:50,0
DA:52,0
DA:55,0
DA:61,0
DA:62,0
DA:63,0
DA:65,0
DA:68,0
DA:73,0
DA:76,0
DA:79,0
DA:82,0
DA:85,51
DA:92,0
DA:95,0
DA:98,0
DA:101,0
DA:104,0
DA:107,0
DA:110,0
DA:113,0
DA:120,0
DA:123,0
DA:126,0
DA:133,0
DA:140,0
DA:143,0
DA:146,0
DA:149,0
DA:152,0
DA:159,0
DA:162,0
DA:165,0
DA:168,0
DA:171,0
DA:174,0
DA:181,0
DA:184,0
DA:187,0
DA:190,0
DA:193,0
DA:196,0
DA:199,0
DA:202,0
DA:205,0
DA:208,0
DA:211,0
DA:218,0
DA:221,0
DA:224,0
DA:227,0
DA:230,0
DA:233,0
DA:240,0
DA:243,0
DA:246,0
DA:249,0
DA:252,0
DA:259,0
DA:262,0
DA:265,0
DA:268,0
DA:271,0
DA:278,0
DA:281,0
DA:283,0
DA:286,0
DA:289,0
DA:290,0
DA:297,0
DA:300,0
DA:303,0
DA:306,0
DA:309,0
DA:312,0
DA:315,0
DA:318,0
DA:321,0
DA:328,0
DA:331,0
DA:334,0
DA:337,0
DA:340,0
DA:343,0
DA:346,0
DA:349,0
DA:352,0
DA:355,0
DA:358,0
DA:361,0
DA:368,0
DA:371,0
DA:374,0
DA:377,0
DA:380,0
DA:383,0
DA:386,0
DA:389,0
DA:392,0
DA:395,0
LF:121
LH:6
BRF:0
BRH:0
end_of_record
TN:
SF:D:\FUTURE Program\PHASE 2\gotoba-fe\gotoba-fe-app\src\components\Admin\Breadcrumb\Breadcrumb.vue
FN:11,(anonymous_1)
FN:18,(anonymous_2)
FNF:2
FNH:2
FNDA:1,(anonymous_1)
FNDA:1,(anonymous_2)
DA:6,2
DA:12,1
DA:13,1
DA:15,1
DA:16,1
DA:18,1
DA:19,1
DA:24,1
DA:27,1
DA:32,1
LF:10
LH:10
BRDA:21,0,0,1
BRDA:21,0,1,0
BRF:2
BRH:1
end_of_record
TN:
SF:D:\FUTURE Program\PHASE 2\gotoba-fe\gotoba-fe-app\src\components\Admin\Card\DataCard.vue
FN:72,(anonymous_1)
FN:75,(anonymous_2)
FN:76,(anonymous_3)
FNF:3
FNH:3
FNDA:2,(anonymous_1)
FNDA:1,(anonymous_2)
FNDA:2,(anonymous_3)
DA:59,11
DA:60,11
DA:73,2
DA:76,3
LF:4
LH:4
BRF:0
BRH:0
end_of_record
TN:
SF:D:\FUTURE Program\PHASE 2\gotoba-fe\gotoba-fe-app\src\components\Admin\Card\GalleryCard.vue
FN:30,(anonymous_1)
FN:33,(anonymous_2)
FNF:2
FNH:2
FNDA:2,(anonymous_1)
FNDA:2,(anonymous_2)
DA:20,3
DA:31,2
DA:34,2
LF:3
LH:3
BRF:0
BRH:0
end_of_record
TN:
SF:D:\FUTURE Program\PHASE 2\gotoba-fe\gotoba-fe-app\src\components\Admin\Card\ItineraryCard.vue
FN:33,(anonymous_1)
FN:42,(anonymous_2)
FNF:2
FNH:2
FNDA:2,(anonymous_1)
FNDA:2,(anonymous_2)
DA:21,3
DA:22,3
DA:34,2
DA:43,2
LF:4
LH:4
BRDA:39,0,0,2
BRDA:39,0,1,2
BRF:2
BRH:2
end_of_record
TN:
SF:D:\FUTURE Program\PHASE 2\gotoba-fe\gotoba-fe-app\src\components\Admin\Card\RestaurantCard.vue
FN:21,(anonymous_1)
FN:30,(anonymous_2)
FNF:2
FNH:2
FNDA:2,(anonymous_1)
FNDA:2,(anonymous_2)
DA:10,4
DA:22,2
DA:31,2
LF:3
LH:3
BRDA:26,0,0,2
BRDA:26,0,1,2
BRF:2
BRH:2
end_of_record
TN:
SF:D:\FUTURE Program\PHASE 2\gotoba-fe\gotoba-fe-app\src\components\Admin\Card\TourGuideCard.vue
FN:21,(anonymous_1)
FN:30,(anonymous_2)
FNF:2
FNH:2
FNDA:1,(anonymous_1)
FNDA:1,(anonymous_2)
DA:10,3
DA:22,1
DA:31,1
LF:3
LH:3
BRF:0
BRH:0
end_of_record
TN:
SF:D:\FUTURE Program\PHASE 2\gotoba-fe\gotoba-fe-app\src\components\Admin\Data\GalleryCardGroup.vue
FN:32,(anonymous_1)
FNF:1
FNH:1
FNDA:2,(anonymous_1)
DA:19,2
DA:33,2
LF:2
LH:2
BRF:0
BRH:0
end_of_record
TN:
SF:D:\FUTURE Program\PHASE 2\gotoba-fe\gotoba-fe-app\src\components\Admin\Data\ItineraryCardGroup.vue
FN:27,(anonymous_1)
FNF:1
FNH:1
FNDA:1,(anonymous_1)
DA:14,2
DA:28,1
LF:2
LH:2
BRF:0
BRH:0
end_of_record
TN:
SF:D:\FUTURE Program\PHASE 2\gotoba-fe\gotoba-fe-app\src\components\Admin\Data\RestaurantCardGroup.vue
FN:27,(anonymous_1)
FNF:1
FNH:1
FNDA:1,(anonymous_1)
DA:14,2
DA:28,1
LF:2
LH:2
BRF:0
BRH:0
end_of_record
TN:
SF:D:\FUTURE Program\PHASE 2\gotoba-fe\gotoba-fe-app\src\components\Admin\Data\ShowDataCount.vue
FN:24,(anonymous_1)
FN:31,(anonymous_2)
FNF:2
FNH:2
FNDA:1,(anonymous_1)
FNDA:1,(anonymous_2)
DA:25,1
DA:32,1
LF:2
LH:2
BRF:0
BRH:0
end_of_record
TN:
SF:D:\FUTURE Program\PHASE 2\gotoba-fe\gotoba-fe-app\src\components\Admin\Data\TourGuideCardGroup.vue
FN:27,(anonymous_1)
FNF:1
FNH:1
FNDA:1,(anonymous_1)
DA:14,2
DA:28,1
LF:2
LH:2
BRF:0
BRH:0
end_of_record
TN:
SF:D:\FUTURE Program\PHASE 2\gotoba-fe\gotoba-fe-app\src\components\Admin\Data\UserTableData.vue
FN:57,(anonymous_1)
FN:63,(anonymous_2)
FN:77,(anonymous_3)
FN:84,(anonymous_4)
FN:87,(anonymous_5)
FNF:5
FNH:0
FNDA:0,(anonymous_1)
FNDA:0,(anonymous_2)
FNDA:0,(anonymous_3)
FNDA:0,(anonymous_4)
FNDA:0,(anonymous_5)
DA:39,3
DA:40,3
DA:41,3
DA:58,0
DA:59,0
DA:61,0
DA:65,0
DA:66,0
DA:67,0
DA:69,0
DA:72,0
DA:74,0
DA:78,0
DA:79,0
DA:81,0
DA:85,0
DA:87,0
DA:99,0
DA:100,0
LF:19
LH:3
BRDA:58,0,0,0
BRDA:58,0,1,0
BRDA:66,1,0,0
BRDA:66,1,1,0
BRDA:78,2,0,0
BRDA:78,2,1,0
BRDA:99,3,0,0
BRDA:99,3,1,0
BRF:8
BRH:0
end_of_record
TN:
SF:D:\FUTURE Program\PHASE 2\gotoba-fe\gotoba-fe-app\src\components\Admin\MenuInfo\MenuInfo.vue
FN:16,(anonymous_1)
FNF:1
FNH:1
FNDA:1,(anonymous_1)
DA:17,1
LF:1
LH:1
BRF:0
BRH:0
end_of_record
TN:
SF:D:\FUTURE Program\PHASE 2\gotoba-fe\gotoba-fe-app\src\components\Admin\Modal\ItineraryModal.vue
FN:261,(anonymous_1)
FN:268,(anonymous_2)
FN:288,(anonymous_3)
FN:297,(anonymous_4)
FN:305,(anonymous_5)
FN:314,(anonymous_6)
FN:321,(anonymous_7)
FN:328,(anonymous_8)
FN:332,(anonymous_9)
FN:335,(anonymous_10)
FN:341,(anonymous_11)
FN:345,(anonymous_12)
FN:347,(anonymous_13)
FN:349,(anonymous_14)
FN:351,(anonymous_15)
FN:359,(anonymous_16)
FN:360,(anonymous_17)
FN:364,(anonymous_18)
FN:368,(anonymous_19)
FN:372,(anonymous_20)
FNF:20
FNH:0
FNDA:0,(anonymous_1)
FNDA:0,(anonymous_2)
FNDA:0,(anonymous_3)
FNDA:0,(anonymous_4)
FNDA:0,(anonymous_5)
FNDA:0,(anonymous_6)
FNDA:0,(anonymous_7)
FNDA:0,(anonymous_8)
FNDA:0,(anonymous_9)
FNDA:0,(anonymous_10)
FNDA:0,(anonymous_11)
FNDA:0,(anonymous_12)
FNDA:0,(anonymous_13)
FNDA:0,(anonymous_14)
FNDA:0,(anonymous_15)
FNDA:0,(anonymous_16)
FNDA:0,(anonymous_17)
FNDA:0,(anonymous_18)
FNDA:0,(anonymous_19)
FNDA:0,(anonymous_20)
DA:249,1
DA:250,1
DA:251,1
DA:252,1
DA:253,1
DA:254,1
DA:262,0
DA:263,0
DA:265,0
DA:269,0
DA:289,0
DA:290,0
DA:292,0
DA:293,0
DA:296,0
DA:297,0
DA:299,0
DA:300,0
DA:301,0
DA:302,0
DA:304,0
DA:307,0
DA:308,0
DA:311,0
DA:314,0
DA:316,0
DA:317,0
DA:318,0
DA:320,0
DA:323,0
DA:324,0
DA:329,0
DA:331,0
DA:332,0
DA:334,0
DA:337,0
DA:342,0
DA:346,0
DA:347,0
DA:349,0
DA:350,0
DA:353,0
DA:354,0
DA:360,0
DA:361,0
DA:362,0
DA:364,0
DA:366,0
DA:367,0
DA:370,0
DA:373,0
LF:51
LH:6
BRDA:262,0,0,0
BRDA:262,0,1,0
BRDA:292,1,0,0
BRDA:292,1,1,0
BRDA:292,2,0,0
BRDA:292,2,1,0
BRDA:292,2,2,0
BRDA:296,3,0,0
BRDA:296,3,1,0
BRDA:299,4,0,0
BRDA:299,4,1,0
BRDA:316,5,0,0
BRDA:316,5,1,0
BRDA:331,6,0,0
BRDA:331,6,1,0
BRDA:331,7,0,0
BRDA:331,7,1,0
BRDA:346,8,0,0
BRDA:346,8,1,0
BRF:19
BRH:0
end_of_record
TN:
SF:D:\FUTURE Program\PHASE 2\gotoba-fe\gotoba-fe-app\src\components\Admin\Modal\PhotoModal.vue
FN:110,(anonymous_1)
FN:114,(anonymous_2)
FN:127,(anonymous_3)
FN:141,(anonymous_4)
FN:155,(anonymous_5)
FN:163,(anonymous_6)
FN:172,(anonymous_7)
FN:180,(anonymous_8)
FN:187,(anonymous_9)
FN:191,(anonymous_10)
FN:194,(anonymous_11)
FN:202,(anonymous_12)
FN:207,(anonymous_13)
FNF:13
FNH:13
FNDA:2,(anonymous_1)
FNDA:16,(anonymous_2)
FNDA:16,(anonymous_3)
FNDA:7,(anonymous_4)
FNDA:2,(anonymous_5)
FNDA:1,(anonymous_6)
FNDA:2,(anonymous_7)
FNDA:1,(anonymous_8)
FNDA:3,(anonymous_9)
FNDA:1,(anonymous_10)
FNDA:1,(anonymous_11)
FNDA:1,(anonymous_12)
FNDA:1,(anonymous_13)
DA:100,2
DA:101,2
DA:102,2
DA:103,2
DA:104,2
DA:111,2
DA:115,16
DA:116,4
DA:118,12
DA:128,16
DA:142,7
DA:150,7
DA:151,1
DA:154,6
DA:155,3
DA:157,2
DA:158,1
DA:159,1
DA:160,1
DA:162,1
DA:165,1
DA:166,1
DA:169,3
DA:172,3
DA:174,2
DA:175,1
DA:176,1
DA:177,1
DA:179,1
DA:182,1
DA:183,1
DA:188,3
DA:190,3
DA:191,2
DA:193,1
DA:196,1
DA:197,1
DA:203,1
DA:208,1
DA:209,1
DA:210,1
LF:41
LH:41
BRDA:115,0,0,4
BRDA:115,0,1,12
BRDA:150,1,0,1
BRDA:150,1,1,6
BRDA:150,2,0,7
BRDA:150,2,1,6
BRDA:154,3,0,3
BRDA:154,3,1,3
BRDA:157,4,0,1
BRDA:157,4,1,1
BRDA:174,5,0,1
BRDA:174,5,1,1
BRDA:190,6,0,2
BRDA:190,6,1,1
BRDA:190,7,0,3
BRDA:190,7,1,2
BRDA:208,8,0,1
BRDA:208,8,1,0
BRF:18
BRH:17
end_of_record
TN:
SF:D:\FUTURE Program\PHASE 2\gotoba-fe\gotoba-fe-app\src\components\Admin\Modal\TourGuideModal.vue
FN:379,(anonymous_1)
FN:383,(anonymous_2)
FN:390,(anonymous_3)
FN:424,(anonymous_4)
FN:444,(anonymous_5)
FN:449,(anonymous_6)
FN:458,(anonymous_7)
FN:462,(anonymous_8)
FN:469,(anonymous_9)
FN:473,(anonymous_10)
FN:476,(anonymous_11)
FN:484,(anonymous_12)
FN:488,(anonymous_13)
FN:490,(anonymous_14)
FN:492,(anonymous_15)
FN:494,(anonymous_16)
FN:503,(anonymous_17)
FNF:17
FNH:9
FNDA:2,(anonymous_1)
FNDA:16,(anonymous_2)
FNDA:16,(anonymous_3)
FNDA:7,(anonymous_4)
FNDA:0,(anonymous_5)
FNDA:0,(anonymous_6)
FNDA:0,(anonymous_7)
FNDA:0,(anonymous_8)
FNDA:3,(anonymous_9)
FNDA:1,(anonymous_10)
FNDA:1,(anonymous_11)
FNDA:1,(anonymous_12)
FNDA:0,(anonymous_13)
FNDA:0,(anonymous_14)
FNDA:0,(anonymous_15)
FNDA:0,(anonymous_16)
FNDA:1,(anonymous_17)
DA:369,2
DA:370,2
DA:371,2
DA:372,2
DA:373,2
DA:380,2
DA:384,16
DA:385,4
DA:387,12
DA:391,16
DA:425,7
DA:427,7
DA:440,7
DA:443,0
DA:444,0
DA:446,0
DA:447,0
DA:448,0
DA:451,0
DA:452,0
DA:455,0
DA:458,0
DA:460,0
DA:461,0
DA:464,0
DA:465,0
DA:470,3
DA:472,3
DA:473,2
DA:475,1
DA:478,1
DA:479,1
DA:485,1
DA:489,0
DA:490,0
DA:492,0
DA:493,0
DA:496,0
DA:497,0
DA:504,1
DA:505,1
DA:506,1
DA:507,0
LF:43
LH:23
BRDA:384,0,0,4
BRDA:384,0,1,12
BRDA:427,1,0,7
BRDA:427,1,1,0
BRDA:427,2,0,7
BRDA:427,2,1,7
BRDA:427,2,2,6
BRDA:427,2,3,4
BRDA:427,2,4,4
BRDA:427,2,5,4
BRDA:427,2,6,4
BRDA:427,2,7,4
BRDA:427,2,8,4
BRDA:427,2,9,0
BRDA:427,2,10,0
BRDA:427,2,11,0
BRDA:427,2,12,0
BRDA:443,3,0,0
BRDA:443,3,1,0
BRDA:472,4,0,2
BRDA:472,4,1,1
BRDA:472,5,0,3
BRDA:472,5,1,2
BRDA:489,6,0,0
BRDA:489,6,1,0
BRF:25
BRH:16
end_of_record
TN:
SF:D:\FUTURE Program\PHASE 2\gotoba-fe\gotoba-fe-app\src\components\Admin\Sidebar\Sidebar.vue
FN:60,(anonymous_1)
FN:100,(anonymous_2)
FN:104,(anonymous_3)
FNF:3
FNH:3
FNDA:3,(anonymous_1)
FNDA:1,(anonymous_2)
FNDA:3,(anonymous_3)
DA:52,2
DA:53,2
DA:61,3
DA:101,1
DA:102,1
DA:105,3
DA:106,3
LF:7
LH:7
BRF:0
BRH:0
end_of_record
TN:
SF:D:\FUTURE Program\PHASE 2\gotoba-fe\gotoba-fe-app\src\components\Merchant\Card\CardMedia.vue
FN:31,(anonymous_1)
FNF:1
FNH:1
FNDA:1,(anonymous_1)
DA:23,2
DA:32,1
LF:2
LH:2
BRF:0
BRH:0
end_of_record
TN:
SF:D:\FUTURE Program\PHASE 2\gotoba-fe\gotoba-fe-app\src\components\Merchant\Card\CardPayment.vue
FN:65,(anonymous_1)
FN:68,(anonymous_2)
FN:81,(anonymous_3)
FN:97,(anonymous_4)
FNF:4
FNH:0
FNDA:0,(anonymous_1)
FNDA:0,(anonymous_2)
FNDA:0,(anonymous_3)
FNDA:0,(anonymous_4)
DA:46,0
DA:47,0
DA:48,0
DA:49,0
DA:50,0
DA:66,0
DA:69,0
DA:70,0
DA:72,0
DA:82,0
DA:83,0
DA:84,0
DA:85,0
DA:86,0
DA:87,0
DA:89,0
DA:90,0
DA:91,0
DA:94,0
DA:98,0
DA:99,0
DA:100,0
DA:101,0
DA:102,0
DA:105,0
LF:25
LH:0
BRDA:69,0,0,0
BRDA:69,0,1,0
BRDA:84,1,0,0
BRDA:84,1,1,0
BRDA:85,2,0,0
BRDA:85,2,1,0
BRDA:100,3,0,0
BRDA:100,3,1,0
BRF:8
BRH:0
end_of_record
TN:
SF:D:\FUTURE Program\PHASE 2\gotoba-fe\gotoba-fe-app\src\components\Merchant\Card\CardPromotion.vue
FNF:0
FNH:0
DA:23,0
DA:24,0
LF:2
LH:0
BRF:0
BRH:0
end_of_record
TN:
SF:D:\FUTURE Program\PHASE 2\gotoba-fe\gotoba-fe-app\src\components\Merchant\Card\CardRestaurantMenu.vue
FN:34,(anonymous_1)
FNF:1
FNH:1
FNDA:1,(anonymous_1)
DA:26,3
DA:35,1
LF:2
LH:2
BRF:0
BRH:0
end_of_record
TN:
SF:D:\FUTURE Program\PHASE 2\gotoba-fe\gotoba-fe-app\src\components\Merchant\Card\CardScanResult.vue
FN:37,(anonymous_1)
FN:40,(anonymous_2)
FN:50,(anonymous_3)
FN:59,(anonymous_4)
FNF:4
FNH:4
FNDA:10,(anonymous_1)
FNDA:10,(anonymous_2)
FNDA:10,(anonymous_3)
FNDA:10,(anonymous_4)
DA:20,1
DA:21,1
DA:22,1
DA:38,10
DA:41,10
DA:42,7
DA:44,3
DA:45,1
DA:48,2
DA:51,10
DA:60,10
DA:61,1
DA:63,9
LF:13
LH:13
BRDA:41,0,0,7
BRDA:41,0,1,3
BRDA:44,1,0,1
BRDA:44,1,1,2
BRDA:60,2,0,1
BRDA:60,2,1,9
BRF:6
BRH:6
end_of_record
TN:
SF:D:\FUTURE Program\PHASE 2\gotoba-fe\gotoba-fe-app\src\components\Merchant\Card\CardSpot.vue
FN:36,(anonymous_1)
FNF:1
FNH:1
FNDA:1,(anonymous_1)
DA:27,2
DA:28,2
DA:37,1
LF:3
LH:3
BRF:0
BRH:0
end_of_record
TN:
SF:D:\FUTURE Program\PHASE 2\gotoba-fe\gotoba-fe-app\src\components\Merchant\Data\RestaurantMenuCardGroup.vue
FN:40,(anonymous_1)
FNF:1
FNH:0
FNDA:0,(anonymous_1)
DA:25,2
DA:41,0
LF:2
LH:1
BRF:0
BRH:0
end_of_record
TN:
SF:D:\FUTURE Program\PHASE 2\gotoba-fe\gotoba-fe-app\src\components\Merchant\Data\SpotCardGroup.vue
FN:27,(anonymous_1)
FNF:1
FNH:1
FNDA:2,(anonymous_1)
DA:16,1
DA:28,2
LF:2
LH:2
BRF:0
BRH:0
end_of_record
TN:
SF:D:\FUTURE Program\PHASE 2\gotoba-fe\gotoba-fe-app\src\components\Merchant\Modal\MenuModal.vue
FN:150,(anonymous_1)
FN:157,(anonymous_2)
FN:175,(anonymous_3)
FN:191,(anonymous_4)
FN:195,(anonymous_5)
FN:203,(anonymous_6)
FN:211,(anonymous_7)
FN:217,(anonymous_8)
FN:221,(anonymous_9)
FN:224,(anonymous_10)
FN:231,(anonymous_11)
FNF:11
FNH:0
FNDA:0,(anonymous_1)
FNDA:0,(anonymous_2)
FNDA:0,(anonymous_3)
FNDA:0,(anonymous_4)
FNDA:0,(anonymous_5)
FNDA:0,(anonymous_6)
FNDA:0,(anonymous_7)
FNDA:0,(anonymous_8)
FNDA:0,(anonymous_9)
FNDA:0,(anonymous_10)
FNDA:0,(anonymous_11)
DA:130,1
DA:131,1
DA:132,1
DA:133,1
DA:151,0
DA:152,0
DA:154,0
DA:158,0
DA:176,0
DA:177,0
DA:178,0
DA:179,0
DA:181,0
DA:187,0
DA:190,0
DA:191,0
DA:193,0
DA:194,0
DA:197,0
DA:200,0
DA:203,0
DA:209,0
DA:210,0
DA:213,0
DA:218,0
DA:220,0
DA:221,0
DA:223,0
DA:226,0
DA:232,0
LF:30
LH:4
BRDA:151,0,0,0
BRDA:151,0,1,0
BRDA:181,1,0,0
BRDA:181,1,1,0
BRDA:181,2,0,0
BRDA:181,2,1,0
BRDA:181,2,2,0
BRDA:181,2,3,0
BRDA:190,3,0,0
BRDA:190,3,1,0
BRDA:220,4,0,0
BRDA:220,4,1,0
BRDA:220,5,0,0
BRDA:220,5,1,0
BRF:14
BRH:0
end_of_record
TN:
SF:D:\FUTURE Program\PHASE 2\gotoba-fe\gotoba-fe-app\src\components\Merchant\Modal\PromotionModal.vue
FN:217,(anonymous_1)
FN:224,(anonymous_2)
FN:248,(anonymous_3)
FN:262,(anonymous_4)
FN:265,(anonymous_5)
FN:273,(anonymous_6)
FN:276,(anonymous_7)
FN:282,(anonymous_8)
FN:286,(anonymous_9)
FN:289,(anonymous_10)
FN:295,(anonymous_11)
FN:299,(anonymous_12)
FNF:12
FNH:0
FNDA:0,(anonymous_1)
FNDA:0,(anonymous_2)
FNDA:0,(anonymous_3)
FNDA:0,(anonymous_4)
FNDA:0,(anonymous_5)
FNDA:0,(anonymous_6)
FNDA:0,(anonymous_7)
FNDA:0,(anonymous_8)
FNDA:0,(anonymous_9)
FNDA:0,(anonymous_10)
FNDA:0,(anonymous_11)
FNDA:0,(anonymous_12)
DA:207,1
DA:208,1
DA:209,1
DA:210,1
DA:218,0
DA:219,0
DA:221,0
DA:225,0
DA:249,0
DA:251,0
DA:258,0
DA:261,0
DA:262,0
DA:264,0
DA:267,0
DA:270,0
DA:273,0
DA:275,0
DA:278,0
DA:283,0
DA:285,0
DA:286,0
DA:288,0
DA:291,0
DA:296,0
DA:300,0
LF:26
LH:4
BRDA:218,0,0,0
BRDA:218,0,1,0
BRDA:251,1,0,0
BRDA:251,1,1,0
BRDA:251,2,0,0
BRDA:251,2,1,0
BRDA:251,2,2,0
BRDA:251,2,3,0
BRDA:251,2,4,0
BRDA:251,2,5,0
BRDA:251,2,6,0
BRDA:261,3,0,0
BRDA:261,3,1,0
BRDA:285,4,0,0
BRDA:285,4,1,0
BRDA:285,5,0,0
BRDA:285,5,1,0
BRF:17
BRH:0
end_of_record
TN:
SF:D:\FUTURE Program\PHASE 2\gotoba-fe\gotoba-fe-app\src\components\Partial\Alert.vue
FN:26,(anonymous_1)
FN:29,(anonymous_2)
FNF:2
FNH:2
FNDA:4,(anonymous_1)
FNDA:1,(anonymous_2)
DA:19,2
DA:27,4
DA:30,1
LF:3
LH:3
BRF:0
BRH:0
end_of_record
TN:
SF:D:\FUTURE Program\PHASE 2\gotoba-fe\gotoba-fe-app\src\components\Partial\IconsCustom.vue
FNF:0
FNH:0
DA:2,1
DA:4,1
DA:20,1
DA:33,1
DA:46,1
DA:63,1
LF:6
LH:6
BRF:0
BRH:0
end_of_record
TN:
SF:D:\FUTURE Program\PHASE 2\gotoba-fe\gotoba-fe-app\src\components\Partial\Navigation.vue
FN:40,(anonymous_1)
FNF:1
FNH:1
FNDA:3,(anonymous_1)
DA:31,3
DA:41,3
LF:2
LH:2
BRDA:41,0,0,3
BRDA:41,0,1,0
BRF:2
BRH:1
end_of_record
TN:
SF:D:\FUTURE Program\PHASE 2\gotoba-fe\gotoba-fe-app\src\components\Partial\NavigationBack.vue
FN:22,(anonymous_1)
FN:27,(anonymous_2)
FNF:2
FNH:2
FNDA:2,(anonymous_1)
FNDA:1,(anonymous_2)
DA:23,2
DA:28,1
LF:2
LH:2
BRF:0
BRH:0
end_of_record
TN:
SF:D:\FUTURE Program\PHASE 2\gotoba-fe\gotoba-fe-app\src\components\Partial\Pagination.vue
FN:31,(anonymous_1)
FN:37,(anonymous_2)
FNF:2
FNH:2
FNDA:1,(anonymous_1)
FNDA:1,(anonymous_2)
DA:32,1
DA:38,1
LF:2
LH:2
BRF:0
BRH:0
end_of_record
TN:
SF:D:\FUTURE Program\PHASE 2\gotoba-fe\gotoba-fe-app\src\components\Partial\Rating.vue
FN:67,(anonymous_1)
FN:70,(anonymous_2)
FNF:2
FNH:2
FNDA:2,(anonymous_1)
FNDA:2,(anonymous_2)
DA:68,2
DA:71,2
LF:2
LH:2
BRF:0
BRH:0
end_of_record
TN:
SF:D:\FUTURE Program\PHASE 2\gotoba-fe\gotoba-fe-app\src\components\Partial\Timeline.vue
FN:80,(anonymous_1)
FN:83,(anonymous_2)
FN:87,(anonymous_3)
FN:94,(anonymous_4)
FN:95,(anonymous_5)
FN:102,(anonymous_6)
FN:103,(anonymous_7)
FN:114,(anonymous_8)
FN:118,(anonymous_9)
FN:130,(anonymous_10)
FN:152,(anonymous_11)
FNF:11
FNH:0
FNDA:0,(anonymous_1)
FNDA:0,(anonymous_2)
FNDA:0,(anonymous_3)
FNDA:0,(anonymous_4)
FNDA:0,(anonymous_5)
FNDA:0,(anonymous_6)
FNDA:0,(anonymous_7)
FNDA:0,(anonymous_8)
FNDA:0,(anonymous_9)
FNDA:0,(anonymous_10)
FNDA:0,(anonymous_11)
DA:57,2
DA:58,2
DA:59,2
DA:81,0
DA:84,0
DA:88,0
DA:95,0
DA:97,0
DA:98,0
DA:100,0
DA:103,0
DA:105,0
DA:106,0
DA:112,0
DA:115,0
DA:119,0
DA:131,0
DA:141,0
DA:142,0
DA:145,0
DA:147,0
DA:148,0
DA:149,0
DA:150,0
DA:153,0
LF:25
LH:3
BRDA:97,0,0,0
BRDA:97,0,1,0
BRDA:105,1,0,0
BRDA:105,1,1,0
BRDA:141,2,0,0
BRDA:141,2,1,0
BRDA:141,3,0,0
BRDA:141,3,1,0
BRF:8
BRH:0
end_of_record
TN:
SF:D:\FUTURE Program\PHASE 2\gotoba-fe\gotoba-fe-app\src\components\Partial\Toast.vue
FN:24,(anonymous_1)
FN:27,(anonymous_2)
FNF:2
FNH:2
FNDA:3,(anonymous_1)
FNDA:1,(anonymous_2)
DA:17,2
DA:25,3
DA:28,1
LF:3
LH:3
BRF:0
BRH:0
end_of_record
TN:
SF:D:\FUTURE Program\PHASE 2\gotoba-fe\gotoba-fe-app\src\components\User\CardInfoDetail.vue
FN:70,(anonymous_1)
FN:73,(anonymous_2)
FN:76,(anonymous_3)
FN:79,(anonymous_4)
FN:82,(anonymous_5)
FNF:5
FNH:5
FNDA:5,(anonymous_1)
FNDA:5,(anonymous_2)
FNDA:5,(anonymous_3)
FNDA:5,(anonymous_4)
FNDA:5,(anonymous_5)
DA:61,1
DA:62,1
DA:71,5
DA:74,5
DA:77,5
DA:80,5
DA:83,5
LF:7
LH:7
BRF:0
BRH:0
end_of_record
TN:
SF:D:\FUTURE Program\PHASE 2\gotoba-fe\gotoba-fe-app\src\components\User\CardPromotion.vue
FN:35,(anonymous_1)
FN:38,(anonymous_2)
FNF:2
FNH:2
FNDA:2,(anonymous_1)
FNDA:2,(anonymous_2)
DA:23,5
DA:36,2
DA:39,2
LF:3
LH:3
BRF:0
BRH:0
end_of_record
TN:
SF:D:\FUTURE Program\PHASE 2\gotoba-fe\gotoba-fe-app\src\components\User\OrderItems.vue
FN:57,(anonymous_1)
FN:60,(anonymous_2)
FN:63,(anonymous_3)
FN:66,(anonymous_4)
FNF:4
FNH:4
FNDA:5,(anonymous_1)
FNDA:5,(anonymous_2)
FNDA:5,(anonymous_3)
FNDA:6,(anonymous_4)
DA:41,3
DA:42,3
DA:58,5
DA:61,5
DA:64,5
DA:67,6
DA:69,6
DA:70,1
DA:73,6
LF:9
LH:9
BRDA:69,0,0,1
BRDA:69,0,1,5
BRF:2
BRH:2
end_of_record
TN:
SF:D:\FUTURE Program\PHASE 2\gotoba-fe\gotoba-fe-app\src\components\User\History\CardHistory.vue
FN:36,(anonymous_1)
FN:43,(anonymous_2)
FNF:2
FNH:2
FNDA:2,(anonymous_1)
FNDA:5,(anonymous_2)
DA:27,5
DA:37,2
DA:38,2
DA:39,2
DA:44,5
LF:5
LH:5
BRF:0
BRH:0
end_of_record
TN:
SF:D:\FUTURE Program\PHASE 2\gotoba-fe\gotoba-fe-app\src\components\User\History\CardHistoryGroup.vue
FN:28,(anonymous_1)
FN:30,(anonymous_2)
FNF:2
FNH:2
FNDA:1,(anonymous_1)
FNDA:1,(anonymous_2)
DA:17,4
DA:29,1
DA:30,1
DA:31,1
DA:32,1
DA:33,0
DA:35,1
DA:38,1
LF:8
LH:7
BRDA:32,0,0,0
BRDA:32,0,1,1
BRF:2
BRH:1
end_of_record
TN:
SF:D:\FUTURE Program\PHASE 2\gotoba-fe\gotoba-fe-app\src\components\User\Home\CardHome.vue
FN:42,(anonymous_1)
FNF:1
FNH:1
FNDA:1,(anonymous_1)
DA:27,4
DA:28,4
DA:43,1
LF:3
LH:3
BRF:0
BRH:0
end_of_record
TN:
SF:D:\FUTURE Program\PHASE 2\gotoba-fe\gotoba-fe-app\src\components\User\Home\CardHomeLong.vue
FN:33,(anonymous_1)
FN:36,(anonymous_2)
FN:42,(anonymous_3)
FNF:3
FNH:3
FNDA:3,(anonymous_1)
FNDA:3,(anonymous_2)
FNDA:3,(anonymous_3)
DA:24,4
DA:25,4
DA:34,3
DA:37,3
DA:38,3
DA:39,3
DA:40,3
DA:43,3
LF:8
LH:8
BRF:0
BRH:0
end_of_record
TN:
SF:D:\FUTURE Program\PHASE 2\gotoba-fe\gotoba-fe-app\src\components\User\Home\CardTicketPromotion.vue
FN:37,(anonymous_1)
FN:40,(anonymous_2)
FN:44,(anonymous_3)
FN:47,(anonymous_4)
FNF:4
FNH:4
FNDA:4,(anonymous_1)
FNDA:4,(anonymous_2)
FNDA:4,(anonymous_3)
FNDA:4,(anonymous_4)
DA:23,2
DA:24,2
DA:38,4
DA:41,4
DA:42,4
DA:45,4
DA:48,4
LF:7
LH:7
BRF:0
BRH:0
end_of_record
TN:
SF:D:\FUTURE Program\PHASE 2\gotoba-fe\gotoba-fe-app\src\components\User\Home\GalleryGroup.vue
FN:37,(anonymous_1)
FN:49,(anonymous_2)
FN:50,(anonymous_3)
FN:53,(anonymous_4)
FNF:4
FNH:4
FNDA:4,(anonymous_1)
FNDA:4,(anonymous_2)
FNDA:8,(anonymous_3)
FNDA:4,(anonymous_4)
DA:28,2
DA:29,2
DA:38,4
DA:39,4
DA:41,4
DA:42,3
DA:44,1
DA:45,1
DA:47,0
DA:50,12
DA:54,4
LF:11
LH:10
BRDA:41,0,0,3
BRDA:41,0,1,1
BRDA:44,1,0,1
BRDA:44,1,1,0
BRF:4
BRH:3
end_of_record
TN:
SF:D:\FUTURE Program\PHASE 2\gotoba-fe\gotoba-fe-app\src\components\User\Home\GalleryHome.vue
FN:50,(anonymous_1)
FN:51,(anonymous_2)
FN:54,(anonymous_3)
FN:87,(anonymous_4)
FNF:4
FNH:4
FNDA:1,(anonymous_1)
FNDA:2,(anonymous_2)
FNDA:1,(anonymous_3)
FNDA:1,(anonymous_4)
DA:38,3
DA:39,3
DA:51,3
DA:55,1
DA:88,1
DA:89,1
LF:6
LH:6
BRF:0
BRH:0
end_of_record
TN:
SF:D:\FUTURE Program\PHASE 2\gotoba-fe\gotoba-fe-app\src\components\User\Itinerary\ChooseDateCalendar.vue
FN:50,(anonymous_1)
FN:60,(anonymous_2)
FN:66,(anonymous_3)
FN:69,(anonymous_4)
FN:73,(anonymous_5)
FN:76,(anonymous_6)
FN:85,(anonymous_7)
FN:88,(anonymous_8)
FN:91,(anonymous_9)
FN:107,(anonymous_10)
FNF:10
FNH:7
FNDA:10,(anonymous_1)
FNDA:10,(anonymous_2)
FNDA:10,(anonymous_3)
FNDA:10,(anonymous_4)
FNDA:10,(anonymous_5)
FNDA:0,(anonymous_6)
FNDA:310,(anonymous_7)
FNDA:310,(anonymous_8)
FNDA:0,(anonymous_9)
FNDA:0,(anonymous_10)
DA:44,1
DA:45,1
DA:46,1
DA:51,10
DA:61,10
DA:62,10
DA:64,10
DA:67,10
DA:70,10
DA:74,10
DA:77,0
DA:78,0
DA:86,310
DA:89,310
DA:92,0
DA:93,0
DA:94,0
DA:96,0
DA:97,0
DA:100,0
DA:108,0
LF:21
LH:12
BRF:0
BRH:0
end_of_record
TN:
SF:D:\FUTURE Program\PHASE 2\gotoba-fe\gotoba-fe-app\src\components\User\Itinerary\ItineraryPlan.vue
FN:52,(anonymous_1)
FN:59,(anonymous_2)
FNF:2
FNH:2
FNDA:1,(anonymous_1)
FNDA:1,(anonymous_2)
DA:36,2
DA:37,2
DA:53,1
DA:59,2
LF:4
LH:4
BRF:0
BRH:0
end_of_record
TN:
SF:D:\FUTURE Program\PHASE 2\gotoba-fe\gotoba-fe-app\src\components\User\Itinerary\PdfModal.vue
FN:58,(anonymous_1)
FN:65,(anonymous_2)
FN:69,(anonymous_3)
FN:82,(anonymous_4)
FN:94,(anonymous_5)
FN:116,(anonymous_6)
FN:121,(anonymous_7)
FN:133,(anonymous_8)
FNF:8
FNH:0
FNDA:0,(anonymous_1)
FNDA:0,(anonymous_2)
FNDA:0,(anonymous_3)
FNDA:0,(anonymous_4)
FNDA:0,(anonymous_5)
FNDA:0,(anonymous_6)
FNDA:0,(anonymous_7)
FNDA:0,(anonymous_8)
DA:49,1
DA:50,1
DA:51,1
DA:52,1
DA:59,0
DA:60,0
DA:61,0
DA:63,0
DA:66,0
DA:70,0
DA:83,0
DA:84,0
DA:87,0
DA:88,0
DA:89,0
DA:92,0
DA:96,0
DA:97,0
DA:98,0
DA:99,0
DA:103,0
DA:114,0
DA:116,0
DA:117,0
DA:118,0
DA:121,0
DA:122,0
DA:123,0
DA:124,0
DA:125,0
DA:132,0
DA:133,0
DA:134,0
DA:135,0
DA:138,0
DA:140,0
DA:153,0
DA:154,0
DA:155,0
DA:156,0
DA:157,0
DA:165,0
LF:42
LH:4
BRDA:60,0,0,0
BRDA:60,0,1,0
BRDA:83,1,0,0
BRDA:83,1,1,0
BRDA:83,2,0,0
BRDA:83,2,1,0
BRDA:87,3,0,0
BRDA:87,3,1,0
BRDA:118,4,0,0
BRDA:118,4,1,0
BRDA:125,5,0,0
BRDA:125,5,1,0
BRDA:143,6,0,0
BRDA:143,6,1,0
BRF:14
BRH:0
end_of_record
TN:
SF:D:\FUTURE Program\PHASE 2\gotoba-fe\gotoba-fe-app\src\components\User\Itinerary\SelectDestinationAutocomplete.vue
FN:46,(anonymous_1)
FN:47,(anonymous_2)
FN:63,(anonymous_3)
FN:66,(anonymous_4)
FNF:4
FNH:4
FNDA:3,(anonymous_1)
FNDA:6,(anonymous_2)
FNDA:1,(anonymous_3)
FNDA:1,(anonymous_4)
DA:36,3
DA:37,3
DA:47,9
DA:64,1
DA:67,1
DA:68,1
LF:6
LH:6
BRDA:47,0,0,6
BRDA:47,0,1,3
BRF:2
BRH:2
end_of_record
TN:
SF:D:\FUTURE Program\PHASE 2\gotoba-fe\gotoba-fe-app\src\components\User\Itinerary\ThisWeekCalendar.vue
FN:39,(anonymous_1)
FN:44,(anonymous_2)
FN:49,(anonymous_3)
FN:66,(anonymous_4)
FN:67,(anonymous_5)
FNF:5
FNH:5
FNDA:3,(anonymous_1)
FNDA:3,(anonymous_2)
FNDA:3,(anonymous_3)
FNDA:1,(anonymous_4)
FNDA:7,(anonymous_5)
DA:34,2
DA:35,2
DA:40,3
DA:45,3
DA:50,3
DA:51,3
DA:53,3
DA:54,21
DA:61,21
DA:64,3
DA:67,8
DA:75,1
DA:76,1
LF:13
LH:13
BRF:0
BRH:0
end_of_record
TN:
SF:D:\FUTURE Program\PHASE 2\gotoba-fe\gotoba-fe-app\src\components\User\Payment\BottomNavPayment.vue
FN:40,(anonymous_1)
FNF:1
FNH:1
FNDA:1,(anonymous_1)
DA:28,3
DA:41,1
LF:2
LH:2
BRF:0
BRH:0
end_of_record
TN:
SF:D:\FUTURE Program\PHASE 2\gotoba-fe\gotoba-fe-app\src\components\User\Payment\CartItem.vue
FN:57,(anonymous_1)
FN:61,(anonymous_2)
FN:69,(anonymous_3)
FNF:3
FNH:3
FNDA:3,(anonymous_1)
FNDA:3,(anonymous_2)
FNDA:2,(anonymous_3)
DA:46,2
DA:47,2
DA:48,2
DA:49,2
DA:58,3
DA:62,3
DA:70,2
DA:72,2
DA:73,2
DA:75,2
DA:76,2
DA:77,1
DA:79,1
DA:80,1
LF:14
LH:14
BRF:0
BRH:0
end_of_record
TN:
SF:D:\FUTURE Program\PHASE 2\gotoba-fe\gotoba-fe-app\src\components\User\Payment\PaymentDetail.vue
FN:35,(anonymous_1)
FN:38,(anonymous_2)
FN:41,(anonymous_3)
FNF:3
FNH:3
FNDA:3,(anonymous_1)
FNDA:3,(anonymous_2)
FNDA:3,(anonymous_3)
DA:25,4
DA:36,3
DA:39,3
DA:42,3
LF:4
LH:4
BRF:0
BRH:0
end_of_record
TN:
SF:D:\FUTURE Program\PHASE 2\gotoba-fe\gotoba-fe-app\src\components\User\Profile\AboutProfileDetail.vue
FN:22,(anonymous_1)
FN:32,(anonymous_2)
FN:35,(anonymous_3)
FNF:3
FNH:3
FNDA:6,(anonymous_1)
FNDA:6,(anonymous_2)
FNDA:12,(anonymous_3)
DA:14,5
DA:23,6
DA:33,6
DA:35,6
DA:37,12
DA:40,6
LF:6
LH:6
BRDA:25,0,0,6
BRDA:25,0,1,1
BRDA:28,1,0,6
BRDA:28,1,1,1
BRF:4
BRH:4
end_of_record
TN:
SF:D:\FUTURE Program\PHASE 2\gotoba-fe\gotoba-fe-app\src\components\User\Profile\CardProfileDetail.vue
FN:67,(anonymous_1)
FN:70,(anonymous_2)
FNF:2
FNH:2
FNDA:2,(anonymous_1)
FNDA:2,(anonymous_2)
DA:48,5
DA:49,5
DA:68,2
DA:71,2
LF:4
LH:4
BRF:0
BRH:0
end_of_record
TN:
SF:D:\FUTURE Program\PHASE 2\gotoba-fe\gotoba-fe-app\src\components\User\Profile\CardProfileUser.vue
FN:30,(anonymous_1)
FNF:1
FNH:1
FNDA:1,(anonymous_1)
DA:21,2
DA:31,1
LF:2
LH:2
BRF:0
BRH:0
end_of_record
TN:
SF:D:\FUTURE Program\PHASE 2\gotoba-fe\gotoba-fe-app\src\components\User\Profile\ProfileDetail.vue
FN:54,(anonymous_1)
FN:59,(anonymous_2)
FNF:2
FNH:1
FNDA:1,(anonymous_1)
FNDA:0,(anonymous_2)
DA:36,4
DA:37,4
DA:38,4
DA:39,4
DA:55,1
DA:60,0
LF:6
LH:5
BRF:0
BRH:0
end_of_record
TN:
SF:D:\FUTURE Program\PHASE 2\gotoba-fe\gotoba-fe-app\src\components\User\Profile\ProfileMenuGroup.vue
FN:44,(anonymous_1)
FNF:1
FNH:1
FNDA:1,(anonymous_1)
DA:26,2
DA:27,2
DA:45,1
DA:46,1
LF:4
LH:4
BRF:0
BRH:0
end_of_record
TN:
SF:D:\FUTURE Program\PHASE 2\gotoba-fe\gotoba-fe-app\src\components\User\Search\CardSearchResult.vue
FN:63,(anonymous_1)
FN:66,(anonymous_2)
FNF:2
FNH:2
FNDA:2,(anonymous_1)
FNDA:2,(anonymous_2)
DA:40,4
DA:41,4
DA:64,2
DA:67,2
LF:4
LH:4
BRF:0
BRH:0
end_of_record
TN:
SF:D:\FUTURE Program\PHASE 2\gotoba-fe\gotoba-fe-app\src\components\User\Search\SearchContent.vue
FN:34,(anonymous_1)
FNF:1
FNH:1
FNDA:1,(anonymous_1)
DA:24,2
DA:35,1
LF:2
LH:2
BRF:0
BRH:0
end_of_record
TN:
SF:D:\FUTURE Program\PHASE 2\gotoba-fe\gotoba-fe-app\src\components\User\Search\SearchNavigation.vue
FN:37,(anonymous_1)
FN:40,(anonymous_2)
FN:47,(anonymous_3)
FNF:3
FNH:3
FNDA:3,(anonymous_1)
FNDA:1,(anonymous_2)
FNDA:1,(anonymous_3)
DA:30,2
DA:38,3
DA:41,1
DA:48,1
DA:49,1
LF:5
LH:5
BRF:0
BRH:0
end_of_record
TN:
SF:D:\FUTURE Program\PHASE 2\gotoba-fe\gotoba-fe-app\src\components\User\Search\SearchResult.vue
FN:45,(anonymous_1)
FN:48,(anonymous_2)
FN:68,(anonymous_3)
FN:71,(anonymous_4)
FNF:4
FNH:4
FNDA:3,(anonymous_1)
FNDA:3,(anonymous_2)
FNDA:7,(anonymous_3)
FNDA:8,(anonymous_4)
DA:35,2
DA:36,2
DA:46,3
DA:49,3
DA:69,7
DA:71,15
LF:6
LH:6
BRDA:71,0,0,8
BRDA:71,0,1,4
BRDA:71,0,2,4
BRF:3
BRH:3
end_of_record
TN:
SF:D:\FUTURE Program\PHASE 2\gotoba-fe\gotoba-fe-app\src\components\User\Search\SearchResultCategory.vue
FN:49,(anonymous_1)
FNF:1
FNH:1
FNDA:4,(anonymous_1)
DA:33,3
DA:50,4
DA:51,1
DA:57,3
LF:4
LH:4
BRDA:50,0,0,1
BRDA:50,0,1,3
BRF:2
BRH:2
end_of_record
TN:
SF:D:\FUTURE Program\PHASE 2\gotoba-fe\gotoba-fe-app\src\components\User\Ticket\CardTicket.vue
FN:38,(anonymous_1)
FN:41,(anonymous_2)
FN:44,(anonymous_3)
FN:47,(anonymous_4)
FNF:4
FNH:4
FNDA:6,(anonymous_1)
FNDA:6,(anonymous_2)
FNDA:6,(anonymous_3)
FNDA:6,(anonymous_4)
DA:29,3
DA:30,3
DA:39,6
DA:42,6
DA:45,6
DA:48,6
DA:49,6
DA:50,6
LF:8
LH:8
BRF:0
BRH:0
end_of_record
TN:
SF:D:\FUTURE Program\PHASE 2\gotoba-fe\gotoba-fe-app\src\components\User\Ticket\QRCodeInfo.vue
FN:35,(anonymous_1)
FN:38,(anonymous_2)
FNF:2
FNH:2
FNDA:2,(anonymous_1)
FNDA:2,(anonymous_2)
DA:23,2
DA:24,2
DA:36,2
DA:39,2
LF:4
LH:4
BRF:0
BRH:0
end_of_record
TN:
SF:D:\FUTURE Program\PHASE 2\gotoba-fe\gotoba-fe-app\src\components\User\TourGuide\AboutTourGuideDetail.vue
FN:20,(anonymous_1)
FNF:1
FNH:1
FNDA:1,(anonymous_1)
DA:21,1
LF:1
LH:1
BRDA:25,0,0,1
BRDA:25,0,1,0
BRDA:28,1,0,1
BRDA:28,1,1,1
BRDA:29,2,0,1
BRDA:29,2,1,1
BRF:6
BRH:5
end_of_record
TN:
SF:D:\FUTURE Program\PHASE 2\gotoba-fe\gotoba-fe-app\src\components\User\TourGuide\CardProfileTourGuide.vue
FN:27,(anonymous_1)
FNF:1
FNH:1
FNDA:1,(anonymous_1)
DA:19,2
DA:28,1
LF:2
LH:2
BRF:0
BRH:0
end_of_record
TN:
SF:D:\FUTURE Program\PHASE 2\gotoba-fe\gotoba-fe-app\src\components\User\TourGuide\CardTourGuide.vue
FN:58,(anonymous_1)
FN:61,(anonymous_2)
FNF:2
FNH:2
FNDA:2,(anonymous_1)
FNDA:2,(anonymous_2)
DA:46,2
DA:47,2
DA:59,2
DA:62,2
LF:4
LH:4
BRF:0
BRH:0
end_of_record
TN:
SF:D:\FUTURE Program\PHASE 2\gotoba-fe\gotoba-fe-app\src\layouts\Auth.vue
FNF:0
FNH:0
DA:21,1
DA:22,1
LF:2
LH:2
BRF:0
BRH:0
end_of_record
TN:
SF:D:\FUTURE Program\PHASE 2\gotoba-fe\gotoba-fe-app\src\layouts\BackgroundBlue.vue
FNF:0
FNH:0
DA:10,1
LF:1
LH:1
BRF:0
BRH:0
end_of_record
TN:
SF:D:\FUTURE Program\PHASE 2\gotoba-fe\gotoba-fe-app\src\layouts\DefaultBack.vue
FNF:0
FNH:0
DA:10,1
LF:1
LH:1
BRF:0
BRH:0
end_of_record
TN:
SF:D:\FUTURE Program\PHASE 2\gotoba-fe\gotoba-fe-app\src\plugins\bootstrap-vue.js
FNF:0
FNH:0
DA:7,0
DA:8,0
DA:9,0
LF:3
LH:0
BRF:0
BRH:0
end_of_record
TN:
SF:D:\FUTURE Program\PHASE 2\gotoba-fe\gotoba-fe-app\src\plugins\icons.js
FNF:0
FNH:0
DA:9,0
DA:11,0
LF:2
LH:0
BRF:0
BRH:0
end_of_record
TN:
SF:D:\FUTURE Program\PHASE 2\gotoba-fe\gotoba-fe-app\src\plugins\validate.js
FN:12,(anonymous_0)
FNF:1
FNH:0
FNDA:0,(anonymous_0)
DA:12,0
DA:13,0
DA:16,0
DA:19,0
DA:20,0
LF:5
LH:0
BRF:0
BRH:0
end_of_record
TN:
SF:D:\FUTURE Program\PHASE 2\gotoba-fe\gotoba-fe-app\src\router\index.js
FN:12,checkAdminRole
FN:26,checkMerchantRole
FN:40,checkUserRole
FNF:3
FNH:0
FNDA:0,checkAdminRole
FNDA:0,checkMerchantRole
FNDA:0,checkUserRole
DA:10,0
DA:13,0
DA:15,0
DA:16,0
DA:17,0
DA:18,0
DA:19,0
DA:20,0
DA:22,0
DA:27,0
DA:29,0
DA:30,0
DA:31,0
DA:32,0
DA:33,0
DA:34,0
DA:36,0
DA:41,0
DA:43,0
DA:44,0
DA:45,0
DA:46,0
DA:47,0
DA:48,0
DA:50,0
DA:66,0
DA:605,0
LF:27
LH:0
BRDA:15,0,0,0
BRDA:15,0,1,0
BRDA:17,1,0,0
BRDA:17,1,1,0
BRDA:19,2,0,0
BRDA:19,2,1,0
BRDA:29,3,0,0
BRDA:29,3,1,0
BRDA:31,4,0,0
BRDA:31,4,1,0
BRDA:33,5,0,0
BRDA:33,5,1,0
BRDA:43,6,0,0
BRDA:43,6,1,0
BRDA:45,7,0,0
BRDA:45,7,1,0
BRDA:47,8,0,0
BRDA:47,8,1,0
BRF:18
BRH:0
end_of_record
TN:
SF:D:\FUTURE Program\PHASE 2\gotoba-fe\gotoba-fe-app\src\router\pages.js
FN:1,(anonymous_0)
FN:2,(anonymous_1)
FN:4,(anonymous_2)
FN:5,(anonymous_3)
FN:6,(anonymous_4)
FN:7,(anonymous_5)
FN:9,(anonymous_6)
FN:10,(anonymous_7)
FN:11,(anonymous_8)
FN:12,(anonymous_9)
FN:13,(anonymous_10)
FN:14,(anonymous_11)
FN:15,(anonymous_12)
FN:16,(anonymous_13)
FN:17,(anonymous_14)
FN:18,(anonymous_15)
FN:19,(anonymous_16)
FN:20,(anonymous_17)
FN:21,(anonymous_18)
FN:22,(anonymous_19)
FN:23,(anonymous_20)
FN:24,(anonymous_21)
FN:25,(anonymous_22)
FN:26,(anonymous_23)
FN:27,(anonymous_24)
FN:28,(anonymous_25)
FN:29,(anonymous_26)
FN:30,(anonymous_27)
FN:31,(anonymous_28)
FN:32,(anonymous_29)
FN:33,(anonymous_30)
FN:34,(anonymous_31)
FN:35,(anonymous_32)
FN:36,(anonymous_33)
FN:37,(anonymous_34)
FN:38,(anonymous_35)
FN:39,(anonymous_36)
FN:41,(anonymous_37)
FN:42,(anonymous_38)
FN:43,(anonymous_39)
FN:44,(anonymous_40)
FN:45,(anonymous_41)
FN:46,(anonymous_42)
FN:47,(anonymous_43)
FN:48,(anonymous_44)
FN:49,(anonymous_45)
FN:50,(anonymous_46)
FN:51,(anonymous_47)
FN:53,(anonymous_48)
FN:54,(anonymous_49)
FN:55,(anonymous_50)
FN:56,(anonymous_51)
FN:57,(anonymous_52)
FN:58,(anonymous_53)
FN:59,(anonymous_54)
FN:60,(anonymous_55)
FN:61,(anonymous_56)
FN:62,(anonymous_57)
FN:63,(anonymous_58)
FN:64,(anonymous_59)
FN:65,(anonymous_60)
FN:66,(anonymous_61)
FN:67,(anonymous_62)
FN:68,(anonymous_63)
FN:69,(anonymous_64)
FN:71,(anonymous_65)
FNF:66
FNH:0
FNDA:0,(anonymous_0)
FNDA:0,(anonymous_1)
FNDA:0,(anonymous_2)
FNDA:0,(anonymous_3)
FNDA:0,(anonymous_4)
FNDA:0,(anonymous_5)
FNDA:0,(anonymous_6)
FNDA:0,(anonymous_7)
FNDA:0,(anonymous_8)
FNDA:0,(anonymous_9)
FNDA:0,(anonymous_10)
FNDA:0,(anonymous_11)
FNDA:0,(anonymous_12)
FNDA:0,(anonymous_13)
FNDA:0,(anonymous_14)
FNDA:0,(anonymous_15)
FNDA:0,(anonymous_16)
FNDA:0,(anonymous_17)
FNDA:0,(anonymous_18)
FNDA:0,(anonymous_19)
FNDA:0,(anonymous_20)
FNDA:0,(anonymous_21)
FNDA:0,(anonymous_22)
FNDA:0,(anonymous_23)
FNDA:0,(anonymous_24)
FNDA:0,(anonymous_25)
FNDA:0,(anonymous_26)
FNDA:0,(anonymous_27)
FNDA:0,(anonymous_28)
FNDA:0,(anonymous_29)
FNDA:0,(anonymous_30)
FNDA:0,(anonymous_31)
FNDA:0,(anonymous_32)
FNDA:0,(anonymous_33)
FNDA:0,(anonymous_34)
FNDA:0,(anonymous_35)
FNDA:0,(anonymous_36)
FNDA:0,(anonymous_37)
FNDA:0,(anonymous_38)
FNDA:0,(anonymous_39)
FNDA:0,(anonymous_40)
FNDA:0,(anonymous_41)
FNDA:0,(anonymous_42)
FNDA:0,(anonymous_43)
FNDA:0,(anonymous_44)
FNDA:0,(anonymous_45)
FNDA:0,(anonymous_46)
FNDA:0,(anonymous_47)
FNDA:0,(anonymous_48)
FNDA:0,(anonymous_49)
FNDA:0,(anonymous_50)
FNDA:0,(anonymous_51)
FNDA:0,(anonymous_52)
FNDA:0,(anonymous_53)
FNDA:0,(anonymous_54)
FNDA:0,(anonymous_55)
FNDA:0,(anonymous_56)
FNDA:0,(anonymous_57)
FNDA:0,(anonymous_58)
FNDA:0,(anonymous_59)
FNDA:0,(anonymous_60)
FNDA:0,(anonymous_61)
FNDA:0,(anonymous_62)
FNDA:0,(anonymous_63)
FNDA:0,(anonymous_64)
FNDA:0,(anonymous_65)
DA:1,0
DA:2,0
DA:4,0
DA:5,0
DA:6,0
DA:7,0
DA:9,0
DA:10,0
DA:11,0
DA:12,0
DA:13,0
DA:14,0
DA:15,0
DA:16,0
DA:17,0
DA:18,0
DA:19,0
DA:20,0
DA:21,0
DA:22,0
DA:23,0
DA:24,0
DA:25,0
DA:26,0
DA:27,0
DA:28,0
DA:29,0
DA:30,0
DA:31,0
DA:32,0
DA:33,0
DA:34,0
DA:35,0
DA:36,0
DA:37,0
DA:38,0
DA:39,0
DA:41,0
DA:42,0
DA:43,0
DA:44,0
DA:45,0
DA:46,0
DA:47,0
DA:48,0
DA:49,0
DA:50,0
DA:51,0
DA:53,0
DA:54,0
DA:55,0
DA:56,0
DA:57,0
DA:58,0
DA:59,0
DA:60,0
DA:61,0
DA:62,0
DA:63,0
DA:64,0
DA:65,0
DA:66,0
DA:67,0
DA:68,0
DA:69,0
DA:71,0
DA:73,0
DA:113,0
DA:127,0
LF:69
LH:0
BRF:0
BRH:0
end_of_record
TN:
SF:D:\FUTURE Program\PHASE 2\gotoba-fe\gotoba-fe-app\src\store\index.js
FNF:0
FNH:0
DA:18,16
LF:1
LH:1
BRF:0
BRH:0
end_of_record
TN:
SF:D:\FUTURE Program\PHASE 2\gotoba-fe\gotoba-fe-app\src\store\types.js
FNF:0
FNH:0
DA:4,29
DA:5,29
DA:6,29
DA:7,29
DA:8,29
DA:9,29
DA:14,29
DA:15,29
DA:16,29
DA:17,29
DA:18,29
DA:23,29
DA:24,29
DA:25,29
DA:26,29
DA:27,29
DA:28,29
DA:33,29
DA:34,29
DA:35,29
DA:36,29
DA:41,29
DA:42,29
DA:47,29
DA:52,29
DA:53,29
DA:58,29
DA:59,29
DA:60,29
DA:61,29
DA:62,29
DA:63,29
DA:64,29
DA:69,29
DA:70,29
DA:71,29
DA:72,29
DA:73,29
DA:78,29
DA:79,29
DA:80,29
DA:81,29
DA:82,29
DA:83,29
DA:84,29
DA:85,29
DA:86,29
DA:87,29
DA:92,29
DA:93,29
DA:94,29
DA:99,29
DA:100,29
DA:101,29
DA:102,29
DA:107,29
DA:108,29
DA:109,29
DA:110,29
DA:111,29
DA:112,29
DA:113,29
DA:114,29
DA:115,29
DA:116,29
DA:117,29
DA:118,29
DA:119,29
DA:120,29
DA:121,29
DA:122,29
DA:123,29
DA:124,29
DA:125,29
DA:126,29
DA:131,29
DA:132,29
DA:133,29
DA:134,29
DA:139,29
DA:140,29
DA:141,29
DA:142,29
DA:143,29
LF:84
LH:84
BRF:0
BRH:0
end_of_record
TN:
SF:D:\FUTURE Program\PHASE 2\gotoba-fe\gotoba-fe-app\src\store\modules\app.js
FN:13,(anonymous_0)
FN:16,(anonymous_1)
FN:19,(anonymous_2)
FN:22,(anonymous_3)
FN:25,(anonymous_4)
FN:31,(anonymous_5)
FN:32,(anonymous_6)
FN:33,(anonymous_7)
FN:34,(anonymous_8)
FN:35,(anonymous_9)
FN:39,(anonymous_10)
FN:42,(anonymous_11)
FN:45,(anonymous_12)
FN:48,(anonymous_13)
FN:51,(anonymous_14)
FNF:15
FNH:15
FNDA:2,(anonymous_0)
FNDA:2,(anonymous_1)
FNDA:2,(anonymous_2)
FNDA:2,(anonymous_3)
FNDA:2,(anonymous_4)
FNDA:1,(anonymous_5)
FNDA:1,(anonymous_6)
FNDA:1,(anonymous_7)
FNDA:1,(anonymous_8)
FNDA:1,(anonymous_9)
FNDA:2,(anonymous_10)
FNDA:2,(anonymous_11)
FNDA:2,(anonymous_12)
FNDA:2,(anonymous_13)
FNDA:2,(anonymous_14)
DA:4,17
DA:12,17
DA:14,2
DA:17,2
DA:20,2
DA:23,2
DA:26,2
DA:30,17
DA:31,1
DA:32,1
DA:33,1
DA:34,1
DA:35,1
DA:38,17
DA:40,2
DA:43,2
DA:46,2
DA:49,2
DA:52,2
LF:19
LH:19
BRF:0
BRH:0
end_of_record
TN:
SF:D:\FUTURE Program\PHASE 2\gotoba-fe\gotoba-fe-app\src\store\modules\auth.js
FN:15,(anonymous_0)
FN:29,(anonymous_1)
FN:33,(anonymous_2)
FN:44,(anonymous_3)
FN:46,(anonymous_4)
FN:61,(anonymous_5)
FN:68,(anonymous_6)
FN:69,(anonymous_7)
FN:70,(anonymous_8)
FN:71,(anonymous_9)
FN:72,(anonymous_10)
FN:73,(anonymous_11)
FN:78,(anonymous_12)
FN:81,(anonymous_13)
FN:84,(anonymous_14)
FN:87,(anonymous_15)
FN:90,(anonymous_16)
FN:93,(anonymous_17)
FNF:18
FNH:18
FNDA:1,(anonymous_0)
FNDA:1,(anonymous_1)
FNDA:2,(anonymous_2)
FNDA:2,(anonymous_3)
FNDA:1,(anonymous_4)
FNDA:1,(anonymous_5)
FNDA:1,(anonymous_6)
FNDA:1,(anonymous_7)
FNDA:1,(anonymous_8)
FNDA:1,(anonymous_9)
FNDA:1,(anonymous_10)
FNDA:1,(anonymous_11)
FNDA:1,(anonymous_12)
FNDA:1,(anonymous_13)
FNDA:1,(anonymous_14)
FNDA:1,(anonymous_15)
FNDA:1,(anonymous_16)
FNDA:1,(anonymous_17)
DA:5,17
DA:14,17
DA:16,1
DA:17,1
DA:18,1
DA:19,1
DA:20,1
DA:22,1
DA:23,1
DA:24,1
DA:25,1
DA:26,1
DA:30,1
DA:34,2
DA:35,2
DA:36,1
DA:37,1
DA:40,1
DA:45,2
DA:47,1
DA:48,1
DA:49,1
DA:50,1
DA:51,1
DA:52,1
DA:54,1
DA:55,1
DA:56,1
DA:57,1
DA:58,1
DA:62,1
DA:67,17
DA:68,1
DA:69,1
DA:70,1
DA:71,1
DA:72,1
DA:73,1
DA:76,17
DA:79,1
DA:82,1
DA:85,1
DA:88,1
DA:91,1
DA:94,1
LF:45
LH:45
BRDA:6,0,0,17
BRDA:6,0,1,17
BRDA:7,1,0,17
BRDA:7,1,1,17
BRDA:8,2,0,17
BRDA:8,2,1,17
BRDA:9,3,0,17
BRDA:9,3,1,17
BRDA:10,4,0,17
BRDA:10,4,1,17
BRDA:36,5,0,1
BRDA:36,5,1,0
BRDA:47,6,0,1
BRDA:47,6,1,0
BRF:14
BRH:12
end_of_record
TN:
SF:D:\FUTURE Program\PHASE 2\gotoba-fe\gotoba-fe-app\src\store\modules\gallery.js
FN:11,(anonymous_0)
FN:15,(anonymous_1)
FN:19,(anonymous_2)
FN:24,(anonymous_3)
FN:28,(anonymous_4)
FN:32,(anonymous_5)
FN:37,(anonymous_6)
FN:41,(anonymous_7)
FN:45,(anonymous_8)
FN:50,(anonymous_9)
FN:57,(anonymous_10)
FN:58,(anonymous_11)
FN:63,(anonymous_12)
FN:67,(anonymous_13)
FN:71,(anonymous_14)
FN:72,(anonymous_15)
FNF:16
FNH:16
FNDA:2,(anonymous_0)
FNDA:1,(anonymous_1)
FNDA:1,(anonymous_2)
FNDA:2,(anonymous_3)
FNDA:1,(anonymous_4)
FNDA:1,(anonymous_5)
FNDA:1,(anonymous_6)
FNDA:3,(anonymous_7)
FNDA:2,(anonymous_8)
FNDA:1,(anonymous_9)
FNDA:1,(anonymous_10)
FNDA:1,(anonymous_11)
FNDA:1,(anonymous_12)
FNDA:1,(anonymous_13)
FNDA:1,(anonymous_14)
FNDA:1,(anonymous_15)
DA:5,17
DA:10,17
DA:12,2
DA:14,2
DA:16,1
DA:17,1
DA:20,1
DA:25,2
DA:27,2
DA:29,1
DA:30,1
DA:33,1
DA:38,1
DA:42,3
DA:44,3
DA:46,2
DA:47,1
DA:51,1
DA:56,17
DA:57,1
DA:58,1
DA:61,17
DA:64,1
DA:68,1
DA:72,1
DA:73,1
LF:26
LH:26
BRDA:46,0,0,1
BRDA:46,0,1,1
BRF:2
BRH:2
end_of_record
TN:
SF:D:\FUTURE Program\PHASE 2\gotoba-fe\gotoba-fe-app\src\store\modules\journey.js
FN:24,(anonymous_0)
FN:28,(anonymous_1)
FN:33,(anonymous_2)
FN:38,(anonymous_3)
FN:42,(anonymous_4)
FN:47,(anonymous_5)
FN:52,(anonymous_6)
FN:56,(anonymous_7)
FN:60,(anonymous_8)
FN:66,(anonymous_9)
FN:71,(anonymous_10)
FN:75,(anonymous_11)
FN:80,(anonymous_12)
FN:87,(anonymous_13)
FN:88,(anonymous_14)
FN:89,(anonymous_15)
FN:94,(anonymous_16)
FN:97,(anonymous_17)
FN:100,(anonymous_18)
FN:103,(anonymous_19)
FN:104,(anonymous_20)
FNF:21
FNH:21
FNDA:3,(anonymous_0)
FNDA:2,(anonymous_1)
FNDA:1,(anonymous_2)
FNDA:3,(anonymous_3)
FNDA:2,(anonymous_4)
FNDA:1,(anonymous_5)
FNDA:1,(anonymous_6)
FNDA:3,(anonymous_7)
FNDA:2,(anonymous_8)
FNDA:1,(anonymous_9)
FNDA:3,(anonymous_10)
FNDA:2,(anonymous_11)
FNDA:1,(anonymous_12)
FNDA:1,(anonymous_13)
FNDA:1,(anonymous_14)
FNDA:1,(anonymous_15)
FNDA:1,(anonymous_16)
FNDA:1,(anonymous_17)
FNDA:1,(anonymous_18)
FNDA:1,(anonymous_19)
FNDA:1,(anonymous_20)
DA:5,17
DA:23,17
DA:25,3
DA:27,3
DA:29,2
DA:30,1
DA:34,1
DA:39,3
DA:41,3
DA:43,2
DA:44,1
DA:48,1
DA:53,1
DA:57,3
DA:59,3
DA:61,2
DA:62,1
DA:63,1
DA:67,1
DA:72,3
DA:74,3
DA:76,2
DA:77,1
DA:81,1
DA:86,17
DA:87,1
DA:88,1
DA:89,1
DA:92,17
DA:95,1
DA:98,1
DA:101,1
DA:104,1
DA:105,1
LF:34
LH:34
BRDA:29,0,0,1
BRDA:29,0,1,1
BRDA:43,1,0,1
BRDA:43,1,1,1
BRDA:61,2,0,1
BRDA:61,2,1,1
BRDA:76,3,0,1
BRDA:76,3,1,1
BRF:8
BRH:8
end_of_record
TN:
SF:D:\FUTURE Program\PHASE 2\gotoba-fe\gotoba-fe-app\src\store\modules\location.js
FN:13,(anonymous_0)
FN:23,(anonymous_1)
FN:26,(anonymous_2)
FN:29,(anonymous_3)
FN:35,(anonymous_4)
FN:36,(anonymous_5)
FN:37,(anonymous_6)
FN:38,(anonymous_7)
FN:43,(anonymous_8)
FN:46,(anonymous_9)
FN:49,(anonymous_10)
FN:52,(anonymous_11)
FNF:12
FNH:12
FNDA:4,(anonymous_0)
FNDA:1,(anonymous_1)
FNDA:1,(anonymous_2)
FNDA:1,(anonymous_3)
FNDA:1,(anonymous_4)
FNDA:1,(anonymous_5)
FNDA:1,(anonymous_6)
FNDA:1,(anonymous_7)
FNDA:1,(anonymous_8)
FNDA:1,(anonymous_9)
FNDA:1,(anonymous_10)
FNDA:1,(anonymous_11)
DA:5,17
DA:12,17
DA:14,4
DA:16,4
DA:17,4
DA:19,4
DA:20,1
DA:24,1
DA:27,1
DA:30,1
DA:34,17
DA:35,1
DA:36,1
DA:37,1
DA:38,1
DA:41,17
DA:44,1
DA:47,1
DA:50,1
DA:53,1
LF:20
LH:20
BRDA:19,0,0,1
BRDA:19,0,1,3
BRDA:19,1,0,4
BRDA:19,1,1,2
BRF:4
BRH:4
end_of_record
TN:
SF:D:\FUTURE Program\PHASE 2\gotoba-fe\gotoba-fe-app\src\store\modules\merchant.js
FN:11,(anonymous_0)
FN:15,(anonymous_1)
FN:18,(anonymous_2)
FN:23,(anonymous_3)
FN:27,(anonymous_4)
FN:30,(anonymous_5)
FN:37,(anonymous_6)
FN:38,(anonymous_7)
FN:43,(anonymous_8)
FN:47,(anonymous_9)
FNF:10
FNH:10
FNDA:2,(anonymous_0)
FNDA:1,(anonymous_1)
FNDA:1,(anonymous_2)
FNDA:2,(anonymous_3)
FNDA:1,(anonymous_4)
FNDA:1,(anonymous_5)
FNDA:1,(anonymous_6)
FNDA:1,(anonymous_7)
FNDA:1,(anonymous_8)
FNDA:1,(anonymous_9)
DA:5,17
DA:10,17
DA:12,2
DA:14,2
DA:16,1
DA:19,1
DA:24,2
DA:26,2
DA:28,1
DA:31,1
DA:36,17
DA:37,1
DA:38,1
DA:41,17
DA:44,1
DA:48,1
LF:16
LH:16
BRF:0
BRH:0
end_of_record
TN:
SF:D:\FUTURE Program\PHASE 2\gotoba-fe\gotoba-fe-app\src\store\modules\order.js
FN:27,(anonymous_0)
FN:31,(anonymous_1)
FN:36,(anonymous_2)
FN:40,(anonymous_3)
FN:44,(anonymous_4)
FN:48,(anonymous_5)
FN:52,(anonymous_6)
FN:56,(anonymous_7)
FN:61,(anonymous_8)
FN:66,(anonymous_9)
FN:77,(anonymous_10)
FN:81,(anonymous_11)
FN:85,(anonymous_12)
FN:90,(anonymous_13)
FN:94,(anonymous_14)
FN:104,(anonymous_15)
FN:108,(anonymous_16)
FN:113,(anonymous_17)
FN:118,(anonymous_18)
FN:122,(anonymous_19)
FN:126,(anonymous_20)
FN:131,(anonymous_21)
FN:135,(anonymous_22)
FN:141,(anonymous_23)
FN:146,(anonymous_24)
FN:150,(anonymous_25)
FN:156,(anonymous_26)
FN:161,(anonymous_27)
FN:165,(anonymous_28)
FN:171,(anonymous_29)
FN:176,(anonymous_30)
FN:187,(anonymous_31)
FN:190,(anonymous_32)
FN:193,(anonymous_33)
FN:202,(anonymous_34)
FN:204,(anonymous_35)
FN:207,(anonymous_36)
FN:214,(anonymous_37)
FN:215,(anonymous_38)
FN:216,(anonymous_39)
FN:217,(anonymous_40)
FN:218,(anonymous_41)
FN:219,(anonymous_42)
FN:220,(anonymous_43)
FN:221,(anonymous_44)
FN:222,(anonymous_45)
FN:223,(anonymous_46)
FN:224,(anonymous_47)
FN:225,(anonymous_48)
FN:226,(anonymous_49)
FN:227,(anonymous_50)
FN:232,(anonymous_51)
FN:235,(anonymous_52)
FN:240,(anonymous_53)
FN:252,(anonymous_54)
FN:255,(anonymous_55)
FN:258,(anonymous_56)
FN:259,(anonymous_57)
FN:261,(anonymous_58)
FN:262,(anonymous_59)
FN:264,(anonymous_60)
FN:267,(anonymous_61)
FN:272,(anonymous_62)
FN:284,(anonymous_63)
FN:287,(anonymous_64)
FN:290,(anonymous_65)
FN:293,(anonymous_66)
FN:296,(anonymous_67)
FN:299,(anonymous_68)
FN:302,(anonymous_69)
FN:305,(anonymous_70)
FN:308,(anonymous_71)
FN:309,(anonymous_72)
FNF:73
FNH:70
FNDA:1,(anonymous_0)
FNDA:1,(anonymous_1)
FNDA:1,(anonymous_2)
FNDA:1,(anonymous_3)
FNDA:1,(anonymous_4)
FNDA:1,(anonymous_5)
FNDA:2,(anonymous_6)
FNDA:1,(anonymous_7)
FNDA:1,(anonymous_8)
FNDA:3,(anonymous_9)
FNDA:2,(anonymous_10)
FNDA:1,(anonymous_11)
FNDA:1,(anonymous_12)
FNDA:3,(anonymous_13)
FNDA:3,(anonymous_14)
FNDA:2,(anonymous_15)
FNDA:1,(anonymous_16)
FNDA:1,(anonymous_17)
FNDA:2,(anonymous_18)
FNDA:1,(anonymous_19)
FNDA:1,(anonymous_20)
FNDA:3,(anonymous_21)
FNDA:2,(anonymous_22)
FNDA:1,(anonymous_23)
FNDA:3,(anonymous_24)
FNDA:2,(anonymous_25)
FNDA:1,(anonymous_26)
FNDA:3,(anonymous_27)
FNDA:2,(anonymous_28)
FNDA:1,(anonymous_29)
FNDA:3,(anonymous_30)
FNDA:0,(anonymous_31)
FNDA:0,(anonymous_32)
FNDA:0,(anonymous_33)
FNDA:2,(anonymous_34)
FNDA:1,(anonymous_35)
FNDA:1,(anonymous_36)
FNDA:1,(anonymous_37)
FNDA:1,(anonymous_38)
FNDA:1,(anonymous_39)
FNDA:1,(anonymous_40)
FNDA:1,(anonymous_41)
FNDA:1,(anonymous_42)
FNDA:1,(anonymous_43)
FNDA:1,(anonymous_44)
FNDA:1,(anonymous_45)
FNDA:1,(anonymous_46)
FNDA:1,(anonymous_47)
FNDA:1,(anonymous_48)
FNDA:1,(anonymous_49)
FNDA:1,(anonymous_50)
FNDA:1,(anonymous_51)
FNDA:1,(anonymous_52)
FNDA:1,(anonymous_53)
FNDA:1,(anonymous_54)
FNDA:1,(anonymous_55)
FNDA:1,(anonymous_56)
FNDA:2,(anonymous_57)
FNDA:1,(anonymous_58)
FNDA:3,(anonymous_59)
FNDA:1,(anonymous_60)
FNDA:1,(anonymous_61)
FNDA:3,(anonymous_62)
FNDA:1,(anonymous_63)
FNDA:1,(anonymous_64)
FNDA:1,(anonymous_65)
FNDA:1,(anonymous_66)
FNDA:1,(anonymous_67)
FNDA:1,(anonymous_68)
FNDA:1,(anonymous_69)
FNDA:1,(anonymous_70)
FNDA:1,(anonymous_71)
FNDA:1,(anonymous_72)
DA:6,17
DA:26,17
DA:28,1
DA:32,1
DA:33,1
DA:37,1
DA:41,1
DA:45,1
DA:49,1
DA:53,2
DA:55,2
DA:57,1
DA:58,1
DA:59,1
DA:62,1
DA:67,3
DA:68,3
DA:69,2
DA:70,1
DA:73,1
DA:78,2
DA:80,2
DA:82,1
DA:83,1
DA:86,1
DA:91,3
DA:92,3
DA:93,2
DA:94,3
DA:95,1
DA:96,1
DA:97,1
DA:100,1
DA:105,2
DA:107,2
DA:109,1
DA:110,1
DA:111,1
DA:114,1
DA:119,2
DA:121,2
DA:123,1
DA:124,1
DA:127,1
DA:132,3
DA:134,3
DA:136,2
DA:137,1
DA:139,2
DA:142,1
DA:147,3
DA:149,3
DA:151,2
DA:152,1
DA:154,2
DA:157,1
DA:162,3
DA:164,3
DA:166,2
DA:167,1
DA:169,2
DA:172,1
DA:177,3
DA:178,3
DA:179,1
DA:180,1
DA:181,1
DA:183,2
DA:188,0
DA:190,0
DA:193,0
DA:196,0
DA:203,2
DA:205,1
DA:208,1
DA:213,17
DA:214,1
DA:215,1
DA:216,1
DA:217,1
DA:218,1
DA:219,1
DA:220,1
DA:221,1
DA:222,1
DA:223,1
DA:224,1
DA:225,1
DA:226,1
DA:227,1
DA:230,17
DA:233,1
DA:236,1
DA:237,1
DA:238,1
DA:240,1
DA:241,1
DA:242,1
DA:243,1
DA:246,1
DA:253,1
DA:256,1
DA:259,2
DA:262,3
DA:265,1
DA:268,1
DA:272,1
DA:273,3
DA:274,3
DA:275,2
DA:276,1
DA:278,1
DA:282,1
DA:285,1
DA:288,1
DA:291,1
DA:294,1
DA:297,1
DA:300,1
DA:303,1
DA:306,1
DA:309,1
DA:310,1
LF:123
LH:119
BRDA:69,0,0,1
BRDA:69,0,1,1
BRDA:93,1,0,1
BRDA:93,1,1,1
BRDA:136,2,0,1
BRDA:136,2,1,1
BRDA:151,3,0,1
BRDA:151,3,1,1
BRDA:166,4,0,1
BRDA:166,4,1,1
BRDA:179,5,0,1
BRDA:179,5,1,0
BRDA:180,6,0,1
BRDA:180,6,1,0
BRDA:181,7,0,1
BRDA:181,7,1,0
BRDA:190,8,0,0
BRDA:190,8,1,0
BRDA:190,8,2,0
BRDA:193,9,0,0
BRDA:193,9,1,0
BRDA:262,10,0,3
BRDA:262,10,1,0
BRDA:274,11,0,2
BRDA:274,11,1,1
BRDA:275,12,0,1
BRDA:275,12,1,1
BRDA:275,13,0,2
BRDA:275,13,1,1
BRF:29
BRH:20
end_of_record
TN:
SF:D:\FUTURE Program\PHASE 2\gotoba-fe\gotoba-fe-app\src\store\modules\restaurant.js
FN:14,(anonymous_0)
FN:18,(anonymous_1)
FN:19,(anonymous_2)
FN:21,(anonymous_3)
FN:26,(anonymous_4)
FN:30,(anonymous_5)
FN:36,(anonymous_6)
FN:41,(anonymous_7)
FN:45,(anonymous_8)
FN:50,(anonymous_9)
FN:55,(anonymous_10)
FN:59,(anonymous_11)
FN:64,(anonymous_12)
FN:69,(anonymous_13)
FN:73,(anonymous_14)
FN:78,(anonymous_15)
FN:83,(anonymous_16)
FN:87,(anonymous_17)
FN:93,(anonymous_18)
FN:98,(anonymous_19)
FN:104,(anonymous_20)
FN:105,(anonymous_21)
FN:106,(anonymous_22)
FN:107,(anonymous_23)
FN:108,(anonymous_24)
FN:113,(anonymous_25)
FN:116,(anonymous_26)
FN:119,(anonymous_27)
FN:122,(anonymous_28)
FN:125,(anonymous_29)
FNF:30
FNH:30
FNDA:3,(anonymous_0)
FNDA:2,(anonymous_1)
FNDA:1,(anonymous_2)
FNDA:2,(anonymous_3)
FNDA:3,(anonymous_4)
FNDA:2,(anonymous_5)
FNDA:1,(anonymous_6)
FNDA:3,(anonymous_7)
FNDA:2,(anonymous_8)
FNDA:1,(anonymous_9)
FNDA:3,(anonymous_10)
FNDA:2,(anonymous_11)
FNDA:1,(anonymous_12)
FNDA:3,(anonymous_13)
FNDA:2,(anonymous_14)
FNDA:1,(anonymous_15)
FNDA:3,(anonymous_16)
FNDA:2,(anonymous_17)
FNDA:1,(anonymous_18)
FNDA:1,(anonymous_19)
FNDA:1,(anonymous_20)
FNDA:1,(anonymous_21)
FNDA:1,(anonymous_22)
FNDA:1,(anonymous_23)
FNDA:1,(anonymous_24)
FNDA:1,(anonymous_25)
FNDA:1,(anonymous_26)
FNDA:1,(anonymous_27)
FNDA:1,(anonymous_28)
FNDA:1,(anonymous_29)
DA:5,17
DA:13,17
DA:15,3
DA:17,3
DA:19,2
DA:22,2
DA:27,3
DA:29,3
DA:31,2
DA:32,1
DA:33,1
DA:37,1
DA:42,3
DA:44,3
DA:46,2
DA:47,1
DA:51,1
DA:56,3
DA:58,3
DA:60,2
DA:61,1
DA:65,1
DA:70,3
DA:72,3
DA:74,2
DA:75,1
DA:79,1
DA:84,3
DA:86,3
DA:88,2
DA:89,1
DA:91,2
DA:94,1
DA:99,1
DA:103,17
DA:104,1
DA:105,1
DA:106,1
DA:107,1
DA:108,1
DA:111,17
DA:114,1
DA:117,1
DA:120,1
DA:123,1
DA:126,1
LF:46
LH:46
BRDA:31,0,0,1
BRDA:31,0,1,1
BRDA:46,1,0,1
BRDA:46,1,1,1
BRDA:60,2,0,1
BRDA:60,2,1,1
BRDA:74,3,0,1
BRDA:74,3,1,1
BRDA:88,4,0,1
BRDA:88,4,1,1
BRF:10
BRH:10
end_of_record
TN:
SF:D:\FUTURE Program\PHASE 2\gotoba-fe\gotoba-fe-app\src\store\modules\schedule.js
FN:16,(anonymous_0)
FN:23,(anonymous_1)
FN:30,(anonymous_2)
FN:33,(anonymous_3)
FN:34,(anonymous_4)
FN:44,(anonymous_5)
FN:50,(anonymous_6)
FN:51,(anonymous_7)
FN:52,(anonymous_8)
FN:57,(anonymous_9)
FN:60,(anonymous_10)
FN:63,(anonymous_11)
FN:66,(anonymous_12)
FN:72,(anonymous_13)
FNF:14
FNH:13
FNDA:3,(anonymous_0)
FNDA:0,(anonymous_1)
FNDA:1,(anonymous_2)
FNDA:2,(anonymous_3)
FNDA:1,(anonymous_4)
FNDA:1,(anonymous_5)
FNDA:1,(anonymous_6)
FNDA:1,(anonymous_7)
FNDA:1,(anonymous_8)
FNDA:1,(anonymous_9)
FNDA:1,(anonymous_10)
FNDA:1,(anonymous_11)
FNDA:1,(anonymous_12)
FNDA:1,(anonymous_13)
DA:5,17
DA:15,17
DA:17,3
DA:19,3
DA:20,3
DA:21,2
DA:22,1
DA:23,1
DA:24,1
DA:27,1
DA:31,1
DA:34,2
DA:35,2
DA:36,1
DA:37,1
DA:39,1
DA:45,1
DA:49,17
DA:50,1
DA:51,1
DA:52,1
DA:55,17
DA:58,1
DA:61,1
DA:64,1
DA:67,1
DA:68,1
DA:73,1
LF:28
LH:28
BRDA:21,0,0,1
BRDA:21,0,1,1
BRDA:35,1,0,1
BRDA:35,1,1,1
BRF:4
BRH:4
end_of_record
TN:
SF:D:\FUTURE Program\PHASE 2\gotoba-fe\gotoba-fe-app\src\store\modules\search.js
FN:13,(anonymous_0)
FN:17,(anonymous_1)
FN:21,(anonymous_2)
FN:30,(anonymous_3)
FN:41,(anonymous_4)
FN:42,(anonymous_5)
FN:43,(anonymous_6)
FN:44,(anonymous_7)
FN:49,(anonymous_8)
FN:53,(anonymous_9)
FN:57,(anonymous_10)
FN:61,(anonymous_11)
FNF:12
FNH:12
FNDA:1,(anonymous_0)
FNDA:1,(anonymous_1)
FNDA:2,(anonymous_2)
FNDA:2,(anonymous_3)
FNDA:1,(anonymous_4)
FNDA:1,(anonymous_5)
FNDA:1,(anonymous_6)
FNDA:1,(anonymous_7)
FNDA:1,(anonymous_8)
FNDA:1,(anonymous_9)
FNDA:1,(anonymous_10)
FNDA:1,(anonymous_11)
DA:5,17
DA:12,17
DA:14,1
DA:18,1
DA:22,2
DA:24,2
DA:25,2
DA:26,1
DA:31,2
DA:33,2
DA:34,2
DA:35,1
DA:40,17
DA:41,1
DA:42,1
DA:43,1
DA:44,1
DA:47,17
DA:50,1
DA:54,1
DA:58,1
DA:62,1
LF:22
LH:22
BRDA:25,0,0,1
BRDA:25,0,1,1
BRDA:34,1,0,1
BRDA:34,1,1,1
BRF:4
BRH:4
end_of_record
TN:
SF:D:\FUTURE Program\PHASE 2\gotoba-fe\gotoba-fe-app\src\store\modules\ticket.js
FN:18,(anonymous_0)
FN:20,(anonymous_1)
FN:24,(anonymous_2)
FN:29,(anonymous_3)
FN:33,(anonymous_4)
FN:37,(anonymous_5)
FN:40,(anonymous_6)
FN:45,(anonymous_7)
FN:51,(anonymous_8)
FN:56,(anonymous_9)
FN:61,(anonymous_10)
FN:65,(anonymous_11)
FN:69,(anonymous_12)
FN:74,(anonymous_13)
FN:78,(anonymous_14)
FN:81,(anonymous_15)
FN:86,(anonymous_16)
FN:90,(anonymous_17)
FN:95,(anonymous_18)
FN:99,(anonymous_19)
FN:103,(anonymous_20)
FN:110,(anonymous_21)
FN:111,(anonymous_22)
FN:112,(anonymous_23)
FN:113,(anonymous_24)
FN:114,(anonymous_25)
FN:115,(anonymous_26)
FN:116,(anonymous_27)
FN:117,(anonymous_28)
FN:122,(anonymous_29)
FN:125,(anonymous_30)
FN:128,(anonymous_31)
FN:131,(anonymous_32)
FN:132,(anonymous_33)
FN:134,(anonymous_34)
FN:135,(anonymous_35)
FN:137,(anonymous_36)
FN:140,(anonymous_37)
FN:143,(anonymous_38)
FN:145,(anonymous_39)
FNF:40
FNH:40
FNDA:2,(anonymous_0)
FNDA:1,(anonymous_1)
FNDA:1,(anonymous_2)
FNDA:1,(anonymous_3)
FNDA:2,(anonymous_4)
FNDA:1,(anonymous_5)
FNDA:1,(anonymous_6)
FNDA:2,(anonymous_7)
FNDA:1,(anonymous_8)
FNDA:1,(anonymous_9)
FNDA:2,(anonymous_10)
FNDA:1,(anonymous_11)
FNDA:1,(anonymous_12)
FNDA:2,(anonymous_13)
FNDA:1,(anonymous_14)
FNDA:1,(anonymous_15)
FNDA:1,(anonymous_16)
FNDA:3,(anonymous_17)
FNDA:2,(anonymous_18)
FNDA:1,(anonymous_19)
FNDA:1,(anonymous_20)
FNDA:1,(anonymous_21)
FNDA:1,(anonymous_22)
FNDA:1,(anonymous_23)
FNDA:1,(anonymous_24)
FNDA:1,(anonymous_25)
FNDA:1,(anonymous_26)
FNDA:1,(anonymous_27)
FNDA:1,(anonymous_28)
FNDA:1,(anonymous_29)
FNDA:1,(anonymous_30)
FNDA:1,(anonymous_31)
FNDA:1,(anonymous_32)
FNDA:3,(anonymous_33)
FNDA:1,(anonymous_34)
FNDA:3,(anonymous_35)
FNDA:1,(anonymous_36)
FNDA:1,(anonymous_37)
FNDA:1,(anonymous_38)
FNDA:3,(anonymous_39)
DA:6,17
DA:17,17
DA:19,2
DA:21,1
DA:22,1
DA:25,1
DA:30,1
DA:34,2
DA:36,2
DA:38,1
DA:41,1
DA:46,2
DA:47,2
DA:48,2
DA:50,2
DA:52,1
DA:53,1
DA:54,1
DA:57,1
DA:62,2
DA:64,2
DA:66,1
DA:67,1
DA:70,1
DA:75,2
DA:77,2
DA:79,1
DA:82,1
DA:87,1
DA:89,1
DA:90,3
DA:92,1
DA:96,2
DA:98,2
DA:100,1
DA:101,1
DA:104,1
DA:109,17
DA:110,1
DA:111,1
DA:112,1
DA:113,1
DA:114,1
DA:115,1
DA:116,1
DA:117,1
DA:120,17
DA:123,1
DA:126,1
DA:129,1
DA:132,3
DA:135,3
DA:138,1
DA:141,1
DA:144,1
DA:145,3
DA:147,1
DA:149,1
LF:58
LH:58
BRDA:90,0,0,3
BRDA:90,0,1,2
BRDA:135,1,0,3
BRDA:135,1,1,2
BRDA:145,2,0,3
BRDA:145,2,1,2
BRF:6
BRH:6
end_of_record
TN:
SF:D:\FUTURE Program\PHASE 2\gotoba-fe\gotoba-fe-app\src\store\modules\tourGuide.js
FN:11,(anonymous_0)
FN:15,(anonymous_1)
FN:21,(anonymous_2)
FN:26,(anonymous_3)
FN:30,(anonymous_4)
FN:35,(anonymous_5)
FN:40,(anonymous_6)
FN:44,(anonymous_7)
FN:48,(anonymous_8)
FN:54,(anonymous_9)
FN:61,(anonymous_10)
FN:62,(anonymous_11)
FN:67,(anonymous_12)
FN:70,(anonymous_13)
FN:80,(anonymous_14)
FN:81,(anonymous_15)
FNF:16
FNH:16
FNDA:3,(anonymous_0)
FNDA:2,(anonymous_1)
FNDA:1,(anonymous_2)
FNDA:3,(anonymous_3)
FNDA:2,(anonymous_4)
FNDA:1,(anonymous_5)
FNDA:1,(anonymous_6)
FNDA:3,(anonymous_7)
FNDA:2,(anonymous_8)
FNDA:1,(anonymous_9)
FNDA:1,(anonymous_10)
FNDA:1,(anonymous_11)
FNDA:1,(anonymous_12)
FNDA:2,(anonymous_13)
FNDA:1,(anonymous_14)
FNDA:1,(anonymous_15)
DA:5,17
DA:10,17
DA:12,3
DA:14,3
DA:16,2
DA:17,1
DA:19,2
DA:22,1
DA:27,3
DA:29,3
DA:31,2
DA:32,1
DA:36,1
DA:41,1
DA:45,3
DA:47,3
DA:49,2
DA:50,1
DA:52,2
DA:55,1
DA:60,17
DA:61,1
DA:62,1
DA:65,17
DA:68,1
DA:71,2
DA:73,2
DA:74,1
DA:75,1
DA:78,2
DA:81,1
DA:82,1
LF:32
LH:32
BRDA:16,0,0,1
BRDA:16,0,1,1
BRDA:31,1,0,1
BRDA:31,1,1,1
BRDA:49,2,0,1
BRDA:49,2,1,1
BRDA:73,3,0,1
BRDA:73,3,1,1
BRF:8
BRH:8
end_of_record
TN:
SF:D:\FUTURE Program\PHASE 2\gotoba-fe\gotoba-fe-app\src\store\modules\user.js
FN:11,(anonymous_0)
FN:15,(anonymous_1)
FN:18,(anonymous_2)
FN:23,(anonymous_3)
FN:27,(anonymous_4)
FN:30,(anonymous_5)
FN:37,(anonymous_6)
FN:38,(anonymous_7)
FN:43,(anonymous_8)
FN:47,(anonymous_9)
FNF:10
FNH:10
FNDA:2,(anonymous_0)
FNDA:1,(anonymous_1)
FNDA:1,(anonymous_2)
FNDA:2,(anonymous_3)
FNDA:1,(anonymous_4)
FNDA:1,(anonymous_5)
FNDA:1,(anonymous_6)
FNDA:1,(anonymous_7)
FNDA:1,(anonymous_8)
FNDA:1,(anonymous_9)
DA:5,17
DA:10,17
DA:12,2
DA:14,2
DA:16,1
DA:19,1
DA:24,2
DA:26,2
DA:28,1
DA:31,1
DA:36,17
DA:37,1
DA:38,1
DA:41,17
DA:44,1
DA:48,1
LF:16
LH:16
BRF:0
BRH:0
end_of_record
TN:
SF:D:\FUTURE Program\PHASE 2\gotoba-fe\gotoba-fe-app\src\utils\date.js
FNF:0
FNH:0
DA:4,59
DA:22,59
LF:2
LH:2
BRF:0
BRH:0
end_of_record
TN:
SF:D:\FUTURE Program\PHASE 2\gotoba-fe\gotoba-fe-app\src\utils\fileHelper.js
FN:7,previewImage
FN:8,(anonymous_1)
FN:11,(anonymous_2)
FN:15,(anonymous_3)
FNF:4
FNH:2
FNDA:1,previewImage
FNDA:1,(anonymous_1)
FNDA:0,(anonymous_2)
FNDA:0,(anonymous_3)
DA:8,1
DA:9,1
DA:11,1
DA:12,0
DA:15,1
DA:16,0
DA:19,1
LF:7
LH:5
BRF:0
BRH:0
end_of_record
TN:
SF:D:\FUTURE Program\PHASE 2\gotoba-fe\gotoba-fe-app\src\utils\filter.js
FN:11,(anonymous_0)
FN:24,(anonymous_1)
FN:39,(anonymous_2)
FN:53,(anonymous_3)
FN:66,(anonymous_4)
FN:74,(anonymous_5)
FN:82,(anonymous_6)
FN:86,(anonymous_7)
FN:94,(anonymous_8)
FN:108,(anonymous_9)
FN:108,(anonymous_10)
FN:121,(anonymous_11)
FN:121,(anonymous_12)
FNF:13
FNH:12
FNDA:16,(anonymous_0)
FNDA:12,(anonymous_1)
FNDA:3,(anonymous_2)
FNDA:16,(anonymous_3)
FNDA:11,(anonymous_4)
FNDA:346,(anonymous_5)
FNDA:19,(anonymous_6)
FNDA:21,(anonymous_7)
FNDA:9,(anonymous_8)
FNDA:2,(anonymous_9)
FNDA:4,(anonymous_10)
FNDA:1,(anonymous_11)
FNDA:0,(anonymous_12)
DA:11,59
DA:12,16
DA:15,16
DA:24,59
DA:25,12
DA:26,12
DA:27,12
DA:28,12
DA:30,12
DA:39,59
DA:40,3
DA:42,3
DA:53,59
DA:54,16
DA:55,16
DA:57,16
DA:66,59
DA:74,346
DA:82,59
DA:83,19
DA:86,21
DA:88,19
DA:94,59
DA:95,9
DA:96,8
DA:97,8
DA:98,8
DA:99,5
DA:101,8
DA:102,8
DA:108,59
DA:109,4
DA:110,3
DA:112,3
DA:113,3
DA:115,3
DA:121,59
DA:122,0
DA:123,0
DA:124,0
LF:40
LH:37
BRDA:11,0,0,12
BRDA:11,1,0,13
BRDA:12,2,0,3
BRDA:12,2,1,13
BRDA:14,3,0,4
BRDA:14,3,1,12
BRDA:42,4,0,3
BRDA:42,4,1,1
BRDA:42,4,2,1
BRDA:98,5,0,5
BRDA:98,5,1,3
BRDA:121,6,0,0
BRF:12
BRH:11
end_of_record
TN:
SF:D:\FUTURE Program\PHASE 2\gotoba-fe\gotoba-fe-app\src\utils\location.js
FN:7,(anonymous_0)
FNF:1
FNH:1
FNDA:1,(anonymous_0)
DA:7,2
DA:8,1
DA:9,1
LF:3
LH:3
BRDA:8,0,0,1
BRDA:8,0,1,0
BRF:2
BRH:1
end_of_record
TN:
SF:D:\FUTURE Program\PHASE 2\gotoba-fe\gotoba-fe-app\src\utils\tool.js
FN:9,alert
FN:20,toast
FNF:2
FNH:2
FNDA:1,alert
FNDA:1,toast
DA:10,1
DA:11,1
DA:12,1
DA:21,1
DA:22,1
LF:5
LH:5
BRF:0
BRH:0
end_of_record
TN:
SF:D:\FUTURE Program\PHASE 2\gotoba-fe\gotoba-fe-app\src\utils\validation.js
FN:7,getValidationState
FNF:1
FNH:1
FNDA:4,getValidationState
DA:8,4
LF:1
LH:1
BRDA:7,0,0,0
BRDA:8,1,0,3
BRDA:8,1,1,1
BRDA:8,2,0,4
BRDA:8,2,1,2
BRF:5
BRH:4
end_of_record
TN:
SF:D:\FUTURE Program\PHASE 2\gotoba-fe\gotoba-fe-app\src\views\Admin\Admin.vue
FNF:0
FNH:0
DA:18,1
DA:19,1
DA:20,1
DA:21,1
LF:4
LH:4
BRF:0
BRH:0
end_of_record
TN:
SF:D:\FUTURE Program\PHASE 2\gotoba-fe\gotoba-fe-app\src\views\Admin\GalleryData.vue
FN:58,(anonymous_1)
FN:61,(anonymous_2)
FN:71,(anonymous_3)
FN:74,(anonymous_4)
FNF:4
FNH:4
FNDA:6,(anonymous_1)
FNDA:6,(anonymous_2)
FNDA:4,(anonymous_3)
FNDA:4,(anonymous_4)
DA:41,1
DA:42,1
DA:43,1
DA:44,1
DA:45,1
DA:59,6
DA:62,6
DA:64,6
DA:65,4
DA:68,2
DA:72,4
DA:75,4
LF:12
LH:12
BRDA:64,0,0,4
BRDA:64,0,1,2
BRF:2
BRH:2
end_of_record
TN:
SF:D:\FUTURE Program\PHASE 2\gotoba-fe\gotoba-fe-app\src\views\Admin\GalleryDetail.vue
FN:40,(anonymous_1)
FN:44,(anonymous_2)
FN:49,(anonymous_3)
FN:53,(anonymous_4)
FN:54,(anonymous_5)
FN:69,(anonymous_6)
FNF:6
FNH:0
FNDA:0,(anonymous_1)
FNDA:0,(anonymous_2)
FNDA:0,(anonymous_3)
FNDA:0,(anonymous_4)
FNDA:0,(anonymous_5)
FNDA:0,(anonymous_6)
DA:29,0
DA:30,0
DA:31,0
DA:41,0
DA:45,0
DA:50,0
DA:51,0
DA:54,0
DA:66,0
DA:67,0
DA:69,0
LF:11
LH:0
BRDA:66,0,0,0
BRDA:66,0,1,0
BRF:2
BRH:0
end_of_record
TN:
SF:D:\FUTURE Program\PHASE 2\gotoba-fe\gotoba-fe-app\src\views\Admin\ItineraryData.vue
FN:57,(anonymous_1)
FN:60,(anonymous_2)
FN:70,(anonymous_3)
FN:73,(anonymous_4)
FNF:4
FNH:4
FNDA:6,(anonymous_1)
FNDA:6,(anonymous_2)
FNDA:4,(anonymous_3)
FNDA:4,(anonymous_4)
DA:41,1
DA:42,1
DA:43,1
DA:44,1
DA:45,1
DA:58,6
DA:61,6
DA:63,6
DA:64,4
DA:67,2
DA:71,4
DA:74,4
LF:12
LH:12
BRDA:63,0,0,4
BRDA:63,0,1,2
BRF:2
BRH:2
end_of_record
TN:
SF:D:\FUTURE Program\PHASE 2\gotoba-fe\gotoba-fe-app\src\views\Admin\ItineraryDetail.vue
FN:72,(anonymous_1)
FN:75,(anonymous_2)
FN:83,(anonymous_3)
FN:88,(anonymous_4)
FN:96,(anonymous_5)
FN:97,(anonymous_6)
FNF:6
FNH:0
FNDA:0,(anonymous_1)
FNDA:0,(anonymous_2)
FNDA:0,(anonymous_3)
FNDA:0,(anonymous_4)
FNDA:0,(anonymous_5)
FNDA:0,(anonymous_6)
DA:59,0
DA:60,0
DA:61,0
DA:73,0
DA:75,0
DA:77,0
DA:80,0
DA:84,0
DA:89,0
DA:91,0
DA:92,0
DA:93,0
DA:97,0
LF:13
LH:0
BRDA:91,0,0,0
BRDA:91,0,1,0
BRF:2
BRH:0
end_of_record
TN:
SF:D:\FUTURE Program\PHASE 2\gotoba-fe\gotoba-fe-app\src\views\Admin\MerchantData.vue
FN:49,(anonymous_1)
FN:52,(anonymous_2)
FN:62,(anonymous_3)
FN:63,(anonymous_4)
FN:74,(anonymous_5)
FN:77,(anonymous_6)
FNF:6
FNH:6
FNDA:14,(anonymous_1)
FNDA:14,(anonymous_2)
FNDA:5,(anonymous_3)
FNDA:15,(anonymous_4)
FNDA:5,(anonymous_5)
FNDA:5,(anonymous_6)
DA:34,1
DA:35,1
DA:36,1
DA:37,1
DA:50,14
DA:53,14
DA:55,14
DA:56,9
DA:59,5
DA:63,20
DA:75,5
DA:78,5
LF:12
LH:12
BRDA:55,0,0,9
BRDA:55,0,1,5
BRDA:65,1,0,15
BRDA:65,1,1,15
BRF:4
BRH:4
end_of_record
TN:
SF:D:\FUTURE Program\PHASE 2\gotoba-fe\gotoba-fe-app\src\views\Admin\RestaurantData.vue
FN:47,(anonymous_1)
FN:50,(anonymous_2)
FN:60,(anonymous_3)
FN:63,(anonymous_4)
FNF:4
FNH:4
FNDA:6,(anonymous_1)
FNDA:6,(anonymous_2)
FNDA:4,(anonymous_3)
FNDA:4,(anonymous_4)
DA:32,1
DA:33,1
DA:34,1
DA:35,1
DA:48,6
DA:51,6
DA:53,6
DA:54,4
DA:57,2
DA:61,4
DA:64,4
LF:11
LH:11
BRDA:53,0,0,4
BRDA:53,0,1,2
BRF:2
BRH:2
end_of_record
TN:
SF:D:\FUTURE Program\PHASE 2\gotoba-fe\gotoba-fe-app\src\views\Admin\RestaurantDetail.vue
FN:54,(anonymous_1)
FN:57,(anonymous_2)
FN:65,(anonymous_3)
FNF:3
FNH:3
FNDA:2,(anonymous_1)
FNDA:4,(anonymous_2)
FNDA:2,(anonymous_3)
DA:43,1
DA:44,1
DA:45,1
DA:55,2
DA:57,2
DA:59,4
DA:62,2
DA:66,2
LF:8
LH:8
BRF:0
BRH:0
end_of_record
TN:
SF:D:\FUTURE Program\PHASE 2\gotoba-fe\gotoba-fe-app\src\views\Admin\TourGuideData.vue
FN:58,(anonymous_1)
FN:61,(anonymous_2)
FN:71,(anonymous_3)
FN:74,(anonymous_4)
FNF:4
FNH:4
FNDA:6,(anonymous_1)
FNDA:6,(anonymous_2)
FNDA:4,(anonymous_3)
FNDA:4,(anonymous_4)
DA:41,1
DA:42,1
DA:43,1
DA:44,1
DA:45,1
DA:59,6
DA:62,6
DA:64,6
DA:65,4
DA:68,2
DA:72,4
DA:75,4
LF:12
LH:12
BRDA:64,0,0,4
BRDA:64,0,1,2
BRF:2
BRH:2
end_of_record
TN:
SF:D:\FUTURE Program\PHASE 2\gotoba-fe\gotoba-fe-app\src\views\Admin\TourGuideDetail.vue
FN:105,(anonymous_1)
FN:110,(anonymous_2)
FN:118,(anonymous_3)
FN:119,(anonymous_4)
FNF:4
FNH:0
FNDA:0,(anonymous_1)
FNDA:0,(anonymous_2)
FNDA:0,(anonymous_3)
FNDA:0,(anonymous_4)
DA:92,0
DA:93,0
DA:94,0
DA:106,0
DA:111,0
DA:113,0
DA:114,0
DA:115,0
DA:119,0
LF:9
LH:0
BRDA:113,0,0,0
BRDA:113,0,1,0
BRF:2
BRH:0
end_of_record
TN:
SF:D:\FUTURE Program\PHASE 2\gotoba-fe\gotoba-fe-app\src\views\Admin\UserData.vue
FN:49,(anonymous_1)
FN:52,(anonymous_2)
FN:62,(anonymous_3)
FN:63,(anonymous_4)
FN:74,(anonymous_5)
FN:77,(anonymous_6)
FNF:6
FNH:6
FNDA:7,(anonymous_1)
FNDA:7,(anonymous_2)
FNDA:5,(anonymous_3)
FNDA:15,(anonymous_4)
FNDA:5,(anonymous_5)
FNDA:5,(anonymous_6)
DA:34,1
DA:35,1
DA:36,1
DA:37,1
DA:50,7
DA:53,7
DA:55,7
DA:56,5
DA:59,2
DA:63,20
DA:75,5
DA:78,5
LF:12
LH:12
BRDA:55,0,0,5
BRDA:55,0,1,2
BRDA:65,1,0,15
BRDA:65,1,1,15
BRF:4
BRH:4
end_of_record
TN:
SF:D:\FUTURE Program\PHASE 2\gotoba-fe\gotoba-fe-app\src\views\Auth\Login.vue
FN:98,(anonymous_1)
FN:110,(anonymous_2)
FN:146,(anonymous_3)
FNF:3
FNH:3
FNDA:7,(anonymous_1)
FNDA:4,(anonymous_2)
FNDA:4,(anonymous_3)
DA:91,1
DA:92,1
DA:93,1
DA:94,1
DA:99,7
DA:111,4
DA:112,1
DA:115,3
DA:120,3
DA:122,3
DA:123,3
DA:124,2
DA:125,2
DA:127,2
DA:128,1
DA:135,1
DA:136,1
DA:139,1
DA:141,1
DA:142,1
DA:143,1
DA:147,4
DA:148,1
DA:149,1
DA:151,3
DA:152,1
DA:153,1
DA:155,2
LF:28
LH:28
BRDA:111,0,0,1
BRDA:111,0,1,3
BRDA:111,1,0,4
BRDA:111,1,1,4
BRDA:111,1,2,3
BRDA:127,2,0,1
BRDA:127,2,1,1
BRDA:147,3,0,1
BRDA:147,3,1,3
BRDA:151,4,0,1
BRDA:151,4,1,2
BRF:11
BRH:11
end_of_record
TN:
SF:D:\FUTURE Program\PHASE 2\gotoba-fe\gotoba-fe-app\src\views\Auth\SignUp.vue
FN:1,(anonymous_0)
FN:252,(anonymous_1)
FN:268,(anonymous_2)
FN:318,(anonymous_3)
FN:332,render
FN:332,(anonymous_5)
FN:332,(anonymous_6)
FN:332,(anonymous_7)
FN:332,(anonymous_8)
FN:332,(anonymous_9)
FN:332,(anonymous_10)
FN:332,(anonymous_11)
FN:332,(anonymous_12)
FN:332,(anonymous_13)
FN:332,(anonymous_14)
FN:332,(anonymous_15)
FN:332,(anonymous_16)
FN:332,(anonymous_17)
FN:332,(anonymous_18)
FNF:19
FNH:5
FNDA:1,(anonymous_0)
FNDA:7,(anonymous_1)
FNDA:5,(anonymous_2)
FNDA:3,(anonymous_3)
FNDA:16,render
FNDA:0,(anonymous_5)
FNDA:0,(anonymous_6)
FNDA:0,(anonymous_7)
FNDA:0,(anonymous_8)
FNDA:0,(anonymous_9)
FNDA:0,(anonymous_10)
FNDA:0,(anonymous_11)
FNDA:0,(anonymous_12)
FNDA:0,(anonymous_13)
FNDA:0,(anonymous_14)
FNDA:0,(anonymous_15)
FNDA:0,(anonymous_16)
FNDA:0,(anonymous_17)
FNDA:0,(anonymous_18)
DA:1,1
DA:4,1
DA:6,1
DA:9,1
DA:11,1
DA:13,1
DA:15,1
DA:17,1
DA:249,1
DA:253,7
DA:269,5
DA:270,1
DA:273,4
DA:274,4
DA:283,4
DA:288,4
DA:289,4
DA:291,3
DA:292,2
DA:293,2
DA:295,2
DA:296,1
DA:302,1
DA:303,1
DA:306,1
DA:307,1
DA:310,1
DA:311,1
DA:313,1
DA:314,1
DA:319,3
DA:320,1
DA:321,1
DA:324,2
DA:329,1
DA:331,1
DA:332,16
DA:333,1
LF:38
LH:38
BRDA:269,0,0,1
BRDA:269,0,1,4
BRDA:269,1,0,5
BRDA:269,1,1,5
BRDA:269,1,2,5
BRDA:269,1,3,5
BRDA:269,1,4,5
BRDA:269,1,5,5
BRDA:291,2,0,2
BRDA:291,2,1,1
BRDA:295,3,0,1
BRDA:295,3,1,1
BRDA:319,4,0,1
BRDA:319,4,1,2
BRDA:331,5,0,1
BRDA:331,5,1,0
BRDA:331,6,0,0
BRDA:331,6,1,1
BRDA:332,7,0,16
BRDA:332,7,1,0
BRF:20
BRH:17
end_of_record
TN:
SF:D:\FUTURE Program\PHASE 2\gotoba-fe\gotoba-fe-app\src\views\Error\NotFound.vue
FN:27,(anonymous_1)
FNF:1
FNH:1
FNDA:3,(anonymous_1)
DA:19,1
DA:28,3
DA:29,1
DA:30,1
DA:33,2
DA:34,1
DA:35,1
DA:38,1
LF:8
LH:8
BRDA:28,0,0,1
BRDA:28,0,1,2
BRDA:33,1,0,1
BRDA:33,1,1,1
BRF:4
BRH:4
end_of_record
TN:
SF:D:\FUTURE Program\PHASE 2\gotoba-fe\gotoba-fe-app\src\views\Merchant\Merchant.vue
FN:22,(anonymous_1)
FN:26,(anonymous_2)
FNF:2
FNH:2
FNDA:1,(anonymous_1)
FNDA:1,(anonymous_2)
DA:12,1
DA:13,1
DA:23,1
DA:27,1
LF:4
LH:4
BRF:0
BRH:0
end_of_record
TN:
SF:D:\FUTURE Program\PHASE 2\gotoba-fe\gotoba-fe-app\src\views\Merchant\Bistro\Bistro.vue
FN:72,(anonymous_1)
FN:77,(anonymous_2)
FNF:2
FNH:2
FNDA:1,(anonymous_1)
FNDA:1,(anonymous_2)
DA:50,1
DA:51,1
DA:52,1
DA:53,1
DA:54,1
DA:73,1
DA:74,1
DA:75,1
DA:78,1
LF:9
LH:9
BRF:0
BRH:0
end_of_record
TN:
SF:D:\FUTURE Program\PHASE 2\gotoba-fe\gotoba-fe-app\src\views\Merchant\Bistro\BistroPromotion.vue
FN:15,(anonymous_1)
FNF:1
FNH:0
FNDA:0,(anonymous_1)
DA:8,0
DA:16,0
LF:2
LH:0
BRF:0
BRH:0
end_of_record
TN:
SF:D:\FUTURE Program\PHASE 2\gotoba-fe\gotoba-fe-app\src\views\Merchant\Bistro\EditBistro.vue
FN:228,(anonymous_1)
FN:236,(anonymous_2)
FN:272,(anonymous_3)
FN:291,(anonymous_4)
FN:301,(anonymous_5)
FN:305,(anonymous_6)
FN:314,(anonymous_7)
FN:319,(anonymous_8)
FN:326,(anonymous_9)
FN:330,(anonymous_10)
FN:333,(anonymous_11)
FN:340,(anonymous_12)
FN:344,(anonymous_13)
FN:346,(anonymous_14)
FN:350,(anonymous_15)
FN:360,(anonymous_16)
FN:364,(anonymous_17)
FN:370,(anonymous_18)
FNF:18
FNH:0
FNDA:0,(anonymous_1)
FNDA:0,(anonymous_2)
FNDA:0,(anonymous_3)
FNDA:0,(anonymous_4)
FNDA:0,(anonymous_5)
FNDA:0,(anonymous_6)
FNDA:0,(anonymous_7)
FNDA:0,(anonymous_8)
FNDA:0,(anonymous_9)
FNDA:0,(anonymous_10)
FNDA:0,(anonymous_11)
FNDA:0,(anonymous_12)
FNDA:0,(anonymous_13)
FNDA:0,(anonymous_14)
FNDA:0,(anonymous_15)
FNDA:0,(anonymous_16)
FNDA:0,(anonymous_17)
FNDA:0,(anonymous_18)
DA:216,0
DA:217,0
DA:218,0
DA:219,0
DA:220,0
DA:221,0
DA:229,0
DA:230,0
DA:231,0
DA:232,0
DA:234,0
DA:237,0
DA:273,0
DA:276,0
DA:288,0
DA:291,0
DA:293,0
DA:299,0
DA:300,0
DA:301,0
DA:303,0
DA:304,0
DA:307,0
DA:308,0
DA:311,0
DA:314,0
DA:316,0
DA:317,0
DA:318,0
DA:321,0
DA:322,0
DA:327,0
DA:329,0
DA:330,0
DA:332,0
DA:335,0
DA:341,0
DA:345,0
DA:346,0
DA:347,0
DA:348,0
DA:350,0
DA:352,0
DA:353,0
DA:354,0
DA:362,0
DA:365,0
DA:371,0
LF:48
LH:0
BRDA:231,0,0,0
BRDA:231,0,1,0
BRDA:276,1,0,0
BRDA:276,1,1,0
BRDA:276,2,0,0
BRDA:276,2,1,0
BRDA:276,2,2,0
BRDA:276,2,3,0
BRDA:276,2,4,0
BRDA:276,2,5,0
BRDA:276,2,6,0
BRDA:276,2,7,0
BRDA:276,2,8,0
BRDA:276,2,9,0
BRDA:276,2,10,0
BRDA:300,3,0,0
BRDA:300,3,1,0
BRDA:329,4,0,0
BRDA:329,4,1,0
BRDA:329,5,0,0
BRDA:329,5,1,0
BRDA:345,6,0,0
BRDA:345,6,1,0
BRF:23
BRH:0
end_of_record
TN:
SF:D:\FUTURE Program\PHASE 2\gotoba-fe\gotoba-fe-app\src\views\Merchant\Location\AddDestination.vue
FN:111,(anonymous_1)
FN:123,(anonymous_2)
FN:140,(anonymous_3)
FN:144,(anonymous_4)
FN:151,(anonymous_5)
FN:158,(anonymous_6)
FN:162,(anonymous_7)
FN:165,(anonymous_8)
FN:168,(anonymous_9)
FN:173,(anonymous_10)
FNF:10
FNH:0
FNDA:0,(anonymous_1)
FNDA:0,(anonymous_2)
FNDA:0,(anonymous_3)
FNDA:0,(anonymous_4)
FNDA:0,(anonymous_5)
FNDA:0,(anonymous_6)
FNDA:0,(anonymous_7)
FNDA:0,(anonymous_8)
FNDA:0,(anonymous_9)
FNDA:0,(anonymous_10)
DA:83,0
DA:84,0
DA:85,0
DA:86,0
DA:87,0
DA:88,0
DA:91,0
DA:92,0
DA:93,0
DA:94,0
DA:112,0
DA:115,0
DA:117,0
DA:124,0
DA:141,0
DA:142,0
DA:144,0
DA:146,0
DA:147,0
DA:153,0
DA:156,0
DA:159,0
DA:160,0
DA:163,0
DA:166,0
DA:169,0
DA:174,0
LF:27
LH:0
BRDA:147,0,0,0
BRDA:147,0,1,0
BRDA:147,0,2,0
BRDA:147,0,3,0
BRF:4
BRH:0
end_of_record
TN:
SF:D:\FUTURE Program\PHASE 2\gotoba-fe\gotoba-fe-app\src\views\Merchant\Order\NewOrder.vue
FNF:0
FNH:0
DA:15,0
DA:16,0
LF:2
LH:0
BRF:0
BRH:0
end_of_record
TN:
SF:D:\FUTURE Program\PHASE 2\gotoba-fe\gotoba-fe-app\src\views\Merchant\Order\OrderList.vue
FN:37,(anonymous_1)
FN:46,(anonymous_2)
FNF:2
FNH:0
FNDA:0,(anonymous_1)
FNDA:0,(anonymous_2)
DA:25,0
DA:26,0
DA:38,0
DA:47,0
DA:48,0
LF:5
LH:0
BRF:0
BRH:0
end_of_record
TN:
SF:D:\FUTURE Program\PHASE 2\gotoba-fe\gotoba-fe-app\src\views\Merchant\Order\RecentOrder.vue
FNF:0
FNH:0
DA:14,0
DA:15,0
LF:2
LH:0
BRF:0
BRH:0
end_of_record
TN:
SF:D:\FUTURE Program\PHASE 2\gotoba-fe\gotoba-fe-app\src\views\Merchant\Profile\EditProfile.vue
FN:123,(anonymous_1)
FN:127,(anonymous_2)
FN:130,(anonymous_3)
FN:143,(anonymous_4)
FN:152,(anonymous_5)
FN:165,(anonymous_6)
FN:171,(anonymous_7)
FN:175,(anonymous_8)
FN:178,(anonymous_9)
FN:184,(anonymous_10)
FN:189,(anonymous_11)
FNF:11
FNH:11
FNDA:1,(anonymous_1)
FNDA:10,(anonymous_2)
FNDA:10,(anonymous_3)
FNDA:4,(anonymous_4)
FNDA:2,(anonymous_5)
FNDA:1,(anonymous_6)
FNDA:3,(anonymous_7)
FNDA:1,(anonymous_8)
FNDA:1,(anonymous_9)
FNDA:1,(anonymous_10)
FNDA:1,(anonymous_11)
DA:113,1
DA:114,1
DA:115,1
DA:116,1
DA:117,1
DA:124,1
DA:128,10
DA:131,10
DA:144,4
DA:147,1
DA:150,3
DA:152,3
DA:154,2
DA:155,1
DA:161,1
DA:162,1
DA:164,1
DA:167,1
DA:168,1
DA:172,3
DA:174,3
DA:175,2
DA:177,1
DA:180,1
DA:185,1
DA:190,1
DA:191,1
LF:27
LH:27
BRDA:144,0,0,1
BRDA:144,0,1,3
BRDA:144,1,0,4
BRDA:144,1,1,3
BRDA:144,1,2,3
BRDA:154,2,0,1
BRDA:154,2,1,1
BRDA:174,3,0,2
BRDA:174,3,1,1
BRDA:174,4,0,3
BRDA:174,4,1,2
BRF:11
BRH:11
end_of_record
TN:
SF:D:\FUTURE Program\PHASE 2\gotoba-fe\gotoba-fe-app\src\views\Merchant\Profile\Profile.vue
FN:41,(anonymous_1)
FNF:1
FNH:0
FNDA:0,(anonymous_1)
DA:23,0
DA:24,0
DA:25,0
DA:42,0
LF:4
LH:0
BRF:0
BRH:0
end_of_record
TN:
SF:D:\FUTURE Program\PHASE 2\gotoba-fe\gotoba-fe-app\src\views\Merchant\Scanner\QrScanner.vue
FN:20,(anonymous_1)
FN:28,(anonymous_2)
FNF:2
FNH:0
FNDA:0,(anonymous_1)
FNDA:0,(anonymous_2)
DA:12,0
DA:13,0
DA:21,0
DA:29,0
DA:31,0
DA:32,0
DA:35,0
DA:36,0
LF:8
LH:0
BRDA:31,0,0,0
BRDA:31,0,1,0
BRF:2
BRH:0
end_of_record
TN:
SF:D:\FUTURE Program\PHASE 2\gotoba-fe\gotoba-fe-app\src\views\Merchant\Scanner\ScanResult.vue
FN:53,(anonymous_1)
FN:56,(anonymous_2)
FN:60,(anonymous_3)
FN:71,(anonymous_4)
FN:86,(anonymous_5)
FNF:5
FNH:0
FNDA:0,(anonymous_1)
FNDA:0,(anonymous_2)
FNDA:0,(anonymous_3)
FNDA:0,(anonymous_4)
FNDA:0,(anonymous_5)
DA:36,0
DA:37,0
DA:38,0
DA:39,0
DA:40,0
DA:54,0
DA:57,0
DA:61,0
DA:72,0
DA:73,0
DA:75,0
DA:76,0
DA:77,0
DA:78,0
DA:79,0
DA:81,0
DA:87,0
DA:88,0
DA:90,0
LF:19
LH:0
BRDA:57,0,0,0
BRDA:57,0,1,0
BRDA:87,1,0,0
BRDA:87,1,1,0
BRF:4
BRH:0
end_of_record
TN:
SF:D:\FUTURE Program\PHASE 2\gotoba-fe\gotoba-fe-app\src\views\Merchant\Spot\EditSpot.vue
FN:257,(anonymous_1)
FN:260,(anonymous_2)
FN:284,(anonymous_3)
FN:289,(anonymous_4)
FN:293,(anonymous_5)
FN:302,(anonymous_6)
FN:307,(anonymous_7)
FN:314,(anonymous_8)
FN:318,(anonymous_9)
FN:321,(anonymous_10)
FN:329,(anonymous_11)
FN:333,(anonymous_12)
FN:335,(anonymous_13)
FN:337,(anonymous_14)
FN:339,(anonymous_15)
FN:347,(anonymous_16)
FN:348,(anonymous_17)
FN:352,(anonymous_18)
FN:356,(anonymous_19)
FN:360,(anonymous_20)
FNF:20
FNH:0
FNDA:0,(anonymous_1)
FNDA:0,(anonymous_2)
FNDA:0,(anonymous_3)
FNDA:0,(anonymous_4)
FNDA:0,(anonymous_5)
FNDA:0,(anonymous_6)
FNDA:0,(anonymous_7)
FNDA:0,(anonymous_8)
FNDA:0,(anonymous_9)
FNDA:0,(anonymous_10)
FNDA:0,(anonymous_11)
FNDA:0,(anonymous_12)
FNDA:0,(anonymous_13)
FNDA:0,(anonymous_14)
FNDA:0,(anonymous_15)
FNDA:0,(anonymous_16)
FNDA:0,(anonymous_17)
FNDA:0,(anonymous_18)
FNDA:0,(anonymous_19)
FNDA:0,(anonymous_20)
DA:245,0
DA:246,0
DA:247,0
DA:248,0
DA:249,0
DA:250,0
DA:258,0
DA:261,0
DA:285,0
DA:286,0
DA:288,0
DA:289,0
DA:291,0
DA:292,0
DA:295,0
DA:296,0
DA:299,0
DA:302,0
DA:304,0
DA:305,0
DA:306,0
DA:309,0
DA:310,0
DA:315,0
DA:317,0
DA:318,0
DA:320,0
DA:323,0
DA:324,0
DA:330,0
DA:334,0
DA:335,0
DA:337,0
DA:338,0
DA:341,0
DA:342,0
DA:348,0
DA:349,0
DA:350,0
DA:352,0
DA:354,0
DA:355,0
DA:358,0
DA:361,0
LF:44
LH:0
BRDA:288,0,0,0
BRDA:288,0,1,0
BRDA:317,1,0,0
BRDA:317,1,1,0
BRDA:317,2,0,0
BRDA:317,2,1,0
BRDA:334,3,0,0
BRDA:334,3,1,0
BRF:8
BRH:0
end_of_record
TN:
SF:D:\FUTURE Program\PHASE 2\gotoba-fe\gotoba-fe-app\src\views\Merchant\Spot\Spot.vue
FN:43,(anonymous_1)
FN:51,(anonymous_2)
FN:55,(anonymous_3)
FNF:3
FNH:0
FNDA:0,(anonymous_1)
FNDA:0,(anonymous_2)
FNDA:0,(anonymous_3)
DA:25,0
DA:26,0
DA:27,0
DA:28,0
DA:44,0
DA:52,0
DA:56,0
DA:57,0
LF:8
LH:0
BRF:0
BRH:0
end_of_record
TN:
SF:D:\FUTURE Program\PHASE 2\gotoba-fe\gotoba-fe-app\src\views\Merchant\Spot\SpotDetail.vue
FN:27,(anonymous_1)
FNF:1
FNH:0
FNDA:0,(anonymous_1)
DA:12,0
DA:13,0
DA:28,0
DA:29,0
LF:4
LH:0
BRF:0
BRH:0
end_of_record
TN:
SF:D:\FUTURE Program\PHASE 2\gotoba-fe\gotoba-fe-app\src\views\Merchant\Spot\SpotPromotion.vue
FN:15,(anonymous_1)
FNF:1
FNH:0
FNDA:0,(anonymous_1)
DA:8,0
DA:16,0
LF:2
LH:0
BRF:0
BRH:0
end_of_record
TN:
SF:D:\FUTURE Program\PHASE 2\gotoba-fe\gotoba-fe-app\src\views\User\Main.vue
FN:22,(anonymous_1)
FN:26,(anonymous_2)
FNF:2
FNH:2
FNDA:1,(anonymous_1)
FNDA:1,(anonymous_2)
DA:12,1
DA:13,1
DA:23,1
DA:27,1
LF:4
LH:4
BRF:0
BRH:0
end_of_record
TN:
SF:D:\FUTURE Program\PHASE 2\gotoba-fe\gotoba-fe-app\src\views\User\Gallery\Gallery.vue
FN:34,(anonymous_1)
FNF:1
FNH:1
FNDA:1,(anonymous_1)
DA:23,1
DA:24,1
DA:35,1
LF:3
LH:3
BRF:0
BRH:0
end_of_record
TN:
SF:D:\FUTURE Program\PHASE 2\gotoba-fe\gotoba-fe-app\src\views\User\History\HistoryCancelled.vue
FN:22,(anonymous_1)
FNF:1
FNH:1
FNDA:1,(anonymous_1)
DA:11,1
DA:12,1
DA:23,1
LF:3
LH:3
BRF:0
BRH:0
end_of_record
TN:
SF:D:\FUTURE Program\PHASE 2\gotoba-fe\gotoba-fe-app\src\views\User\History\HistoryDetails.vue
FN:89,(anonymous_1)
FN:104,(anonymous_2)
FN:111,(anonymous_3)
FNF:3
FNH:3
FNDA:4,(anonymous_1)
FNDA:3,(anonymous_2)
FNDA:1,(anonymous_3)
DA:76,1
DA:77,1
DA:78,1
DA:79,1
DA:90,4
DA:105,3
DA:112,1
DA:113,1
LF:8
LH:8
BRDA:112,0,0,1
BRDA:112,0,1,0
BRF:2
BRH:1
end_of_record
TN:
SF:D:\FUTURE Program\PHASE 2\gotoba-fe\gotoba-fe-app\src\views\User\History\HistoryPending.vue
FN:22,(anonymous_1)
FNF:1
FNH:1
FNDA:1,(anonymous_1)
DA:11,1
DA:12,1
DA:23,1
LF:3
LH:3
BRF:0
BRH:0
end_of_record
TN:
SF:D:\FUTURE Program\PHASE 2\gotoba-fe\gotoba-fe-app\src\views\User\History\HistorySuccess.vue
FN:22,(anonymous_1)
FNF:1
FNH:1
FNDA:1,(anonymous_1)
DA:11,1
DA:12,1
DA:23,1
LF:3
LH:3
BRF:0
BRH:0
end_of_record
TN:
SF:D:\FUTURE Program\PHASE 2\gotoba-fe\gotoba-fe-app\src\views\User\Home\About.vue
FN:161,(anonymous_1)
FNF:1
FNH:1
FNDA:1,(anonymous_1)
DA:144,1
DA:145,1
DA:146,1
DA:147,1
DA:148,1
DA:162,1
LF:6
LH:6
BRF:0
BRH:0
end_of_record
TN:
SF:D:\FUTURE Program\PHASE 2\gotoba-fe\gotoba-fe-app\src\views\User\Home\Home.vue
FN:218,(anonymous_1)
FN:224,(anonymous_2)
FN:250,(anonymous_3)
FNF:3
FNH:3
FNDA:2,(anonymous_1)
FNDA:2,(anonymous_2)
FNDA:1,(anonymous_3)
DA:195,1
DA:196,1
DA:197,1
DA:198,1
DA:199,1
DA:200,1
DA:219,2
DA:220,2
DA:221,2
DA:222,2
DA:225,2
DA:251,1
LF:12
LH:12
BRF:0
BRH:0
end_of_record
TN:
SF:D:\FUTURE Program\PHASE 2\gotoba-fe\gotoba-fe-app\src\views\User\Home\Promotion.vue
FN:28,(anonymous_1)
FNF:1
FNH:1
FNDA:2,(anonymous_1)
DA:17,1
DA:18,1
DA:29,2
DA:30,2
LF:4
LH:4
BRF:0
BRH:0
end_of_record
TN:
SF:D:\FUTURE Program\PHASE 2\gotoba-fe\gotoba-fe-app\src\views\User\Home\TicketDetail.vue
FN:40,(anonymous_1)
FN:43,(anonymous_2)
FN:56,(anonymous_3)
FN:74,(anonymous_4)
FN:91,(anonymous_5)
FNF:5
FNH:0
FNDA:0,(anonymous_1)
FNDA:0,(anonymous_2)
FNDA:0,(anonymous_3)
FNDA:0,(anonymous_4)
FNDA:0,(anonymous_5)
DA:27,0
DA:28,0
DA:29,0
DA:30,0
DA:41,0
DA:44,0
DA:57,0
DA:71,0
DA:75,0
DA:77,0
DA:79,0
DA:80,0
DA:82,0
DA:84,0
DA:85,0
DA:87,0
DA:92,0
DA:94,0
LF:18
LH:0
BRDA:79,0,0,0
BRDA:79,0,1,0
BRF:2
BRH:0
end_of_record
TN:
SF:D:\FUTURE Program\PHASE 2\gotoba-fe\gotoba-fe-app\src\views\User\Itinerary\AddDestination.vue
FN:110,(anonymous_1)
FN:122,(anonymous_2)
FN:139,(anonymous_3)
FN:142,(anonymous_4)
FN:152,(anonymous_5)
FN:157,(anonymous_6)
FN:163,(anonymous_7)
FN:167,(anonymous_8)
FN:170,(anonymous_9)
FN:173,(anonymous_10)
FNF:10
FNH:0
FNDA:0,(anonymous_1)
FNDA:0,(anonymous_2)
FNDA:0,(anonymous_3)
FNDA:0,(anonymous_4)
FNDA:0,(anonymous_5)
FNDA:0,(anonymous_6)
FNDA:0,(anonymous_7)
FNDA:0,(anonymous_8)
FNDA:0,(anonymous_9)
FNDA:0,(anonymous_10)
DA:82,0
DA:83,0
DA:84,0
DA:85,0
DA:86,0
DA:87,0
DA:90,0
DA:91,0
DA:92,0
DA:93,0
DA:111,0
DA:114,0
DA:116,0
DA:123,0
DA:140,0
DA:142,0
DA:144,0
DA:154,0
DA:158,0
DA:164,0
DA:165,0
DA:168,0
DA:171,0
DA:174,0
LF:24
LH:0
BRDA:145,0,0,0
BRDA:145,0,1,0
BRDA:145,0,2,0
BRDA:145,0,3,0
BRDA:145,0,4,0
BRF:5
BRH:0
end_of_record
TN:
SF:D:\FUTURE Program\PHASE 2\gotoba-fe\gotoba-fe-app\src\views\User\Itinerary\AddItinerary.vue
FN:52,(anonymous_1)
FN:62,(anonymous_2)
FN:64,(anonymous_3)
FN:65,(anonymous_4)
FN:85,(anonymous_5)
FN:90,(anonymous_6)
FNF:6
FNH:0
FNDA:0,(anonymous_1)
FNDA:0,(anonymous_2)
FNDA:0,(anonymous_3)
FNDA:0,(anonymous_4)
FNDA:0,(anonymous_5)
FNDA:0,(anonymous_6)
DA:32,0
DA:33,0
DA:34,0
DA:35,0
DA:53,0
DA:63,0
DA:64,0
DA:65,0
DA:66,0
DA:67,0
DA:73,0
DA:74,0
DA:76,0
DA:79,0
DA:80,0
DA:82,0
DA:86,0
DA:87,0
DA:88,0
DA:91,0
DA:92,0
LF:21
LH:0
BRDA:66,0,0,0
BRDA:66,0,1,0
BRF:2
BRH:0
end_of_record
TN:
SF:D:\FUTURE Program\PHASE 2\gotoba-fe\gotoba-fe-app\src\views\User\Itinerary\Itinerary.vue
FN:48,(anonymous_1)
FN:53,(anonymous_2)
FNF:2
FNH:2
FNDA:2,(anonymous_1)
FNDA:1,(anonymous_2)
DA:33,1
DA:34,1
DA:35,1
DA:36,1
DA:49,2
DA:54,1
LF:6
LH:6
BRF:0
BRH:0
end_of_record
TN:
SF:D:\FUTURE Program\PHASE 2\gotoba-fe\gotoba-fe-app\src\views\User\Journey\Journey.vue
FN:53,(anonymous_1)
FN:59,(anonymous_2)
FNF:2
FNH:2
FNDA:2,(anonymous_1)
FNDA:5,(anonymous_2)
DA:40,1
DA:41,1
DA:42,1
DA:54,2
DA:55,2
DA:60,5
LF:6
LH:6
BRF:0
BRH:0
end_of_record
TN:
SF:D:\FUTURE Program\PHASE 2\gotoba-fe\gotoba-fe-app\src\views\User\Journey\JourneyProfile.vue
FN:42,(anonymous_1)
FNF:1
FNH:1
FNDA:1,(anonymous_1)
DA:31,1
DA:32,1
DA:43,1
LF:3
LH:3
BRF:0
BRH:0
end_of_record
TN:
SF:D:\FUTURE Program\PHASE 2\gotoba-fe\gotoba-fe-app\src\views\User\Payment\Cart.vue
FN:85,(anonymous_1)
FN:88,(anonymous_2)
FN:97,(anonymous_3)
FN:107,(anonymous_4)
FN:110,(anonymous_5)
FN:117,(anonymous_6)
FNF:6
FNH:6
FNDA:6,(anonymous_1)
FNDA:6,(anonymous_2)
FNDA:2,(anonymous_3)
FNDA:4,(anonymous_4)
FNDA:1,(anonymous_5)
FNDA:1,(anonymous_6)
DA:72,1
DA:73,1
DA:74,1
DA:86,6
DA:89,6
DA:98,2
DA:99,2
DA:100,1
DA:101,1
DA:102,1
DA:104,1
DA:105,1
DA:108,4
DA:111,1
DA:112,1
DA:113,1
DA:118,1
LF:17
LH:17
BRDA:99,0,0,1
BRDA:99,0,1,1
BRF:2
BRH:2
end_of_record
TN:
SF:D:\FUTURE Program\PHASE 2\gotoba-fe\gotoba-fe-app\src\views\User\Payment\Payment.vue
FN:62,(anonymous_1)
FN:66,(anonymous_2)
FN:72,(anonymous_3)
FN:76,(anonymous_4)
FN:77,(anonymous_5)
FN:84,(anonymous_6)
FN:89,(anonymous_7)
FN:100,(anonymous_8)
FNF:8
FNH:8
FNDA:4,(anonymous_1)
FNDA:4,(anonymous_2)
FNDA:2,(anonymous_3)
FNDA:2,(anonymous_4)
FNDA:2,(anonymous_5)
FNDA:1,(anonymous_6)
FNDA:1,(anonymous_7)
FNDA:2,(anonymous_8)
DA:46,1
DA:47,1
DA:48,1
DA:49,1
DA:50,1
DA:51,1
DA:63,4
DA:67,4
DA:73,2
DA:76,2
DA:77,2
DA:80,2
DA:82,2
DA:83,2
DA:84,1
DA:85,1
DA:88,1
DA:89,1
DA:91,1
DA:92,1
DA:96,1
DA:97,1
DA:101,2
LF:23
LH:23
BRDA:88,0,0,1
BRDA:88,0,1,0
BRF:2
BRH:1
end_of_record
TN:
SF:D:\FUTURE Program\PHASE 2\gotoba-fe\gotoba-fe-app\src\views\User\Payment\PaymentOrder.vue
FN:66,(anonymous_1)
FN:69,(anonymous_2)
FN:73,(anonymous_3)
FNF:3
FNH:3
FNDA:3,(anonymous_1)
FNDA:3,(anonymous_2)
FNDA:3,(anonymous_3)
DA:56,1
DA:57,1
DA:67,3
DA:70,3
DA:74,3
LF:5
LH:5
BRF:0
BRH:0
end_of_record
TN:
SF:D:\FUTURE Program\PHASE 2\gotoba-fe\gotoba-fe-app\src\views\User\Profile\EditProfile.vue
FN:123,(anonymous_1)
FN:127,(anonymous_2)
FN:130,(anonymous_3)
FN:143,(anonymous_4)
FN:152,(anonymous_5)
FN:165,(anonymous_6)
FN:171,(anonymous_7)
FN:175,(anonymous_8)
FN:178,(anonymous_9)
FN:184,(anonymous_10)
FN:189,(anonymous_11)
FNF:11
FNH:11
FNDA:1,(anonymous_1)
FNDA:10,(anonymous_2)
FNDA:10,(anonymous_3)
FNDA:4,(anonymous_4)
FNDA:2,(anonymous_5)
FNDA:1,(anonymous_6)
FNDA:3,(anonymous_7)
FNDA:1,(anonymous_8)
FNDA:1,(anonymous_9)
FNDA:1,(anonymous_10)
FNDA:1,(anonymous_11)
DA:113,1
DA:114,1
DA:115,1
DA:116,1
DA:117,1
DA:124,1
DA:128,10
DA:131,10
DA:144,4
DA:147,1
DA:150,3
DA:152,3
DA:154,2
DA:155,1
DA:161,1
DA:162,1
DA:164,1
DA:167,1
DA:168,1
DA:172,3
DA:174,3
DA:175,2
DA:177,1
DA:180,1
DA:185,1
DA:190,1
DA:191,1
LF:27
LH:27
BRDA:144,0,0,1
BRDA:144,0,1,3
BRDA:144,1,0,4
BRDA:144,1,1,3
BRDA:144,1,2,3
BRDA:154,2,0,1
BRDA:154,2,1,1
BRDA:174,3,0,2
BRDA:174,3,1,1
BRDA:174,4,0,3
BRDA:174,4,1,2
BRF:11
BRH:11
end_of_record
TN:
SF:D:\FUTURE Program\PHASE 2\gotoba-fe\gotoba-fe-app\src\views\User\Profile\Profile.vue
FN:36,(anonymous_1)
FNF:1
FNH:1
FNDA:1,(anonymous_1)
DA:23,1
DA:24,1
DA:25,1
DA:37,1
LF:4
LH:4
BRF:0
BRH:0
end_of_record
TN:
SF:D:\FUTURE Program\PHASE 2\gotoba-fe\gotoba-fe-app\src\views\User\Restaurant\Restaurant.vue
FN:46,(anonymous_1)
FN:52,(anonymous_2)
FN:55,(anonymous_3)
FNF:3
FNH:3
FNDA:3,(anonymous_1)
FNDA:4,(anonymous_2)
FNDA:4,(anonymous_3)
DA:33,1
DA:34,1
DA:35,1
DA:47,3
DA:48,3
DA:53,4
DA:56,4
LF:7
LH:7
BRF:0
BRH:0
end_of_record
TN:
SF:D:\FUTURE Program\PHASE 2\gotoba-fe\gotoba-fe-app\src\views\User\Restaurant\RestaurantProfile.vue
FN:51,(anonymous_1)
FN:55,(anonymous_2)
FN:65,(anonymous_3)
FNF:3
FNH:3
FNDA:3,(anonymous_1)
FNDA:2,(anonymous_2)
FNDA:1,(anonymous_3)
DA:39,1
DA:40,1
DA:41,1
DA:52,3
DA:56,2
DA:66,1
DA:67,1
LF:7
LH:7
BRDA:66,0,0,1
BRDA:66,0,1,0
BRF:2
BRH:1
end_of_record
TN:
SF:D:\FUTURE Program\PHASE 2\gotoba-fe\gotoba-fe-app\src\views\User\Search\Search.vue
FN:35,(anonymous_1)
FN:45,(anonymous_2)
FN:59,(anonymous_3)
FNF:3
FNH:3
FNDA:2,(anonymous_1)
FNDA:5,(anonymous_2)
FNDA:2,(anonymous_3)
DA:17,1
DA:18,1
DA:19,1
DA:20,1
DA:36,2
DA:38,2
DA:39,1
DA:42,1
DA:46,5
DA:47,5
DA:48,5
DA:60,2
DA:61,2
DA:62,1
DA:63,1
DA:64,1
DA:65,1
DA:68,1
LF:18
LH:18
BRDA:36,0,0,2
BRDA:36,0,1,1
BRDA:38,1,0,1
BRDA:38,1,1,1
BRDA:61,2,0,1
BRDA:61,2,1,1
BRF:6
BRH:6
end_of_record
TN:
SF:D:\FUTURE Program\PHASE 2\gotoba-fe\gotoba-fe-app\src\views\User\Ticket\ExpiredTicket.vue
FNF:0
FNH:0
DA:14,1
DA:15,1
LF:2
LH:2
BRF:0
BRH:0
end_of_record
TN:
SF:D:\FUTURE Program\PHASE 2\gotoba-fe\gotoba-fe-app\src\views\User\Ticket\MyTickets.vue
FN:33,(anonymous_1)
FNF:1
FNH:1
FNDA:1,(anonymous_1)
DA:26,1
DA:34,1
LF:2
LH:2
BRF:0
BRH:0
end_of_record
TN:
SF:D:\FUTURE Program\PHASE 2\gotoba-fe\gotoba-fe-app\src\views\User\Ticket\ShowQRCode.vue
FN:41,(anonymous_1)
FNF:1
FNH:1
FNDA:1,(anonymous_1)
DA:30,1
DA:31,1
DA:42,1
LF:3
LH:3
BRF:0
BRH:0
end_of_record
TN:
SF:D:\FUTURE Program\PHASE 2\gotoba-fe\gotoba-fe-app\src\views\User\Ticket\ValidTicket.vue
FNF:0
FNH:0
DA:14,1
DA:15,1
LF:2
LH:2
BRF:0
BRH:0
end_of_record
TN:
SF:D:\FUTURE Program\PHASE 2\gotoba-fe\gotoba-fe-app\src\views\User\TourGuide\TourGuide.vue
FN:28,(anonymous_1)
FNF:1
FNH:1
FNDA:1,(anonymous_1)
DA:17,1
DA:18,1
DA:29,1
LF:3
LH:3
BRF:0
BRH:0
end_of_record
TN:
SF:D:\FUTURE Program\PHASE 2\gotoba-fe\gotoba-fe-app\src\views\User\TourGuide\TourGuideProfile.vue
FN:44,(anonymous_1)
FNF:1
FNH:1
FNDA:1,(anonymous_1)
DA:31,1
DA:32,1
DA:33,1
DA:45,1
LF:4
LH:4
BRF:0
BRH:0
end_of_record
